TMS320C2000 Assembler PC v6.4.4 Tue Feb 14 14:42:41 2017

Tools Copyright (c) 1996-2015 Texas Instruments Incorporated
C:\Users\a0221343\AppData\Local\Temp\0749210                         PAGE    1

       1              ;***************************************************************
       2              ;* TMS320C2000 C/C++ Codegen                         PC v6.4.4 *
       3              ;* Date/Time created: Tue Feb 14 14:42:41 2017                 *
       4              ;***************************************************************
       5                      .compiler_opts --cla_support=cla0 --float_support=fpu32 --hll_source=on --mem_model:code=flat --mem_m
       6        0002  FP      .set    XAR2
       7              
       8              $C$DW$CU        .dwtag  DW_TAG_compile_unit
       9                      .dwattr $C$DW$CU, DW_AT_name("C:/Users/a0221343/Git/bootROM/f28004x_bootrom/F28004x_ROM_dev_PG2.0/F28
      10                      .dwattr $C$DW$CU, DW_AT_producer("TI TMS320C2000 C/C++ Codegen PC v6.4.4 Copyright (c) 1996-2015 Texa
      11                      .dwattr $C$DW$CU, DW_AT_TI_version(0x01)
      12                      .dwattr $C$DW$CU, DW_AT_comp_dir("C:\Users\a0221343\Git\bootROM\f28004x_bootrom\F28004x_ROM_dev_PG2.0
      13                      .global _dcsm_default_keys_z2
      14 00000000               .sect   ".econst:_dcsm_default_keys_z2"
      15                      .clink
      16                      .align  2
      17 00000000       _dcsm_default_keys_z2:
      18 00000000 FFFF          .bits   -469762049,32                   ; _dcsm_default_keys_z2[0] @ 0
         00000001 E3FF 
      19 00000002 FFFF          .bits   -1753219073,32                  ; _dcsm_default_keys_z2[1] @ 32
         00000003 977F 
      20 00000004 FFFF          .bits   -234881025,32                   ; _dcsm_default_keys_z2[2] @ 64
         00000005 F1FF 
      21 00000006 FFFF          .bits   -1686110209,32                  ; _dcsm_default_keys_z2[3] @ 96
         00000007 9B7F 
      22 00000008 FFFF          .bits   1535115263,32                   ; _dcsm_default_keys_z2[4] @ 128
         00000009 5B7F 
      23 0000000a FFFF          .bits   805306367,32                    ; _dcsm_default_keys_z2[5] @ 160
         0000000b 2FFF 
      24 0000000c FFFF          .bits   536870911,32                    ; _dcsm_default_keys_z2[6] @ 192
         0000000d 1FFF 
      25 0000000e FFFF          .bits   1803550719,32                   ; _dcsm_default_keys_z2[7] @ 224
         0000000f 6B7F 
      26 00000010 FFFF          .bits   -1417674753,32                  ; _dcsm_default_keys_z2[8] @ 256
         00000011 AB7F 
      27 00000012 FFFF          .bits   939524095,32                    ; _dcsm_default_keys_z2[9] @ 288
         00000013 37FF 
      28 00000014 FFFF          .bits   1333788671,32                   ; _dcsm_default_keys_z2[10] @ 320
         00000015 4F7F 
      29 00000016 FFFF          .bits   1006632959,32                   ; _dcsm_default_keys_z2[11] @ 352
         00000017 3BFF 
      30 00000018 FFFF          .bits   -436207617,32                   ; _dcsm_default_keys_z2[12] @ 384
         00000019 E5FF 
      31 0000001a FFFF          .bits   -1887436801,32                  ; _dcsm_default_keys_z2[13] @ 416
         0000001b 8F7F 
      32 0000001c FFFF          .bits   805306367,32                    ; _dcsm_default_keys_z2[14] @ 448
         0000001d 2FFF 
      33 0000001e FFFF          .bits   1535115263,32                   ; _dcsm_default_keys_z2[15] @ 480
         0000001f 5B7F 
      34 00000020 FFFF          .bits   -1686110209,32                  ; _dcsm_default_keys_z2[16] @ 512
         00000021 9B7F 
      35 00000022 FFFF          .bits   -234881025,32                   ; _dcsm_default_keys_z2[17] @ 544
         00000023 F1FF 
      36 00000024 FFFF          .bits   -1753219073,32                  ; _dcsm_default_keys_z2[18] @ 576
         00000025 977F 
TMS320C2000 Assembler PC v6.4.4 Tue Feb 14 14:42:41 2017

Tools Copyright (c) 1996-2015 Texas Instruments Incorporated
C:\Users\a0221343\AppData\Local\Temp\0749210                         PAGE    2

      37 00000026 FFFF          .bits   -469762049,32                   ; _dcsm_default_keys_z2[19] @ 608
         00000027 E3FF 
      38 00000028 FFFF          .bits   -872415233,32                   ; _dcsm_default_keys_z2[20] @ 640
         00000029 CBFF 
      39 0000002a FFFF          .bits   1468006399,32                   ; _dcsm_default_keys_z2[21] @ 672
         0000002b 577F 
      40 0000002c FFFF          .bits   -1887436801,32                  ; _dcsm_default_keys_z2[22] @ 704
         0000002d 8F7F 
      41 0000002e FFFF          .bits   -436207617,32                   ; _dcsm_default_keys_z2[23] @ 736
         0000002f E5FF 
      42 00000030 FFFF          .bits   1006632959,32                   ; _dcsm_default_keys_z2[24] @ 768
         00000031 3BFF 
      43 00000032 FFFF          .bits   1333788671,32                   ; _dcsm_default_keys_z2[25] @ 800
         00000033 4F7F 
      44 00000034 FFFF          .bits   939524095,32                    ; _dcsm_default_keys_z2[26] @ 832
         00000035 37FF 
      45 00000036 FFFF          .bits   -1417674753,32                  ; _dcsm_default_keys_z2[27] @ 864
         00000037 AB7F 
      46 00000038 FFFF          .bits   1803550719,32                   ; _dcsm_default_keys_z2[28] @ 896
         00000039 6B7F 
      47 0000003a FFFF          .bits   536870911,32                    ; _dcsm_default_keys_z2[29] @ 928
         0000003b 1FFF 
      48              
      49              $C$DW$1 .dwtag  DW_TAG_variable, DW_AT_name("dcsm_default_keys_z2")
      50                      .dwattr $C$DW$1, DW_AT_TI_symbol_name("_dcsm_default_keys_z2")
      51                      .dwattr $C$DW$1, DW_AT_location[DW_OP_addr _dcsm_default_keys_z2]
      52                      .dwattr $C$DW$1, DW_AT_type(*$C$DW$T$27)
      53                      .dwattr $C$DW$1, DW_AT_external
      54                      .global _dcsm_default_keys_z1
      55 00000000               .sect   ".econst:_dcsm_default_keys_z1"
      56                      .clink
      57                      .align  2
      58 00000000       _dcsm_default_keys_z1:
      59 00000000 FFFF          .bits   1207959551,32                   ; _dcsm_default_keys_z1[0] @ 0
         00000001 47FF 
      60 00000002 FFFF          .bits   -612368385,32                   ; _dcsm_default_keys_z1[1] @ 32
         00000003 DB7F 
      61 00000004 FFFF          .bits   1275068415,32                   ; _dcsm_default_keys_z1[2] @ 64
         00000005 4BFF 
      62 00000006 FFFF          .bits   1065353215,32                   ; _dcsm_default_keys_z1[3] @ 96
         00000007 3F7F 
      63 00000008 FFFF          .bits   -809500673,32                   ; _dcsm_default_keys_z1[4] @ 128
         00000009 CFBF 
      64 0000000a FFFF          .bits   -1946157057,32                  ; _dcsm_default_keys_z1[5] @ 160
         0000000b 8BFF 
      65 0000000c FFFF          .bits   1409286143,32                   ; _dcsm_default_keys_z1[6] @ 192
         0000000d 53FF 
      66 0000000e FFFF          .bits   -813694977,32                   ; _dcsm_default_keys_z1[7] @ 224
         0000000f CF7F 
      67 00000010 FFFF          .bits   -411041793,32                   ; _dcsm_default_keys_z1[8] @ 256
         00000011 E77F 
      68 00000012 FFFF          .bits   -1811939329,32                  ; _dcsm_default_keys_z1[9] @ 288
         00000013 93FF 
      69 00000014 FFFF          .bits   -343932929,32                   ; _dcsm_default_keys_z1[10] @ 320
         00000015 EB7F 
TMS320C2000 Assembler PC v6.4.4 Tue Feb 14 14:42:41 2017

Tools Copyright (c) 1996-2015 Texas Instruments Incorporated
C:\Users\a0221343\AppData\Local\Temp\0749210                         PAGE    3

      70 00000016 FFFF          .bits   1778384895,32                   ; _dcsm_default_keys_z1[11] @ 352
         00000017 69FF 
      71 00000018 FFFF          .bits   -1442840577,32                  ; _dcsm_default_keys_z1[12] @ 384
         00000019 A9FF 
      72 0000001a FFFF          .bits   -578813953,32                   ; _dcsm_default_keys_z1[13] @ 416
         0000001b DD7F 
      73 0000001c FFFF          .bits   -1946157057,32                  ; _dcsm_default_keys_z1[14] @ 448
         0000001d 8BFF 
      74 0000001e FFFF          .bits   -809500673,32                   ; _dcsm_default_keys_z1[15] @ 480
         0000001f CFBF 
      75 00000020 FFFF          .bits   1065353215,32                   ; _dcsm_default_keys_z1[16] @ 512
         00000021 3F7F 
      76 00000022 FFFF          .bits   1275068415,32                   ; _dcsm_default_keys_z1[17] @ 544
         00000023 4BFF 
      77 00000024 FFFF          .bits   -612368385,32                   ; _dcsm_default_keys_z1[18] @ 576
         00000025 DB7F 
      78 00000026 FFFF          .bits   1207959551,32                   ; _dcsm_default_keys_z1[19] @ 608
         00000027 47FF 
      79 00000028 FFFF          .bits   -2013265921,32                  ; _dcsm_default_keys_z1[20] @ 640
         00000029 87FF 
      80 0000002a FFFF          .bits   -209715201,32                   ; _dcsm_default_keys_z1[21] @ 672
         0000002b F37F 
      81 0000002c FFFF          .bits   -578813953,32                   ; _dcsm_default_keys_z1[22] @ 704
         0000002d DD7F 
      82 0000002e FFFF          .bits   -1442840577,32                  ; _dcsm_default_keys_z1[23] @ 736
         0000002f A9FF 
      83 00000030 FFFF          .bits   1778384895,32                   ; _dcsm_default_keys_z1[24] @ 768
         00000031 69FF 
      84 00000032 FFFF          .bits   -343932929,32                   ; _dcsm_default_keys_z1[25] @ 800
         00000033 EB7F 
      85 00000034 FFFF          .bits   -1811939329,32                  ; _dcsm_default_keys_z1[26] @ 832
         00000035 93FF 
      86 00000036 FFFF          .bits   -411041793,32                   ; _dcsm_default_keys_z1[27] @ 864
         00000037 E77F 
      87 00000038 FFFF          .bits   -813694977,32                   ; _dcsm_default_keys_z1[28] @ 896
         00000039 CF7F 
      88 0000003a FFFF          .bits   1409286143,32                   ; _dcsm_default_keys_z1[29] @ 928
         0000003b 53FF 
      89              
      90              $C$DW$2 .dwtag  DW_TAG_variable, DW_AT_name("dcsm_default_keys_z1")
      91                      .dwattr $C$DW$2, DW_AT_TI_symbol_name("_dcsm_default_keys_z1")
      92                      .dwattr $C$DW$2, DW_AT_location[DW_OP_addr _dcsm_default_keys_z1]
      93                      .dwattr $C$DW$2, DW_AT_type(*$C$DW$T$27)
      94                      .dwattr $C$DW$2, DW_AT_external
      95              ;       C:\ti\ccsv6\tools\compiler\ti-cgt-c2000_6.4.4\bin\ac2000.exe -@C:\\Users\\a0221343\\AppData\\Local\\T
      96 00000000               .sect   ".text"
      97                      .clink
      98                      .global _Gather_Bx_Zx_ZSB
      99              
     100              $C$DW$3 .dwtag  DW_TAG_subprogram, DW_AT_name("Gather_Bx_Zx_ZSB")
     101                      .dwattr $C$DW$3, DW_AT_low_pc(_Gather_Bx_Zx_ZSB)
     102                      .dwattr $C$DW$3, DW_AT_high_pc(0x00)
     103                      .dwattr $C$DW$3, DW_AT_TI_symbol_name("_Gather_Bx_Zx_ZSB")
     104                      .dwattr $C$DW$3, DW_AT_external
     105                      .dwattr $C$DW$3, DW_AT_type(*$C$DW$T$22)
TMS320C2000 Assembler PC v6.4.4 Tue Feb 14 14:42:41 2017

Tools Copyright (c) 1996-2015 Texas Instruments Incorporated
C:\Users\a0221343\AppData\Local\Temp\0749210                         PAGE    4

     106                      .dwattr $C$DW$3, DW_AT_TI_begin_file("C:/Users/a0221343/Git/bootROM/f28004x_bootrom/F28004x_ROM_dev_P
     107                      .dwattr $C$DW$3, DW_AT_TI_begin_line(0x5b)
     108                      .dwattr $C$DW$3, DW_AT_TI_begin_column(0x0a)
     109                      .dwattr $C$DW$3, DW_AT_TI_max_frame_size(-18)
     110                      .dwpsn  file "C:/Users/a0221343/Git/bootROM/f28004x_bootrom/F28004x_ROM_dev_PG2.0/F28004x_ROM/bootROM
     111              
     112                      .dwfde $C$DW$CIE, _Gather_Bx_Zx_ZSB
     113              $C$DW$4 .dwtag  DW_TAG_formal_parameter, DW_AT_name("bank")
     114                      .dwattr $C$DW$4, DW_AT_TI_symbol_name("_bank")
     115                      .dwattr $C$DW$4, DW_AT_type(*$C$DW$T$20)
     116                      .dwattr $C$DW$4, DW_AT_location[DW_OP_reg0]
     117              $C$DW$5 .dwtag  DW_TAG_formal_parameter, DW_AT_name("zone")
     118                      .dwattr $C$DW$5, DW_AT_TI_symbol_name("_zone")
     119                      .dwattr $C$DW$5, DW_AT_type(*$C$DW$T$20)
     120                      .dwattr $C$DW$5, DW_AT_location[DW_OP_reg1]
     121              $C$DW$6 .dwtag  DW_TAG_formal_parameter, DW_AT_name("csmkey")
     122                      .dwattr $C$DW$6, DW_AT_TI_symbol_name("_csmkey")
     123                      .dwattr $C$DW$6, DW_AT_type(*$C$DW$T$23)
     124                      .dwattr $C$DW$6, DW_AT_location[DW_OP_reg12]
     125              
     126              ;***************************************************************
     127              ;* FNAME: _Gather_Bx_Zx_ZSB             FR SIZE:  16           *
     128              ;*                                                             *
     129              ;* FUNCTION ENVIRONMENT                                        *
     130              ;*                                                             *
     131              ;* FUNCTION PROPERTIES                                         *
     132              ;*                            0 Parameter, 16 Auto,  0 SOE     *
     133              ;***************************************************************
     134              
     135 00000000       _Gather_Bx_Zx_ZSB:
     136                      .dwcfi  cfa_offset, -2
     137                      .dwcfi  save_reg_to_mem, 26, 0
     138 00000000 FE10          ADDB      SP,#16                ; [CPU_U] 
     139                      .dwcfi  cfa_offset, -18
     140              $C$DW$7 .dwtag  DW_TAG_variable, DW_AT_name("bank")
     141                      .dwattr $C$DW$7, DW_AT_TI_symbol_name("_bank")
     142                      .dwattr $C$DW$7, DW_AT_type(*$C$DW$T$20)
     143                      .dwattr $C$DW$7, DW_AT_location[DW_OP_breg20 -1]
     144              $C$DW$8 .dwtag  DW_TAG_variable, DW_AT_name("zone")
     145                      .dwattr $C$DW$8, DW_AT_TI_symbol_name("_zone")
     146                      .dwattr $C$DW$8, DW_AT_type(*$C$DW$T$20)
     147                      .dwattr $C$DW$8, DW_AT_location[DW_OP_breg20 -2]
     148              $C$DW$9 .dwtag  DW_TAG_variable, DW_AT_name("csmkey")
     149                      .dwattr $C$DW$9, DW_AT_TI_symbol_name("_csmkey")
     150                      .dwattr $C$DW$9, DW_AT_type(*$C$DW$T$23)
     151                      .dwattr $C$DW$9, DW_AT_location[DW_OP_breg20 -4]
     152              $C$DW$10        .dwtag  DW_TAG_variable, DW_AT_name("linkPointer")
     153                      .dwattr $C$DW$10, DW_AT_TI_symbol_name("_linkPointer")
     154                      .dwattr $C$DW$10, DW_AT_type(*$C$DW$T$22)
     155                      .dwattr $C$DW$10, DW_AT_location[DW_OP_breg20 -6]
     156              $C$DW$11        .dwtag  DW_TAG_variable, DW_AT_name("ZSBBase")
     157                      .dwattr $C$DW$11, DW_AT_TI_symbol_name("_ZSBBase")
     158                      .dwattr $C$DW$11, DW_AT_type(*$C$DW$T$22)
     159                      .dwattr $C$DW$11, DW_AT_location[DW_OP_breg20 -8]
     160              $C$DW$12        .dwtag  DW_TAG_variable, DW_AT_name("OtpBase")
TMS320C2000 Assembler PC v6.4.4 Tue Feb 14 14:42:41 2017

Tools Copyright (c) 1996-2015 Texas Instruments Incorporated
C:\Users\a0221343\AppData\Local\Temp\0749210                         PAGE    5

     161                      .dwattr $C$DW$12, DW_AT_TI_symbol_name("_OtpBase")
     162                      .dwattr $C$DW$12, DW_AT_type(*$C$DW$T$22)
     163                      .dwattr $C$DW$12, DW_AT_location[DW_OP_breg20 -10]
     164              $C$DW$13        .dwtag  DW_TAG_variable, DW_AT_name("bitPos")
     165                      .dwattr $C$DW$13, DW_AT_TI_symbol_name("_bitPos")
     166                      .dwattr $C$DW$13, DW_AT_type(*$C$DW$T$21)
     167                      .dwattr $C$DW$13, DW_AT_location[DW_OP_breg20 -12]
     168              $C$DW$14        .dwtag  DW_TAG_variable, DW_AT_name("zeroFound")
     169                      .dwattr $C$DW$14, DW_AT_TI_symbol_name("_zeroFound")
     170                      .dwattr $C$DW$14, DW_AT_type(*$C$DW$T$22)
     171                      .dwattr $C$DW$14, DW_AT_location[DW_OP_breg20 -14]
     172              $C$DW$15        .dwtag  DW_TAG_variable, DW_AT_name("dcsm_keys")
     173                      .dwattr $C$DW$15, DW_AT_TI_symbol_name("_dcsm_keys")
     174                      .dwattr $C$DW$15, DW_AT_type(*$C$DW$T$28)
     175                      .dwattr $C$DW$15, DW_AT_location[DW_OP_breg20 -16]
     176 00000001 9742          MOV       *-SP[2],AH            ; [CPU_] |92| 
     177 00000002 9641          MOV       *-SP[1],AL            ; [CPU_] |92| 
     178 00000003 A844          MOVL      *-SP[4],XAR4          ; [CPU_] |92| 
     179                      .dwpsn  file "C:/Users/a0221343/Git/bootROM/f28004x_bootrom/F28004x_ROM_dev_PG2.0/F28004x_ROM/bootROM
     180 00000004 021C          MOVB      ACC,#28               ; [CPU_] |95| 
     181 00000005 1E4C          MOVL      *-SP[12],ACC          ; [CPU_] |95| 
     182                      .dwpsn  file "C:/Users/a0221343/Git/bootROM/f28004x_bootrom/F28004x_ROM_dev_PG2.0/F28004x_ROM/bootROM
     183 00000006 0200          MOVB      ACC,#0                ; [CPU_] |96| 
     184 00000007 1E4E          MOVL      *-SP[14],ACC          ; [CPU_] |96| 
     185                      .dwpsn  file "C:/Users/a0221343/Git/bootROM/f28004x_bootrom/F28004x_ROM_dev_PG2.0/F28004x_ROM/bootROM
     186 00000008 8F00+         MOVL      XAR4,#_dcsm_default_keys_z1 ; [CPU_U] |97| 
         00000009 0000 
     187 0000000a A850          MOVL      *-SP[16],XAR4         ; [CPU_] |97| 
     188                      .dwpsn  file "C:/Users/a0221343/Git/bootROM/f28004x_bootrom/F28004x_ROM_dev_PG2.0/F28004x_ROM/bootROM
     189 0000000b 9241          MOV       AL,*-SP[1]            ; [CPU_] |99| 
     190 0000000c ED08          BF        $C$L1,NEQ             ; [CPU_] |99| 
     191                      ; branchcc occurs ; [] |99| 
     192                      .dwpsn  file "C:/Users/a0221343/Git/bootROM/f28004x_bootrom/F28004x_ROM_dev_PG2.0/F28004x_ROM/bootROM
     193 0000000d 8F05          MOVL      XAR4,#389120          ; [CPU_U] |101| 
         0000000e F000 
     194 0000000f A846          MOVL      *-SP[6],XAR4          ; [CPU_] |101| 
     195                      .dwpsn  file "C:/Users/a0221343/Git/bootROM/f28004x_bootrom/F28004x_ROM_dev_PG2.0/F28004x_ROM/bootROM
     196 00000010 8F07          MOVL      XAR4,#491520          ; [CPU_U] |102| 
         00000011 8000 
     197 00000012 A84A          MOVL      *-SP[10],XAR4         ; [CPU_] |102| 
     198                      .dwpsn  file "C:/Users/a0221343/Git/bootROM/f28004x_bootrom/F28004x_ROM_dev_PG2.0/F28004x_ROM/bootROM
     199 00000013 6F09          B         $C$L2,UNC             ; [CPU_] |103| 
     200                      ; branch occurs ; [] |103| 
     201 00000014       $C$L1:    
     202                      .dwpsn  file "C:/Users/a0221343/Git/bootROM/f28004x_bootrom/F28004x_ROM_dev_PG2.0/F28004x_ROM/bootROM
     203 00000014 5201          CMPB      AL,#1                 ; [CPU_] |104| 
     204 00000015 ED07          BF        $C$L2,NEQ             ; [CPU_] |104| 
     205                      ; branchcc occurs ; [] |104| 
     206                      .dwpsn  file "C:/Users/a0221343/Git/bootROM/f28004x_bootrom/F28004x_ROM_dev_PG2.0/F28004x_ROM/bootROM
     207 00000016 8F05          MOVL      XAR4,#389376          ; [CPU_U] |106| 
         00000017 F100 
     208 00000018 A846          MOVL      *-SP[6],XAR4          ; [CPU_] |106| 
     209                      .dwpsn  file "C:/Users/a0221343/Git/bootROM/f28004x_bootrom/F28004x_ROM_dev_PG2.0/F28004x_ROM/bootROM
     210 00000019 8F07          MOVL      XAR4,#492544          ; [CPU_U] |107| 
         0000001a 8400 
TMS320C2000 Assembler PC v6.4.4 Tue Feb 14 14:42:41 2017

Tools Copyright (c) 1996-2015 Texas Instruments Incorporated
C:\Users\a0221343\AppData\Local\Temp\0749210                         PAGE    6

     211 0000001b A84A          MOVL      *-SP[10],XAR4         ; [CPU_] |107| 
     212 0000001c       $C$L2:    
     213                      .dwpsn  file "C:/Users/a0221343/Git/bootROM/f28004x_bootrom/F28004x_ROM_dev_PG2.0/F28004x_ROM/bootROM
     214 0000001c 9242          MOV       AL,*-SP[2]            ; [CPU_] |110| 
     215 0000001d 5202          CMPB      AL,#2                 ; [CPU_] |110| 
     216 0000001e ED0C          BF        $C$L3,NEQ             ; [CPU_] |110| 
     217                      ; branchcc occurs ; [] |110| 
     218                      .dwpsn  file "C:/Users/a0221343/Git/bootROM/f28004x_bootrom/F28004x_ROM_dev_PG2.0/F28004x_ROM/bootROM
     219 0000001f 0240          MOVB      ACC,#64               ; [CPU_] |112| 
     220 00000020 0746          ADDL      ACC,*-SP[6]           ; [CPU_] |112| 
     221 00000021 1E46          MOVL      *-SP[6],ACC           ; [CPU_] |112| 
     222                      .dwpsn  file "C:/Users/a0221343/Git/bootROM/f28004x_bootrom/F28004x_ROM_dev_PG2.0/F28004x_ROM/bootROM
     223 00000022 8F00          MOVL      XAR4,#512             ; [CPU_U] |113| 
         00000023 0200 
     224 00000024 A8A9          MOVL      ACC,XAR4              ; [CPU_] |113| 
     225 00000025 074A          ADDL      ACC,*-SP[10]          ; [CPU_] |113| 
     226 00000026 1E4A          MOVL      *-SP[10],ACC          ; [CPU_] |113| 
     227                      .dwpsn  file "C:/Users/a0221343/Git/bootROM/f28004x_bootrom/F28004x_ROM_dev_PG2.0/F28004x_ROM/bootROM
     228 00000027 8F00+         MOVL      XAR4,#_dcsm_default_keys_z2 ; [CPU_U] |114| 
         00000028 0000 
     229 00000029 A850          MOVL      *-SP[16],XAR4         ; [CPU_] |114| 
     230 0000002a       $C$L3:    
     231                      .dwpsn  file "C:/Users/a0221343/Git/bootROM/f28004x_bootrom/F28004x_ROM_dev_PG2.0/F28004x_ROM/bootROM
     232 0000002a 8A46          MOVL      XAR4,*-SP[6]          ; [CPU_] |117| 
     233 0000002b 06C4          MOVL      ACC,*+XAR4[0]         ; [CPU_] |117| 
     234 0000002c 1E46          MOVL      *-SP[6],ACC           ; [CPU_] |117| 
     235                      .dwpsn  file "C:/Users/a0221343/Git/bootROM/f28004x_bootrom/F28004x_ROM_dev_PG2.0/F28004x_ROM/bootROM
     236 0000002d FF32          LSL       ACC,3                 ; [CPU_] |118| 
     237 0000002e 1E46          MOVL      *-SP[6],ACC           ; [CPU_] |118| 
     238                      .dwpsn  file "C:/Users/a0221343/Git/bootROM/f28004x_bootrom/F28004x_ROM_dev_PG2.0/F28004x_ROM/bootROM
     239 0000002f 6F13          B         $C$L6,UNC             ; [CPU_] |121| 
     240                      ; branch occurs ; [] |121| 
     241 00000030       $C$L4:    
     242                      .dwpsn  file "C:/Users/a0221343/Git/bootROM/f28004x_bootrom/F28004x_ROM_dev_PG2.0/F28004x_ROM/bootROM
     243 00000030 0646          MOVL      ACC,*-SP[6]           ; [CPU_] |123| 
     244 00000031 5608          AND       ACC,#32768 << 16      ; [CPU_] |123| 
         00000032 8000 
     245 00000033 ED09          BF        $C$L5,NEQ             ; [CPU_] |123| 
     246                      ; branchcc occurs ; [] |123| 
     247                      .dwpsn  file "C:/Users/a0221343/Git/bootROM/f28004x_bootrom/F28004x_ROM_dev_PG2.0/F28004x_ROM/bootROM
     248 00000034 0201          MOVB      ACC,#1                ; [CPU_] |125| 
     249 00000035 1E4E          MOVL      *-SP[14],ACC          ; [CPU_] |125| 
     250                      .dwpsn  file "C:/Users/a0221343/Git/bootROM/f28004x_bootrom/F28004x_ROM_dev_PG2.0/F28004x_ROM/bootROM
     251 00000036 0203          MOVB      ACC,#3                ; [CPU_] |126| 
     252 00000037 074C          ADDL      ACC,*-SP[12]          ; [CPU_] |126| 
     253 00000038 FF33          LSL       ACC,4                 ; [CPU_] |126| 
     254 00000039 074A          ADDL      ACC,*-SP[10]          ; [CPU_] |126| 
     255 0000003a 1E48          MOVL      *-SP[8],ACC           ; [CPU_] |126| 
     256                      .dwpsn  file "C:/Users/a0221343/Git/bootROM/f28004x_bootrom/F28004x_ROM_dev_PG2.0/F28004x_ROM/bootROM
     257 0000003b 6F07          B         $C$L6,UNC             ; [CPU_] |127| 
     258                      ; branch occurs ; [] |127| 
     259 0000003c       $C$L5:    
     260                      .dwpsn  file "C:/Users/a0221343/Git/bootROM/f28004x_bootrom/F28004x_ROM_dev_PG2.0/F28004x_ROM/bootROM
     261 0000003c 0201          MOVB      ACC,#1                ; [CPU_] |130| 
     262 0000003d 5641          SUBL      *-SP[12],ACC          ; [CPU_] |130| 
TMS320C2000 Assembler PC v6.4.4 Tue Feb 14 14:42:41 2017

Tools Copyright (c) 1996-2015 Texas Instruments Incorporated
C:\Users\a0221343\AppData\Local\Temp\0749210                         PAGE    7

         0000003e 004C 
     263                      .dwpsn  file "C:/Users/a0221343/Git/bootROM/f28004x_bootrom/F28004x_ROM_dev_PG2.0/F28004x_ROM/bootROM
     264 0000003f 0646          MOVL      ACC,*-SP[6]           ; [CPU_] |131| 
     265 00000040 FF30          LSL       ACC,1                 ; [CPU_] |131| 
     266 00000041 1E46          MOVL      *-SP[6],ACC           ; [CPU_] |131| 
     267 00000042       $C$L6:    
     268                      .dwpsn  file "C:/Users/a0221343/Git/bootROM/f28004x_bootrom/F28004x_ROM_dev_PG2.0/F28004x_ROM/bootROM
     269 00000042 064E          MOVL      ACC,*-SP[14]          ; [CPU_] |121| 
     270 00000043 ED04          BF        $C$L7,NEQ             ; [CPU_] |121| 
     271                      ; branchcc occurs ; [] |121| 
     272 00000044 064C          MOVL      ACC,*-SP[12]          ; [CPU_] |121| 
     273 00000045 56C3          BF        $C$L4,GEQ             ; [CPU_] |121| 
         00000046 FFEB 
     274                      ; branchcc occurs ; [] |121| 
     275 00000047       $C$L7:    
     276                      .dwpsn  file "C:/Users/a0221343/Git/bootROM/f28004x_bootrom/F28004x_ROM_dev_PG2.0/F28004x_ROM/bootROM
     277 00000047 064E          MOVL      ACC,*-SP[14]          ; [CPU_] |134| 
     278 00000048 ED04          BF        $C$L8,NEQ             ; [CPU_] |134| 
     279                      ; branchcc occurs ; [] |134| 
     280                      .dwpsn  file "C:/Users/a0221343/Git/bootROM/f28004x_bootrom/F28004x_ROM_dev_PG2.0/F28004x_ROM/bootROM
     281 00000049 0220          MOVB      ACC,#32               ; [CPU_] |136| 
     282 0000004a 074A          ADDL      ACC,*-SP[10]          ; [CPU_] |136| 
     283 0000004b 1E48          MOVL      *-SP[8],ACC           ; [CPU_] |136| 
     284 0000004c       $C$L8:    
     285                      .dwpsn  file "C:/Users/a0221343/Git/bootROM/f28004x_bootrom/F28004x_ROM_dev_PG2.0/F28004x_ROM/bootROM
     286 0000004c 0644          MOVL      ACC,*-SP[4]           ; [CPU_] |138| 
     287 0000004d EC09          BF        $C$L9,EQ              ; [CPU_] |138| 
     288                      ; branchcc occurs ; [] |138| 
     289                      .dwpsn  file "C:/Users/a0221343/Git/bootROM/f28004x_bootrom/F28004x_ROM_dev_PG2.0/F28004x_ROM/bootROM
     290 0000004e 0201          MOVB      ACC,#1                ; [CPU_] |140| 
     291 0000004f 074C          ADDL      ACC,*-SP[12]          ; [CPU_] |140| 
     292 00000050 FF30          LSL       ACC,1                 ; [CPU_] |140| 
     293 00000051 0750          ADDL      ACC,*-SP[16]          ; [CPU_] |140| 
     294 00000052 8AA9          MOVL      XAR4,ACC              ; [CPU_] |140| 
     295 00000053 8344          MOVL      XAR5,*-SP[4]          ; [CPU_] |140| 
     296 00000054 06C4          MOVL      ACC,*+XAR4[0]         ; [CPU_] |140| 
     297 00000055 1EC5          MOVL      *+XAR5[0],ACC         ; [CPU_] |140| 
     298 00000056       $C$L9:    
     299                      .dwpsn  file "C:/Users/a0221343/Git/bootROM/f28004x_bootrom/F28004x_ROM_dev_PG2.0/F28004x_ROM/bootROM
     300 00000056 0648          MOVL      ACC,*-SP[8]           ; [CPU_] |143| 
     301                      .dwpsn  file "C:/Users/a0221343/Git/bootROM/f28004x_bootrom/F28004x_ROM_dev_PG2.0/F28004x_ROM/bootROM
     302 00000057 FE90          SUBB      SP,#16                ; [CPU_U] 
     303                      .dwcfi  cfa_offset, -2
     304              $C$DW$16        .dwtag  DW_TAG_TI_branch
     305                      .dwattr $C$DW$16, DW_AT_low_pc(0x00)
     306                      .dwattr $C$DW$16, DW_AT_TI_return
     307 00000058 0006          LRETR     ; [CPU_] 
     308                      ; return occurs ; [] 
     309                      .dwattr $C$DW$3, DW_AT_TI_end_file("C:/Users/a0221343/Git/bootROM/f28004x_bootrom/F28004x_ROM_dev_PG2
     310                      .dwattr $C$DW$3, DW_AT_TI_end_line(0x90)
     311                      .dwattr $C$DW$3, DW_AT_TI_end_column(0x01)
     312                      .dwendentry
     313                      .dwendtag $C$DW$3
     314              
     315 00000059               .sect   ".text"
TMS320C2000 Assembler PC v6.4.4 Tue Feb 14 14:42:41 2017

Tools Copyright (c) 1996-2015 Texas Instruments Incorporated
C:\Users\a0221343\AppData\Local\Temp\0749210                         PAGE    8

     316                      .clink
     317                      .global _InitDCSM
     318              
     319              $C$DW$17        .dwtag  DW_TAG_subprogram, DW_AT_name("InitDCSM")
     320                      .dwattr $C$DW$17, DW_AT_low_pc(_InitDCSM)
     321                      .dwattr $C$DW$17, DW_AT_high_pc(0x00)
     322                      .dwattr $C$DW$17, DW_AT_TI_symbol_name("_InitDCSM")
     323                      .dwattr $C$DW$17, DW_AT_external
     324                      .dwattr $C$DW$17, DW_AT_TI_begin_file("C:/Users/a0221343/Git/bootROM/f28004x_bootrom/F28004x_ROM_dev_
     325                      .dwattr $C$DW$17, DW_AT_TI_begin_line(0x93)
     326                      .dwattr $C$DW$17, DW_AT_TI_begin_column(0x06)
     327                      .dwattr $C$DW$17, DW_AT_TI_max_frame_size(-14)
     328                      .dwpsn  file "C:/Users/a0221343/Git/bootROM/f28004x_bootrom/F28004x_ROM_dev_PG2.0/F28004x_ROM/bootROM
     329              
     330                      .dwfde $C$DW$CIE, _InitDCSM
     331              
     332              ;***************************************************************
     333              ;* FNAME: _InitDCSM                     FR SIZE:  12           *
     334              ;*                                                             *
     335              ;* FUNCTION ENVIRONMENT                                        *
     336              ;*                                                             *
     337              ;* FUNCTION PROPERTIES                                         *
     338              ;*                            0 Parameter, 12 Auto,  0 SOE     *
     339              ;***************************************************************
     340              
     341 00000059       _InitDCSM:
     342                      .dwcfi  cfa_offset, -2
     343                      .dwcfi  save_reg_to_mem, 26, 0
     344 00000059 FE0C          ADDB      SP,#12                ; [CPU_U] 
     345                      .dwcfi  cfa_offset, -14
     346              $C$DW$18        .dwtag  DW_TAG_variable, DW_AT_name("ZsbBase01")
     347                      .dwattr $C$DW$18, DW_AT_TI_symbol_name("_ZsbBase01")
     348                      .dwattr $C$DW$18, DW_AT_type(*$C$DW$T$22)
     349                      .dwattr $C$DW$18, DW_AT_location[DW_OP_breg20 -2]
     350              $C$DW$19        .dwtag  DW_TAG_variable, DW_AT_name("ZsbBase02")
     351                      .dwattr $C$DW$19, DW_AT_TI_symbol_name("_ZsbBase02")
     352                      .dwattr $C$DW$19, DW_AT_type(*$C$DW$T$22)
     353                      .dwattr $C$DW$19, DW_AT_location[DW_OP_breg20 -4]
     354              $C$DW$20        .dwtag  DW_TAG_variable, DW_AT_name("ZsbBase11")
     355                      .dwattr $C$DW$20, DW_AT_TI_symbol_name("_ZsbBase11")
     356                      .dwattr $C$DW$20, DW_AT_type(*$C$DW$T$22)
     357                      .dwattr $C$DW$20, DW_AT_location[DW_OP_breg20 -6]
     358              $C$DW$21        .dwtag  DW_TAG_variable, DW_AT_name("ZsbBase12")
     359                      .dwattr $C$DW$21, DW_AT_TI_symbol_name("_ZsbBase12")
     360                      .dwattr $C$DW$21, DW_AT_type(*$C$DW$T$22)
     361                      .dwattr $C$DW$21, DW_AT_location[DW_OP_breg20 -8]
     362              $C$DW$22        .dwtag  DW_TAG_variable, DW_AT_name("csmKey01")
     363                      .dwattr $C$DW$22, DW_AT_TI_symbol_name("_csmKey01")
     364                      .dwattr $C$DW$22, DW_AT_type(*$C$DW$T$22)
     365                      .dwattr $C$DW$22, DW_AT_location[DW_OP_breg20 -10]
     366              $C$DW$23        .dwtag  DW_TAG_variable, DW_AT_name("csmKey02")
     367                      .dwattr $C$DW$23, DW_AT_TI_symbol_name("_csmKey02")
     368                      .dwattr $C$DW$23, DW_AT_type(*$C$DW$T$22)
     369                      .dwattr $C$DW$23, DW_AT_location[DW_OP_breg20 -12]
     370                      .dwpsn  file "C:/Users/a0221343/Git/bootROM/f28004x_bootrom/F28004x_ROM_dev_PG2.0/F28004x_ROM/bootROM
TMS320C2000 Assembler PC v6.4.4 Tue Feb 14 14:42:41 2017

Tools Copyright (c) 1996-2015 Texas Instruments Incorporated
C:\Users\a0221343\AppData\Local\Temp\0749210                         PAGE    9

     371 0000005a 0200          MOVB      ACC,#0                ; [CPU_] |150| 
     372 0000005b 1E42          MOVL      *-SP[2],ACC           ; [CPU_] |150| 
     373                      .dwpsn  file "C:/Users/a0221343/Git/bootROM/f28004x_bootrom/F28004x_ROM_dev_PG2.0/F28004x_ROM/bootROM
     374 0000005c 1E44          MOVL      *-SP[4],ACC           ; [CPU_] |150| 
     375                      .dwpsn  file "C:/Users/a0221343/Git/bootROM/f28004x_bootrom/F28004x_ROM_dev_PG2.0/F28004x_ROM/bootROM
     376 0000005d 1E46          MOVL      *-SP[6],ACC           ; [CPU_] |150| 
     377                      .dwpsn  file "C:/Users/a0221343/Git/bootROM/f28004x_bootrom/F28004x_ROM_dev_PG2.0/F28004x_ROM/bootROM
     378 0000005e 1E48          MOVL      *-SP[8],ACC           ; [CPU_] |150| 
     379                      .dwpsn  file "C:/Users/a0221343/Git/bootROM/f28004x_bootrom/F28004x_ROM_dev_PG2.0/F28004x_ROM/bootROM
     380 0000005f 1E4A          MOVL      *-SP[10],ACC          ; [CPU_] |151| 
     381                      .dwpsn  file "C:/Users/a0221343/Git/bootROM/f28004x_bootrom/F28004x_ROM_dev_PG2.0/F28004x_ROM/bootROM
     382 00000060 1E4C          MOVL      *-SP[12],ACC          ; [CPU_] |151| 
     383                      .dwpsn  file "C:/Users/a0221343/Git/bootROM/f28004x_bootrom/F28004x_ROM_dev_PG2.0/F28004x_ROM/bootROM
     384 00000061 7622   EALLOW
     385                      .dwpsn  file "C:/Users/a0221343/Git/bootROM/f28004x_bootrom/F28004x_ROM_dev_PG2.0/F28004x_ROM/bootROM
     386 00000062 8F07          MOVL      XAR4,#491520          ; [CPU_U] |154| 
         00000063 8000 
     387 00000064 06C4          MOVL      ACC,*+XAR4[0]         ; [CPU_] |154| 
     388                      .dwpsn  file "C:/Users/a0221343/Git/bootROM/f28004x_bootrom/F28004x_ROM_dev_PG2.0/F28004x_ROM/bootROM
     389 00000065 8F07          MOVL      XAR4,#491524          ; [CPU_U] |155| 
         00000066 8004 
     390 00000067 06C4          MOVL      ACC,*+XAR4[0]         ; [CPU_] |155| 
     391                      .dwpsn  file "C:/Users/a0221343/Git/bootROM/f28004x_bootrom/F28004x_ROM_dev_PG2.0/F28004x_ROM/bootROM
     392 00000068 8F07          MOVL      XAR4,#491528          ; [CPU_U] |156| 
         00000069 8008 
     393 0000006a 06C4          MOVL      ACC,*+XAR4[0]         ; [CPU_] |156| 
     394                      .dwpsn  file "C:/Users/a0221343/Git/bootROM/f28004x_bootrom/F28004x_ROM_dev_PG2.0/F28004x_ROM/bootROM
     395 0000006b 8F07          MOVL      XAR4,#492032          ; [CPU_U] |158| 
         0000006c 8200 
     396 0000006d 06C4          MOVL      ACC,*+XAR4[0]         ; [CPU_] |158| 
     397                      .dwpsn  file "C:/Users/a0221343/Git/bootROM/f28004x_bootrom/F28004x_ROM_dev_PG2.0/F28004x_ROM/bootROM
     398 0000006e 8F07          MOVL      XAR4,#492036          ; [CPU_U] |159| 
         0000006f 8204 
     399 00000070 06C4          MOVL      ACC,*+XAR4[0]         ; [CPU_] |159| 
     400                      .dwpsn  file "C:/Users/a0221343/Git/bootROM/f28004x_bootrom/F28004x_ROM_dev_PG2.0/F28004x_ROM/bootROM
     401 00000071 8F07          MOVL      XAR4,#492040          ; [CPU_U] |160| 
         00000072 8208 
     402 00000073 06C4          MOVL      ACC,*+XAR4[0]         ; [CPU_] |160| 
     403                      .dwpsn  file "C:/Users/a0221343/Git/bootROM/f28004x_bootrom/F28004x_ROM_dev_PG2.0/F28004x_ROM/bootROM
     404 00000074 8F07          MOVL      XAR4,#492544          ; [CPU_U] |162| 
         00000075 8400 
     405 00000076 06C4          MOVL      ACC,*+XAR4[0]         ; [CPU_] |162| 
     406                      .dwpsn  file "C:/Users/a0221343/Git/bootROM/f28004x_bootrom/F28004x_ROM_dev_PG2.0/F28004x_ROM/bootROM
     407 00000077 8F07          MOVL      XAR4,#492548          ; [CPU_U] |163| 
         00000078 8404 
     408 00000079 06C4          MOVL      ACC,*+XAR4[0]         ; [CPU_] |163| 
     409                      .dwpsn  file "C:/Users/a0221343/Git/bootROM/f28004x_bootrom/F28004x_ROM_dev_PG2.0/F28004x_ROM/bootROM
     410 0000007a 8F07          MOVL      XAR4,#492552          ; [CPU_U] |164| 
         0000007b 8408 
     411 0000007c 06C4          MOVL      ACC,*+XAR4[0]         ; [CPU_] |164| 
     412                      .dwpsn  file "C:/Users/a0221343/Git/bootROM/f28004x_bootrom/F28004x_ROM_dev_PG2.0/F28004x_ROM/bootROM
     413 0000007d 8F07          MOVL      XAR4,#493056          ; [CPU_U] |166| 
         0000007e 8600 
     414 0000007f 06C4          MOVL      ACC,*+XAR4[0]         ; [CPU_] |166| 
     415                      .dwpsn  file "C:/Users/a0221343/Git/bootROM/f28004x_bootrom/F28004x_ROM_dev_PG2.0/F28004x_ROM/bootROM
TMS320C2000 Assembler PC v6.4.4 Tue Feb 14 14:42:41 2017

Tools Copyright (c) 1996-2015 Texas Instruments Incorporated
C:\Users\a0221343\AppData\Local\Temp\0749210                         PAGE   10

     416 00000080 8F07          MOVL      XAR4,#493060          ; [CPU_U] |167| 
         00000081 8604 
     417 00000082 06C4          MOVL      ACC,*+XAR4[0]         ; [CPU_] |167| 
     418                      .dwpsn  file "C:/Users/a0221343/Git/bootROM/f28004x_bootrom/F28004x_ROM_dev_PG2.0/F28004x_ROM/bootROM
     419 00000083 8F07          MOVL      XAR4,#493064          ; [CPU_U] |168| 
         00000084 8608 
     420 00000085 06C4          MOVL      ACC,*+XAR4[0]         ; [CPU_] |168| 
     421                      .dwpsn  file "C:/Users/a0221343/Git/bootROM/f28004x_bootrom/F28004x_ROM_dev_PG2.0/F28004x_ROM/bootROM
     422 00000086 8F07          MOVL      XAR4,#459760          ; [CPU_U] |170| 
         00000087 03F0 
     423 00000088 06C4          MOVL      ACC,*+XAR4[0]         ; [CPU_] |170| 
     424                      .dwpsn  file "C:/Users/a0221343/Git/bootROM/f28004x_bootrom/F28004x_ROM_dev_PG2.0/F28004x_ROM/bootROM
     425 00000089 8F07          MOVL      XAR4,#491536          ; [CPU_U] |173| 
         0000008a 8010 
     426 0000008b 06C4          MOVL      ACC,*+XAR4[0]         ; [CPU_] |173| 
     427                      .dwpsn  file "C:/Users/a0221343/Git/bootROM/f28004x_bootrom/F28004x_ROM_dev_PG2.0/F28004x_ROM/bootROM
     428 0000008c 8F07          MOVL      XAR4,#491544          ; [CPU_U] |174| 
         0000008d 8018 
     429 0000008e 06C4          MOVL      ACC,*+XAR4[0]         ; [CPU_] |174| 
     430                      .dwpsn  file "C:/Users/a0221343/Git/bootROM/f28004x_bootrom/F28004x_ROM_dev_PG2.0/F28004x_ROM/bootROM
     431 0000008f 8F07          MOVL      XAR4,#491540          ; [CPU_U] |175| 
         00000090 8014 
     432 00000091 06C4          MOVL      ACC,*+XAR4[0]         ; [CPU_] |175| 
     433                      .dwpsn  file "C:/Users/a0221343/Git/bootROM/f28004x_bootrom/F28004x_ROM_dev_PG2.0/F28004x_ROM/bootROM
     434 00000092 8F07          MOVL      XAR4,#491532          ; [CPU_U] |176| 
         00000093 800C 
     435 00000094 06C4          MOVL      ACC,*+XAR4[0]         ; [CPU_] |176| 
     436                      .dwpsn  file "C:/Users/a0221343/Git/bootROM/f28004x_bootrom/F28004x_ROM_dev_PG2.0/F28004x_ROM/bootROM
     437 00000095 8F07          MOVL      XAR4,#491534          ; [CPU_U] |177| 
         00000096 800E 
     438 00000097 06C4          MOVL      ACC,*+XAR4[0]         ; [CPU_] |177| 
     439                      .dwpsn  file "C:/Users/a0221343/Git/bootROM/f28004x_bootrom/F28004x_ROM_dev_PG2.0/F28004x_ROM/bootROM
     440 00000098 8F07          MOVL      XAR4,#491548          ; [CPU_U] |178| 
         00000099 801C 
     441 0000009a 06C4          MOVL      ACC,*+XAR4[0]         ; [CPU_] |178| 
     442                      .dwpsn  file "C:/Users/a0221343/Git/bootROM/f28004x_bootrom/F28004x_ROM_dev_PG2.0/F28004x_ROM/bootROM
     443 0000009b 8F07          MOVL      XAR4,#491550          ; [CPU_U] |179| 
         0000009c 801E 
     444 0000009d 06C4          MOVL      ACC,*+XAR4[0]         ; [CPU_] |179| 
     445                      .dwpsn  file "C:/Users/a0221343/Git/bootROM/f28004x_bootrom/F28004x_ROM_dev_PG2.0/F28004x_ROM/bootROM
     446 0000009e 8F07          MOVL      XAR4,#492048          ; [CPU_U] |181| 
         0000009f 8210 
     447 000000a0 06C4          MOVL      ACC,*+XAR4[0]         ; [CPU_] |181| 
     448                      .dwpsn  file "C:/Users/a0221343/Git/bootROM/f28004x_bootrom/F28004x_ROM_dev_PG2.0/F28004x_ROM/bootROM
     449 000000a1 8F07          MOVL      XAR4,#492056          ; [CPU_U] |182| 
         000000a2 8218 
     450 000000a3 06C4          MOVL      ACC,*+XAR4[0]         ; [CPU_] |182| 
     451                      .dwpsn  file "C:/Users/a0221343/Git/bootROM/f28004x_bootrom/F28004x_ROM_dev_PG2.0/F28004x_ROM/bootROM
     452 000000a4 8F07          MOVL      XAR4,#492052          ; [CPU_U] |183| 
         000000a5 8214 
     453 000000a6 06C4          MOVL      ACC,*+XAR4[0]         ; [CPU_] |183| 
     454                      .dwpsn  file "C:/Users/a0221343/Git/bootROM/f28004x_bootrom/F28004x_ROM_dev_PG2.0/F28004x_ROM/bootROM
     455 000000a7 8F07          MOVL      XAR4,#492044          ; [CPU_U] |184| 
         000000a8 820C 
     456 000000a9 06C4          MOVL      ACC,*+XAR4[0]         ; [CPU_] |184| 
TMS320C2000 Assembler PC v6.4.4 Tue Feb 14 14:42:41 2017

Tools Copyright (c) 1996-2015 Texas Instruments Incorporated
C:\Users\a0221343\AppData\Local\Temp\0749210                         PAGE   11

     457                      .dwpsn  file "C:/Users/a0221343/Git/bootROM/f28004x_bootrom/F28004x_ROM_dev_PG2.0/F28004x_ROM/bootROM
     458 000000aa 8F07          MOVL      XAR4,#492046          ; [CPU_U] |185| 
         000000ab 820E 
     459 000000ac 06C4          MOVL      ACC,*+XAR4[0]         ; [CPU_] |185| 
     460                      .dwpsn  file "C:/Users/a0221343/Git/bootROM/f28004x_bootrom/F28004x_ROM_dev_PG2.0/F28004x_ROM/bootROM
     461 000000ad 8F07          MOVL      XAR4,#492060          ; [CPU_U] |186| 
         000000ae 821C 
     462 000000af 06C4          MOVL      ACC,*+XAR4[0]         ; [CPU_] |186| 
     463                      .dwpsn  file "C:/Users/a0221343/Git/bootROM/f28004x_bootrom/F28004x_ROM_dev_PG2.0/F28004x_ROM/bootROM
     464 000000b0 8F07          MOVL      XAR4,#492062          ; [CPU_U] |187| 
         000000b1 821E 
     465 000000b2 06C4          MOVL      ACC,*+XAR4[0]         ; [CPU_] |187| 
     466                      .dwpsn  file "C:/Users/a0221343/Git/bootROM/f28004x_bootrom/F28004x_ROM_dev_PG2.0/F28004x_ROM/bootROM
     467 000000b3 5CAD          MOVZ      AR4,SP                ; [CPU_] |189| 
     468 000000b4 FF69          SPM       #0                    ; [CPU_] 
     469 000000b5 9A00          MOVB      AL,#0                 ; [CPU_] |189| 
     470 000000b6 9B01          MOVB      AH,#1                 ; [CPU_] |189| 
     471 000000b7 DC8A          SUBB      XAR4,#10              ; [CPU_U] |189| 
     472 000000b8 5CA4          MOVZ      AR4,AR4               ; [CPU_] |189| 
     473              $C$DW$24        .dwtag  DW_TAG_TI_branch
     474                      .dwattr $C$DW$24, DW_AT_low_pc(0x00)
     475                      .dwattr $C$DW$24, DW_AT_name("_Gather_Bx_Zx_ZSB")
     476                      .dwattr $C$DW$24, DW_AT_TI_call
     477 000000b9 7640'         LCR       #_Gather_Bx_Zx_ZSB    ; [CPU_] |189| 
         000000ba 0000 
     478                      ; call occurs [#_Gather_Bx_Zx_ZSB] ; [] |189| 
     479 000000bb 1E42          MOVL      *-SP[2],ACC           ; [CPU_] |189| 
     480                      .dwpsn  file "C:/Users/a0221343/Git/bootROM/f28004x_bootrom/F28004x_ROM_dev_PG2.0/F28004x_ROM/bootROM
     481 000000bc 5CAD          MOVZ      AR4,SP                ; [CPU_] |190| 
     482 000000bd 9A00          MOVB      AL,#0                 ; [CPU_] |190| 
     483 000000be 9B02          MOVB      AH,#2                 ; [CPU_] |190| 
     484 000000bf DC8C          SUBB      XAR4,#12              ; [CPU_U] |190| 
     485 000000c0 5CA4          MOVZ      AR4,AR4               ; [CPU_] |190| 
     486              $C$DW$25        .dwtag  DW_TAG_TI_branch
     487                      .dwattr $C$DW$25, DW_AT_low_pc(0x00)
     488                      .dwattr $C$DW$25, DW_AT_name("_Gather_Bx_Zx_ZSB")
     489                      .dwattr $C$DW$25, DW_AT_TI_call
     490 000000c1 7640'         LCR       #_Gather_Bx_Zx_ZSB    ; [CPU_] |190| 
         000000c2 0000 
     491                      ; call occurs [#_Gather_Bx_Zx_ZSB] ; [] |190| 
     492 000000c3 1E44          MOVL      *-SP[4],ACC           ; [CPU_] |190| 
     493                      .dwpsn  file "C:/Users/a0221343/Git/bootROM/f28004x_bootrom/F28004x_ROM_dev_PG2.0/F28004x_ROM/bootROM
     494 000000c4 9A01          MOVB      AL,#1                 ; [CPU_] |191| 
     495 000000c5 9B01          MOVB      AH,#1                 ; [CPU_] |191| 
     496 000000c6 D400          MOVB      XAR4,#0               ; [CPU_] |191| 
     497              $C$DW$26        .dwtag  DW_TAG_TI_branch
     498                      .dwattr $C$DW$26, DW_AT_low_pc(0x00)
     499                      .dwattr $C$DW$26, DW_AT_name("_Gather_Bx_Zx_ZSB")
     500                      .dwattr $C$DW$26, DW_AT_TI_call
     501 000000c7 7640'         LCR       #_Gather_Bx_Zx_ZSB    ; [CPU_] |191| 
         000000c8 0000 
     502                      ; call occurs [#_Gather_Bx_Zx_ZSB] ; [] |191| 
     503 000000c9 1E46          MOVL      *-SP[6],ACC           ; [CPU_] |191| 
     504                      .dwpsn  file "C:/Users/a0221343/Git/bootROM/f28004x_bootrom/F28004x_ROM_dev_PG2.0/F28004x_ROM/bootROM
     505 000000ca 9A01          MOVB      AL,#1                 ; [CPU_] |192| 
TMS320C2000 Assembler PC v6.4.4 Tue Feb 14 14:42:41 2017

Tools Copyright (c) 1996-2015 Texas Instruments Incorporated
C:\Users\a0221343\AppData\Local\Temp\0749210                         PAGE   12

     506 000000cb 9B02          MOVB      AH,#2                 ; [CPU_] |192| 
     507 000000cc D400          MOVB      XAR4,#0               ; [CPU_] |192| 
     508              $C$DW$27        .dwtag  DW_TAG_TI_branch
     509                      .dwattr $C$DW$27, DW_AT_low_pc(0x00)
     510                      .dwattr $C$DW$27, DW_AT_name("_Gather_Bx_Zx_ZSB")
     511                      .dwattr $C$DW$27, DW_AT_TI_call
     512 000000cd 7640'         LCR       #_Gather_Bx_Zx_ZSB    ; [CPU_] |192| 
         000000ce 0000 
     513                      ; call occurs [#_Gather_Bx_Zx_ZSB] ; [] |192| 
     514 000000cf 1E48          MOVL      *-SP[8],ACC           ; [CPU_] |192| 
     515                      .dwpsn  file "C:/Users/a0221343/Git/bootROM/f28004x_bootrom/F28004x_ROM_dev_PG2.0/F28004x_ROM/bootROM
     516 000000d0 8A42          MOVL      XAR4,*-SP[2]          ; [CPU_] |195| 
     517 000000d1 06C4          MOVL      ACC,*+XAR4[0]         ; [CPU_] |195| 
     518                      .dwpsn  file "C:/Users/a0221343/Git/bootROM/f28004x_bootrom/F28004x_ROM_dev_PG2.0/F28004x_ROM/bootROM
     519 000000d2 8A42          MOVL      XAR4,*-SP[2]          ; [CPU_] |196| 
     520 000000d3 06D4          MOVL      ACC,*+XAR4[2]         ; [CPU_] |196| 
     521                      .dwpsn  file "C:/Users/a0221343/Git/bootROM/f28004x_bootrom/F28004x_ROM_dev_PG2.0/F28004x_ROM/bootROM
     522 000000d4 06E4          MOVL      ACC,*+XAR4[4]         ; [CPU_] |197| 
     523                      .dwpsn  file "C:/Users/a0221343/Git/bootROM/f28004x_bootrom/F28004x_ROM_dev_PG2.0/F28004x_ROM/bootROM
     524 000000d5 06F4          MOVL      ACC,*+XAR4[6]         ; [CPU_] |198| 
     525                      .dwpsn  file "C:/Users/a0221343/Git/bootROM/f28004x_bootrom/F28004x_ROM_dev_PG2.0/F28004x_ROM/bootROM
     526 000000d6 8A44          MOVL      XAR4,*-SP[4]          ; [CPU_] |201| 
     527 000000d7 06C4          MOVL      ACC,*+XAR4[0]         ; [CPU_] |201| 
     528                      .dwpsn  file "C:/Users/a0221343/Git/bootROM/f28004x_bootrom/F28004x_ROM_dev_PG2.0/F28004x_ROM/bootROM
     529 000000d8 8A44          MOVL      XAR4,*-SP[4]          ; [CPU_] |202| 
     530 000000d9 06D4          MOVL      ACC,*+XAR4[2]         ; [CPU_] |202| 
     531                      .dwpsn  file "C:/Users/a0221343/Git/bootROM/f28004x_bootrom/F28004x_ROM_dev_PG2.0/F28004x_ROM/bootROM
     532 000000da 06E4          MOVL      ACC,*+XAR4[4]         ; [CPU_] |203| 
     533                      .dwpsn  file "C:/Users/a0221343/Git/bootROM/f28004x_bootrom/F28004x_ROM_dev_PG2.0/F28004x_ROM/bootROM
     534 000000db 06F4          MOVL      ACC,*+XAR4[6]         ; [CPU_] |204| 
     535                      .dwpsn  file "C:/Users/a0221343/Git/bootROM/f28004x_bootrom/F28004x_ROM_dev_PG2.0/F28004x_ROM/bootROM
     536 000000dc 8A46          MOVL      XAR4,*-SP[6]          ; [CPU_] |207| 
     537 000000dd 06D4          MOVL      ACC,*+XAR4[2]         ; [CPU_] |207| 
     538                      .dwpsn  file "C:/Users/a0221343/Git/bootROM/f28004x_bootrom/F28004x_ROM_dev_PG2.0/F28004x_ROM/bootROM
     539 000000de 06F4          MOVL      ACC,*+XAR4[6]         ; [CPU_] |208| 
     540                      .dwpsn  file "C:/Users/a0221343/Git/bootROM/f28004x_bootrom/F28004x_ROM_dev_PG2.0/F28004x_ROM/bootROM
     541 000000df 8A48          MOVL      XAR4,*-SP[8]          ; [CPU_] |211| 
     542 000000e0 06D4          MOVL      ACC,*+XAR4[2]         ; [CPU_] |211| 
     543                      .dwpsn  file "C:/Users/a0221343/Git/bootROM/f28004x_bootrom/F28004x_ROM_dev_PG2.0/F28004x_ROM/bootROM
     544 000000e1 06F4          MOVL      ACC,*+XAR4[6]         ; [CPU_] |212| 
     545                      .dwpsn  file "C:/Users/a0221343/Git/bootROM/f28004x_bootrom/F28004x_ROM_dev_PG2.0/F28004x_ROM/bootROM
     546 000000e2 0208          MOVB      ACC,#8                ; [CPU_] |214| 
     547 000000e3 0742          ADDL      ACC,*-SP[2]           ; [CPU_] |214| 
     548 000000e4 8AA9          MOVL      XAR4,ACC              ; [CPU_] |214| 
     549 000000e5 06C4          MOVL      ACC,*+XAR4[0]         ; [CPU_] |214| 
     550                      .dwpsn  file "C:/Users/a0221343/Git/bootROM/f28004x_bootrom/F28004x_ROM_dev_PG2.0/F28004x_ROM/bootROM
     551 000000e6 020A          MOVB      ACC,#10               ; [CPU_] |215| 
     552 000000e7 0742          ADDL      ACC,*-SP[2]           ; [CPU_] |215| 
     553 000000e8 8AA9          MOVL      XAR4,ACC              ; [CPU_] |215| 
     554 000000e9 06C4          MOVL      ACC,*+XAR4[0]         ; [CPU_] |215| 
     555                      .dwpsn  file "C:/Users/a0221343/Git/bootROM/f28004x_bootrom/F28004x_ROM_dev_PG2.0/F28004x_ROM/bootROM
     556 000000ea 020C          MOVB      ACC,#12               ; [CPU_] |216| 
     557 000000eb 0742          ADDL      ACC,*-SP[2]           ; [CPU_] |216| 
     558 000000ec 8AA9          MOVL      XAR4,ACC              ; [CPU_] |216| 
     559 000000ed 06C4          MOVL      ACC,*+XAR4[0]         ; [CPU_] |216| 
TMS320C2000 Assembler PC v6.4.4 Tue Feb 14 14:42:41 2017

Tools Copyright (c) 1996-2015 Texas Instruments Incorporated
C:\Users\a0221343\AppData\Local\Temp\0749210                         PAGE   13

     560                      .dwpsn  file "C:/Users/a0221343/Git/bootROM/f28004x_bootrom/F28004x_ROM_dev_PG2.0/F28004x_ROM/bootROM
     561 000000ee 020E          MOVB      ACC,#14               ; [CPU_] |217| 
     562 000000ef 0742          ADDL      ACC,*-SP[2]           ; [CPU_] |217| 
     563 000000f0 8AA9          MOVL      XAR4,ACC              ; [CPU_] |217| 
     564 000000f1 06C4          MOVL      ACC,*+XAR4[0]         ; [CPU_] |217| 
     565                      .dwpsn  file "C:/Users/a0221343/Git/bootROM/f28004x_bootrom/F28004x_ROM_dev_PG2.0/F28004x_ROM/bootROM
     566 000000f2 0208          MOVB      ACC,#8                ; [CPU_] |219| 
     567 000000f3 0744          ADDL      ACC,*-SP[4]           ; [CPU_] |219| 
     568 000000f4 8AA9          MOVL      XAR4,ACC              ; [CPU_] |219| 
     569 000000f5 06C4          MOVL      ACC,*+XAR4[0]         ; [CPU_] |219| 
     570                      .dwpsn  file "C:/Users/a0221343/Git/bootROM/f28004x_bootrom/F28004x_ROM_dev_PG2.0/F28004x_ROM/bootROM
     571 000000f6 020A          MOVB      ACC,#10               ; [CPU_] |220| 
     572 000000f7 0744          ADDL      ACC,*-SP[4]           ; [CPU_] |220| 
     573 000000f8 8AA9          MOVL      XAR4,ACC              ; [CPU_] |220| 
     574 000000f9 06C4          MOVL      ACC,*+XAR4[0]         ; [CPU_] |220| 
     575                      .dwpsn  file "C:/Users/a0221343/Git/bootROM/f28004x_bootrom/F28004x_ROM_dev_PG2.0/F28004x_ROM/bootROM
     576 000000fa 020C          MOVB      ACC,#12               ; [CPU_] |221| 
     577 000000fb 0744          ADDL      ACC,*-SP[4]           ; [CPU_] |221| 
     578 000000fc 8AA9          MOVL      XAR4,ACC              ; [CPU_] |221| 
     579 000000fd 06C4          MOVL      ACC,*+XAR4[0]         ; [CPU_] |221| 
     580                      .dwpsn  file "C:/Users/a0221343/Git/bootROM/f28004x_bootrom/F28004x_ROM_dev_PG2.0/F28004x_ROM/bootROM
     581 000000fe 020E          MOVB      ACC,#14               ; [CPU_] |222| 
     582 000000ff 0744          ADDL      ACC,*-SP[4]           ; [CPU_] |222| 
     583 00000100 8AA9          MOVL      XAR4,ACC              ; [CPU_] |222| 
     584 00000101 06C4          MOVL      ACC,*+XAR4[0]         ; [CPU_] |222| 
     585                      .dwpsn  file "C:/Users/a0221343/Git/bootROM/f28004x_bootrom/F28004x_ROM_dev_PG2.0/F28004x_ROM/bootROM
     586 00000102 0200          MOVB      ACC,#0                ; [CPU_] |224| 
     587 00000103 1901          SUBB      ACC,#1                ; [CPU_] |224| 
     588 00000104 8F05          MOVL      XAR4,#389136          ; [CPU_U] |224| 
         00000105 F010 
     589 00000106 1EC4          MOVL      *+XAR4[0],ACC         ; [CPU_] |224| 
     590                      .dwpsn  file "C:/Users/a0221343/Git/bootROM/f28004x_bootrom/F28004x_ROM_dev_PG2.0/F28004x_ROM/bootROM
     591 00000107 8F05          MOVL      XAR4,#389138          ; [CPU_U] |225| 
         00000108 F012 
     592 00000109 064A          MOVL      ACC,*-SP[10]          ; [CPU_] |225| 
     593 0000010a 1EC4          MOVL      *+XAR4[0],ACC         ; [CPU_] |225| 
     594                      .dwpsn  file "C:/Users/a0221343/Git/bootROM/f28004x_bootrom/F28004x_ROM_dev_PG2.0/F28004x_ROM/bootROM
     595 0000010b 0200          MOVB      ACC,#0                ; [CPU_] |226| 
     596 0000010c 8F05          MOVL      XAR4,#389140          ; [CPU_U] |226| 
         0000010d F014 
     597 0000010e 1901          SUBB      ACC,#1                ; [CPU_] |226| 
     598 0000010f 1EC4          MOVL      *+XAR4[0],ACC         ; [CPU_] |226| 
     599                      .dwpsn  file "C:/Users/a0221343/Git/bootROM/f28004x_bootrom/F28004x_ROM_dev_PG2.0/F28004x_ROM/bootROM
     600 00000110 0200          MOVB      ACC,#0                ; [CPU_] |227| 
     601 00000111 8F05          MOVL      XAR4,#389142          ; [CPU_U] |227| 
         00000112 F016 
     602 00000113 1901          SUBB      ACC,#1                ; [CPU_] |227| 
     603 00000114 1EC4          MOVL      *+XAR4[0],ACC         ; [CPU_] |227| 
     604                      .dwpsn  file "C:/Users/a0221343/Git/bootROM/f28004x_bootrom/F28004x_ROM_dev_PG2.0/F28004x_ROM/bootROM
     605 00000115 0200          MOVB      ACC,#0                ; [CPU_] |229| 
     606 00000116 8F05          MOVL      XAR4,#389200          ; [CPU_U] |229| 
         00000117 F050 
     607 00000118 1901          SUBB      ACC,#1                ; [CPU_] |229| 
     608 00000119 1EC4          MOVL      *+XAR4[0],ACC         ; [CPU_] |229| 
     609                      .dwpsn  file "C:/Users/a0221343/Git/bootROM/f28004x_bootrom/F28004x_ROM_dev_PG2.0/F28004x_ROM/bootROM
TMS320C2000 Assembler PC v6.4.4 Tue Feb 14 14:42:41 2017

Tools Copyright (c) 1996-2015 Texas Instruments Incorporated
C:\Users\a0221343\AppData\Local\Temp\0749210                         PAGE   14

     610 0000011a 8F05          MOVL      XAR4,#389202          ; [CPU_U] |230| 
         0000011b F052 
     611 0000011c 064C          MOVL      ACC,*-SP[12]          ; [CPU_] |230| 
     612 0000011d 1EC4          MOVL      *+XAR4[0],ACC         ; [CPU_] |230| 
     613                      .dwpsn  file "C:/Users/a0221343/Git/bootROM/f28004x_bootrom/F28004x_ROM_dev_PG2.0/F28004x_ROM/bootROM
     614 0000011e 0200          MOVB      ACC,#0                ; [CPU_] |231| 
     615 0000011f 8F05          MOVL      XAR4,#389204          ; [CPU_U] |231| 
         00000120 F054 
     616 00000121 1901          SUBB      ACC,#1                ; [CPU_] |231| 
     617 00000122 1EC4          MOVL      *+XAR4[0],ACC         ; [CPU_] |231| 
     618                      .dwpsn  file "C:/Users/a0221343/Git/bootROM/f28004x_bootrom/F28004x_ROM_dev_PG2.0/F28004x_ROM/bootROM
     619 00000123 0200          MOVB      ACC,#0                ; [CPU_] |232| 
     620 00000124 8F05          MOVL      XAR4,#389206          ; [CPU_U] |232| 
         00000125 F056 
     621 00000126 1901          SUBB      ACC,#1                ; [CPU_] |232| 
     622 00000127 1EC4          MOVL      *+XAR4[0],ACC         ; [CPU_] |232| 
     623                      .dwpsn  file "C:/Users/a0221343/Git/bootROM/f28004x_bootrom/F28004x_ROM_dev_PG2.0/F28004x_ROM/bootROM
     624 00000128 FE8C          SUBB      SP,#12                ; [CPU_U] 
     625                      .dwcfi  cfa_offset, -2
     626              $C$DW$28        .dwtag  DW_TAG_TI_branch
     627                      .dwattr $C$DW$28, DW_AT_low_pc(0x00)
     628                      .dwattr $C$DW$28, DW_AT_TI_return
     629 00000129 0006          LRETR     ; [CPU_] 
     630                      ; return occurs ; [] 
     631                      .dwattr $C$DW$17, DW_AT_TI_end_file("C:/Users/a0221343/Git/bootROM/f28004x_bootrom/F28004x_ROM_dev_PG
     632                      .dwattr $C$DW$17, DW_AT_TI_end_line(0xec)
     633                      .dwattr $C$DW$17, DW_AT_TI_end_column(0x01)
     634                      .dwendentry
     635                      .dwendtag $C$DW$17
     636              
     637              
     638              ;***************************************************************
     639              ;* TYPE INFORMATION                                            *
     640              ;***************************************************************
     641              $C$DW$T$2       .dwtag  DW_TAG_unspecified_type
     642                      .dwattr $C$DW$T$2, DW_AT_name("void")
     643              $C$DW$T$4       .dwtag  DW_TAG_base_type
     644                      .dwattr $C$DW$T$4, DW_AT_encoding(DW_ATE_boolean)
     645                      .dwattr $C$DW$T$4, DW_AT_name("bool")
     646                      .dwattr $C$DW$T$4, DW_AT_byte_size(0x01)
     647              $C$DW$T$5       .dwtag  DW_TAG_base_type
     648                      .dwattr $C$DW$T$5, DW_AT_encoding(DW_ATE_signed_char)
     649                      .dwattr $C$DW$T$5, DW_AT_name("signed char")
     650                      .dwattr $C$DW$T$5, DW_AT_byte_size(0x01)
     651              $C$DW$T$6       .dwtag  DW_TAG_base_type
     652                      .dwattr $C$DW$T$6, DW_AT_encoding(DW_ATE_unsigned_char)
     653                      .dwattr $C$DW$T$6, DW_AT_name("unsigned char")
     654                      .dwattr $C$DW$T$6, DW_AT_byte_size(0x01)
     655              $C$DW$T$7       .dwtag  DW_TAG_base_type
     656                      .dwattr $C$DW$T$7, DW_AT_encoding(DW_ATE_signed_char)
     657                      .dwattr $C$DW$T$7, DW_AT_name("wchar_t")
     658                      .dwattr $C$DW$T$7, DW_AT_byte_size(0x01)
     659              $C$DW$T$8       .dwtag  DW_TAG_base_type
     660                      .dwattr $C$DW$T$8, DW_AT_encoding(DW_ATE_signed)
     661                      .dwattr $C$DW$T$8, DW_AT_name("short")
TMS320C2000 Assembler PC v6.4.4 Tue Feb 14 14:42:41 2017

Tools Copyright (c) 1996-2015 Texas Instruments Incorporated
C:\Users\a0221343\AppData\Local\Temp\0749210                         PAGE   15

     662                      .dwattr $C$DW$T$8, DW_AT_byte_size(0x01)
     663              $C$DW$T$9       .dwtag  DW_TAG_base_type
     664                      .dwattr $C$DW$T$9, DW_AT_encoding(DW_ATE_unsigned)
     665                      .dwattr $C$DW$T$9, DW_AT_name("unsigned short")
     666                      .dwattr $C$DW$T$9, DW_AT_byte_size(0x01)
     667              $C$DW$T$10      .dwtag  DW_TAG_base_type
     668                      .dwattr $C$DW$T$10, DW_AT_encoding(DW_ATE_signed)
     669                      .dwattr $C$DW$T$10, DW_AT_name("int")
     670                      .dwattr $C$DW$T$10, DW_AT_byte_size(0x01)
     671              $C$DW$T$11      .dwtag  DW_TAG_base_type
     672                      .dwattr $C$DW$T$11, DW_AT_encoding(DW_ATE_unsigned)
     673                      .dwattr $C$DW$T$11, DW_AT_name("unsigned int")
     674                      .dwattr $C$DW$T$11, DW_AT_byte_size(0x01)
     675              $C$DW$T$20      .dwtag  DW_TAG_typedef, DW_AT_name("uint16_t")
     676                      .dwattr $C$DW$T$20, DW_AT_type(*$C$DW$T$11)
     677                      .dwattr $C$DW$T$20, DW_AT_language(DW_LANG_C)
     678              $C$DW$T$12      .dwtag  DW_TAG_base_type
     679                      .dwattr $C$DW$T$12, DW_AT_encoding(DW_ATE_signed)
     680                      .dwattr $C$DW$T$12, DW_AT_name("long")
     681                      .dwattr $C$DW$T$12, DW_AT_byte_size(0x02)
     682              $C$DW$T$21      .dwtag  DW_TAG_typedef, DW_AT_name("int32_t")
     683                      .dwattr $C$DW$T$21, DW_AT_type(*$C$DW$T$12)
     684                      .dwattr $C$DW$T$21, DW_AT_language(DW_LANG_C)
     685              $C$DW$T$13      .dwtag  DW_TAG_base_type
     686                      .dwattr $C$DW$T$13, DW_AT_encoding(DW_ATE_unsigned)
     687                      .dwattr $C$DW$T$13, DW_AT_name("unsigned long")
     688                      .dwattr $C$DW$T$13, DW_AT_byte_size(0x02)
     689              $C$DW$T$22      .dwtag  DW_TAG_typedef, DW_AT_name("uint32_t")
     690                      .dwattr $C$DW$T$22, DW_AT_type(*$C$DW$T$13)
     691                      .dwattr $C$DW$T$22, DW_AT_language(DW_LANG_C)
     692              $C$DW$T$23      .dwtag  DW_TAG_pointer_type
     693                      .dwattr $C$DW$T$23, DW_AT_type(*$C$DW$T$22)
     694                      .dwattr $C$DW$T$23, DW_AT_address_class(0x20)
     695              $C$DW$29        .dwtag  DW_TAG_TI_far_type
     696                      .dwattr $C$DW$29, DW_AT_type(*$C$DW$T$22)
     697              $C$DW$T$26      .dwtag  DW_TAG_const_type
     698                      .dwattr $C$DW$T$26, DW_AT_type(*$C$DW$29)
     699              
     700              $C$DW$T$27      .dwtag  DW_TAG_array_type
     701                      .dwattr $C$DW$T$27, DW_AT_type(*$C$DW$T$26)
     702                      .dwattr $C$DW$T$27, DW_AT_language(DW_LANG_C)
     703                      .dwattr $C$DW$T$27, DW_AT_byte_size(0x3c)
     704              $C$DW$30        .dwtag  DW_TAG_subrange_type
     705                      .dwattr $C$DW$30, DW_AT_upper_bound(0x1d)
     706                      .dwendtag $C$DW$T$27
     707              
     708              $C$DW$T$28      .dwtag  DW_TAG_pointer_type
     709                      .dwattr $C$DW$T$28, DW_AT_type(*$C$DW$T$26)
     710                      .dwattr $C$DW$T$28, DW_AT_address_class(0x20)
     711              $C$DW$T$14      .dwtag  DW_TAG_base_type
     712                      .dwattr $C$DW$T$14, DW_AT_encoding(DW_ATE_signed)
     713                      .dwattr $C$DW$T$14, DW_AT_name("long long")
     714                      .dwattr $C$DW$T$14, DW_AT_byte_size(0x04)
     715              $C$DW$T$15      .dwtag  DW_TAG_base_type
     716                      .dwattr $C$DW$T$15, DW_AT_encoding(DW_ATE_unsigned)
TMS320C2000 Assembler PC v6.4.4 Tue Feb 14 14:42:41 2017

Tools Copyright (c) 1996-2015 Texas Instruments Incorporated
C:\Users\a0221343\AppData\Local\Temp\0749210                         PAGE   16

     717                      .dwattr $C$DW$T$15, DW_AT_name("unsigned long long")
     718                      .dwattr $C$DW$T$15, DW_AT_byte_size(0x04)
     719              $C$DW$T$16      .dwtag  DW_TAG_base_type
     720                      .dwattr $C$DW$T$16, DW_AT_encoding(DW_ATE_float)
     721                      .dwattr $C$DW$T$16, DW_AT_name("float")
     722                      .dwattr $C$DW$T$16, DW_AT_byte_size(0x02)
     723              $C$DW$T$17      .dwtag  DW_TAG_base_type
     724                      .dwattr $C$DW$T$17, DW_AT_encoding(DW_ATE_float)
     725                      .dwattr $C$DW$T$17, DW_AT_name("double")
     726                      .dwattr $C$DW$T$17, DW_AT_byte_size(0x02)
     727              $C$DW$T$18      .dwtag  DW_TAG_base_type
     728                      .dwattr $C$DW$T$18, DW_AT_encoding(DW_ATE_float)
     729                      .dwattr $C$DW$T$18, DW_AT_name("long double")
     730                      .dwattr $C$DW$T$18, DW_AT_byte_size(0x04)
     731                      .dwattr $C$DW$CU, DW_AT_language(DW_LANG_C)
     732              
     733              ;***************************************************************
     734              ;* DWARF CIE ENTRIES                                           *
     735              ;***************************************************************
     736              
     737              $C$DW$CIE       .dwcie 26
     738                      .dwcfi  cfa_register, 20
     739                      .dwcfi  cfa_offset, 0
     740                      .dwcfi  undefined, 0
     741                      .dwcfi  undefined, 1
     742                      .dwcfi  undefined, 2
     743                      .dwcfi  undefined, 3
     744                      .dwcfi  undefined, 20
     745                      .dwcfi  undefined, 21
     746                      .dwcfi  undefined, 22
     747                      .dwcfi  undefined, 23
     748                      .dwcfi  undefined, 24
     749                      .dwcfi  undefined, 25
     750                      .dwcfi  undefined, 26
     751                      .dwcfi  same_value, 28
     752                      .dwcfi  undefined, 29
     753                      .dwcfi  undefined, 30
     754                      .dwcfi  undefined, 31
     755                      .dwcfi  undefined, 32
     756                      .dwcfi  undefined, 33
     757                      .dwcfi  undefined, 34
     758                      .dwcfi  undefined, 35
     759                      .dwcfi  undefined, 36
     760                      .dwcfi  undefined, 37
     761                      .dwcfi  undefined, 38
     762                      .dwcfi  undefined, 75
     763                      .dwcfi  undefined, 76
     764                      .dwcfi  undefined, 77
     765                      .dwcfi  undefined, 4
     766                      .dwcfi  undefined, 5
     767                      .dwcfi  same_value, 6
     768                      .dwcfi  same_value, 7
     769                      .dwcfi  same_value, 8
     770                      .dwcfi  same_value, 9
     771                      .dwcfi  same_value, 10
TMS320C2000 Assembler PC v6.4.4 Tue Feb 14 14:42:41 2017

Tools Copyright (c) 1996-2015 Texas Instruments Incorporated
C:\Users\a0221343\AppData\Local\Temp\0749210                         PAGE   17

     772                      .dwcfi  same_value, 11
     773                      .dwcfi  undefined, 12
     774                      .dwcfi  undefined, 13
     775                      .dwcfi  undefined, 14
     776                      .dwcfi  undefined, 15
     777                      .dwcfi  undefined, 16
     778                      .dwcfi  undefined, 17
     779                      .dwcfi  undefined, 18
     780                      .dwcfi  undefined, 19
     781                      .dwcfi  undefined, 43
     782                      .dwcfi  undefined, 44
     783                      .dwcfi  undefined, 47
     784                      .dwcfi  undefined, 48
     785                      .dwcfi  undefined, 51
     786                      .dwcfi  undefined, 52
     787                      .dwcfi  undefined, 55
     788                      .dwcfi  undefined, 56
     789                      .dwcfi  same_value, 59
     790                      .dwcfi  same_value, 60
     791                      .dwcfi  same_value, 63
     792                      .dwcfi  same_value, 64
     793                      .dwcfi  same_value, 67
     794                      .dwcfi  same_value, 68
     795                      .dwcfi  same_value, 71
     796                      .dwcfi  same_value, 72
     797                      .dwcfi  undefined, 73
     798                      .dwcfi  undefined, 74
     799                      .dwcfi  undefined, 39
     800                      .dwcfi  undefined, 40
     801                      .dwcfi  undefined, 27
     802                      .dwendentry
     803              
     804              ;***************************************************************
     805              ;* DWARF REGISTER MAP                                          *
     806              ;***************************************************************
     807              
     808              $C$DW$31        .dwtag  DW_TAG_TI_assign_register, DW_AT_name("AL")
     809                      .dwattr $C$DW$31, DW_AT_location[DW_OP_reg0]
     810              $C$DW$32        .dwtag  DW_TAG_TI_assign_register, DW_AT_name("AH")
     811                      .dwattr $C$DW$32, DW_AT_location[DW_OP_reg1]
     812              $C$DW$33        .dwtag  DW_TAG_TI_assign_register, DW_AT_name("PL")
     813                      .dwattr $C$DW$33, DW_AT_location[DW_OP_reg2]
     814              $C$DW$34        .dwtag  DW_TAG_TI_assign_register, DW_AT_name("PH")
     815                      .dwattr $C$DW$34, DW_AT_location[DW_OP_reg3]
     816              $C$DW$35        .dwtag  DW_TAG_TI_assign_register, DW_AT_name("SP")
     817                      .dwattr $C$DW$35, DW_AT_location[DW_OP_reg20]
     818              $C$DW$36        .dwtag  DW_TAG_TI_assign_register, DW_AT_name("XT")
     819                      .dwattr $C$DW$36, DW_AT_location[DW_OP_reg21]
     820              $C$DW$37        .dwtag  DW_TAG_TI_assign_register, DW_AT_name("T")
     821                      .dwattr $C$DW$37, DW_AT_location[DW_OP_reg22]
     822              $C$DW$38        .dwtag  DW_TAG_TI_assign_register, DW_AT_name("ST0")
     823                      .dwattr $C$DW$38, DW_AT_location[DW_OP_reg23]
     824              $C$DW$39        .dwtag  DW_TAG_TI_assign_register, DW_AT_name("ST1")
     825                      .dwattr $C$DW$39, DW_AT_location[DW_OP_reg24]
     826              $C$DW$40        .dwtag  DW_TAG_TI_assign_register, DW_AT_name("PC")
TMS320C2000 Assembler PC v6.4.4 Tue Feb 14 14:42:41 2017

Tools Copyright (c) 1996-2015 Texas Instruments Incorporated
C:\Users\a0221343\AppData\Local\Temp\0749210                         PAGE   18

     827                      .dwattr $C$DW$40, DW_AT_location[DW_OP_reg25]
     828              $C$DW$41        .dwtag  DW_TAG_TI_assign_register, DW_AT_name("RPC")
     829                      .dwattr $C$DW$41, DW_AT_location[DW_OP_reg26]
     830              $C$DW$42        .dwtag  DW_TAG_TI_assign_register, DW_AT_name("FP")
     831                      .dwattr $C$DW$42, DW_AT_location[DW_OP_reg28]
     832              $C$DW$43        .dwtag  DW_TAG_TI_assign_register, DW_AT_name("DP")
     833                      .dwattr $C$DW$43, DW_AT_location[DW_OP_reg29]
     834              $C$DW$44        .dwtag  DW_TAG_TI_assign_register, DW_AT_name("SXM")
     835                      .dwattr $C$DW$44, DW_AT_location[DW_OP_reg30]
     836              $C$DW$45        .dwtag  DW_TAG_TI_assign_register, DW_AT_name("PM")
     837                      .dwattr $C$DW$45, DW_AT_location[DW_OP_reg31]
     838              $C$DW$46        .dwtag  DW_TAG_TI_assign_register, DW_AT_name("OVM")
     839                      .dwattr $C$DW$46, DW_AT_location[DW_OP_regx 0x20]
     840              $C$DW$47        .dwtag  DW_TAG_TI_assign_register, DW_AT_name("PAGE0")
     841                      .dwattr $C$DW$47, DW_AT_location[DW_OP_regx 0x21]
     842              $C$DW$48        .dwtag  DW_TAG_TI_assign_register, DW_AT_name("AMODE")
     843                      .dwattr $C$DW$48, DW_AT_location[DW_OP_regx 0x22]
     844              $C$DW$49        .dwtag  DW_TAG_TI_assign_register, DW_AT_name("INTM")
     845                      .dwattr $C$DW$49, DW_AT_location[DW_OP_regx 0x23]
     846              $C$DW$50        .dwtag  DW_TAG_TI_assign_register, DW_AT_name("IFR")
     847                      .dwattr $C$DW$50, DW_AT_location[DW_OP_regx 0x24]
     848              $C$DW$51        .dwtag  DW_TAG_TI_assign_register, DW_AT_name("IER")
     849                      .dwattr $C$DW$51, DW_AT_location[DW_OP_regx 0x25]
     850              $C$DW$52        .dwtag  DW_TAG_TI_assign_register, DW_AT_name("V")
     851                      .dwattr $C$DW$52, DW_AT_location[DW_OP_regx 0x26]
     852              $C$DW$53        .dwtag  DW_TAG_TI_assign_register, DW_AT_name("PSEUDOH")
     853                      .dwattr $C$DW$53, DW_AT_location[DW_OP_regx 0x4c]
     854              $C$DW$54        .dwtag  DW_TAG_TI_assign_register, DW_AT_name("VOL")
     855                      .dwattr $C$DW$54, DW_AT_location[DW_OP_regx 0x4d]
     856              $C$DW$55        .dwtag  DW_TAG_TI_assign_register, DW_AT_name("AR0")
     857                      .dwattr $C$DW$55, DW_AT_location[DW_OP_reg4]
     858              $C$DW$56        .dwtag  DW_TAG_TI_assign_register, DW_AT_name("XAR0")
     859                      .dwattr $C$DW$56, DW_AT_location[DW_OP_reg5]
     860              $C$DW$57        .dwtag  DW_TAG_TI_assign_register, DW_AT_name("AR1")
     861                      .dwattr $C$DW$57, DW_AT_location[DW_OP_reg6]
     862              $C$DW$58        .dwtag  DW_TAG_TI_assign_register, DW_AT_name("XAR1")
     863                      .dwattr $C$DW$58, DW_AT_location[DW_OP_reg7]
     864              $C$DW$59        .dwtag  DW_TAG_TI_assign_register, DW_AT_name("AR2")
     865                      .dwattr $C$DW$59, DW_AT_location[DW_OP_reg8]
     866              $C$DW$60        .dwtag  DW_TAG_TI_assign_register, DW_AT_name("XAR2")
     867                      .dwattr $C$DW$60, DW_AT_location[DW_OP_reg9]
     868              $C$DW$61        .dwtag  DW_TAG_TI_assign_register, DW_AT_name("AR3")
     869                      .dwattr $C$DW$61, DW_AT_location[DW_OP_reg10]
     870              $C$DW$62        .dwtag  DW_TAG_TI_assign_register, DW_AT_name("XAR3")
     871                      .dwattr $C$DW$62, DW_AT_location[DW_OP_reg11]
     872              $C$DW$63        .dwtag  DW_TAG_TI_assign_register, DW_AT_name("AR4")
     873                      .dwattr $C$DW$63, DW_AT_location[DW_OP_reg12]
     874              $C$DW$64        .dwtag  DW_TAG_TI_assign_register, DW_AT_name("XAR4")
     875                      .dwattr $C$DW$64, DW_AT_location[DW_OP_reg13]
     876              $C$DW$65        .dwtag  DW_TAG_TI_assign_register, DW_AT_name("AR5")
     877                      .dwattr $C$DW$65, DW_AT_location[DW_OP_reg14]
     878              $C$DW$66        .dwtag  DW_TAG_TI_assign_register, DW_AT_name("XAR5")
     879                      .dwattr $C$DW$66, DW_AT_location[DW_OP_reg15]
     880              $C$DW$67        .dwtag  DW_TAG_TI_assign_register, DW_AT_name("AR6")
     881                      .dwattr $C$DW$67, DW_AT_location[DW_OP_reg16]
TMS320C2000 Assembler PC v6.4.4 Tue Feb 14 14:42:41 2017

Tools Copyright (c) 1996-2015 Texas Instruments Incorporated
C:\Users\a0221343\AppData\Local\Temp\0749210                         PAGE   19

     882              $C$DW$68        .dwtag  DW_TAG_TI_assign_register, DW_AT_name("XAR6")
     883                      .dwattr $C$DW$68, DW_AT_location[DW_OP_reg17]
     884              $C$DW$69        .dwtag  DW_TAG_TI_assign_register, DW_AT_name("AR7")
     885                      .dwattr $C$DW$69, DW_AT_location[DW_OP_reg18]
     886              $C$DW$70        .dwtag  DW_TAG_TI_assign_register, DW_AT_name("XAR7")
     887                      .dwattr $C$DW$70, DW_AT_location[DW_OP_reg19]
     888              $C$DW$71        .dwtag  DW_TAG_TI_assign_register, DW_AT_name("R0HL")
     889                      .dwattr $C$DW$71, DW_AT_location[DW_OP_regx 0x2b]
     890              $C$DW$72        .dwtag  DW_TAG_TI_assign_register, DW_AT_name("R0H")
     891                      .dwattr $C$DW$72, DW_AT_location[DW_OP_regx 0x2c]
     892              $C$DW$73        .dwtag  DW_TAG_TI_assign_register, DW_AT_name("R1HL")
     893                      .dwattr $C$DW$73, DW_AT_location[DW_OP_regx 0x2f]
     894              $C$DW$74        .dwtag  DW_TAG_TI_assign_register, DW_AT_name("R1H")
     895                      .dwattr $C$DW$74, DW_AT_location[DW_OP_regx 0x30]
     896              $C$DW$75        .dwtag  DW_TAG_TI_assign_register, DW_AT_name("R2HL")
     897                      .dwattr $C$DW$75, DW_AT_location[DW_OP_regx 0x33]
     898              $C$DW$76        .dwtag  DW_TAG_TI_assign_register, DW_AT_name("R2H")
     899                      .dwattr $C$DW$76, DW_AT_location[DW_OP_regx 0x34]
     900              $C$DW$77        .dwtag  DW_TAG_TI_assign_register, DW_AT_name("R3HL")
     901                      .dwattr $C$DW$77, DW_AT_location[DW_OP_regx 0x37]
     902              $C$DW$78        .dwtag  DW_TAG_TI_assign_register, DW_AT_name("R3H")
     903                      .dwattr $C$DW$78, DW_AT_location[DW_OP_regx 0x38]
     904              $C$DW$79        .dwtag  DW_TAG_TI_assign_register, DW_AT_name("R4HL")
     905                      .dwattr $C$DW$79, DW_AT_location[DW_OP_regx 0x3b]
     906              $C$DW$80        .dwtag  DW_TAG_TI_assign_register, DW_AT_name("R4H")
     907                      .dwattr $C$DW$80, DW_AT_location[DW_OP_regx 0x3c]
     908              $C$DW$81        .dwtag  DW_TAG_TI_assign_register, DW_AT_name("R5HL")
     909                      .dwattr $C$DW$81, DW_AT_location[DW_OP_regx 0x3f]
     910              $C$DW$82        .dwtag  DW_TAG_TI_assign_register, DW_AT_name("R5H")
     911                      .dwattr $C$DW$82, DW_AT_location[DW_OP_regx 0x40]
     912              $C$DW$83        .dwtag  DW_TAG_TI_assign_register, DW_AT_name("R6HL")
     913                      .dwattr $C$DW$83, DW_AT_location[DW_OP_regx 0x43]
     914              $C$DW$84        .dwtag  DW_TAG_TI_assign_register, DW_AT_name("R6H")
     915                      .dwattr $C$DW$84, DW_AT_location[DW_OP_regx 0x44]
     916              $C$DW$85        .dwtag  DW_TAG_TI_assign_register, DW_AT_name("R7HL")
     917                      .dwattr $C$DW$85, DW_AT_location[DW_OP_regx 0x47]
     918              $C$DW$86        .dwtag  DW_TAG_TI_assign_register, DW_AT_name("R7H")
     919                      .dwattr $C$DW$86, DW_AT_location[DW_OP_regx 0x48]
     920              $C$DW$87        .dwtag  DW_TAG_TI_assign_register, DW_AT_name("RBL")
     921                      .dwattr $C$DW$87, DW_AT_location[DW_OP_regx 0x49]
     922              $C$DW$88        .dwtag  DW_TAG_TI_assign_register, DW_AT_name("RB")
     923                      .dwattr $C$DW$88, DW_AT_location[DW_OP_regx 0x4a]
     924              $C$DW$89        .dwtag  DW_TAG_TI_assign_register, DW_AT_name("STFL")
     925                      .dwattr $C$DW$89, DW_AT_location[DW_OP_regx 0x27]
     926              $C$DW$90        .dwtag  DW_TAG_TI_assign_register, DW_AT_name("STF")
     927                      .dwattr $C$DW$90, DW_AT_location[DW_OP_regx 0x28]
     928              $C$DW$91        .dwtag  DW_TAG_TI_assign_register, DW_AT_name("FPUHAZ")
     929                      .dwattr $C$DW$91, DW_AT_location[DW_OP_reg27]
     930                      .dwendtag $C$DW$CU
     931              

No Assembly Errors, No Assembly Warnings
