TMS320C2000 Assembler PC v6.4.4 Tue Feb 14 14:42:44 2017

Tools Copyright (c) 1996-2015 Texas Instruments Incorporated
C:/Users/a0221343/Git/bootROM/f28004x_bootrom/F28004x_ROM_dev_PG2.0/F28004x_ROM/bootROM/source/cpubrom_utility_funcs.asm PAGE    1

       1              ;;###########################################################################
       2              ;;
       3              ;; FILE:    cbrom_utility_functions.asm
       4              ;;
       5              ;; TITLE:   Boot Rom C callable assembly utility functions.
       6              ;;
       7              ;; Functions:
       8              ;;
       9              ;;
      10              ;; Notes:
      11              ;;
      12              ;;###########################################################################
      13              ;; $TI Release: F28004x Boot ROM V1.0 $
      14              ;; $Release Date: July 2015 $
      15              ;;###########################################################################
      16                      .global _branch_to_entryaddress
      17                      .global _load_itrap_address
      18              
      19              ; C-calling convention: branch_to_entryaddress (unsigned long *entryaddress)
      20              ; Parameter is stored in XAR4
      21              ; Function moves the Entry Address into the ISR return from address on the stack
      22              
      23 00000000       _branch_to_entryaddress:
      24                           
      25 00000000 06C4          MOVL  ACC, *XAR4          ; load ACC with the desired branch address
      26 00000001 1E5E          MOVL *-SP[30], ACC    ; move branch address to cbrom_mtoc_ipc_int1_isr return address on stack
      27 00000002 0006      LRETR
      28              
      29              ; C-calling convention: load_itrap_address (unsigned long *itrapaddress)
      30              ; Parameter is stored in XAR4
      31              ; Function loads the address where the ITRAP occurred stored from the stack and
      32              ; into the address pointed to by the itrapaddress pointer.
      33              ; The stack location where the ITRAP return address is stored on the stack will change 
      34              ; according to compiler optimizations, The below value is without any optimizations - 
      35              ; if the code uses optimizations please re-check the below value
      36              ;    
      37              
      38 00000003       _load_itrap_address:
      39 00000003 065E          MOVL ACC, *-SP[30];   ; load ITRAP address location on stack into ACC
      40 00000004 1EC4          MOVL *XAR4, ACC       ; return ITRAP address back to calling function
      41 00000005 0006          LRETR

No Assembly Errors, No Assembly Warnings
