TMS320C2000 Assembler PC v6.4.4 Tue Feb 14 14:42:43 2017

Tools Copyright (c) 1996-2015 Texas Instruments Incorporated
C:\Users\a0221343\AppData\Local\Temp\0619610                         PAGE    1

       1              ;***************************************************************
       2              ;* TMS320C2000 C/C++ Codegen                         PC v6.4.4 *
       3              ;* Date/Time created: Tue Feb 14 14:42:43 2017                 *
       4              ;***************************************************************
       5                      .compiler_opts --cla_support=cla0 --float_support=fpu32 --hll_source=on --mem_model:code=flat --mem_m
       6        0002  FP      .set    XAR2
       7              
       8              $C$DW$CU        .dwtag  DW_TAG_compile_unit
       9                      .dwattr $C$DW$CU, DW_AT_name("C:/Users/a0221343/Git/bootROM/f28004x_bootrom/F28004x_ROM_dev_PG2.0/F28
      10                      .dwattr $C$DW$CU, DW_AT_producer("TI TMS320C2000 C/C++ Codegen PC v6.4.4 Copyright (c) 1996-2015 Texa
      11                      .dwattr $C$DW$CU, DW_AT_TI_version(0x01)
      12                      .dwattr $C$DW$CU, DW_AT_comp_dir("C:\Users\a0221343\Git\bootROM\f28004x_bootrom\F28004x_ROM_dev_PG2.0
      13              
      14              $C$DW$1 .dwtag  DW_TAG_subprogram, DW_AT_name("load_itrap_address")
      15                      .dwattr $C$DW$1, DW_AT_TI_symbol_name("_load_itrap_address")
      16                      .dwattr $C$DW$1, DW_AT_declaration
      17                      .dwattr $C$DW$1, DW_AT_external
      18              $C$DW$2 .dwtag  DW_TAG_formal_parameter
      19                      .dwattr $C$DW$2, DW_AT_type(*$C$DW$T$22)
      20                      .dwendtag $C$DW$1
      21              
      22                      .global _cbrom_nmi_status
      23 00000000       _cbrom_nmi_status:      .usect  ".ebss",1,1,0
      24              $C$DW$3 .dwtag  DW_TAG_variable, DW_AT_name("cbrom_nmi_status")
      25                      .dwattr $C$DW$3, DW_AT_TI_symbol_name("_cbrom_nmi_status")
      26                      .dwattr $C$DW$3, DW_AT_location[DW_OP_addr _cbrom_nmi_status]
      27                      .dwattr $C$DW$3, DW_AT_type(*$C$DW$T$27)
      28                      .dwattr $C$DW$3, DW_AT_external
      29              $C$DW$4 .dwtag  DW_TAG_variable, DW_AT_name("cbrom_status")
      30                      .dwattr $C$DW$4, DW_AT_TI_symbol_name("_cbrom_status")
      31                      .dwattr $C$DW$4, DW_AT_type(*$C$DW$T$21)
      32                      .dwattr $C$DW$4, DW_AT_declaration
      33                      .dwattr $C$DW$4, DW_AT_external
      34                      .global _iTrap_addr
      35 00000002       _iTrap_addr:    .usect  ".ebss",2,1,1
      36              $C$DW$5 .dwtag  DW_TAG_variable, DW_AT_name("iTrap_addr")
      37                      .dwattr $C$DW$5, DW_AT_TI_symbol_name("_iTrap_addr")
      38                      .dwattr $C$DW$5, DW_AT_location[DW_OP_addr _iTrap_addr]
      39                      .dwattr $C$DW$5, DW_AT_type(*$C$DW$T$21)
      40                      .dwattr $C$DW$5, DW_AT_external
      41              ;       C:\ti\ccsv6\tools\compiler\ti-cgt-c2000_6.4.4\bin\ac2000.exe -@C:\\Users\\a0221343\\AppData\\Local\\T
      42 00000000               .sect   ".text"
      43                      .clink
      44              
      45              $C$DW$6 .dwtag  DW_TAG_subprogram, DW_AT_name("SysCtl_enableWatchdog")
      46                      .dwattr $C$DW$6, DW_AT_low_pc(_SysCtl_enableWatchdog)
      47                      .dwattr $C$DW$6, DW_AT_high_pc(0x00)
      48                      .dwattr $C$DW$6, DW_AT_TI_symbol_name("_SysCtl_enableWatchdog")
      49                      .dwattr $C$DW$6, DW_AT_TI_begin_file("C:/Users/a0221343/Git/bootROM/f28004x_bootrom/F28004x_ROM_dev_P
      50                      .dwattr $C$DW$6, DW_AT_TI_begin_line(0x675)
      51                      .dwattr $C$DW$6, DW_AT_TI_begin_column(0x01)
      52                      .dwattr $C$DW$6, DW_AT_TI_max_frame_size(-2)
      53                      .dwpsn  file "C:/Users/a0221343/Git/bootROM/f28004x_bootrom/F28004x_ROM_dev_PG2.0/F28004x_ROM/driverl
      54              
      55                      .dwfde $C$DW$CIE, _SysCtl_enableWatchdog
TMS320C2000 Assembler PC v6.4.4 Tue Feb 14 14:42:43 2017

Tools Copyright (c) 1996-2015 Texas Instruments Incorporated
C:\Users\a0221343\AppData\Local\Temp\0619610                         PAGE    2

      56              
      57              ;***************************************************************
      58              ;* FNAME: _SysCtl_enableWatchdog        FR SIZE:   0           *
      59              ;*                                                             *
      60              ;* FUNCTION ENVIRONMENT                                        *
      61              ;*                                                             *
      62              ;* FUNCTION PROPERTIES                                         *
      63              ;*                            0 Parameter,  0 Auto,  0 SOE     *
      64              ;***************************************************************
      65              
      66 00000000       _SysCtl_enableWatchdog:
      67                      .dwcfi  cfa_offset, -2
      68                      .dwcfi  save_reg_to_mem, 26, 0
      69                      .dwpsn  file "C:/Users/a0221343/Git/bootROM/f28004x_bootrom/F28004x_ROM_dev_PG2.0/F28004x_ROM/driverl
      70 00000000 7622   EALLOW
      71                      .dwpsn  file "C:/Users/a0221343/Git/bootROM/f28004x_bootrom/F28004x_ROM_dev_PG2.0/F28004x_ROM/driverl
      72 00000001 F5A9          MOV       AL,*(0:0x7029)        ; [CPU_] |1660| 
         00000002 7029 
      73 00000003 CCA9          AND       AL,AL,#0xffbf         ; [CPU_] |1660| 
         00000004 FFBF 
      74 00000005 5028          ORB       AL,#0x28              ; [CPU_] |1660| 
      75 00000006 F4A9          MOV       *(0:0x7029),AL        ; [CPU_] |1660| 
         00000007 7029 
      76                      .dwpsn  file "C:/Users/a0221343/Git/bootROM/f28004x_bootrom/F28004x_ROM_dev_PG2.0/F28004x_ROM/driverl
      77 00000008 761A   EDIS
      78                      .dwpsn  file "C:/Users/a0221343/Git/bootROM/f28004x_bootrom/F28004x_ROM_dev_PG2.0/F28004x_ROM/driverl
      79 00000009 FF69          SPM       #0                    ; [CPU_] 
      80              $C$DW$7 .dwtag  DW_TAG_TI_branch
      81                      .dwattr $C$DW$7, DW_AT_low_pc(0x00)
      82                      .dwattr $C$DW$7, DW_AT_TI_return
      83 0000000a 0006          LRETR     ; [CPU_] 
      84                      ; return occurs ; [] 
      85                      .dwattr $C$DW$6, DW_AT_TI_end_file("C:/Users/a0221343/Git/bootROM/f28004x_bootrom/F28004x_ROM_dev_PG2
      86                      .dwattr $C$DW$6, DW_AT_TI_end_line(0x680)
      87                      .dwattr $C$DW$6, DW_AT_TI_end_column(0x01)
      88                      .dwendentry
      89                      .dwendtag $C$DW$6
      90              
      91 00000000               .sect   "CBROM_PIE_MISMATCH_HANDLER:retain"
      92                      .retain
      93                      .retainrefs
      94                      .global _cbrom_pie_vect_mismatch_handler
      95              
      96              $C$DW$8 .dwtag  DW_TAG_subprogram, DW_AT_name("cbrom_pie_vect_mismatch_handler")
      97                      .dwattr $C$DW$8, DW_AT_low_pc(_cbrom_pie_vect_mismatch_handler)
      98                      .dwattr $C$DW$8, DW_AT_high_pc(0x00)
      99                      .dwattr $C$DW$8, DW_AT_TI_symbol_name("_cbrom_pie_vect_mismatch_handler")
     100                      .dwattr $C$DW$8, DW_AT_external
     101                      .dwattr $C$DW$8, DW_AT_TI_begin_file("C:/Users/a0221343/Git/bootROM/f28004x_bootrom/F28004x_ROM_dev_P
     102                      .dwattr $C$DW$8, DW_AT_TI_begin_line(0x21)
     103                      .dwattr $C$DW$8, DW_AT_TI_begin_column(0x10)
     104                      .dwattr $C$DW$8, DW_AT_TI_interrupt
     105                      .dwattr $C$DW$8, DW_AT_TI_max_frame_size(-28)
     106                      .dwpsn  file "C:/Users/a0221343/Git/bootROM/f28004x_bootrom/F28004x_ROM_dev_PG2.0/F28004x_ROM/bootROM
     107              
TMS320C2000 Assembler PC v6.4.4 Tue Feb 14 14:42:43 2017

Tools Copyright (c) 1996-2015 Texas Instruments Incorporated
C:\Users\a0221343\AppData\Local\Temp\0619610                         PAGE    3

     108                      .dwfde $C$DW$CIE, _cbrom_pie_vect_mismatch_handler
     109              
     110              ;***************************************************************
     111              ;* FNAME: _cbrom_pie_vect_mismatch_handler FR SIZE:  26           *
     112              ;*                                                             *
     113              ;* FUNCTION ENVIRONMENT                                        *
     114              ;*                                                             *
     115              ;* FUNCTION PROPERTIES                                         *
     116              ;*                            0 Parameter,  2 Auto, 24 SOE     *
     117              ;***************************************************************
     118              
     119 00000000       _cbrom_pie_vect_mismatch_handler:
     120                      .dwcfi  cfa_offset, -2
     121                      .dwcfi  save_reg_to_mem, 26, 0
     122 00000000 761B          ASP       ; [CPU_] 
     123 00000001 FFF0          PUSH      RB                    ; [CPU_] 
     124                      .dwcfi  save_reg_to_mem, 73, 2
     125                      .dwcfi  save_reg_to_mem, 74, 3
     126                      .dwcfi  cfa_offset, -4
     127 00000002 0005          PUSH      AR1H:AR0H             ; [CPU_] 
     128                      .dwcfi  save_reg_to_mem, 5, 4
     129                      .dwcfi  save_reg_to_mem, 7, 5
     130                      .dwcfi  cfa_offset, -6
     131 00000003 ABBD          MOVL      *SP++,XT              ; [CPU_] 
     132                      .dwcfi  save_reg_to_mem, 21, 6
     133                      .dwcfi  save_reg_to_mem, 22, 7
     134                      .dwcfi  cfa_offset, -8
     135 00000004 A8BD          MOVL      *SP++,XAR4            ; [CPU_] 
     136                      .dwcfi  save_reg_to_mem, 12, 8
     137                      .dwcfi  save_reg_to_mem, 13, 9
     138                      .dwcfi  cfa_offset, -10
     139 00000005 A0BD          MOVL      *SP++,XAR5            ; [CPU_] 
     140                      .dwcfi  save_reg_to_mem, 14, 10
     141                      .dwcfi  save_reg_to_mem, 15, 11
     142                      .dwcfi  cfa_offset, -12
     143 00000006 C2BD          MOVL      *SP++,XAR6            ; [CPU_] 
     144                      .dwcfi  save_reg_to_mem, 16, 12
     145                      .dwcfi  save_reg_to_mem, 17, 13
     146                      .dwcfi  cfa_offset, -14
     147 00000007 C3BD          MOVL      *SP++,XAR7            ; [CPU_] 
     148                      .dwcfi  save_reg_to_mem, 18, 14
     149                      .dwcfi  save_reg_to_mem, 19, 15
     150                      .dwcfi  cfa_offset, -16
     151 00000008 E200          MOV32     *SP++,STF             ; [CPU_] 
         00000009 00BD 
     152                      .dwcfi  save_reg_to_mem, 39, 16
     153                      .dwcfi  save_reg_to_mem, 40, 17
     154                      .dwcfi  cfa_offset, -18
     155 0000000a E203          MOV32     *SP++,R0H             ; [CPU_] 
         0000000b 00BD 
     156 0000000c E203          MOV32     *SP++,R1H             ; [CPU_] 
         0000000d 01BD 
     157 0000000e E203          MOV32     *SP++,R2H             ; [CPU_] 
         0000000f 02BD 
     158 00000010 E203          MOV32     *SP++,R3H             ; [CPU_] 
TMS320C2000 Assembler PC v6.4.4 Tue Feb 14 14:42:43 2017

Tools Copyright (c) 1996-2015 Texas Instruments Incorporated
C:\Users\a0221343\AppData\Local\Temp\0619610                         PAGE    4

         00000011 03BD 
     159 00000012 E630          SETFLG    RNDF32=1, RNDF64=1    ; [CPU_] 
         00000013 0600 
     160 00000014 FE02          ADDB      SP,#2                 ; [CPU_U] 
     161                      .dwcfi  cfa_offset, -28
     162 00000015 FF69          SPM       0                     ; [CPU_] 
     163 00000016 2942          CLRC      PAGE0,OVM             ; [CPU_] 
     164 00000017 5616          CLRC      AMODE                 ; [CPU_] 
     165              $C$DW$9 .dwtag  DW_TAG_variable, DW_AT_name("EntryAddr")
     166                      .dwattr $C$DW$9, DW_AT_TI_symbol_name("_EntryAddr")
     167                      .dwattr $C$DW$9, DW_AT_type(*$C$DW$T$21)
     168                      .dwattr $C$DW$9, DW_AT_location[DW_OP_breg20 -2]
     169                      .dwpsn  file "C:/Users/a0221343/Git/bootROM/f28004x_bootrom/F28004x_ROM_dev_PG2.0/F28004x_ROM/bootROM
     170 00000018 0200          MOVB      ACC,#0                ; [CPU_] |36| 
     171 00000019 1901          SUBB      ACC,#1                ; [CPU_] |36| 
     172 0000001a 1E42          MOVL      *-SP[2],ACC           ; [CPU_] |36| 
     173                      .dwpsn  file "C:/Users/a0221343/Git/bootROM/f28004x_bootrom/F28004x_ROM_dev_PG2.0/F28004x_ROM/bootROM
     174 0000001b 761F!         MOVW      DP,#_cbrom_status+1   ; [CPU_U] 
         0000001c 0000 
     175 0000001d 1A01!         OR        @_cbrom_status+1,#2   ; [CPU_] |39| 
         0000001e 0002 
     176                      .dwpsn  file "C:/Users/a0221343/Git/bootROM/f28004x_bootrom/F28004x_ROM_dev_PG2.0/F28004x_ROM/bootROM
     177 0000001f 7622   EALLOW
     178                      .dwpsn  file "C:/Users/a0221343/Git/bootROM/f28004x_bootrom/F28004x_ROM_dev_PG2.0/F28004x_ROM/bootROM
     179 00000020 8F05          MOVL      XAR4,#381706          ; [CPU_U] |43| 
         00000021 D30A 
     180 00000022 06C4          MOVL      ACC,*+XAR4[0]         ; [CPU_] |43| 
     181 00000023 1E42          MOVL      *-SP[2],ACC           ; [CPU_] |43| 
     182                      .dwpsn  file "C:/Users/a0221343/Git/bootROM/f28004x_bootrom/F28004x_ROM_dev_PG2.0/F28004x_ROM/bootROM
     183 00000024 761A   EDIS
     184                      .dwpsn  file "C:/Users/a0221343/Git/bootROM/f28004x_bootrom/F28004x_ROM_dev_PG2.0/F28004x_ROM/bootROM
     185 00000025 8F3F          MOVL      XAR4,#4194303         ; [CPU_U] |46| 
         00000026 FFFF 
     186 00000027 A8A9          MOVL      ACC,XAR4              ; [CPU_] |46| 
     187 00000028 0F42          CMPL      ACC,*-SP[2]           ; [CPU_] |46| 
     188 00000029 EC05          BF        $C$L1,EQ              ; [CPU_] |46| 
     189                      ; branchcc occurs ; [] |46| 
     190                      .dwpsn  file "C:/Users/a0221343/Git/bootROM/f28004x_bootrom/F28004x_ROM_dev_PG2.0/F28004x_ROM/bootROM
     191 0000002a C542          MOVL      XAR7,*-SP[2]          ; [CPU_] |48| 
     192 0000002b FF69          SPM       #0                    ; [CPU_] 
     193              $C$DW$10        .dwtag  DW_TAG_TI_branch
     194                      .dwattr $C$DW$10, DW_AT_low_pc(0x00)
     195                      .dwattr $C$DW$10, DW_AT_TI_call
     196                      .dwattr $C$DW$10, DW_AT_TI_indirect
     197 0000002c 3E67          LCR       *XAR7                 ; [CPU_] |48| 
     198                      ; call occurs [XAR7] ; [] |48| 
     199                      .dwpsn  file "C:/Users/a0221343/Git/bootROM/f28004x_bootrom/F28004x_ROM_dev_PG2.0/F28004x_ROM/bootROM
     200 0000002d 6F08          B         $C$L4,UNC             ; [CPU_] |49| 
     201                      ; branch occurs ; [] |49| 
     202 0000002e       $C$L1:    
     203                      .dwpsn  file "C:/Users/a0221343/Git/bootROM/f28004x_bootrom/F28004x_ROM_dev_PG2.0/F28004x_ROM/bootROM
     204 0000002e F5A9          MOV       AL,*(0:0x7061)        ; [CPU_] |54| 
         0000002f 7061 
     205 00000030 ED04          BF        $C$L2,NEQ             ; [CPU_] |54| 
     206                      ; branchcc occurs ; [] |54| 
TMS320C2000 Assembler PC v6.4.4 Tue Feb 14 14:42:43 2017

Tools Copyright (c) 1996-2015 Texas Instruments Incorporated
C:\Users\a0221343\AppData\Local\Temp\0619610                         PAGE    5

     207                      .dwpsn  file "C:/Users/a0221343/Git/bootROM/f28004x_bootrom/F28004x_ROM_dev_PG2.0/F28004x_ROM/bootROM
     208 00000031 FF69          SPM       #0                    ; [CPU_] 
     209              $C$DW$11        .dwtag  DW_TAG_TI_branch
     210                      .dwattr $C$DW$11, DW_AT_low_pc(0x00)
     211                      .dwattr $C$DW$11, DW_AT_name("_SysCtl_enableWatchdog")
     212                      .dwattr $C$DW$11, DW_AT_TI_call
     213 00000032 7640'         LCR       #_SysCtl_enableWatchdog ; [CPU_] |56| 
         00000033 0000 
     214                      ; call occurs [#_SysCtl_enableWatchdog] ; [] |56| 
     215 00000034       $C$L2:    
     216                      .dwpsn  file "C:/Users/a0221343/Git/bootROM/f28004x_bootrom/F28004x_ROM_dev_PG2.0/F28004x_ROM/bootROM
     217 00000034       $C$L3:    
     218 00000034 6F00          B         $C$L3,UNC             ; [CPU_] |59| 
     219                      ; branch occurs ; [] |59| 
     220 00000035       $C$L4:    
     221 00000035 FE82          SUBB      SP,#2                 ; [CPU_U] 
     222                      .dwcfi  cfa_offset, -26
     223 00000036 E2AF          MOV32     R3H,*--SP             ; [CPU_] 
         00000037 03BE 
     224 00000038 E2AF          MOV32     R2H,*--SP             ; [CPU_] 
         00000039 02BE 
     225 0000003a E2AF          MOV32     R1H,*--SP             ; [CPU_] 
         0000003b 01BE 
     226 0000003c E2AF          MOV32     R0H,*--SP             ; [CPU_] 
         0000003d 00BE 
     227 0000003e E280          MOV32     STF,*--SP             ; [CPU_] 
         0000003f 00BE 
     228                      .dwcfi  cfa_offset, -16
     229                      .dwcfi  restore_reg, 39
     230                      .dwcfi  restore_reg, 40
     231 00000040 C5BE          MOVL      XAR7,*--SP            ; [CPU_] 
     232                      .dwcfi  cfa_offset, -14
     233                      .dwcfi  restore_reg, 18
     234 00000041 C4BE          MOVL      XAR6,*--SP            ; [CPU_] 
     235                      .dwcfi  cfa_offset, -12
     236                      .dwcfi  restore_reg, 16
     237 00000042 83BE          MOVL      XAR5,*--SP            ; [CPU_] 
     238                      .dwcfi  cfa_offset, -10
     239                      .dwcfi  restore_reg, 14
     240 00000043 8ABE          MOVL      XAR4,*--SP            ; [CPU_] 
     241                      .dwcfi  cfa_offset, -8
     242                      .dwcfi  restore_reg, 12
     243 00000044 87BE          MOVL      XT,*--SP              ; [CPU_] 
     244                      .dwcfi  cfa_offset, -6
     245                      .dwcfi  restore_reg, 22
     246                      .dwcfi  restore_reg, 21
     247 00000045 0003          POP       AR1H:AR0H             ; [CPU_] 
     248                      .dwcfi  cfa_offset, -4
     249                      .dwcfi  restore_reg, 5
     250                      .dwcfi  restore_reg, 7
     251 00000046 FFF1          POP       RB                    ; [CPU_] 
     252                      .dwcfi  cfa_offset, -2
     253                      .dwcfi  restore_reg, 73
     254                      .dwcfi  restore_reg, 74
     255 00000047 7617          NASP      ; [CPU_] 
TMS320C2000 Assembler PC v6.4.4 Tue Feb 14 14:42:43 2017

Tools Copyright (c) 1996-2015 Texas Instruments Incorporated
C:\Users\a0221343\AppData\Local\Temp\0619610                         PAGE    6

     256              $C$DW$12        .dwtag  DW_TAG_TI_branch
     257                      .dwattr $C$DW$12, DW_AT_low_pc(0x00)
     258                      .dwattr $C$DW$12, DW_AT_TI_return
     259 00000048 7602          IRET      ; [CPU_] 
     260                      ; return occurs ; [] 
     261                      .dwattr $C$DW$8, DW_AT_TI_end_file("C:/Users/a0221343/Git/bootROM/f28004x_bootrom/F28004x_ROM_dev_PG2
     262                      .dwattr $C$DW$8, DW_AT_TI_end_line(0x3f)
     263                      .dwattr $C$DW$8, DW_AT_TI_end_column(0x01)
     264                      .dwendentry
     265                      .dwendtag $C$DW$8
     266              
     267 00000000               .sect   ".text:retain"
     268                      .retain
     269                      .retainrefs
     270                      .global _cbrom_handle_nmi
     271              
     272              $C$DW$13        .dwtag  DW_TAG_subprogram, DW_AT_name("cbrom_handle_nmi")
     273                      .dwattr $C$DW$13, DW_AT_low_pc(_cbrom_handle_nmi)
     274                      .dwattr $C$DW$13, DW_AT_high_pc(0x00)
     275                      .dwattr $C$DW$13, DW_AT_TI_symbol_name("_cbrom_handle_nmi")
     276                      .dwattr $C$DW$13, DW_AT_external
     277                      .dwattr $C$DW$13, DW_AT_TI_begin_file("C:/Users/a0221343/Git/bootROM/f28004x_bootrom/F28004x_ROM_dev_
     278                      .dwattr $C$DW$13, DW_AT_TI_begin_line(0x44)
     279                      .dwattr $C$DW$13, DW_AT_TI_begin_column(0x10)
     280                      .dwattr $C$DW$13, DW_AT_TI_interrupt
     281                      .dwattr $C$DW$13, DW_AT_TI_max_frame_size(-28)
     282                      .dwpsn  file "C:/Users/a0221343/Git/bootROM/f28004x_bootrom/F28004x_ROM_dev_PG2.0/F28004x_ROM/bootROM
     283              
     284                      .dwfde $C$DW$CIE, _cbrom_handle_nmi
     285              
     286              ;***************************************************************
     287              ;* FNAME: _cbrom_handle_nmi             FR SIZE:  26           *
     288              ;*                                                             *
     289              ;* FUNCTION ENVIRONMENT                                        *
     290              ;*                                                             *
     291              ;* FUNCTION PROPERTIES                                         *
     292              ;*                            0 Parameter,  2 Auto, 24 SOE     *
     293              ;***************************************************************
     294              
     295 00000000       _cbrom_handle_nmi:
     296                      .dwcfi  cfa_offset, -2
     297                      .dwcfi  save_reg_to_mem, 26, 0
     298 00000000 761B          ASP       ; [CPU_] 
     299 00000001 FFF0          PUSH      RB                    ; [CPU_] 
     300                      .dwcfi  save_reg_to_mem, 73, 2
     301                      .dwcfi  save_reg_to_mem, 74, 3
     302                      .dwcfi  cfa_offset, -4
     303 00000002 0005          PUSH      AR1H:AR0H             ; [CPU_] 
     304                      .dwcfi  save_reg_to_mem, 5, 4
     305                      .dwcfi  save_reg_to_mem, 7, 5
     306                      .dwcfi  cfa_offset, -6
     307 00000003 ABBD          MOVL      *SP++,XT              ; [CPU_] 
     308                      .dwcfi  save_reg_to_mem, 21, 6
     309                      .dwcfi  save_reg_to_mem, 22, 7
     310                      .dwcfi  cfa_offset, -8
TMS320C2000 Assembler PC v6.4.4 Tue Feb 14 14:42:43 2017

Tools Copyright (c) 1996-2015 Texas Instruments Incorporated
C:\Users\a0221343\AppData\Local\Temp\0619610                         PAGE    7

     311 00000004 A8BD          MOVL      *SP++,XAR4            ; [CPU_] 
     312                      .dwcfi  save_reg_to_mem, 12, 8
     313                      .dwcfi  save_reg_to_mem, 13, 9
     314                      .dwcfi  cfa_offset, -10
     315 00000005 A0BD          MOVL      *SP++,XAR5            ; [CPU_] 
     316                      .dwcfi  save_reg_to_mem, 14, 10
     317                      .dwcfi  save_reg_to_mem, 15, 11
     318                      .dwcfi  cfa_offset, -12
     319 00000006 C2BD          MOVL      *SP++,XAR6            ; [CPU_] 
     320                      .dwcfi  save_reg_to_mem, 16, 12
     321                      .dwcfi  save_reg_to_mem, 17, 13
     322                      .dwcfi  cfa_offset, -14
     323 00000007 C3BD          MOVL      *SP++,XAR7            ; [CPU_] 
     324                      .dwcfi  save_reg_to_mem, 18, 14
     325                      .dwcfi  save_reg_to_mem, 19, 15
     326                      .dwcfi  cfa_offset, -16
     327 00000008 E200          MOV32     *SP++,STF             ; [CPU_] 
         00000009 00BD 
     328                      .dwcfi  save_reg_to_mem, 39, 16
     329                      .dwcfi  save_reg_to_mem, 40, 17
     330                      .dwcfi  cfa_offset, -18
     331 0000000a E203          MOV32     *SP++,R0H             ; [CPU_] 
         0000000b 00BD 
     332 0000000c E203          MOV32     *SP++,R1H             ; [CPU_] 
         0000000d 01BD 
     333 0000000e E203          MOV32     *SP++,R2H             ; [CPU_] 
         0000000f 02BD 
     334 00000010 E203          MOV32     *SP++,R3H             ; [CPU_] 
         00000011 03BD 
     335 00000012 E630          SETFLG    RNDF32=1, RNDF64=1    ; [CPU_] 
         00000013 0600 
     336 00000014 FE02          ADDB      SP,#2                 ; [CPU_U] 
     337                      .dwcfi  cfa_offset, -28
     338 00000015 FF69          SPM       0                     ; [CPU_] 
     339 00000016 2942          CLRC      PAGE0,OVM             ; [CPU_] 
     340 00000017 5616          CLRC      AMODE                 ; [CPU_] 
     341              $C$DW$14        .dwtag  DW_TAG_variable, DW_AT_name("EntryAddr")
     342                      .dwattr $C$DW$14, DW_AT_TI_symbol_name("_EntryAddr")
     343                      .dwattr $C$DW$14, DW_AT_type(*$C$DW$T$21)
     344                      .dwattr $C$DW$14, DW_AT_location[DW_OP_breg20 -2]
     345                      .dwpsn  file "C:/Users/a0221343/Git/bootROM/f28004x_bootrom/F28004x_ROM_dev_PG2.0/F28004x_ROM/bootROM
     346 00000018 8F07          MOVL      XAR4,#459738          ; [CPU_U] |72| 
         00000019 03DA 
     347 0000001a 06C4          MOVL      ACC,*+XAR4[0]         ; [CPU_] |72| 
     348 0000001b 1E42          MOVL      *-SP[2],ACC           ; [CPU_] |72| 
     349                      .dwpsn  file "C:/Users/a0221343/Git/bootROM/f28004x_bootrom/F28004x_ROM_dev_PG2.0/F28004x_ROM/bootROM
     350 0000001c 0200          MOVB      ACC,#0                ; [CPU_] |74| 
     351 0000001d 1901          SUBB      ACC,#1                ; [CPU_] |74| 
     352 0000001e 0F42          CMPL      ACC,*-SP[2]           ; [CPU_] |74| 
     353 0000001f EC05          BF        $C$L5,EQ              ; [CPU_] |74| 
     354                      ; branchcc occurs ; [] |74| 
     355 00000020 0642          MOVL      ACC,*-SP[2]           ; [CPU_] |74| 
     356 00000021 EC03          BF        $C$L5,EQ              ; [CPU_] |74| 
     357                      ; branchcc occurs ; [] |74| 
     358                      .dwpsn  file "C:/Users/a0221343/Git/bootROM/f28004x_bootrom/F28004x_ROM_dev_PG2.0/F28004x_ROM/bootROM
TMS320C2000 Assembler PC v6.4.4 Tue Feb 14 14:42:43 2017

Tools Copyright (c) 1996-2015 Texas Instruments Incorporated
C:\Users\a0221343\AppData\Local\Temp\0619610                         PAGE    8

     359 00000022 C542          MOVL      XAR7,*-SP[2]          ; [CPU_] |79| 
     360              $C$DW$15        .dwtag  DW_TAG_TI_branch
     361                      .dwattr $C$DW$15, DW_AT_low_pc(0x00)
     362                      .dwattr $C$DW$15, DW_AT_TI_call
     363                      .dwattr $C$DW$15, DW_AT_TI_indirect
     364 00000023 3E67          LCR       *XAR7                 ; [CPU_] |79| 
     365                      ; call occurs [XAR7] ; [] |79| 
     366 00000024       $C$L5:    
     367                      .dwpsn  file "C:/Users/a0221343/Git/bootROM/f28004x_bootrom/F28004x_ROM_dev_PG2.0/F28004x_ROM/bootROM
     368 00000024 761F-         MOVW      DP,#_cbrom_nmi_status ; [CPU_U] 
         00000025 0000 
     369 00000026 F500-         MOV       @_cbrom_nmi_status,*(0:0x7061) ; [CPU_] |82| 
         00000027 7061 
     370 00000028       $C$L6:    
     371                      .dwpsn  file "C:/Users/a0221343/Git/bootROM/f28004x_bootrom/F28004x_ROM_dev_PG2.0/F28004x_ROM/bootROM
     372 00000028 4100-         TBIT      @_cbrom_nmi_status,#1 ; [CPU_] |85| 
     373 00000029 EF1B          BF        $C$L7,NTC             ; [CPU_] |85| 
     374                      ; branchcc occurs ; [] |85| 
     375                      .dwpsn  file "C:/Users/a0221343/Git/bootROM/f28004x_bootrom/F28004x_ROM_dev_PG2.0/F28004x_ROM/bootROM
     376 0000002a 761F!         MOVW      DP,#_cbrom_status+1   ; [CPU_U] 
         0000002b 0000 
     377 0000002c 1A01!         OR        @_cbrom_status+1,#64  ; [CPU_] |87| 
         0000002d 0040 
     378                      .dwpsn  file "C:/Users/a0221343/Git/bootROM/f28004x_bootrom/F28004x_ROM_dev_PG2.0/F28004x_ROM/bootROM
     379 0000002e 761F-         MOVW      DP,#_cbrom_nmi_status ; [CPU_U] 
         0000002f 0000 
     380 00000030 1800-         AND       @_cbrom_nmi_status,#0xfffd ; [CPU_] |88| 
         00000031 FFFD 
     381                      .dwpsn  file "C:/Users/a0221343/Git/bootROM/f28004x_bootrom/F28004x_ROM_dev_PG2.0/F28004x_ROM/bootROM
     382 00000032 7622   EALLOW
     383                      .dwpsn  file "C:/Users/a0221343/Git/bootROM/f28004x_bootrom/F28004x_ROM_dev_PG2.0/F28004x_ROM/bootROM
     384 00000033 9A02          MOVB      AL,#2                 ; [CPU_] |92| 
     385 00000034 F4A9          MOV       *(0:0x7062),AL        ; [CPU_] |92| 
         00000035 7062 
     386                      .dwpsn  file "C:/Users/a0221343/Git/bootROM/f28004x_bootrom/F28004x_ROM_dev_PG2.0/F28004x_ROM/bootROM
     387 00000036 761A   EDIS
     388                      .dwpsn  file "C:/Users/a0221343/Git/bootROM/f28004x_bootrom/F28004x_ROM_dev_PG2.0/F28004x_ROM/bootROM
     389 00000037 F500-         MOV       @_cbrom_nmi_status,*(0:0x7061) ; [CPU_] |96| 
         00000038 7061 
     390                      .dwpsn  file "C:/Users/a0221343/Git/bootROM/f28004x_bootrom/F28004x_ROM_dev_PG2.0/F28004x_ROM/bootROM
     391 00000039 9200-         MOV       AL,@_cbrom_nmi_status ; [CPU_] |99| 
     392 0000003a 5201          CMPB      AL,#1                 ; [CPU_] |99| 
     393 0000003b ED09          BF        $C$L7,NEQ             ; [CPU_] |99| 
     394                      ; branchcc occurs ; [] |99| 
     395                      .dwpsn  file "C:/Users/a0221343/Git/bootROM/f28004x_bootrom/F28004x_ROM_dev_PG2.0/F28004x_ROM/bootROM
     396 0000003c 1800-         AND       @_cbrom_nmi_status,#0xfffe ; [CPU_] |101| 
         0000003d FFFE 
     397                      .dwpsn  file "C:/Users/a0221343/Git/bootROM/f28004x_bootrom/F28004x_ROM_dev_PG2.0/F28004x_ROM/bootROM
     398 0000003e 7622   EALLOW
     399                      .dwpsn  file "C:/Users/a0221343/Git/bootROM/f28004x_bootrom/F28004x_ROM_dev_PG2.0/F28004x_ROM/bootROM
     400 0000003f 9A01          MOVB      AL,#1                 ; [CPU_] |105| 
     401 00000040 F4A9          MOV       *(0:0x7062),AL        ; [CPU_] |105| 
         00000041 7062 
     402                      .dwpsn  file "C:/Users/a0221343/Git/bootROM/f28004x_bootrom/F28004x_ROM_dev_PG2.0/F28004x_ROM/bootROM
     403 00000042 761A   EDIS
TMS320C2000 Assembler PC v6.4.4 Tue Feb 14 14:42:43 2017

Tools Copyright (c) 1996-2015 Texas Instruments Incorporated
C:\Users\a0221343\AppData\Local\Temp\0619610                         PAGE    9

     404                      .dwpsn  file "C:/Users/a0221343/Git/bootROM/f28004x_bootrom/F28004x_ROM_dev_PG2.0/F28004x_ROM/bootROM
     405 00000043 6F3F          B         $C$L13,UNC            ; [CPU_] |108| 
     406                      ; branch occurs ; [] |108| 
     407 00000044       $C$L7:    
     408                      .dwpsn  file "C:/Users/a0221343/Git/bootROM/f28004x_bootrom/F28004x_ROM_dev_PG2.0/F28004x_ROM/bootROM
     409 00000044 4800-         TBIT      @_cbrom_nmi_status,#8 ; [CPU_] |111| 
     410 00000045 EF0F          BF        $C$L8,NTC             ; [CPU_] |111| 
     411                      ; branchcc occurs ; [] |111| 
     412                      .dwpsn  file "C:/Users/a0221343/Git/bootROM/f28004x_bootrom/F28004x_ROM_dev_PG2.0/F28004x_ROM/bootROM
     413 00000046 761F!         MOVW      DP,#_cbrom_status+1   ; [CPU_U] 
         00000047 0000 
     414 00000048 1A01!         OR        @_cbrom_status+1,#8   ; [CPU_] |113| 
         00000049 0008 
     415                      .dwpsn  file "C:/Users/a0221343/Git/bootROM/f28004x_bootrom/F28004x_ROM_dev_PG2.0/F28004x_ROM/bootROM
     416 0000004a 761F-         MOVW      DP,#_cbrom_nmi_status ; [CPU_U] 
         0000004b 0000 
     417 0000004c 1800-         AND       @_cbrom_nmi_status,#0xfeff ; [CPU_] |115| 
         0000004d FEFF 
     418                      .dwpsn  file "C:/Users/a0221343/Git/bootROM/f28004x_bootrom/F28004x_ROM_dev_PG2.0/F28004x_ROM/bootROM
     419 0000004e 7622   EALLOW
     420                      .dwpsn  file "C:/Users/a0221343/Git/bootROM/f28004x_bootrom/F28004x_ROM_dev_PG2.0/F28004x_ROM/bootROM
     421 0000004f 28A9          MOV       AL,#256               ; [CPU_] |118| 
         00000050 0100 
     422 00000051 F4A9          MOV       *(0:0x7062),AL        ; [CPU_] |118| 
         00000052 7062 
     423                      .dwpsn  file "C:/Users/a0221343/Git/bootROM/f28004x_bootrom/F28004x_ROM_dev_PG2.0/F28004x_ROM/bootROM
     424 00000053 761A   EDIS
     425 00000054       $C$L8:    
     426                      .dwpsn  file "C:/Users/a0221343/Git/bootROM/f28004x_bootrom/F28004x_ROM_dev_PG2.0/F28004x_ROM/bootROM
     427 00000054 4200-         TBIT      @_cbrom_nmi_status,#2 ; [CPU_] |124| 
     428 00000055 EF1A          BF        $C$L10,NTC            ; [CPU_] |124| 
     429                      ; branchcc occurs ; [] |124| 
     430                      .dwpsn  file "C:/Users/a0221343/Git/bootROM/f28004x_bootrom/F28004x_ROM_dev_PG2.0/F28004x_ROM/bootROM
     431 00000056 761F!         MOVW      DP,#_cbrom_status+1   ; [CPU_U] 
         00000057 0000 
     432 00000058 1A01!         OR        @_cbrom_status+1,#32  ; [CPU_] |126| 
         00000059 0020 
     433                      .dwpsn  file "C:/Users/a0221343/Git/bootROM/f28004x_bootrom/F28004x_ROM_dev_PG2.0/F28004x_ROM/bootROM
     434 0000005a 7625     ESTOP0
     435                      .dwpsn  file "C:/Users/a0221343/Git/bootROM/f28004x_bootrom/F28004x_ROM_dev_PG2.0/F28004x_ROM/bootROM
     436 0000005b 7622   EALLOW
     437                      .dwpsn  file "C:/Users/a0221343/Git/bootROM/f28004x_bootrom/F28004x_ROM_dev_PG2.0/F28004x_ROM/bootROM
     438 0000005c 0203   MOVB ACC, #3
     439                      .dwpsn  file "C:/Users/a0221343/Git/bootROM/f28004x_bootrom/F28004x_ROM_dev_PG2.0/F28004x_ROM/bootROM
     440 0000005d 761F   MOVW DP, #0x17d0
         0000005e 17D0 
     441                      .dwpsn  file "C:/Users/a0221343/Git/bootROM/f28004x_bootrom/F28004x_ROM_dev_PG2.0/F28004x_ROM/bootROM
     442 0000005f 1E12   MOVL @0x12, ACC
     443                      .dwpsn  file "C:/Users/a0221343/Git/bootROM/f28004x_bootrom/F28004x_ROM_dev_PG2.0/F28004x_ROM/bootROM
     444 00000060 02FF   MOVB ACC, #0xFF
     445                      .dwpsn  file "C:/Users/a0221343/Git/bootROM/f28004x_bootrom/F28004x_ROM_dev_PG2.0/F28004x_ROM/bootROM
     446 00000061 1E32   MOVL @0x32, ACC
     447                      .dwpsn  file "C:/Users/a0221343/Git/bootROM/f28004x_bootrom/F28004x_ROM_dev_PG2.0/F28004x_ROM/bootROM
     448 00000062 761F   MOVW DP, #0x17d1
         00000063 17D1 
TMS320C2000 Assembler PC v6.4.4 Tue Feb 14 14:42:43 2017

Tools Copyright (c) 1996-2015 Texas Instruments Incorporated
C:\Users\a0221343\AppData\Local\Temp\0619610                         PAGE   10

     449                      .dwpsn  file "C:/Users/a0221343/Git/bootROM/f28004x_bootrom/F28004x_ROM_dev_PG2.0/F28004x_ROM/bootROM
     450 00000064 FF20   MOV  ACC, #0xF
         00000065 000F 
     451                      .dwpsn  file "C:/Users/a0221343/Git/bootROM/f28004x_bootrom/F28004x_ROM_dev_PG2.0/F28004x_ROM/bootROM
     452 00000066 1E12   MOVL @0x12, ACC
     453                      .dwpsn  file "C:/Users/a0221343/Git/bootROM/f28004x_bootrom/F28004x_ROM_dev_PG2.0/F28004x_ROM/bootROM
     454 00000067 0206   MOVB ACC, #6
     455                      .dwpsn  file "C:/Users/a0221343/Git/bootROM/f28004x_bootrom/F28004x_ROM_dev_PG2.0/F28004x_ROM/bootROM
     456 00000068 1E32   MOVL @0x32, ACC
     457                      .dwpsn  file "C:/Users/a0221343/Git/bootROM/f28004x_bootrom/F28004x_ROM_dev_PG2.0/F28004x_ROM/bootROM
     458 00000069 761A   EDIS
     459                      .dwpsn  file "C:/Users/a0221343/Git/bootROM/f28004x_bootrom/F28004x_ROM_dev_PG2.0/F28004x_ROM/bootROM
     460 0000006a 28AC   MOV @T,#2080
         0000006b 0820 
     461                      .dwpsn  file "C:/Users/a0221343/Git/bootROM/f28004x_bootrom/F28004x_ROM_dev_PG2.0/F28004x_ROM/bootROM
     462 0000006c F7AC   RPT    @T                        || NOP 
         0000006d 7700 
     463                      .dwpsn  file "C:/Users/a0221343/Git/bootROM/f28004x_bootrom/F28004x_ROM_dev_PG2.0/F28004x_ROM/bootROM
     464 0000006e       $C$L9:    
     465 0000006e 6F00          B         $C$L9,UNC             ; [CPU_] |148| 
     466                      ; branch occurs ; [] |148| 
     467 0000006f       $C$L10:    
     468                      .dwpsn  file "C:/Users/a0221343/Git/bootROM/f28004x_bootrom/F28004x_ROM_dev_PG2.0/F28004x_ROM/bootROM
     469 0000006f 4300-         TBIT      @_cbrom_nmi_status,#3 ; [CPU_] |155| 
     470 00000070 EF07          BF        $C$L12,NTC            ; [CPU_] |155| 
     471                      ; branchcc occurs ; [] |155| 
     472                      .dwpsn  file "C:/Users/a0221343/Git/bootROM/f28004x_bootrom/F28004x_ROM_dev_PG2.0/F28004x_ROM/bootROM
     473 00000071 761F!         MOVW      DP,#_cbrom_status+1   ; [CPU_U] 
         00000072 0000 
     474 00000073 1A01!         OR        @_cbrom_status+1,#16  ; [CPU_] |157| 
         00000074 0010 
     475                      .dwpsn  file "C:/Users/a0221343/Git/bootROM/f28004x_bootrom/F28004x_ROM_dev_PG2.0/F28004x_ROM/bootROM
     476 00000075 7625     ESTOP0
     477                      .dwpsn  file "C:/Users/a0221343/Git/bootROM/f28004x_bootrom/F28004x_ROM_dev_PG2.0/F28004x_ROM/bootROM
     478 00000076       $C$L11:    
     479 00000076 6F00          B         $C$L11,UNC            ; [CPU_] |163| 
     480                      ; branch occurs ; [] |163| 
     481 00000077       $C$L12:    
     482                      .dwpsn  file "C:/Users/a0221343/Git/bootROM/f28004x_bootrom/F28004x_ROM_dev_PG2.0/F28004x_ROM/bootROM
     483 00000077 1800-         AND       @_cbrom_nmi_status,#0xfffe ; [CPU_] |171| 
         00000078 FFFE 
     484                      .dwpsn  file "C:/Users/a0221343/Git/bootROM/f28004x_bootrom/F28004x_ROM_dev_PG2.0/F28004x_ROM/bootROM
     485 00000079 7622   EALLOW
     486                      .dwpsn  file "C:/Users/a0221343/Git/bootROM/f28004x_bootrom/F28004x_ROM_dev_PG2.0/F28004x_ROM/bootROM
     487 0000007a 9A01          MOVB      AL,#1                 ; [CPU_] |174| 
     488 0000007b F4A9          MOV       *(0:0x7062),AL        ; [CPU_] |174| 
         0000007c 7062 
     489                      .dwpsn  file "C:/Users/a0221343/Git/bootROM/f28004x_bootrom/F28004x_ROM_dev_PG2.0/F28004x_ROM/bootROM
     490 0000007d 761A   EDIS
     491                      .dwpsn  file "C:/Users/a0221343/Git/bootROM/f28004x_bootrom/F28004x_ROM_dev_PG2.0/F28004x_ROM/bootROM
     492 0000007e F500-         MOV       @_cbrom_nmi_status,*(0:0x7061) ; [CPU_] |178| 
         0000007f 7061 
     493                      .dwpsn  file "C:/Users/a0221343/Git/bootROM/f28004x_bootrom/F28004x_ROM_dev_PG2.0/F28004x_ROM/bootROM
     494 00000080 4000-         TBIT      @_cbrom_nmi_status,#0 ; [CPU_] |83| 
     495 00000081 EEA7          BF        $C$L6,TC              ; [CPU_] |83| 
TMS320C2000 Assembler PC v6.4.4 Tue Feb 14 14:42:43 2017

Tools Copyright (c) 1996-2015 Texas Instruments Incorporated
C:\Users\a0221343\AppData\Local\Temp\0619610                         PAGE   11

     496                      ; branchcc occurs ; [] |83| 
     497                      .dwpsn  file "C:/Users/a0221343/Git/bootROM/f28004x_bootrom/F28004x_ROM_dev_PG2.0/F28004x_ROM/bootROM
     498 00000082       $C$L13:    
     499 00000082 FE82          SUBB      SP,#2                 ; [CPU_U] 
     500                      .dwcfi  cfa_offset, -26
     501 00000083 E2AF          MOV32     R3H,*--SP             ; [CPU_] 
         00000084 03BE 
     502 00000085 E2AF          MOV32     R2H,*--SP             ; [CPU_] 
         00000086 02BE 
     503 00000087 E2AF          MOV32     R1H,*--SP             ; [CPU_] 
         00000088 01BE 
     504 00000089 E2AF          MOV32     R0H,*--SP             ; [CPU_] 
         0000008a 00BE 
     505 0000008b E280          MOV32     STF,*--SP             ; [CPU_] 
         0000008c 00BE 
     506                      .dwcfi  cfa_offset, -16
     507                      .dwcfi  restore_reg, 39
     508                      .dwcfi  restore_reg, 40
     509 0000008d C5BE          MOVL      XAR7,*--SP            ; [CPU_] 
     510                      .dwcfi  cfa_offset, -14
     511                      .dwcfi  restore_reg, 18
     512 0000008e C4BE          MOVL      XAR6,*--SP            ; [CPU_] 
     513                      .dwcfi  cfa_offset, -12
     514                      .dwcfi  restore_reg, 16
     515 0000008f 83BE          MOVL      XAR5,*--SP            ; [CPU_] 
     516                      .dwcfi  cfa_offset, -10
     517                      .dwcfi  restore_reg, 14
     518 00000090 8ABE          MOVL      XAR4,*--SP            ; [CPU_] 
     519                      .dwcfi  cfa_offset, -8
     520                      .dwcfi  restore_reg, 12
     521 00000091 87BE          MOVL      XT,*--SP              ; [CPU_] 
     522                      .dwcfi  cfa_offset, -6
     523                      .dwcfi  restore_reg, 22
     524                      .dwcfi  restore_reg, 21
     525 00000092 0003          POP       AR1H:AR0H             ; [CPU_] 
     526                      .dwcfi  cfa_offset, -4
     527                      .dwcfi  restore_reg, 5
     528                      .dwcfi  restore_reg, 7
     529 00000093 FFF1          POP       RB                    ; [CPU_] 
     530                      .dwcfi  cfa_offset, -2
     531                      .dwcfi  restore_reg, 73
     532                      .dwcfi  restore_reg, 74
     533 00000094 7617          NASP      ; [CPU_] 
     534              $C$DW$16        .dwtag  DW_TAG_TI_branch
     535                      .dwattr $C$DW$16, DW_AT_low_pc(0x00)
     536                      .dwattr $C$DW$16, DW_AT_TI_return
     537 00000095 7602          IRET      ; [CPU_] 
     538                      ; return occurs ; [] 
     539                      .dwattr $C$DW$13, DW_AT_TI_end_file("C:/Users/a0221343/Git/bootROM/f28004x_bootrom/F28004x_ROM_dev_PG
     540                      .dwattr $C$DW$13, DW_AT_TI_end_line(0xb7)
     541                      .dwattr $C$DW$13, DW_AT_TI_end_column(0x01)
     542                      .dwendentry
     543                      .dwendtag $C$DW$13
     544              
     545 00000096               .sect   ".text:retain"
TMS320C2000 Assembler PC v6.4.4 Tue Feb 14 14:42:43 2017

Tools Copyright (c) 1996-2015 Texas Instruments Incorporated
C:\Users\a0221343\AppData\Local\Temp\0619610                         PAGE   12

     546                      .retain
     547                      .retainrefs
     548                      .global _cbrom_itrap_isr
     549              
     550              $C$DW$17        .dwtag  DW_TAG_subprogram, DW_AT_name("cbrom_itrap_isr")
     551                      .dwattr $C$DW$17, DW_AT_low_pc(_cbrom_itrap_isr)
     552                      .dwattr $C$DW$17, DW_AT_high_pc(0x00)
     553                      .dwattr $C$DW$17, DW_AT_TI_symbol_name("_cbrom_itrap_isr")
     554                      .dwattr $C$DW$17, DW_AT_external
     555                      .dwattr $C$DW$17, DW_AT_TI_begin_file("C:/Users/a0221343/Git/bootROM/f28004x_bootrom/F28004x_ROM_dev_
     556                      .dwattr $C$DW$17, DW_AT_TI_begin_line(0xbb)
     557                      .dwattr $C$DW$17, DW_AT_TI_begin_column(0x10)
     558                      .dwattr $C$DW$17, DW_AT_TI_interrupt
     559                      .dwattr $C$DW$17, DW_AT_TI_max_frame_size(-26)
     560                      .dwpsn  file "C:/Users/a0221343/Git/bootROM/f28004x_bootrom/F28004x_ROM_dev_PG2.0/F28004x_ROM/bootROM
     561              
     562                      .dwfde $C$DW$CIE, _cbrom_itrap_isr
     563              
     564              ;***************************************************************
     565              ;* FNAME: _cbrom_itrap_isr              FR SIZE:  24           *
     566              ;*                                                             *
     567              ;* FUNCTION ENVIRONMENT                                        *
     568              ;*                                                             *
     569              ;* FUNCTION PROPERTIES                                         *
     570              ;*                            0 Parameter,  0 Auto, 24 SOE     *
     571              ;***************************************************************
     572              
     573 00000096       _cbrom_itrap_isr:
     574                      .dwcfi  cfa_offset, -2
     575                      .dwcfi  save_reg_to_mem, 26, 0
     576 00000096 761B          ASP       ; [CPU_] 
     577 00000097 FFF0          PUSH      RB                    ; [CPU_] 
     578                      .dwcfi  save_reg_to_mem, 73, 2
     579                      .dwcfi  save_reg_to_mem, 74, 3
     580                      .dwcfi  cfa_offset, -4
     581 00000098 0005          PUSH      AR1H:AR0H             ; [CPU_] 
     582                      .dwcfi  save_reg_to_mem, 5, 4
     583                      .dwcfi  save_reg_to_mem, 7, 5
     584                      .dwcfi  cfa_offset, -6
     585 00000099 ABBD          MOVL      *SP++,XT              ; [CPU_] 
     586                      .dwcfi  save_reg_to_mem, 21, 6
     587                      .dwcfi  save_reg_to_mem, 22, 7
     588                      .dwcfi  cfa_offset, -8
     589 0000009a A8BD          MOVL      *SP++,XAR4            ; [CPU_] 
     590                      .dwcfi  save_reg_to_mem, 12, 8
     591                      .dwcfi  save_reg_to_mem, 13, 9
     592                      .dwcfi  cfa_offset, -10
     593 0000009b A0BD          MOVL      *SP++,XAR5            ; [CPU_] 
     594                      .dwcfi  save_reg_to_mem, 14, 10
     595                      .dwcfi  save_reg_to_mem, 15, 11
     596                      .dwcfi  cfa_offset, -12
     597 0000009c C2BD          MOVL      *SP++,XAR6            ; [CPU_] 
     598                      .dwcfi  save_reg_to_mem, 16, 12
     599                      .dwcfi  save_reg_to_mem, 17, 13
     600                      .dwcfi  cfa_offset, -14
TMS320C2000 Assembler PC v6.4.4 Tue Feb 14 14:42:43 2017

Tools Copyright (c) 1996-2015 Texas Instruments Incorporated
C:\Users\a0221343\AppData\Local\Temp\0619610                         PAGE   13

     601 0000009d C3BD          MOVL      *SP++,XAR7            ; [CPU_] 
     602                      .dwcfi  save_reg_to_mem, 18, 14
     603                      .dwcfi  save_reg_to_mem, 19, 15
     604                      .dwcfi  cfa_offset, -16
     605 0000009e E200          MOV32     *SP++,STF             ; [CPU_] 
         0000009f 00BD 
     606                      .dwcfi  save_reg_to_mem, 39, 16
     607                      .dwcfi  save_reg_to_mem, 40, 17
     608                      .dwcfi  cfa_offset, -18
     609 000000a0 E203          MOV32     *SP++,R0H             ; [CPU_] 
         000000a1 00BD 
     610 000000a2 E203          MOV32     *SP++,R1H             ; [CPU_] 
         000000a3 01BD 
     611 000000a4 E203          MOV32     *SP++,R2H             ; [CPU_] 
         000000a5 02BD 
     612 000000a6 E203          MOV32     *SP++,R3H             ; [CPU_] 
         000000a7 03BD 
     613 000000a8 E630          SETFLG    RNDF32=1, RNDF64=1    ; [CPU_] 
         000000a9 0600 
     614 000000aa FF69          SPM       0                     ; [CPU_] 
     615 000000ab 2942          CLRC      PAGE0,OVM             ; [CPU_] 
     616 000000ac 5616          CLRC      AMODE                 ; [CPU_] 
     617                      .dwpsn  file "C:/Users/a0221343/Git/bootROM/f28004x_bootrom/F28004x_ROM_dev_PG2.0/F28004x_ROM/bootROM
     618 000000ad 761F!         MOVW      DP,#_cbrom_status+1   ; [CPU_U] 
         000000ae 0000 
     619 000000af 1A01!         OR        @_cbrom_status+1,#1   ; [CPU_] |191| 
         000000b0 0001 
     620                      .dwpsn  file "C:/Users/a0221343/Git/bootROM/f28004x_bootrom/F28004x_ROM_dev_PG2.0/F28004x_ROM/bootROM
     621 000000b1 0200          MOVB      ACC,#0                ; [CPU_] |194| 
     622 000000b2 761F-         MOVW      DP,#_iTrap_addr       ; [CPU_U] 
         000000b3 0000 
     623 000000b4 1901          SUBB      ACC,#1                ; [CPU_] |194| 
     624 000000b5 1E02-         MOVL      @_iTrap_addr,ACC      ; [CPU_] |194| 
     625                      .dwpsn  file "C:/Users/a0221343/Git/bootROM/f28004x_bootrom/F28004x_ROM_dev_PG2.0/F28004x_ROM/bootROM
     626 000000b6 8F00-         MOVL      XAR4,#_iTrap_addr     ; [CPU_U] |200| 
         000000b7 0002 
     627              $C$DW$18        .dwtag  DW_TAG_TI_branch
     628                      .dwattr $C$DW$18, DW_AT_low_pc(0x00)
     629                      .dwattr $C$DW$18, DW_AT_name("_load_itrap_address")
     630                      .dwattr $C$DW$18, DW_AT_TI_call
     631 000000b8 7640!         LCR       #_load_itrap_address  ; [CPU_] |200| 
         000000b9 0000 
     632                      ; call occurs [#_load_itrap_address] ; [] |200| 
     633                      .dwpsn  file "C:/Users/a0221343/Git/bootROM/f28004x_bootrom/F28004x_ROM_dev_PG2.0/F28004x_ROM/bootROM
     634 000000ba 761F-         MOVW      DP,#_iTrap_addr       ; [CPU_U] 
         000000bb 0000 
     635 000000bc 0201          MOVB      ACC,#1                ; [CPU_] |203| 
     636 000000bd 5641-         SUBL      @_iTrap_addr,ACC      ; [CPU_] |203| 
         000000be 0002 
     637                      .dwpsn  file "C:/Users/a0221343/Git/bootROM/f28004x_bootrom/F28004x_ROM_dev_PG2.0/F28004x_ROM/bootROM
     638              $C$DW$19        .dwtag  DW_TAG_TI_branch
     639                      .dwattr $C$DW$19, DW_AT_low_pc(0x00)
     640                      .dwattr $C$DW$19, DW_AT_name("_SysCtl_enableWatchdog")
     641                      .dwattr $C$DW$19, DW_AT_TI_call
     642 000000bf 7640'         LCR       #_SysCtl_enableWatchdog ; [CPU_] |205| 
TMS320C2000 Assembler PC v6.4.4 Tue Feb 14 14:42:43 2017

Tools Copyright (c) 1996-2015 Texas Instruments Incorporated
C:\Users\a0221343\AppData\Local\Temp\0619610                         PAGE   14

         000000c0 0000 
     643                      ; call occurs [#_SysCtl_enableWatchdog] ; [] |205| 
     644                      .dwpsn  file "C:/Users/a0221343/Git/bootROM/f28004x_bootrom/F28004x_ROM_dev_PG2.0/F28004x_ROM/bootROM
     645 000000c1 7625     ESTOP0
     646                      .dwpsn  file "C:/Users/a0221343/Git/bootROM/f28004x_bootrom/F28004x_ROM_dev_PG2.0/F28004x_ROM/bootROM
     647 000000c2       $C$L14:    
     648 000000c2 6F00          B         $C$L14,UNC            ; [CPU_] |209| 
     649                      ; branch occurs ; [] |209| 
     650                      .dwattr $C$DW$17, DW_AT_TI_end_file("C:/Users/a0221343/Git/bootROM/f28004x_bootrom/F28004x_ROM_dev_PG
     651                      .dwattr $C$DW$17, DW_AT_TI_end_line(0xd2)
     652                      .dwattr $C$DW$17, DW_AT_TI_end_column(0x01)
     653                      .dwendentry
     654                      .dwendtag $C$DW$17
     655              
     656              ;**************************************************************
     657              ;* UNDEFINED EXTERNAL REFERENCES                              *
     658              ;**************************************************************
     659                      .global _load_itrap_address
     660                      .global _cbrom_status
     661              
     662              ;***************************************************************
     663              ;* TYPE INFORMATION                                            *
     664              ;***************************************************************
     665              $C$DW$T$2       .dwtag  DW_TAG_unspecified_type
     666                      .dwattr $C$DW$T$2, DW_AT_name("void")
     667              $C$DW$T$4       .dwtag  DW_TAG_base_type
     668                      .dwattr $C$DW$T$4, DW_AT_encoding(DW_ATE_boolean)
     669                      .dwattr $C$DW$T$4, DW_AT_name("bool")
     670                      .dwattr $C$DW$T$4, DW_AT_byte_size(0x01)
     671              $C$DW$T$5       .dwtag  DW_TAG_base_type
     672                      .dwattr $C$DW$T$5, DW_AT_encoding(DW_ATE_signed_char)
     673                      .dwattr $C$DW$T$5, DW_AT_name("signed char")
     674                      .dwattr $C$DW$T$5, DW_AT_byte_size(0x01)
     675              $C$DW$T$6       .dwtag  DW_TAG_base_type
     676                      .dwattr $C$DW$T$6, DW_AT_encoding(DW_ATE_unsigned_char)
     677                      .dwattr $C$DW$T$6, DW_AT_name("unsigned char")
     678                      .dwattr $C$DW$T$6, DW_AT_byte_size(0x01)
     679              $C$DW$T$7       .dwtag  DW_TAG_base_type
     680                      .dwattr $C$DW$T$7, DW_AT_encoding(DW_ATE_signed_char)
     681                      .dwattr $C$DW$T$7, DW_AT_name("wchar_t")
     682                      .dwattr $C$DW$T$7, DW_AT_byte_size(0x01)
     683              $C$DW$T$8       .dwtag  DW_TAG_base_type
     684                      .dwattr $C$DW$T$8, DW_AT_encoding(DW_ATE_signed)
     685                      .dwattr $C$DW$T$8, DW_AT_name("short")
     686                      .dwattr $C$DW$T$8, DW_AT_byte_size(0x01)
     687              $C$DW$T$9       .dwtag  DW_TAG_base_type
     688                      .dwattr $C$DW$T$9, DW_AT_encoding(DW_ATE_unsigned)
     689                      .dwattr $C$DW$T$9, DW_AT_name("unsigned short")
     690                      .dwattr $C$DW$T$9, DW_AT_byte_size(0x01)
     691              $C$DW$T$10      .dwtag  DW_TAG_base_type
     692                      .dwattr $C$DW$T$10, DW_AT_encoding(DW_ATE_signed)
     693                      .dwattr $C$DW$T$10, DW_AT_name("int")
     694                      .dwattr $C$DW$T$10, DW_AT_byte_size(0x01)
     695              $C$DW$T$11      .dwtag  DW_TAG_base_type
     696                      .dwattr $C$DW$T$11, DW_AT_encoding(DW_ATE_unsigned)
TMS320C2000 Assembler PC v6.4.4 Tue Feb 14 14:42:43 2017

Tools Copyright (c) 1996-2015 Texas Instruments Incorporated
C:\Users\a0221343\AppData\Local\Temp\0619610                         PAGE   15

     697                      .dwattr $C$DW$T$11, DW_AT_name("unsigned int")
     698                      .dwattr $C$DW$T$11, DW_AT_byte_size(0x01)
     699              $C$DW$T$26      .dwtag  DW_TAG_typedef, DW_AT_name("uint16_t")
     700                      .dwattr $C$DW$T$26, DW_AT_type(*$C$DW$T$11)
     701                      .dwattr $C$DW$T$26, DW_AT_language(DW_LANG_C)
     702              $C$DW$20        .dwtag  DW_TAG_TI_far_type
     703                      .dwattr $C$DW$20, DW_AT_type(*$C$DW$T$26)
     704              $C$DW$T$27      .dwtag  DW_TAG_volatile_type
     705                      .dwattr $C$DW$T$27, DW_AT_type(*$C$DW$20)
     706              $C$DW$T$12      .dwtag  DW_TAG_base_type
     707                      .dwattr $C$DW$T$12, DW_AT_encoding(DW_ATE_signed)
     708                      .dwattr $C$DW$T$12, DW_AT_name("long")
     709                      .dwattr $C$DW$T$12, DW_AT_byte_size(0x02)
     710              $C$DW$T$13      .dwtag  DW_TAG_base_type
     711                      .dwattr $C$DW$T$13, DW_AT_encoding(DW_ATE_unsigned)
     712                      .dwattr $C$DW$T$13, DW_AT_name("unsigned long")
     713                      .dwattr $C$DW$T$13, DW_AT_byte_size(0x02)
     714              $C$DW$T$21      .dwtag  DW_TAG_typedef, DW_AT_name("uint32_t")
     715                      .dwattr $C$DW$T$21, DW_AT_type(*$C$DW$T$13)
     716                      .dwattr $C$DW$T$21, DW_AT_language(DW_LANG_C)
     717              $C$DW$T$22      .dwtag  DW_TAG_pointer_type
     718                      .dwattr $C$DW$T$22, DW_AT_type(*$C$DW$T$21)
     719                      .dwattr $C$DW$T$22, DW_AT_address_class(0x20)
     720              $C$DW$T$14      .dwtag  DW_TAG_base_type
     721                      .dwattr $C$DW$T$14, DW_AT_encoding(DW_ATE_signed)
     722                      .dwattr $C$DW$T$14, DW_AT_name("long long")
     723                      .dwattr $C$DW$T$14, DW_AT_byte_size(0x04)
     724              $C$DW$T$15      .dwtag  DW_TAG_base_type
     725                      .dwattr $C$DW$T$15, DW_AT_encoding(DW_ATE_unsigned)
     726                      .dwattr $C$DW$T$15, DW_AT_name("unsigned long long")
     727                      .dwattr $C$DW$T$15, DW_AT_byte_size(0x04)
     728              $C$DW$T$16      .dwtag  DW_TAG_base_type
     729                      .dwattr $C$DW$T$16, DW_AT_encoding(DW_ATE_float)
     730                      .dwattr $C$DW$T$16, DW_AT_name("float")
     731                      .dwattr $C$DW$T$16, DW_AT_byte_size(0x02)
     732              $C$DW$T$17      .dwtag  DW_TAG_base_type
     733                      .dwattr $C$DW$T$17, DW_AT_encoding(DW_ATE_float)
     734                      .dwattr $C$DW$T$17, DW_AT_name("double")
     735                      .dwattr $C$DW$T$17, DW_AT_byte_size(0x02)
     736              $C$DW$T$18      .dwtag  DW_TAG_base_type
     737                      .dwattr $C$DW$T$18, DW_AT_encoding(DW_ATE_float)
     738                      .dwattr $C$DW$T$18, DW_AT_name("long double")
     739                      .dwattr $C$DW$T$18, DW_AT_byte_size(0x04)
     740                      .dwattr $C$DW$CU, DW_AT_language(DW_LANG_C)
     741              
     742              ;***************************************************************
     743              ;* DWARF CIE ENTRIES                                           *
     744              ;***************************************************************
     745              
     746              $C$DW$CIE       .dwcie 26
     747                      .dwcfi  cfa_register, 20
     748                      .dwcfi  cfa_offset, 0
     749                      .dwcfi  undefined, 0
     750                      .dwcfi  undefined, 1
     751                      .dwcfi  undefined, 2
TMS320C2000 Assembler PC v6.4.4 Tue Feb 14 14:42:43 2017

Tools Copyright (c) 1996-2015 Texas Instruments Incorporated
C:\Users\a0221343\AppData\Local\Temp\0619610                         PAGE   16

     752                      .dwcfi  undefined, 3
     753                      .dwcfi  undefined, 20
     754                      .dwcfi  undefined, 21
     755                      .dwcfi  undefined, 22
     756                      .dwcfi  undefined, 23
     757                      .dwcfi  undefined, 24
     758                      .dwcfi  undefined, 25
     759                      .dwcfi  undefined, 26
     760                      .dwcfi  same_value, 28
     761                      .dwcfi  undefined, 29
     762                      .dwcfi  undefined, 30
     763                      .dwcfi  undefined, 31
     764                      .dwcfi  undefined, 32
     765                      .dwcfi  undefined, 33
     766                      .dwcfi  undefined, 34
     767                      .dwcfi  undefined, 35
     768                      .dwcfi  undefined, 36
     769                      .dwcfi  undefined, 37
     770                      .dwcfi  undefined, 38
     771                      .dwcfi  undefined, 75
     772                      .dwcfi  undefined, 76
     773                      .dwcfi  undefined, 77
     774                      .dwcfi  undefined, 4
     775                      .dwcfi  undefined, 5
     776                      .dwcfi  same_value, 6
     777                      .dwcfi  same_value, 7
     778                      .dwcfi  same_value, 8
     779                      .dwcfi  same_value, 9
     780                      .dwcfi  same_value, 10
     781                      .dwcfi  same_value, 11
     782                      .dwcfi  undefined, 12
     783                      .dwcfi  undefined, 13
     784                      .dwcfi  undefined, 14
     785                      .dwcfi  undefined, 15
     786                      .dwcfi  undefined, 16
     787                      .dwcfi  undefined, 17
     788                      .dwcfi  undefined, 18
     789                      .dwcfi  undefined, 19
     790                      .dwcfi  undefined, 43
     791                      .dwcfi  undefined, 44
     792                      .dwcfi  undefined, 47
     793                      .dwcfi  undefined, 48
     794                      .dwcfi  undefined, 51
     795                      .dwcfi  undefined, 52
     796                      .dwcfi  undefined, 55
     797                      .dwcfi  undefined, 56
     798                      .dwcfi  same_value, 59
     799                      .dwcfi  same_value, 60
     800                      .dwcfi  same_value, 63
     801                      .dwcfi  same_value, 64
     802                      .dwcfi  same_value, 67
     803                      .dwcfi  same_value, 68
     804                      .dwcfi  same_value, 71
     805                      .dwcfi  same_value, 72
     806                      .dwcfi  undefined, 73
TMS320C2000 Assembler PC v6.4.4 Tue Feb 14 14:42:43 2017

Tools Copyright (c) 1996-2015 Texas Instruments Incorporated
C:\Users\a0221343\AppData\Local\Temp\0619610                         PAGE   17

     807                      .dwcfi  undefined, 74
     808                      .dwcfi  undefined, 39
     809                      .dwcfi  undefined, 40
     810                      .dwcfi  undefined, 27
     811                      .dwendentry
     812              
     813              ;***************************************************************
     814              ;* DWARF REGISTER MAP                                          *
     815              ;***************************************************************
     816              
     817              $C$DW$21        .dwtag  DW_TAG_TI_assign_register, DW_AT_name("AL")
     818                      .dwattr $C$DW$21, DW_AT_location[DW_OP_reg0]
     819              $C$DW$22        .dwtag  DW_TAG_TI_assign_register, DW_AT_name("AH")
     820                      .dwattr $C$DW$22, DW_AT_location[DW_OP_reg1]
     821              $C$DW$23        .dwtag  DW_TAG_TI_assign_register, DW_AT_name("PL")
     822                      .dwattr $C$DW$23, DW_AT_location[DW_OP_reg2]
     823              $C$DW$24        .dwtag  DW_TAG_TI_assign_register, DW_AT_name("PH")
     824                      .dwattr $C$DW$24, DW_AT_location[DW_OP_reg3]
     825              $C$DW$25        .dwtag  DW_TAG_TI_assign_register, DW_AT_name("SP")
     826                      .dwattr $C$DW$25, DW_AT_location[DW_OP_reg20]
     827              $C$DW$26        .dwtag  DW_TAG_TI_assign_register, DW_AT_name("XT")
     828                      .dwattr $C$DW$26, DW_AT_location[DW_OP_reg21]
     829              $C$DW$27        .dwtag  DW_TAG_TI_assign_register, DW_AT_name("T")
     830                      .dwattr $C$DW$27, DW_AT_location[DW_OP_reg22]
     831              $C$DW$28        .dwtag  DW_TAG_TI_assign_register, DW_AT_name("ST0")
     832                      .dwattr $C$DW$28, DW_AT_location[DW_OP_reg23]
     833              $C$DW$29        .dwtag  DW_TAG_TI_assign_register, DW_AT_name("ST1")
     834                      .dwattr $C$DW$29, DW_AT_location[DW_OP_reg24]
     835              $C$DW$30        .dwtag  DW_TAG_TI_assign_register, DW_AT_name("PC")
     836                      .dwattr $C$DW$30, DW_AT_location[DW_OP_reg25]
     837              $C$DW$31        .dwtag  DW_TAG_TI_assign_register, DW_AT_name("RPC")
     838                      .dwattr $C$DW$31, DW_AT_location[DW_OP_reg26]
     839              $C$DW$32        .dwtag  DW_TAG_TI_assign_register, DW_AT_name("FP")
     840                      .dwattr $C$DW$32, DW_AT_location[DW_OP_reg28]
     841              $C$DW$33        .dwtag  DW_TAG_TI_assign_register, DW_AT_name("DP")
     842                      .dwattr $C$DW$33, DW_AT_location[DW_OP_reg29]
     843              $C$DW$34        .dwtag  DW_TAG_TI_assign_register, DW_AT_name("SXM")
     844                      .dwattr $C$DW$34, DW_AT_location[DW_OP_reg30]
     845              $C$DW$35        .dwtag  DW_TAG_TI_assign_register, DW_AT_name("PM")
     846                      .dwattr $C$DW$35, DW_AT_location[DW_OP_reg31]
     847              $C$DW$36        .dwtag  DW_TAG_TI_assign_register, DW_AT_name("OVM")
     848                      .dwattr $C$DW$36, DW_AT_location[DW_OP_regx 0x20]
     849              $C$DW$37        .dwtag  DW_TAG_TI_assign_register, DW_AT_name("PAGE0")
     850                      .dwattr $C$DW$37, DW_AT_location[DW_OP_regx 0x21]
     851              $C$DW$38        .dwtag  DW_TAG_TI_assign_register, DW_AT_name("AMODE")
     852                      .dwattr $C$DW$38, DW_AT_location[DW_OP_regx 0x22]
     853              $C$DW$39        .dwtag  DW_TAG_TI_assign_register, DW_AT_name("INTM")
     854                      .dwattr $C$DW$39, DW_AT_location[DW_OP_regx 0x23]
     855              $C$DW$40        .dwtag  DW_TAG_TI_assign_register, DW_AT_name("IFR")
     856                      .dwattr $C$DW$40, DW_AT_location[DW_OP_regx 0x24]
     857              $C$DW$41        .dwtag  DW_TAG_TI_assign_register, DW_AT_name("IER")
     858                      .dwattr $C$DW$41, DW_AT_location[DW_OP_regx 0x25]
     859              $C$DW$42        .dwtag  DW_TAG_TI_assign_register, DW_AT_name("V")
     860                      .dwattr $C$DW$42, DW_AT_location[DW_OP_regx 0x26]
     861              $C$DW$43        .dwtag  DW_TAG_TI_assign_register, DW_AT_name("PSEUDOH")
TMS320C2000 Assembler PC v6.4.4 Tue Feb 14 14:42:43 2017

Tools Copyright (c) 1996-2015 Texas Instruments Incorporated
C:\Users\a0221343\AppData\Local\Temp\0619610                         PAGE   18

     862                      .dwattr $C$DW$43, DW_AT_location[DW_OP_regx 0x4c]
     863              $C$DW$44        .dwtag  DW_TAG_TI_assign_register, DW_AT_name("VOL")
     864                      .dwattr $C$DW$44, DW_AT_location[DW_OP_regx 0x4d]
     865              $C$DW$45        .dwtag  DW_TAG_TI_assign_register, DW_AT_name("AR0")
     866                      .dwattr $C$DW$45, DW_AT_location[DW_OP_reg4]
     867              $C$DW$46        .dwtag  DW_TAG_TI_assign_register, DW_AT_name("XAR0")
     868                      .dwattr $C$DW$46, DW_AT_location[DW_OP_reg5]
     869              $C$DW$47        .dwtag  DW_TAG_TI_assign_register, DW_AT_name("AR1")
     870                      .dwattr $C$DW$47, DW_AT_location[DW_OP_reg6]
     871              $C$DW$48        .dwtag  DW_TAG_TI_assign_register, DW_AT_name("XAR1")
     872                      .dwattr $C$DW$48, DW_AT_location[DW_OP_reg7]
     873              $C$DW$49        .dwtag  DW_TAG_TI_assign_register, DW_AT_name("AR2")
     874                      .dwattr $C$DW$49, DW_AT_location[DW_OP_reg8]
     875              $C$DW$50        .dwtag  DW_TAG_TI_assign_register, DW_AT_name("XAR2")
     876                      .dwattr $C$DW$50, DW_AT_location[DW_OP_reg9]
     877              $C$DW$51        .dwtag  DW_TAG_TI_assign_register, DW_AT_name("AR3")
     878                      .dwattr $C$DW$51, DW_AT_location[DW_OP_reg10]
     879              $C$DW$52        .dwtag  DW_TAG_TI_assign_register, DW_AT_name("XAR3")
     880                      .dwattr $C$DW$52, DW_AT_location[DW_OP_reg11]
     881              $C$DW$53        .dwtag  DW_TAG_TI_assign_register, DW_AT_name("AR4")
     882                      .dwattr $C$DW$53, DW_AT_location[DW_OP_reg12]
     883              $C$DW$54        .dwtag  DW_TAG_TI_assign_register, DW_AT_name("XAR4")
     884                      .dwattr $C$DW$54, DW_AT_location[DW_OP_reg13]
     885              $C$DW$55        .dwtag  DW_TAG_TI_assign_register, DW_AT_name("AR5")
     886                      .dwattr $C$DW$55, DW_AT_location[DW_OP_reg14]
     887              $C$DW$56        .dwtag  DW_TAG_TI_assign_register, DW_AT_name("XAR5")
     888                      .dwattr $C$DW$56, DW_AT_location[DW_OP_reg15]
     889              $C$DW$57        .dwtag  DW_TAG_TI_assign_register, DW_AT_name("AR6")
     890                      .dwattr $C$DW$57, DW_AT_location[DW_OP_reg16]
     891              $C$DW$58        .dwtag  DW_TAG_TI_assign_register, DW_AT_name("XAR6")
     892                      .dwattr $C$DW$58, DW_AT_location[DW_OP_reg17]
     893              $C$DW$59        .dwtag  DW_TAG_TI_assign_register, DW_AT_name("AR7")
     894                      .dwattr $C$DW$59, DW_AT_location[DW_OP_reg18]
     895              $C$DW$60        .dwtag  DW_TAG_TI_assign_register, DW_AT_name("XAR7")
     896                      .dwattr $C$DW$60, DW_AT_location[DW_OP_reg19]
     897              $C$DW$61        .dwtag  DW_TAG_TI_assign_register, DW_AT_name("R0HL")
     898                      .dwattr $C$DW$61, DW_AT_location[DW_OP_regx 0x2b]
     899              $C$DW$62        .dwtag  DW_TAG_TI_assign_register, DW_AT_name("R0H")
     900                      .dwattr $C$DW$62, DW_AT_location[DW_OP_regx 0x2c]
     901              $C$DW$63        .dwtag  DW_TAG_TI_assign_register, DW_AT_name("R1HL")
     902                      .dwattr $C$DW$63, DW_AT_location[DW_OP_regx 0x2f]
     903              $C$DW$64        .dwtag  DW_TAG_TI_assign_register, DW_AT_name("R1H")
     904                      .dwattr $C$DW$64, DW_AT_location[DW_OP_regx 0x30]
     905              $C$DW$65        .dwtag  DW_TAG_TI_assign_register, DW_AT_name("R2HL")
     906                      .dwattr $C$DW$65, DW_AT_location[DW_OP_regx 0x33]
     907              $C$DW$66        .dwtag  DW_TAG_TI_assign_register, DW_AT_name("R2H")
     908                      .dwattr $C$DW$66, DW_AT_location[DW_OP_regx 0x34]
     909              $C$DW$67        .dwtag  DW_TAG_TI_assign_register, DW_AT_name("R3HL")
     910                      .dwattr $C$DW$67, DW_AT_location[DW_OP_regx 0x37]
     911              $C$DW$68        .dwtag  DW_TAG_TI_assign_register, DW_AT_name("R3H")
     912                      .dwattr $C$DW$68, DW_AT_location[DW_OP_regx 0x38]
     913              $C$DW$69        .dwtag  DW_TAG_TI_assign_register, DW_AT_name("R4HL")
     914                      .dwattr $C$DW$69, DW_AT_location[DW_OP_regx 0x3b]
     915              $C$DW$70        .dwtag  DW_TAG_TI_assign_register, DW_AT_name("R4H")
     916                      .dwattr $C$DW$70, DW_AT_location[DW_OP_regx 0x3c]
TMS320C2000 Assembler PC v6.4.4 Tue Feb 14 14:42:43 2017

Tools Copyright (c) 1996-2015 Texas Instruments Incorporated
C:\Users\a0221343\AppData\Local\Temp\0619610                         PAGE   19

     917              $C$DW$71        .dwtag  DW_TAG_TI_assign_register, DW_AT_name("R5HL")
     918                      .dwattr $C$DW$71, DW_AT_location[DW_OP_regx 0x3f]
     919              $C$DW$72        .dwtag  DW_TAG_TI_assign_register, DW_AT_name("R5H")
     920                      .dwattr $C$DW$72, DW_AT_location[DW_OP_regx 0x40]
     921              $C$DW$73        .dwtag  DW_TAG_TI_assign_register, DW_AT_name("R6HL")
     922                      .dwattr $C$DW$73, DW_AT_location[DW_OP_regx 0x43]
     923              $C$DW$74        .dwtag  DW_TAG_TI_assign_register, DW_AT_name("R6H")
     924                      .dwattr $C$DW$74, DW_AT_location[DW_OP_regx 0x44]
     925              $C$DW$75        .dwtag  DW_TAG_TI_assign_register, DW_AT_name("R7HL")
     926                      .dwattr $C$DW$75, DW_AT_location[DW_OP_regx 0x47]
     927              $C$DW$76        .dwtag  DW_TAG_TI_assign_register, DW_AT_name("R7H")
     928                      .dwattr $C$DW$76, DW_AT_location[DW_OP_regx 0x48]
     929              $C$DW$77        .dwtag  DW_TAG_TI_assign_register, DW_AT_name("RBL")
     930                      .dwattr $C$DW$77, DW_AT_location[DW_OP_regx 0x49]
     931              $C$DW$78        .dwtag  DW_TAG_TI_assign_register, DW_AT_name("RB")
     932                      .dwattr $C$DW$78, DW_AT_location[DW_OP_regx 0x4a]
     933              $C$DW$79        .dwtag  DW_TAG_TI_assign_register, DW_AT_name("STFL")
     934                      .dwattr $C$DW$79, DW_AT_location[DW_OP_regx 0x27]
     935              $C$DW$80        .dwtag  DW_TAG_TI_assign_register, DW_AT_name("STF")
     936                      .dwattr $C$DW$80, DW_AT_location[DW_OP_regx 0x28]
     937              $C$DW$81        .dwtag  DW_TAG_TI_assign_register, DW_AT_name("FPUHAZ")
     938                      .dwattr $C$DW$81, DW_AT_location[DW_OP_reg27]
     939                      .dwendtag $C$DW$CU
     940              

No Assembly Errors, No Assembly Warnings
