TMS320C2000 Assembler PC v6.4.4 Tue Feb 14 14:42:33 2017

Tools Copyright (c) 1996-2015 Texas Instruments Incorporated
C:\Users\a0221343\AppData\Local\Temp\0286010                         PAGE    1

       1              ;***************************************************************
       2              ;* TMS320C2000 C/C++ Codegen                         PC v6.4.4 *
       3              ;* Date/Time created: Tue Feb 14 14:42:33 2017                 *
       4              ;***************************************************************
       5                      .compiler_opts --cla_support=cla0 --float_support=fpu32 --hll_source=on --mem_model:code=flat --mem_m
       6        0002  FP      .set    XAR2
       7              
       8              $C$DW$CU        .dwtag  DW_TAG_compile_unit
       9                      .dwattr $C$DW$CU, DW_AT_name("C:/Users/a0221343/Git/bootROM/f28004x_bootrom/F28004x_ROM_dev_PG2.0/F28
      10                      .dwattr $C$DW$CU, DW_AT_producer("TI TMS320C2000 C/C++ Codegen PC v6.4.4 Copyright (c) 1996-2015 Texa
      11                      .dwattr $C$DW$CU, DW_AT_TI_version(0x01)
      12                      .dwattr $C$DW$CU, DW_AT_comp_dir("C:\Users\a0221343\Git\bootROM\f28004x_bootrom\F28004x_ROM_dev_PG2.0
      13              
      14              $C$DW$1 .dwtag  DW_TAG_subprogram, DW_AT_name("ReadReservedFn")
      15                      .dwattr $C$DW$1, DW_AT_TI_symbol_name("_ReadReservedFn")
      16                      .dwattr $C$DW$1, DW_AT_declaration
      17                      .dwattr $C$DW$1, DW_AT_external
      18              
      19              $C$DW$2 .dwtag  DW_TAG_subprogram, DW_AT_name("CopyData")
      20                      .dwattr $C$DW$2, DW_AT_TI_symbol_name("_CopyData")
      21                      .dwattr $C$DW$2, DW_AT_declaration
      22                      .dwattr $C$DW$2, DW_AT_external
      23              $C$DW$3 .dwtag  DW_TAG_variable, DW_AT_name("GetWordData")
      24                      .dwattr $C$DW$3, DW_AT_TI_symbol_name("_GetWordData")
      25                      .dwattr $C$DW$3, DW_AT_type(*$C$DW$T$31)
      26                      .dwattr $C$DW$3, DW_AT_declaration
      27                      .dwattr $C$DW$3, DW_AT_external
      28              
      29              $C$DW$4 .dwtag  DW_TAG_subprogram, DW_AT_name("GetLongData")
      30                      .dwattr $C$DW$4, DW_AT_TI_symbol_name("_GetLongData")
      31                      .dwattr $C$DW$4, DW_AT_type(*$C$DW$T$21)
      32                      .dwattr $C$DW$4, DW_AT_declaration
      33                      .dwattr $C$DW$4, DW_AT_external
      34              ;       C:\ti\ccsv6\tools\compiler\ti-cgt-c2000_6.4.4\bin\ac2000.exe -@C:\\Users\\a0221343\\AppData\\Local\\T
      35 00000000               .sect   ".text"
      36                      .clink
      37              
      38              $C$DW$5 .dwtag  DW_TAG_subprogram, DW_AT_name("GPIO_readPin")
      39                      .dwattr $C$DW$5, DW_AT_low_pc(_GPIO_readPin)
      40                      .dwattr $C$DW$5, DW_AT_high_pc(0x00)
      41                      .dwattr $C$DW$5, DW_AT_TI_symbol_name("_GPIO_readPin")
      42                      .dwattr $C$DW$5, DW_AT_type(*$C$DW$T$21)
      43                      .dwattr $C$DW$5, DW_AT_TI_begin_file("C:/Users/a0221343/Git/bootROM/f28004x_bootrom/F28004x_ROM_dev_P
      44                      .dwattr $C$DW$5, DW_AT_TI_begin_line(0x173)
      45                      .dwattr $C$DW$5, DW_AT_TI_begin_column(0x01)
      46                      .dwattr $C$DW$5, DW_AT_TI_max_frame_size(-8)
      47                      .dwpsn  file "C:/Users/a0221343/Git/bootROM/f28004x_bootrom/F28004x_ROM_dev_PG2.0/F28004x_ROM/driverl
      48              
      49                      .dwfde $C$DW$CIE, _GPIO_readPin
      50              $C$DW$6 .dwtag  DW_TAG_formal_parameter, DW_AT_name("pin")
      51                      .dwattr $C$DW$6, DW_AT_TI_symbol_name("_pin")
      52                      .dwattr $C$DW$6, DW_AT_type(*$C$DW$T$21)
      53                      .dwattr $C$DW$6, DW_AT_location[DW_OP_reg0]
      54              
      55              ;***************************************************************
TMS320C2000 Assembler PC v6.4.4 Tue Feb 14 14:42:33 2017

Tools Copyright (c) 1996-2015 Texas Instruments Incorporated
C:\Users\a0221343\AppData\Local\Temp\0286010                         PAGE    2

      56              ;* FNAME: _GPIO_readPin                 FR SIZE:   6           *
      57              ;*                                                             *
      58              ;* FUNCTION ENVIRONMENT                                        *
      59              ;*                                                             *
      60              ;* FUNCTION PROPERTIES                                         *
      61              ;*                            0 Parameter,  6 Auto,  0 SOE     *
      62              ;***************************************************************
      63              
      64 00000000       _GPIO_readPin:
      65                      .dwcfi  cfa_offset, -2
      66                      .dwcfi  save_reg_to_mem, 26, 0
      67 00000000 FE06          ADDB      SP,#6                 ; [CPU_U] 
      68                      .dwcfi  cfa_offset, -8
      69              $C$DW$7 .dwtag  DW_TAG_variable, DW_AT_name("pin")
      70                      .dwattr $C$DW$7, DW_AT_TI_symbol_name("_pin")
      71                      .dwattr $C$DW$7, DW_AT_type(*$C$DW$T$21)
      72                      .dwattr $C$DW$7, DW_AT_location[DW_OP_breg20 -2]
      73              $C$DW$8 .dwtag  DW_TAG_variable, DW_AT_name("gpioDataReg")
      74                      .dwattr $C$DW$8, DW_AT_TI_symbol_name("_gpioDataReg")
      75                      .dwattr $C$DW$8, DW_AT_type(*$C$DW$T$39)
      76                      .dwattr $C$DW$8, DW_AT_location[DW_OP_breg20 -4]
      77              $C$DW$9 .dwtag  DW_TAG_variable, DW_AT_name("pinVal")
      78                      .dwattr $C$DW$9, DW_AT_TI_symbol_name("_pinVal")
      79                      .dwattr $C$DW$9, DW_AT_type(*$C$DW$T$21)
      80                      .dwattr $C$DW$9, DW_AT_location[DW_OP_breg20 -6]
      81 00000001 1E42          MOVL      *-SP[2],ACC           ; [CPU_] |372| 
      82                      .dwpsn  file "C:/Users/a0221343/Git/bootROM/f28004x_bootrom/F28004x_ROM_dev_PG2.0/F28004x_ROM/driverl
      83 00000002 2901          CLRC      SXM                   ; [CPU_] 
      84 00000003 FF44          SFR       ACC,5                 ; [CPU_] |381| 
      85 00000004 FF31          LSL       ACC,2                 ; [CPU_] |381| 
      86 00000005 FF30          LSL       ACC,1                 ; [CPU_] |381| 
      87 00000006 FF18          ADD       ACC,#127 << 8         ; [CPU_] |381| 
         00000007 007F 
      88 00000008 1E44          MOVL      *-SP[4],ACC           ; [CPU_] |381| 
      89                      .dwpsn  file "C:/Users/a0221343/Git/bootROM/f28004x_bootrom/F28004x_ROM_dev_PG2.0/F28004x_ROM/driverl
      90 00000009 8A44          MOVL      XAR4,*-SP[4]          ; [CPU_] |384| 
      91 0000000a 9242          MOV       AL,*-SP[2]            ; [CPU_] |384| 
      92 0000000b 901F          ANDB      AL,#0x1f              ; [CPU_] |384| 
      93 0000000c A3C4          MOVL      P,*+XAR4[0]           ; [CPU_] |384| 
      94 0000000d 16A9          MOVP      T,AL                  ; [CPU_] 
      95 0000000e 5622          LSRL      ACC,T                 ; [CPU_] |384| 
      96 0000000f FF5A          MOVL      P,ACC                 ; [CPU_] |384| 
      97 00000010 2BAA          MOV       PH,#0                 ; [CPU_] |384| 
      98 00000011 92AB          MOV       AL,PL                 ; [CPU_] |384| 
      99 00000012 9001          ANDB      AL,#0x01              ; [CPU_] |384| 
     100 00000013 27A9          MOV       PL,AL                 ; [CPU_] |384| 
     101 00000014 A946          MOVL      *-SP[6],P             ; [CPU_] |384| 
     102                      .dwpsn  file "C:/Users/a0221343/Git/bootROM/f28004x_bootrom/F28004x_ROM_dev_PG2.0/F28004x_ROM/driverl
     103 00000015 0646          MOVL      ACC,*-SP[6]           ; [CPU_] |386| 
     104                      .dwpsn  file "C:/Users/a0221343/Git/bootROM/f28004x_bootrom/F28004x_ROM_dev_PG2.0/F28004x_ROM/driverl
     105 00000016 FE86          SUBB      SP,#6                 ; [CPU_U] 
     106                      .dwcfi  cfa_offset, -2
     107              $C$DW$10        .dwtag  DW_TAG_TI_branch
     108                      .dwattr $C$DW$10, DW_AT_low_pc(0x00)
     109                      .dwattr $C$DW$10, DW_AT_TI_return
TMS320C2000 Assembler PC v6.4.4 Tue Feb 14 14:42:33 2017

Tools Copyright (c) 1996-2015 Texas Instruments Incorporated
C:\Users\a0221343\AppData\Local\Temp\0286010                         PAGE    3

     110 00000017 0006          LRETR     ; [CPU_] 
     111                      ; return occurs ; [] 
     112                      .dwattr $C$DW$5, DW_AT_TI_end_file("C:/Users/a0221343/Git/bootROM/f28004x_bootrom/F28004x_ROM_dev_PG2
     113                      .dwattr $C$DW$5, DW_AT_TI_end_line(0x183)
     114                      .dwattr $C$DW$5, DW_AT_TI_end_column(0x01)
     115                      .dwendentry
     116                      .dwendtag $C$DW$5
     117              
     118 00000018               .sect   ".text"
     119                      .clink
     120              
     121              $C$DW$11        .dwtag  DW_TAG_subprogram, DW_AT_name("GPIO_writePin")
     122                      .dwattr $C$DW$11, DW_AT_low_pc(_GPIO_writePin)
     123                      .dwattr $C$DW$11, DW_AT_high_pc(0x00)
     124                      .dwattr $C$DW$11, DW_AT_TI_symbol_name("_GPIO_writePin")
     125                      .dwattr $C$DW$11, DW_AT_TI_begin_file("C:/Users/a0221343/Git/bootROM/f28004x_bootrom/F28004x_ROM_dev_
     126                      .dwattr $C$DW$11, DW_AT_TI_begin_line(0x196)
     127                      .dwattr $C$DW$11, DW_AT_TI_begin_column(0x01)
     128                      .dwattr $C$DW$11, DW_AT_TI_max_frame_size(-8)
     129                      .dwpsn  file "C:/Users/a0221343/Git/bootROM/f28004x_bootrom/F28004x_ROM_dev_PG2.0/F28004x_ROM/driverl
     130              
     131                      .dwfde $C$DW$CIE, _GPIO_writePin
     132              $C$DW$12        .dwtag  DW_TAG_formal_parameter, DW_AT_name("pin")
     133                      .dwattr $C$DW$12, DW_AT_TI_symbol_name("_pin")
     134                      .dwattr $C$DW$12, DW_AT_type(*$C$DW$T$21)
     135                      .dwattr $C$DW$12, DW_AT_location[DW_OP_reg0]
     136              $C$DW$13        .dwtag  DW_TAG_formal_parameter, DW_AT_name("outVal")
     137                      .dwattr $C$DW$13, DW_AT_TI_symbol_name("_outVal")
     138                      .dwattr $C$DW$13, DW_AT_type(*$C$DW$T$21)
     139                      .dwattr $C$DW$13, DW_AT_location[DW_OP_breg20 -10]
     140              
     141              ;***************************************************************
     142              ;* FNAME: _GPIO_writePin                FR SIZE:   6           *
     143              ;*                                                             *
     144              ;* FUNCTION ENVIRONMENT                                        *
     145              ;*                                                             *
     146              ;* FUNCTION PROPERTIES                                         *
     147              ;*                            0 Parameter,  6 Auto,  0 SOE     *
     148              ;***************************************************************
     149              
     150 00000018       _GPIO_writePin:
     151                      .dwcfi  cfa_offset, -2
     152                      .dwcfi  save_reg_to_mem, 26, 0
     153 00000018 FE06          ADDB      SP,#6                 ; [CPU_U] 
     154                      .dwcfi  cfa_offset, -8
     155              $C$DW$14        .dwtag  DW_TAG_variable, DW_AT_name("pin")
     156                      .dwattr $C$DW$14, DW_AT_TI_symbol_name("_pin")
     157                      .dwattr $C$DW$14, DW_AT_type(*$C$DW$T$21)
     158                      .dwattr $C$DW$14, DW_AT_location[DW_OP_breg20 -2]
     159              $C$DW$15        .dwtag  DW_TAG_variable, DW_AT_name("gpioDataReg")
     160                      .dwattr $C$DW$15, DW_AT_TI_symbol_name("_gpioDataReg")
     161                      .dwattr $C$DW$15, DW_AT_type(*$C$DW$T$39)
     162                      .dwattr $C$DW$15, DW_AT_location[DW_OP_breg20 -4]
     163              $C$DW$16        .dwtag  DW_TAG_variable, DW_AT_name("pinMask")
     164                      .dwattr $C$DW$16, DW_AT_TI_symbol_name("_pinMask")
TMS320C2000 Assembler PC v6.4.4 Tue Feb 14 14:42:33 2017

Tools Copyright (c) 1996-2015 Texas Instruments Incorporated
C:\Users\a0221343\AppData\Local\Temp\0286010                         PAGE    4

     165                      .dwattr $C$DW$16, DW_AT_type(*$C$DW$T$21)
     166                      .dwattr $C$DW$16, DW_AT_location[DW_OP_breg20 -6]
     167 00000019 1E42          MOVL      *-SP[2],ACC           ; [CPU_] |407| 
     168                      .dwpsn  file "C:/Users/a0221343/Git/bootROM/f28004x_bootrom/F28004x_ROM_dev_PG2.0/F28004x_ROM/driverl
     169 0000001a 2901          CLRC      SXM                   ; [CPU_] 
     170 0000001b FF44          SFR       ACC,5                 ; [CPU_] |416| 
     171 0000001c FF31          LSL       ACC,2                 ; [CPU_] |416| 
     172 0000001d FF30          LSL       ACC,1                 ; [CPU_] |416| 
     173 0000001e FF18          ADD       ACC,#127 << 8         ; [CPU_] |416| 
         0000001f 007F 
     174 00000020 1E44          MOVL      *-SP[4],ACC           ; [CPU_] |416| 
     175                      .dwpsn  file "C:/Users/a0221343/Git/bootROM/f28004x_bootrom/F28004x_ROM_dev_PG2.0/F28004x_ROM/driverl
     176 00000021 0201          MOVB      ACC,#1                ; [CPU_] |419| 
     177 00000022 1EA6          MOVL      XAR6,ACC              ; [CPU_] |419| 
     178 00000023 9242          MOV       AL,*-SP[2]            ; [CPU_] |419| 
     179 00000024 901F          ANDB      AL,#0x1f              ; [CPU_] |419| 
     180 00000025 2DA9          MOV       T,AL                  ; [CPU_] |419| 
     181 00000026 06A6          MOVL      ACC,XAR6              ; [CPU_] |419| 
     182 00000027 563B          LSLL      ACC,T                 ; [CPU_] |419| 
     183 00000028 1E46          MOVL      *-SP[6],ACC           ; [CPU_] |419| 
     184                      .dwpsn  file "C:/Users/a0221343/Git/bootROM/f28004x_bootrom/F28004x_ROM_dev_PG2.0/F28004x_ROM/driverl
     185 00000029 064A          MOVL      ACC,*-SP[10]          ; [CPU_] |421| 
     186 0000002a ED05          BF        $C$L1,NEQ             ; [CPU_] |421| 
     187                      ; branchcc occurs ; [] |421| 
     188                      .dwpsn  file "C:/Users/a0221343/Git/bootROM/f28004x_bootrom/F28004x_ROM_dev_PG2.0/F28004x_ROM/driverl
     189 0000002b 8A44          MOVL      XAR4,*-SP[4]          ; [CPU_] |423| 
     190 0000002c 0646          MOVL      ACC,*-SP[6]           ; [CPU_] |423| 
     191 0000002d 1EE4          MOVL      *+XAR4[4],ACC         ; [CPU_] |423| 
     192                      .dwpsn  file "C:/Users/a0221343/Git/bootROM/f28004x_bootrom/F28004x_ROM_dev_PG2.0/F28004x_ROM/driverl
     193 0000002e 6F04          B         $C$L2,UNC             ; [CPU_] |424| 
     194                      ; branch occurs ; [] |424| 
     195 0000002f       $C$L1:    
     196                      .dwpsn  file "C:/Users/a0221343/Git/bootROM/f28004x_bootrom/F28004x_ROM_dev_PG2.0/F28004x_ROM/driverl
     197 0000002f 8A44          MOVL      XAR4,*-SP[4]          ; [CPU_] |427| 
     198 00000030 0646          MOVL      ACC,*-SP[6]           ; [CPU_] |427| 
     199 00000031 1ED4          MOVL      *+XAR4[2],ACC         ; [CPU_] |427| 
     200                      .dwpsn  file "C:/Users/a0221343/Git/bootROM/f28004x_bootrom/F28004x_ROM_dev_PG2.0/F28004x_ROM/driverl
     201 00000032       $C$L2:    
     202 00000032 FE86          SUBB      SP,#6                 ; [CPU_U] 
     203                      .dwcfi  cfa_offset, -2
     204              $C$DW$17        .dwtag  DW_TAG_TI_branch
     205                      .dwattr $C$DW$17, DW_AT_low_pc(0x00)
     206                      .dwattr $C$DW$17, DW_AT_TI_return
     207 00000033 0006          LRETR     ; [CPU_] 
     208                      ; return occurs ; [] 
     209                      .dwattr $C$DW$11, DW_AT_TI_end_file("C:/Users/a0221343/Git/bootROM/f28004x_bootrom/F28004x_ROM_dev_PG
     210                      .dwattr $C$DW$11, DW_AT_TI_end_line(0x1ad)
     211                      .dwattr $C$DW$11, DW_AT_TI_end_column(0x01)
     212                      .dwendentry
     213                      .dwendtag $C$DW$11
     214              
     215 00000034               .sect   ".text"
     216                      .clink
     217              
     218              $C$DW$18        .dwtag  DW_TAG_subprogram, DW_AT_name("GPIO_readPortData")
TMS320C2000 Assembler PC v6.4.4 Tue Feb 14 14:42:33 2017

Tools Copyright (c) 1996-2015 Texas Instruments Incorporated
C:\Users\a0221343\AppData\Local\Temp\0286010                         PAGE    5

     219                      .dwattr $C$DW$18, DW_AT_low_pc(_GPIO_readPortData)
     220                      .dwattr $C$DW$18, DW_AT_high_pc(0x00)
     221                      .dwattr $C$DW$18, DW_AT_TI_symbol_name("_GPIO_readPortData")
     222                      .dwattr $C$DW$18, DW_AT_type(*$C$DW$T$21)
     223                      .dwattr $C$DW$18, DW_AT_TI_begin_file("C:/Users/a0221343/Git/bootROM/f28004x_bootrom/F28004x_ROM_dev_
     224                      .dwattr $C$DW$18, DW_AT_TI_begin_line(0x1de)
     225                      .dwattr $C$DW$18, DW_AT_TI_begin_column(0x01)
     226                      .dwattr $C$DW$18, DW_AT_TI_max_frame_size(-6)
     227                      .dwpsn  file "C:/Users/a0221343/Git/bootROM/f28004x_bootrom/F28004x_ROM_dev_PG2.0/F28004x_ROM/driverl
     228              
     229                      .dwfde $C$DW$CIE, _GPIO_readPortData
     230              $C$DW$19        .dwtag  DW_TAG_formal_parameter, DW_AT_name("port")
     231                      .dwattr $C$DW$19, DW_AT_TI_symbol_name("_port")
     232                      .dwattr $C$DW$19, DW_AT_type(*$C$DW$T$20)
     233                      .dwattr $C$DW$19, DW_AT_location[DW_OP_reg0]
     234              
     235              ;***************************************************************
     236              ;* FNAME: _GPIO_readPortData            FR SIZE:   4           *
     237              ;*                                                             *
     238              ;* FUNCTION ENVIRONMENT                                        *
     239              ;*                                                             *
     240              ;* FUNCTION PROPERTIES                                         *
     241              ;*                            0 Parameter,  4 Auto,  0 SOE     *
     242              ;***************************************************************
     243              
     244 00000034       _GPIO_readPortData:
     245                      .dwcfi  cfa_offset, -2
     246                      .dwcfi  save_reg_to_mem, 26, 0
     247 00000034 FE04          ADDB      SP,#4                 ; [CPU_U] 
     248                      .dwcfi  cfa_offset, -6
     249              $C$DW$20        .dwtag  DW_TAG_variable, DW_AT_name("port")
     250                      .dwattr $C$DW$20, DW_AT_TI_symbol_name("_port")
     251                      .dwattr $C$DW$20, DW_AT_type(*$C$DW$T$20)
     252                      .dwattr $C$DW$20, DW_AT_location[DW_OP_breg20 -1]
     253              $C$DW$21        .dwtag  DW_TAG_variable, DW_AT_name("gpioDataReg")
     254                      .dwattr $C$DW$21, DW_AT_TI_symbol_name("_gpioDataReg")
     255                      .dwattr $C$DW$21, DW_AT_type(*$C$DW$T$39)
     256                      .dwattr $C$DW$21, DW_AT_location[DW_OP_breg20 -4]
     257 00000035 9641          MOV       *-SP[1],AL            ; [CPU_] |479| 
     258                      .dwpsn  file "C:/Users/a0221343/Git/bootROM/f28004x_bootrom/F28004x_ROM_dev_PG2.0/F28004x_ROM/driverl
     259 00000036 2901          CLRC      SXM                   ; [CPU_] 
     260 00000037 5603          MOV       ACC,*-SP[1] << 2      ; [CPU_] |485| 
         00000038 0241 
     261 00000039 FF30          LSL       ACC,1                 ; [CPU_] |485| 
     262 0000003a FF18          ADD       ACC,#127 << 8         ; [CPU_] |485| 
         0000003b 007F 
     263 0000003c 1E44          MOVL      *-SP[4],ACC           ; [CPU_] |485| 
     264                      .dwpsn  file "C:/Users/a0221343/Git/bootROM/f28004x_bootrom/F28004x_ROM_dev_PG2.0/F28004x_ROM/driverl
     265 0000003d 8A44          MOVL      XAR4,*-SP[4]          ; [CPU_] |488| 
     266 0000003e 06C4          MOVL      ACC,*+XAR4[0]         ; [CPU_] |488| 
     267                      .dwpsn  file "C:/Users/a0221343/Git/bootROM/f28004x_bootrom/F28004x_ROM_dev_PG2.0/F28004x_ROM/driverl
     268 0000003f FE84          SUBB      SP,#4                 ; [CPU_U] 
     269                      .dwcfi  cfa_offset, -2
     270              $C$DW$22        .dwtag  DW_TAG_TI_branch
     271                      .dwattr $C$DW$22, DW_AT_low_pc(0x00)
TMS320C2000 Assembler PC v6.4.4 Tue Feb 14 14:42:33 2017

Tools Copyright (c) 1996-2015 Texas Instruments Incorporated
C:\Users\a0221343\AppData\Local\Temp\0286010                         PAGE    6

     272                      .dwattr $C$DW$22, DW_AT_TI_return
     273 00000040 0006          LRETR     ; [CPU_] 
     274                      ; return occurs ; [] 
     275                      .dwattr $C$DW$18, DW_AT_TI_end_file("C:/Users/a0221343/Git/bootROM/f28004x_bootrom/F28004x_ROM_dev_PG
     276                      .dwattr $C$DW$18, DW_AT_TI_end_line(0x1e9)
     277                      .dwattr $C$DW$18, DW_AT_TI_end_column(0x01)
     278                      .dwendentry
     279                      .dwendtag $C$DW$18
     280              
     281 00000041               .sect   ".text"
     282                      .clink
     283                      .global _Parallel_Boot
     284              
     285              $C$DW$23        .dwtag  DW_TAG_subprogram, DW_AT_name("Parallel_Boot")
     286                      .dwattr $C$DW$23, DW_AT_low_pc(_Parallel_Boot)
     287                      .dwattr $C$DW$23, DW_AT_high_pc(0x00)
     288                      .dwattr $C$DW$23, DW_AT_TI_symbol_name("_Parallel_Boot")
     289                      .dwattr $C$DW$23, DW_AT_external
     290                      .dwattr $C$DW$23, DW_AT_type(*$C$DW$T$21)
     291                      .dwattr $C$DW$23, DW_AT_TI_begin_file("C:/Users/a0221343/Git/bootROM/f28004x_bootrom/F28004x_ROM_dev_
     292                      .dwattr $C$DW$23, DW_AT_TI_begin_line(0x56)
     293                      .dwattr $C$DW$23, DW_AT_TI_begin_column(0x0a)
     294                      .dwattr $C$DW$23, DW_AT_TI_max_frame_size(-6)
     295                      .dwpsn  file "C:/Users/a0221343/Git/bootROM/f28004x_bootrom/F28004x_ROM_dev_PG2.0/F28004x_ROM/bootROM
     296              
     297                      .dwfde $C$DW$CIE, _Parallel_Boot
     298              
     299              ;***************************************************************
     300              ;* FNAME: _Parallel_Boot                FR SIZE:   4           *
     301              ;*                                                             *
     302              ;* FUNCTION ENVIRONMENT                                        *
     303              ;*                                                             *
     304              ;* FUNCTION PROPERTIES                                         *
     305              ;*                            0 Parameter,  3 Auto,  0 SOE     *
     306              ;***************************************************************
     307              
     308 00000041       _Parallel_Boot:
     309                      .dwcfi  cfa_offset, -2
     310                      .dwcfi  save_reg_to_mem, 26, 0
     311 00000041 FE04          ADDB      SP,#4                 ; [CPU_U] 
     312                      .dwcfi  cfa_offset, -6
     313              $C$DW$24        .dwtag  DW_TAG_variable, DW_AT_name("EntryAddr")
     314                      .dwattr $C$DW$24, DW_AT_TI_symbol_name("_EntryAddr")
     315                      .dwattr $C$DW$24, DW_AT_type(*$C$DW$T$21)
     316                      .dwattr $C$DW$24, DW_AT_location[DW_OP_breg20 -2]
     317              $C$DW$25        .dwtag  DW_TAG_variable, DW_AT_name("wordData")
     318                      .dwattr $C$DW$25, DW_AT_TI_symbol_name("_wordData")
     319                      .dwattr $C$DW$25, DW_AT_type(*$C$DW$T$26)
     320                      .dwattr $C$DW$25, DW_AT_location[DW_OP_breg20 -3]
     321                      .dwpsn  file "C:/Users/a0221343/Git/bootROM/f28004x_bootrom/F28004x_ROM_dev_PG2.0/F28004x_ROM/bootROM
     322              $C$DW$26        .dwtag  DW_TAG_TI_branch
     323                      .dwattr $C$DW$26, DW_AT_low_pc(0x00)
     324                      .dwattr $C$DW$26, DW_AT_name("_Parallel_GPIOSelect")
     325                      .dwattr $C$DW$26, DW_AT_TI_call
     326 00000042 7640'         LCR       #_Parallel_GPIOSelect ; [CPU_] |93| 
TMS320C2000 Assembler PC v6.4.4 Tue Feb 14 14:42:33 2017

Tools Copyright (c) 1996-2015 Texas Instruments Incorporated
C:\Users\a0221343\AppData\Local\Temp\0286010                         PAGE    7

         00000043 009B 
     327                      ; call occurs [#_Parallel_GPIOSelect] ; [] |93| 
     328                      .dwpsn  file "C:/Users/a0221343/Git/bootROM/f28004x_bootrom/F28004x_ROM_dev_PG2.0/F28004x_ROM/bootROM
     329 00000044 761F!         MOVW      DP,#_GetWordData      ; [CPU_U] 
         00000045 0000 
     330 00000046 8F00'         MOVL      XAR4,#_Parallel_GetWordData_8bit ; [CPU_U] |97| 
         00000047 005E 
     331 00000048 A800!         MOVL      @_GetWordData,XAR4    ; [CPU_] |97| 
     332                      .dwpsn  file "C:/Users/a0221343/Git/bootROM/f28004x_bootrom/F28004x_ROM_dev_PG2.0/F28004x_ROM/bootROM
     333 00000049 C500!         MOVL      XAR7,@_GetWordData    ; [CPU_] |98| 
     334              $C$DW$27        .dwtag  DW_TAG_TI_branch
     335                      .dwattr $C$DW$27, DW_AT_low_pc(0x00)
     336                      .dwattr $C$DW$27, DW_AT_TI_call
     337                      .dwattr $C$DW$27, DW_AT_TI_indirect
     338 0000004a 3E67          LCR       *XAR7                 ; [CPU_] |98| 
     339                      ; call occurs [XAR7] ; [] |98| 
     340 0000004b 9643          MOV       *-SP[3],AL            ; [CPU_] |98| 
     341                      .dwpsn  file "C:/Users/a0221343/Git/bootROM/f28004x_bootrom/F28004x_ROM_dev_PG2.0/F28004x_ROM/bootROM
     342 0000004c 28A9          MOV       AL,#2218              ; [CPU_] |99| 
         0000004d 08AA 
     343 0000004e 5443          CMP       AL,*-SP[3]            ; [CPU_] |99| 
     344 0000004f EC04          BF        $C$L3,EQ              ; [CPU_] |99| 
     345                      ; branchcc occurs ; [] |99| 
     346                      .dwpsn  file "C:/Users/a0221343/Git/bootROM/f28004x_bootrom/F28004x_ROM_dev_PG2.0/F28004x_ROM/bootROM
     347 00000050 8F08          MOVL      XAR4,#524288          ; [CPU_U] |99| 
         00000051 0000 
     348 00000052 6F09          B         $C$L4,UNC             ; [CPU_] |99| 
     349                      ; branch occurs ; [] |99| 
     350 00000053       $C$L3:    
     351                      .dwpsn  file "C:/Users/a0221343/Git/bootROM/f28004x_bootrom/F28004x_ROM_dev_PG2.0/F28004x_ROM/bootROM
     352              $C$DW$28        .dwtag  DW_TAG_TI_branch
     353                      .dwattr $C$DW$28, DW_AT_low_pc(0x00)
     354                      .dwattr $C$DW$28, DW_AT_name("_ReadReservedFn")
     355                      .dwattr $C$DW$28, DW_AT_TI_call
     356 00000053 7640!         LCR       #_ReadReservedFn      ; [CPU_] |101| 
         00000054 0000 
     357                      ; call occurs [#_ReadReservedFn] ; [] |101| 
     358                      .dwpsn  file "C:/Users/a0221343/Git/bootROM/f28004x_bootrom/F28004x_ROM_dev_PG2.0/F28004x_ROM/bootROM
     359              $C$DW$29        .dwtag  DW_TAG_TI_branch
     360                      .dwattr $C$DW$29, DW_AT_low_pc(0x00)
     361                      .dwattr $C$DW$29, DW_AT_name("_GetLongData")
     362                      .dwattr $C$DW$29, DW_AT_TI_call
     363 00000055 7640!         LCR       #_GetLongData         ; [CPU_] |103| 
         00000056 0000 
     364                      ; call occurs [#_GetLongData] ; [] |103| 
     365 00000057 1E42          MOVL      *-SP[2],ACC           ; [CPU_] |103| 
     366                      .dwpsn  file "C:/Users/a0221343/Git/bootROM/f28004x_bootrom/F28004x_ROM_dev_PG2.0/F28004x_ROM/bootROM
     367              $C$DW$30        .dwtag  DW_TAG_TI_branch
     368                      .dwattr $C$DW$30, DW_AT_low_pc(0x00)
     369                      .dwattr $C$DW$30, DW_AT_name("_CopyData")
     370                      .dwattr $C$DW$30, DW_AT_TI_call
     371 00000058 7640!         LCR       #_CopyData            ; [CPU_] |105| 
         00000059 0000 
     372                      ; call occurs [#_CopyData] ; [] |105| 
     373                      .dwpsn  file "C:/Users/a0221343/Git/bootROM/f28004x_bootrom/F28004x_ROM_dev_PG2.0/F28004x_ROM/bootROM
TMS320C2000 Assembler PC v6.4.4 Tue Feb 14 14:42:33 2017

Tools Copyright (c) 1996-2015 Texas Instruments Incorporated
C:\Users\a0221343\AppData\Local\Temp\0286010                         PAGE    8

     374 0000005a 8A42          MOVL      XAR4,*-SP[2]          ; [CPU_] |107| 
     375 0000005b       $C$L4:    
     376                      .dwpsn  file "C:/Users/a0221343/Git/bootROM/f28004x_bootrom/F28004x_ROM_dev_PG2.0/F28004x_ROM/bootROM
     377 0000005b FE84          SUBB      SP,#4                 ; [CPU_U] |107| 
     378                      .dwcfi  cfa_offset, -2
     379 0000005c A8A9          MOVL      ACC,XAR4              ; [CPU_] |107| 
     380              $C$DW$31        .dwtag  DW_TAG_TI_branch
     381                      .dwattr $C$DW$31, DW_AT_low_pc(0x00)
     382                      .dwattr $C$DW$31, DW_AT_TI_return
     383 0000005d 0006          LRETR     ; [CPU_] 
     384                      ; return occurs ; [] 
     385                      .dwattr $C$DW$23, DW_AT_TI_end_file("C:/Users/a0221343/Git/bootROM/f28004x_bootrom/F28004x_ROM_dev_PG
     386                      .dwattr $C$DW$23, DW_AT_TI_end_line(0x6d)
     387                      .dwattr $C$DW$23, DW_AT_TI_end_column(0x01)
     388                      .dwendentry
     389                      .dwendtag $C$DW$23
     390              
     391 0000005e               .sect   ".text"
     392                      .clink
     393                      .global _Parallel_GetWordData_8bit
     394              
     395              $C$DW$32        .dwtag  DW_TAG_subprogram, DW_AT_name("Parallel_GetWordData_8bit")
     396                      .dwattr $C$DW$32, DW_AT_low_pc(_Parallel_GetWordData_8bit)
     397                      .dwattr $C$DW$32, DW_AT_high_pc(0x00)
     398                      .dwattr $C$DW$32, DW_AT_TI_symbol_name("_Parallel_GetWordData_8bit")
     399                      .dwattr $C$DW$32, DW_AT_external
     400                      .dwattr $C$DW$32, DW_AT_type(*$C$DW$T$26)
     401                      .dwattr $C$DW$32, DW_AT_TI_begin_file("C:/Users/a0221343/Git/bootROM/f28004x_bootrom/F28004x_ROM_dev_
     402                      .dwattr $C$DW$32, DW_AT_TI_begin_line(0x7a)
     403                      .dwattr $C$DW$32, DW_AT_TI_begin_column(0x0a)
     404                      .dwattr $C$DW$32, DW_AT_TI_max_frame_size(-6)
     405                      .dwpsn  file "C:/Users/a0221343/Git/bootROM/f28004x_bootrom/F28004x_ROM_dev_PG2.0/F28004x_ROM/bootROM
     406              
     407                      .dwfde $C$DW$CIE, _Parallel_GetWordData_8bit
     408              
     409              ;***************************************************************
     410              ;* FNAME: _Parallel_GetWordData_8bit    FR SIZE:   4           *
     411              ;*                                                             *
     412              ;* FUNCTION ENVIRONMENT                                        *
     413              ;*                                                             *
     414              ;* FUNCTION PROPERTIES                                         *
     415              ;*                            2 Parameter,  1 Auto,  0 SOE     *
     416              ;***************************************************************
     417              
     418 0000005e       _Parallel_GetWordData_8bit:
     419                      .dwcfi  cfa_offset, -2
     420                      .dwcfi  save_reg_to_mem, 26, 0
     421 0000005e FE04          ADDB      SP,#4                 ; [CPU_U] 
     422                      .dwcfi  cfa_offset, -6
     423              $C$DW$33        .dwtag  DW_TAG_variable, DW_AT_name("wordData")
     424                      .dwattr $C$DW$33, DW_AT_TI_symbol_name("_wordData")
     425                      .dwattr $C$DW$33, DW_AT_type(*$C$DW$T$26)
     426                      .dwattr $C$DW$33, DW_AT_location[DW_OP_breg20 -3]
     427                      .dwpsn  file "C:/Users/a0221343/Git/bootROM/f28004x_bootrom/F28004x_ROM_dev_PG2.0/F28004x_ROM/bootROM
     428 0000005f 0200          MOVB      ACC,#0                ; [CPU_] |131| 
TMS320C2000 Assembler PC v6.4.4 Tue Feb 14 14:42:33 2017

Tools Copyright (c) 1996-2015 Texas Instruments Incorporated
C:\Users\a0221343\AppData\Local\Temp\0286010                         PAGE    9

     429 00000060 1E42          MOVL      *-SP[2],ACC           ; [CPU_] |131| 
     430 00000061 0210          MOVB      ACC,#16               ; [CPU_] |131| 
     431              $C$DW$34        .dwtag  DW_TAG_TI_branch
     432                      .dwattr $C$DW$34, DW_AT_low_pc(0x00)
     433                      .dwattr $C$DW$34, DW_AT_name("_GPIO_writePin")
     434                      .dwattr $C$DW$34, DW_AT_TI_call
     435 00000062 7640'         LCR       #_GPIO_writePin       ; [CPU_] |131| 
         00000063 0018 
     436                      ; call occurs [#_GPIO_writePin] ; [] |131| 
     437                      .dwpsn  file "C:/Users/a0221343/Git/bootROM/f28004x_bootrom/F28004x_ROM_dev_PG2.0/F28004x_ROM/bootROM
     438 00000064       $C$L5:    
     439                      .dwpsn  file "C:/Users/a0221343/Git/bootROM/f28004x_bootrom/F28004x_ROM_dev_PG2.0/F28004x_ROM/bootROM
     440 00000064 020C          MOVB      ACC,#12               ; [CPU_] |132| 
     441              $C$DW$35        .dwtag  DW_TAG_TI_branch
     442                      .dwattr $C$DW$35, DW_AT_low_pc(0x00)
     443                      .dwattr $C$DW$35, DW_AT_name("_GPIO_readPin")
     444                      .dwattr $C$DW$35, DW_AT_TI_call
     445 00000065 7640'         LCR       #_GPIO_readPin        ; [CPU_] |132| 
         00000066 0000 
     446                      ; call occurs [#_GPIO_readPin] ; [] |132| 
     447 00000067 FF58          TEST      ACC                   ; [CPU_] |132| 
     448 00000068 EDFC          BF        $C$L5,NEQ             ; [CPU_] |132| 
     449                      ; branchcc occurs ; [] |132| 
     450                      .dwpsn  file "C:/Users/a0221343/Git/bootROM/f28004x_bootrom/F28004x_ROM_dev_PG2.0/F28004x_ROM/bootROM
     451 00000069 9A00          MOVB      AL,#0                 ; [CPU_] |134| 
     452              $C$DW$36        .dwtag  DW_TAG_TI_branch
     453                      .dwattr $C$DW$36, DW_AT_low_pc(0x00)
     454                      .dwattr $C$DW$36, DW_AT_name("_GPIO_readPortData")
     455                      .dwattr $C$DW$36, DW_AT_TI_call
     456 0000006a 7640'         LCR       #_GPIO_readPortData   ; [CPU_] |134| 
         0000006b 0034 
     457                      ; call occurs [#_GPIO_readPortData] ; [] |134| 
     458 0000006c 90FF          ANDB      AL,#0xff              ; [CPU_] |134| 
     459 0000006d 9643          MOV       *-SP[3],AL            ; [CPU_] |134| 
     460                      .dwpsn  file "C:/Users/a0221343/Git/bootROM/f28004x_bootrom/F28004x_ROM_dev_PG2.0/F28004x_ROM/bootROM
     461 0000006e 0201          MOVB      ACC,#1                ; [CPU_] |140| 
     462 0000006f 1E42          MOVL      *-SP[2],ACC           ; [CPU_] |140| 
     463 00000070 0210          MOVB      ACC,#16               ; [CPU_] |140| 
     464              $C$DW$37        .dwtag  DW_TAG_TI_branch
     465                      .dwattr $C$DW$37, DW_AT_low_pc(0x00)
     466                      .dwattr $C$DW$37, DW_AT_name("_GPIO_writePin")
     467                      .dwattr $C$DW$37, DW_AT_TI_call
     468 00000071 7640'         LCR       #_GPIO_writePin       ; [CPU_] |140| 
         00000072 0018 
     469                      ; call occurs [#_GPIO_writePin] ; [] |140| 
     470                      .dwpsn  file "C:/Users/a0221343/Git/bootROM/f28004x_bootrom/F28004x_ROM_dev_PG2.0/F28004x_ROM/bootROM
     471 00000073       $C$L6:    
     472                      .dwpsn  file "C:/Users/a0221343/Git/bootROM/f28004x_bootrom/F28004x_ROM_dev_PG2.0/F28004x_ROM/bootROM
     473 00000073 020C          MOVB      ACC,#12               ; [CPU_] |141| 
     474              $C$DW$38        .dwtag  DW_TAG_TI_branch
     475                      .dwattr $C$DW$38, DW_AT_low_pc(0x00)
     476                      .dwattr $C$DW$38, DW_AT_name("_GPIO_readPin")
     477                      .dwattr $C$DW$38, DW_AT_TI_call
     478 00000074 7640'         LCR       #_GPIO_readPin        ; [CPU_] |141| 
         00000075 0000 
TMS320C2000 Assembler PC v6.4.4 Tue Feb 14 14:42:33 2017

Tools Copyright (c) 1996-2015 Texas Instruments Incorporated
C:\Users\a0221343\AppData\Local\Temp\0286010                         PAGE   10

     479                      ; call occurs [#_GPIO_readPin] ; [] |141| 
     480 00000076 1EA6          MOVL      XAR6,ACC              ; [CPU_] |141| 
     481 00000077 0201          MOVB      ACC,#1                ; [CPU_] |141| 
     482 00000078 0FA6          CMPL      ACC,XAR6              ; [CPU_] |141| 
     483 00000079 EDFA          BF        $C$L6,NEQ             ; [CPU_] |141| 
     484                      ; branchcc occurs ; [] |141| 
     485                      .dwpsn  file "C:/Users/a0221343/Git/bootROM/f28004x_bootrom/F28004x_ROM_dev_PG2.0/F28004x_ROM/bootROM
     486 0000007a 1843          AND       *-SP[3],#0x00ff       ; [CPU_] |144| 
         0000007b 00FF 
     487                      .dwpsn  file "C:/Users/a0221343/Git/bootROM/f28004x_bootrom/F28004x_ROM_dev_PG2.0/F28004x_ROM/bootROM
     488 0000007c 0200          MOVB      ACC,#0                ; [CPU_] |150| 
     489 0000007d 1E42          MOVL      *-SP[2],ACC           ; [CPU_] |150| 
     490 0000007e 0210          MOVB      ACC,#16               ; [CPU_] |150| 
     491              $C$DW$39        .dwtag  DW_TAG_TI_branch
     492                      .dwattr $C$DW$39, DW_AT_low_pc(0x00)
     493                      .dwattr $C$DW$39, DW_AT_name("_GPIO_writePin")
     494                      .dwattr $C$DW$39, DW_AT_TI_call
     495 0000007f 7640'         LCR       #_GPIO_writePin       ; [CPU_] |150| 
         00000080 0018 
     496                      ; call occurs [#_GPIO_writePin] ; [] |150| 
     497                      .dwpsn  file "C:/Users/a0221343/Git/bootROM/f28004x_bootrom/F28004x_ROM_dev_PG2.0/F28004x_ROM/bootROM
     498 00000081       $C$L7:    
     499                      .dwpsn  file "C:/Users/a0221343/Git/bootROM/f28004x_bootrom/F28004x_ROM_dev_PG2.0/F28004x_ROM/bootROM
     500 00000081 020C          MOVB      ACC,#12               ; [CPU_] |151| 
     501              $C$DW$40        .dwtag  DW_TAG_TI_branch
     502                      .dwattr $C$DW$40, DW_AT_low_pc(0x00)
     503                      .dwattr $C$DW$40, DW_AT_name("_GPIO_readPin")
     504                      .dwattr $C$DW$40, DW_AT_TI_call
     505 00000082 7640'         LCR       #_GPIO_readPin        ; [CPU_] |151| 
         00000083 0000 
     506                      ; call occurs [#_GPIO_readPin] ; [] |151| 
     507 00000084 FF58          TEST      ACC                   ; [CPU_] |151| 
     508 00000085 EDFC          BF        $C$L7,NEQ             ; [CPU_] |151| 
     509                      ; branchcc occurs ; [] |151| 
     510                      .dwpsn  file "C:/Users/a0221343/Git/bootROM/f28004x_bootrom/F28004x_ROM_dev_PG2.0/F28004x_ROM/bootROM
     511 00000086 9A00          MOVB      AL,#0                 ; [CPU_] |153| 
     512              $C$DW$41        .dwtag  DW_TAG_TI_branch
     513                      .dwattr $C$DW$41, DW_AT_low_pc(0x00)
     514                      .dwattr $C$DW$41, DW_AT_name("_GPIO_readPortData")
     515                      .dwattr $C$DW$41, DW_AT_TI_call
     516 00000087 7640'         LCR       #_GPIO_readPortData   ; [CPU_] |153| 
         00000088 0034 
     517                      ; call occurs [#_GPIO_readPortData] ; [] |153| 
     518 00000089 5603          MOV       ACC,AL << #8          ; [CPU_] |153| 
         0000008a 08A9 
     519 0000008b 9843          OR        *-SP[3],AL            ; [CPU_] |153| 
     520                      .dwpsn  file "C:/Users/a0221343/Git/bootROM/f28004x_bootrom/F28004x_ROM_dev_PG2.0/F28004x_ROM/bootROM
     521 0000008c 0201          MOVB      ACC,#1                ; [CPU_] |159| 
     522 0000008d 1E42          MOVL      *-SP[2],ACC           ; [CPU_] |159| 
     523 0000008e 0210          MOVB      ACC,#16               ; [CPU_] |159| 
     524              $C$DW$42        .dwtag  DW_TAG_TI_branch
     525                      .dwattr $C$DW$42, DW_AT_low_pc(0x00)
     526                      .dwattr $C$DW$42, DW_AT_name("_GPIO_writePin")
     527                      .dwattr $C$DW$42, DW_AT_TI_call
     528 0000008f 7640'         LCR       #_GPIO_writePin       ; [CPU_] |159| 
TMS320C2000 Assembler PC v6.4.4 Tue Feb 14 14:42:33 2017

Tools Copyright (c) 1996-2015 Texas Instruments Incorporated
C:\Users\a0221343\AppData\Local\Temp\0286010                         PAGE   11

         00000090 0018 
     529                      ; call occurs [#_GPIO_writePin] ; [] |159| 
     530                      .dwpsn  file "C:/Users/a0221343/Git/bootROM/f28004x_bootrom/F28004x_ROM_dev_PG2.0/F28004x_ROM/bootROM
     531 00000091       $C$L8:    
     532                      .dwpsn  file "C:/Users/a0221343/Git/bootROM/f28004x_bootrom/F28004x_ROM_dev_PG2.0/F28004x_ROM/bootROM
     533 00000091 020C          MOVB      ACC,#12               ; [CPU_] |160| 
     534              $C$DW$43        .dwtag  DW_TAG_TI_branch
     535                      .dwattr $C$DW$43, DW_AT_low_pc(0x00)
     536                      .dwattr $C$DW$43, DW_AT_name("_GPIO_readPin")
     537                      .dwattr $C$DW$43, DW_AT_TI_call
     538 00000092 7640'         LCR       #_GPIO_readPin        ; [CPU_] |160| 
         00000093 0000 
     539                      ; call occurs [#_GPIO_readPin] ; [] |160| 
     540 00000094 1EA6          MOVL      XAR6,ACC              ; [CPU_] |160| 
     541 00000095 0201          MOVB      ACC,#1                ; [CPU_] |160| 
     542 00000096 0FA6          CMPL      ACC,XAR6              ; [CPU_] |160| 
     543 00000097 EDFA          BF        $C$L8,NEQ             ; [CPU_] |160| 
     544                      ; branchcc occurs ; [] |160| 
     545                      .dwpsn  file "C:/Users/a0221343/Git/bootROM/f28004x_bootrom/F28004x_ROM_dev_PG2.0/F28004x_ROM/bootROM
     546 00000098 9243          MOV       AL,*-SP[3]            ; [CPU_] |162| 
     547                      .dwpsn  file "C:/Users/a0221343/Git/bootROM/f28004x_bootrom/F28004x_ROM_dev_PG2.0/F28004x_ROM/bootROM
     548 00000099 FE84          SUBB      SP,#4                 ; [CPU_U] 
     549                      .dwcfi  cfa_offset, -2
     550              $C$DW$44        .dwtag  DW_TAG_TI_branch
     551                      .dwattr $C$DW$44, DW_AT_low_pc(0x00)
     552                      .dwattr $C$DW$44, DW_AT_TI_return
     553 0000009a 0006          LRETR     ; [CPU_] 
     554                      ; return occurs ; [] 
     555                      .dwattr $C$DW$32, DW_AT_TI_end_file("C:/Users/a0221343/Git/bootROM/f28004x_bootrom/F28004x_ROM_dev_PG
     556                      .dwattr $C$DW$32, DW_AT_TI_end_line(0xa3)
     557                      .dwattr $C$DW$32, DW_AT_TI_end_column(0x01)
     558                      .dwendentry
     559                      .dwendtag $C$DW$32
     560              
     561 0000009b               .sect   ".text"
     562                      .clink
     563                      .global _Parallel_GPIOSelect
     564              
     565              $C$DW$45        .dwtag  DW_TAG_subprogram, DW_AT_name("Parallel_GPIOSelect")
     566                      .dwattr $C$DW$45, DW_AT_low_pc(_Parallel_GPIOSelect)
     567                      .dwattr $C$DW$45, DW_AT_high_pc(0x00)
     568                      .dwattr $C$DW$45, DW_AT_TI_symbol_name("_Parallel_GPIOSelect")
     569                      .dwattr $C$DW$45, DW_AT_external
     570                      .dwattr $C$DW$45, DW_AT_TI_begin_file("C:/Users/a0221343/Git/bootROM/f28004x_bootrom/F28004x_ROM_dev_
     571                      .dwattr $C$DW$45, DW_AT_TI_begin_line(0xa5)
     572                      .dwattr $C$DW$45, DW_AT_TI_begin_column(0x06)
     573                      .dwattr $C$DW$45, DW_AT_TI_max_frame_size(-2)
     574                      .dwpsn  file "C:/Users/a0221343/Git/bootROM/f28004x_bootrom/F28004x_ROM_dev_PG2.0/F28004x_ROM/bootROM
     575              
     576                      .dwfde $C$DW$CIE, _Parallel_GPIOSelect
     577              
     578              ;***************************************************************
     579              ;* FNAME: _Parallel_GPIOSelect          FR SIZE:   0           *
     580              ;*                                                             *
     581              ;* FUNCTION ENVIRONMENT                                        *
TMS320C2000 Assembler PC v6.4.4 Tue Feb 14 14:42:33 2017

Tools Copyright (c) 1996-2015 Texas Instruments Incorporated
C:\Users\a0221343\AppData\Local\Temp\0286010                         PAGE   12

     582              ;*                                                             *
     583              ;* FUNCTION PROPERTIES                                         *
     584              ;*                            0 Parameter,  0 Auto,  0 SOE     *
     585              ;***************************************************************
     586              
     587 0000009b       _Parallel_GPIOSelect:
     588                      .dwcfi  cfa_offset, -2
     589                      .dwcfi  save_reg_to_mem, 26, 0
     590                      .dwpsn  file "C:/Users/a0221343/Git/bootROM/f28004x_bootrom/F28004x_ROM_dev_PG2.0/F28004x_ROM/bootROM
     591 0000009b 7622   EALLOW
     592                      .dwpsn  file "C:/Users/a0221343/Git/bootROM/f28004x_bootrom/F28004x_ROM_dev_PG2.0/F28004x_ROM/bootROM
     593 0000009c 8F00          MOVL      XAR4,#31756           ; [CPU_U] |182| 
         0000009d 7C0C 
     594 0000009e 18C4          AND       *+XAR4[0],#65280      ; [CPU_] |182| 
         0000009f FF00 
     595                      .dwpsn  file "C:/Users/a0221343/Git/bootROM/f28004x_bootrom/F28004x_ROM_dev_PG2.0/F28004x_ROM/bootROM
     596 000000a0 8F00          MOVL      XAR4,#31750           ; [CPU_U] |186| 
         000000a1 7C06 
     597 000000a2 18C4          AND       *+XAR4[0],#0          ; [CPU_] |186| 
         000000a3 0000 
     598 000000a4 18CC          AND       *+XAR4[1],#64767      ; [CPU_] |186| 
         000000a5 FCFF 
     599                      .dwpsn  file "C:/Users/a0221343/Git/bootROM/f28004x_bootrom/F28004x_ROM_dev_PG2.0/F28004x_ROM/bootROM
     600 000000a6 8F00          MOVL      XAR4,#31776           ; [CPU_U] |187| 
         000000a7 7C20 
     601 000000a8 18C4          AND       *+XAR4[0],#0          ; [CPU_] |187| 
         000000a9 0000 
     602 000000aa 18CC          AND       *+XAR4[1],#64767      ; [CPU_] |187| 
         000000ab FCFF 
     603                      .dwpsn  file "C:/Users/a0221343/Git/bootROM/f28004x_bootrom/F28004x_ROM_dev_PG2.0/F28004x_ROM/bootROM
     604 000000ac 8F00          MOVL      XAR4,#31752           ; [CPU_U] |188| 
         000000ad 7C08 
     605 000000ae 18C4          AND       *+XAR4[0],#65532      ; [CPU_] |188| 
         000000af FFFC 
     606                      .dwpsn  file "C:/Users/a0221343/Git/bootROM/f28004x_bootrom/F28004x_ROM_dev_PG2.0/F28004x_ROM/bootROM
     607 000000b0 8F00          MOVL      XAR4,#31778           ; [CPU_U] |189| 
         000000b1 7C22 
     608 000000b2 18C4          AND       *+XAR4[0],#65532      ; [CPU_] |189| 
         000000b3 FFFC 
     609                      .dwpsn  file "C:/Users/a0221343/Git/bootROM/f28004x_bootrom/F28004x_ROM_dev_PG2.0/F28004x_ROM/bootROM
     610 000000b4 8F00          MOVL      XAR4,#31754           ; [CPU_U] |201| 
         000000b5 7C0A 
     611 000000b6 18C4          AND       *+XAR4[0],#61184      ; [CPU_] |201| 
         000000b7 EF00 
     612                      .dwpsn  file "C:/Users/a0221343/Git/bootROM/f28004x_bootrom/F28004x_ROM_dev_PG2.0/F28004x_ROM/bootROM
     613 000000b8 1ACC          OR        *+XAR4[1],#1          ; [CPU_] |203| 
         000000b9 0001 
     614                      .dwpsn  file "C:/Users/a0221343/Git/bootROM/f28004x_bootrom/F28004x_ROM_dev_PG2.0/F28004x_ROM/bootROM
     615 000000ba 761A   EDIS
     616                      .dwpsn  file "C:/Users/a0221343/Git/bootROM/f28004x_bootrom/F28004x_ROM_dev_PG2.0/F28004x_ROM/bootROM
     617 000000bb FF69          SPM       #0                    ; [CPU_] 
     618              $C$DW$46        .dwtag  DW_TAG_TI_branch
     619                      .dwattr $C$DW$46, DW_AT_low_pc(0x00)
     620                      .dwattr $C$DW$46, DW_AT_TI_return
     621 000000bc 0006          LRETR     ; [CPU_] 
TMS320C2000 Assembler PC v6.4.4 Tue Feb 14 14:42:33 2017

Tools Copyright (c) 1996-2015 Texas Instruments Incorporated
C:\Users\a0221343\AppData\Local\Temp\0286010                         PAGE   13

     622                      ; return occurs ; [] 
     623                      .dwattr $C$DW$45, DW_AT_TI_end_file("C:/Users/a0221343/Git/bootROM/f28004x_bootrom/F28004x_ROM_dev_PG
     624                      .dwattr $C$DW$45, DW_AT_TI_end_line(0xcf)
     625                      .dwattr $C$DW$45, DW_AT_TI_end_column(0x01)
     626                      .dwendentry
     627                      .dwendtag $C$DW$45
     628              
     629              ;**************************************************************
     630              ;* UNDEFINED EXTERNAL REFERENCES                              *
     631              ;**************************************************************
     632                      .global _ReadReservedFn
     633                      .global _CopyData
     634                      .global _GetWordData
     635                      .global _GetLongData
     636              
     637              ;***************************************************************
     638              ;* TYPE INFORMATION                                            *
     639              ;***************************************************************
     640              
     641              $C$DW$T$19      .dwtag  DW_TAG_enumeration_type
     642                      .dwattr $C$DW$T$19, DW_AT_byte_size(0x01)
     643              $C$DW$47        .dwtag  DW_TAG_enumerator, DW_AT_name("GPIO_PORT_A"), DW_AT_const_value(0x00)
     644              $C$DW$48        .dwtag  DW_TAG_enumerator, DW_AT_name("GPIO_PORT_B"), DW_AT_const_value(0x01)
     645              $C$DW$49        .dwtag  DW_TAG_enumerator, DW_AT_name("GPIO_PORT_H"), DW_AT_const_value(0x07)
     646                      .dwendtag $C$DW$T$19
     647              
     648              $C$DW$T$20      .dwtag  DW_TAG_typedef, DW_AT_name("GPIO_Port")
     649                      .dwattr $C$DW$T$20, DW_AT_type(*$C$DW$T$19)
     650                      .dwattr $C$DW$T$20, DW_AT_language(DW_LANG_C)
     651              $C$DW$T$2       .dwtag  DW_TAG_unspecified_type
     652                      .dwattr $C$DW$T$2, DW_AT_name("void")
     653              $C$DW$T$4       .dwtag  DW_TAG_base_type
     654                      .dwattr $C$DW$T$4, DW_AT_encoding(DW_ATE_boolean)
     655                      .dwattr $C$DW$T$4, DW_AT_name("bool")
     656                      .dwattr $C$DW$T$4, DW_AT_byte_size(0x01)
     657              $C$DW$T$5       .dwtag  DW_TAG_base_type
     658                      .dwattr $C$DW$T$5, DW_AT_encoding(DW_ATE_signed_char)
     659                      .dwattr $C$DW$T$5, DW_AT_name("signed char")
     660                      .dwattr $C$DW$T$5, DW_AT_byte_size(0x01)
     661              $C$DW$T$6       .dwtag  DW_TAG_base_type
     662                      .dwattr $C$DW$T$6, DW_AT_encoding(DW_ATE_unsigned_char)
     663                      .dwattr $C$DW$T$6, DW_AT_name("unsigned char")
     664                      .dwattr $C$DW$T$6, DW_AT_byte_size(0x01)
     665              $C$DW$T$7       .dwtag  DW_TAG_base_type
     666                      .dwattr $C$DW$T$7, DW_AT_encoding(DW_ATE_signed_char)
     667                      .dwattr $C$DW$T$7, DW_AT_name("wchar_t")
     668                      .dwattr $C$DW$T$7, DW_AT_byte_size(0x01)
     669              $C$DW$T$8       .dwtag  DW_TAG_base_type
     670                      .dwattr $C$DW$T$8, DW_AT_encoding(DW_ATE_signed)
     671                      .dwattr $C$DW$T$8, DW_AT_name("short")
     672                      .dwattr $C$DW$T$8, DW_AT_byte_size(0x01)
     673              $C$DW$T$9       .dwtag  DW_TAG_base_type
     674                      .dwattr $C$DW$T$9, DW_AT_encoding(DW_ATE_unsigned)
     675                      .dwattr $C$DW$T$9, DW_AT_name("unsigned short")
     676                      .dwattr $C$DW$T$9, DW_AT_byte_size(0x01)
TMS320C2000 Assembler PC v6.4.4 Tue Feb 14 14:42:33 2017

Tools Copyright (c) 1996-2015 Texas Instruments Incorporated
C:\Users\a0221343\AppData\Local\Temp\0286010                         PAGE   14

     677              $C$DW$T$10      .dwtag  DW_TAG_base_type
     678                      .dwattr $C$DW$T$10, DW_AT_encoding(DW_ATE_signed)
     679                      .dwattr $C$DW$T$10, DW_AT_name("int")
     680                      .dwattr $C$DW$T$10, DW_AT_byte_size(0x01)
     681              $C$DW$T$11      .dwtag  DW_TAG_base_type
     682                      .dwattr $C$DW$T$11, DW_AT_encoding(DW_ATE_unsigned)
     683                      .dwattr $C$DW$T$11, DW_AT_name("unsigned int")
     684                      .dwattr $C$DW$T$11, DW_AT_byte_size(0x01)
     685              $C$DW$T$26      .dwtag  DW_TAG_typedef, DW_AT_name("uint16_t")
     686                      .dwattr $C$DW$T$26, DW_AT_type(*$C$DW$T$11)
     687                      .dwattr $C$DW$T$26, DW_AT_language(DW_LANG_C)
     688              
     689              $C$DW$T$29      .dwtag  DW_TAG_subroutine_type
     690                      .dwattr $C$DW$T$29, DW_AT_type(*$C$DW$T$26)
     691                      .dwattr $C$DW$T$29, DW_AT_language(DW_LANG_C)
     692              $C$DW$T$30      .dwtag  DW_TAG_pointer_type
     693                      .dwattr $C$DW$T$30, DW_AT_type(*$C$DW$T$29)
     694                      .dwattr $C$DW$T$30, DW_AT_address_class(0x20)
     695              $C$DW$T$31      .dwtag  DW_TAG_typedef, DW_AT_name("uint16fptr")
     696                      .dwattr $C$DW$T$31, DW_AT_type(*$C$DW$T$30)
     697                      .dwattr $C$DW$T$31, DW_AT_language(DW_LANG_C)
     698              $C$DW$T$12      .dwtag  DW_TAG_base_type
     699                      .dwattr $C$DW$T$12, DW_AT_encoding(DW_ATE_signed)
     700                      .dwattr $C$DW$T$12, DW_AT_name("long")
     701                      .dwattr $C$DW$T$12, DW_AT_byte_size(0x02)
     702              $C$DW$T$13      .dwtag  DW_TAG_base_type
     703                      .dwattr $C$DW$T$13, DW_AT_encoding(DW_ATE_unsigned)
     704                      .dwattr $C$DW$T$13, DW_AT_name("unsigned long")
     705                      .dwattr $C$DW$T$13, DW_AT_byte_size(0x02)
     706              $C$DW$T$21      .dwtag  DW_TAG_typedef, DW_AT_name("uint32_t")
     707                      .dwattr $C$DW$T$21, DW_AT_type(*$C$DW$T$13)
     708                      .dwattr $C$DW$T$21, DW_AT_language(DW_LANG_C)
     709              $C$DW$T$39      .dwtag  DW_TAG_pointer_type
     710                      .dwattr $C$DW$T$39, DW_AT_type(*$C$DW$T$21)
     711                      .dwattr $C$DW$T$39, DW_AT_address_class(0x20)
     712              $C$DW$T$14      .dwtag  DW_TAG_base_type
     713                      .dwattr $C$DW$T$14, DW_AT_encoding(DW_ATE_signed)
     714                      .dwattr $C$DW$T$14, DW_AT_name("long long")
     715                      .dwattr $C$DW$T$14, DW_AT_byte_size(0x04)
     716              $C$DW$T$15      .dwtag  DW_TAG_base_type
     717                      .dwattr $C$DW$T$15, DW_AT_encoding(DW_ATE_unsigned)
     718                      .dwattr $C$DW$T$15, DW_AT_name("unsigned long long")
     719                      .dwattr $C$DW$T$15, DW_AT_byte_size(0x04)
     720              $C$DW$T$16      .dwtag  DW_TAG_base_type
     721                      .dwattr $C$DW$T$16, DW_AT_encoding(DW_ATE_float)
     722                      .dwattr $C$DW$T$16, DW_AT_name("float")
     723                      .dwattr $C$DW$T$16, DW_AT_byte_size(0x02)
     724              $C$DW$T$17      .dwtag  DW_TAG_base_type
     725                      .dwattr $C$DW$T$17, DW_AT_encoding(DW_ATE_float)
     726                      .dwattr $C$DW$T$17, DW_AT_name("double")
     727                      .dwattr $C$DW$T$17, DW_AT_byte_size(0x02)
     728              $C$DW$T$18      .dwtag  DW_TAG_base_type
     729                      .dwattr $C$DW$T$18, DW_AT_encoding(DW_ATE_float)
     730                      .dwattr $C$DW$T$18, DW_AT_name("long double")
     731                      .dwattr $C$DW$T$18, DW_AT_byte_size(0x04)
TMS320C2000 Assembler PC v6.4.4 Tue Feb 14 14:42:33 2017

Tools Copyright (c) 1996-2015 Texas Instruments Incorporated
C:\Users\a0221343\AppData\Local\Temp\0286010                         PAGE   15

     732                      .dwattr $C$DW$CU, DW_AT_language(DW_LANG_C)
     733              
     734              ;***************************************************************
     735              ;* DWARF CIE ENTRIES                                           *
     736              ;***************************************************************
     737              
     738              $C$DW$CIE       .dwcie 26
     739                      .dwcfi  cfa_register, 20
     740                      .dwcfi  cfa_offset, 0
     741                      .dwcfi  undefined, 0
     742                      .dwcfi  undefined, 1
     743                      .dwcfi  undefined, 2
     744                      .dwcfi  undefined, 3
     745                      .dwcfi  undefined, 20
     746                      .dwcfi  undefined, 21
     747                      .dwcfi  undefined, 22
     748                      .dwcfi  undefined, 23
     749                      .dwcfi  undefined, 24
     750                      .dwcfi  undefined, 25
     751                      .dwcfi  undefined, 26
     752                      .dwcfi  same_value, 28
     753                      .dwcfi  undefined, 29
     754                      .dwcfi  undefined, 30
     755                      .dwcfi  undefined, 31
     756                      .dwcfi  undefined, 32
     757                      .dwcfi  undefined, 33
     758                      .dwcfi  undefined, 34
     759                      .dwcfi  undefined, 35
     760                      .dwcfi  undefined, 36
     761                      .dwcfi  undefined, 37
     762                      .dwcfi  undefined, 38
     763                      .dwcfi  undefined, 75
     764                      .dwcfi  undefined, 76
     765                      .dwcfi  undefined, 77
     766                      .dwcfi  undefined, 4
     767                      .dwcfi  undefined, 5
     768                      .dwcfi  same_value, 6
     769                      .dwcfi  same_value, 7
     770                      .dwcfi  same_value, 8
     771                      .dwcfi  same_value, 9
     772                      .dwcfi  same_value, 10
     773                      .dwcfi  same_value, 11
     774                      .dwcfi  undefined, 12
     775                      .dwcfi  undefined, 13
     776                      .dwcfi  undefined, 14
     777                      .dwcfi  undefined, 15
     778                      .dwcfi  undefined, 16
     779                      .dwcfi  undefined, 17
     780                      .dwcfi  undefined, 18
     781                      .dwcfi  undefined, 19
     782                      .dwcfi  undefined, 43
     783                      .dwcfi  undefined, 44
     784                      .dwcfi  undefined, 47
     785                      .dwcfi  undefined, 48
     786                      .dwcfi  undefined, 51
TMS320C2000 Assembler PC v6.4.4 Tue Feb 14 14:42:33 2017

Tools Copyright (c) 1996-2015 Texas Instruments Incorporated
C:\Users\a0221343\AppData\Local\Temp\0286010                         PAGE   16

     787                      .dwcfi  undefined, 52
     788                      .dwcfi  undefined, 55
     789                      .dwcfi  undefined, 56
     790                      .dwcfi  same_value, 59
     791                      .dwcfi  same_value, 60
     792                      .dwcfi  same_value, 63
     793                      .dwcfi  same_value, 64
     794                      .dwcfi  same_value, 67
     795                      .dwcfi  same_value, 68
     796                      .dwcfi  same_value, 71
     797                      .dwcfi  same_value, 72
     798                      .dwcfi  undefined, 73
     799                      .dwcfi  undefined, 74
     800                      .dwcfi  undefined, 39
     801                      .dwcfi  undefined, 40
     802                      .dwcfi  undefined, 27
     803                      .dwendentry
     804              
     805              ;***************************************************************
     806              ;* DWARF REGISTER MAP                                          *
     807              ;***************************************************************
     808              
     809              $C$DW$50        .dwtag  DW_TAG_TI_assign_register, DW_AT_name("AL")
     810                      .dwattr $C$DW$50, DW_AT_location[DW_OP_reg0]
     811              $C$DW$51        .dwtag  DW_TAG_TI_assign_register, DW_AT_name("AH")
     812                      .dwattr $C$DW$51, DW_AT_location[DW_OP_reg1]
     813              $C$DW$52        .dwtag  DW_TAG_TI_assign_register, DW_AT_name("PL")
     814                      .dwattr $C$DW$52, DW_AT_location[DW_OP_reg2]
     815              $C$DW$53        .dwtag  DW_TAG_TI_assign_register, DW_AT_name("PH")
     816                      .dwattr $C$DW$53, DW_AT_location[DW_OP_reg3]
     817              $C$DW$54        .dwtag  DW_TAG_TI_assign_register, DW_AT_name("SP")
     818                      .dwattr $C$DW$54, DW_AT_location[DW_OP_reg20]
     819              $C$DW$55        .dwtag  DW_TAG_TI_assign_register, DW_AT_name("XT")
     820                      .dwattr $C$DW$55, DW_AT_location[DW_OP_reg21]
     821              $C$DW$56        .dwtag  DW_TAG_TI_assign_register, DW_AT_name("T")
     822                      .dwattr $C$DW$56, DW_AT_location[DW_OP_reg22]
     823              $C$DW$57        .dwtag  DW_TAG_TI_assign_register, DW_AT_name("ST0")
     824                      .dwattr $C$DW$57, DW_AT_location[DW_OP_reg23]
     825              $C$DW$58        .dwtag  DW_TAG_TI_assign_register, DW_AT_name("ST1")
     826                      .dwattr $C$DW$58, DW_AT_location[DW_OP_reg24]
     827              $C$DW$59        .dwtag  DW_TAG_TI_assign_register, DW_AT_name("PC")
     828                      .dwattr $C$DW$59, DW_AT_location[DW_OP_reg25]
     829              $C$DW$60        .dwtag  DW_TAG_TI_assign_register, DW_AT_name("RPC")
     830                      .dwattr $C$DW$60, DW_AT_location[DW_OP_reg26]
     831              $C$DW$61        .dwtag  DW_TAG_TI_assign_register, DW_AT_name("FP")
     832                      .dwattr $C$DW$61, DW_AT_location[DW_OP_reg28]
     833              $C$DW$62        .dwtag  DW_TAG_TI_assign_register, DW_AT_name("DP")
     834                      .dwattr $C$DW$62, DW_AT_location[DW_OP_reg29]
     835              $C$DW$63        .dwtag  DW_TAG_TI_assign_register, DW_AT_name("SXM")
     836                      .dwattr $C$DW$63, DW_AT_location[DW_OP_reg30]
     837              $C$DW$64        .dwtag  DW_TAG_TI_assign_register, DW_AT_name("PM")
     838                      .dwattr $C$DW$64, DW_AT_location[DW_OP_reg31]
     839              $C$DW$65        .dwtag  DW_TAG_TI_assign_register, DW_AT_name("OVM")
     840                      .dwattr $C$DW$65, DW_AT_location[DW_OP_regx 0x20]
     841              $C$DW$66        .dwtag  DW_TAG_TI_assign_register, DW_AT_name("PAGE0")
TMS320C2000 Assembler PC v6.4.4 Tue Feb 14 14:42:33 2017

Tools Copyright (c) 1996-2015 Texas Instruments Incorporated
C:\Users\a0221343\AppData\Local\Temp\0286010                         PAGE   17

     842                      .dwattr $C$DW$66, DW_AT_location[DW_OP_regx 0x21]
     843              $C$DW$67        .dwtag  DW_TAG_TI_assign_register, DW_AT_name("AMODE")
     844                      .dwattr $C$DW$67, DW_AT_location[DW_OP_regx 0x22]
     845              $C$DW$68        .dwtag  DW_TAG_TI_assign_register, DW_AT_name("INTM")
     846                      .dwattr $C$DW$68, DW_AT_location[DW_OP_regx 0x23]
     847              $C$DW$69        .dwtag  DW_TAG_TI_assign_register, DW_AT_name("IFR")
     848                      .dwattr $C$DW$69, DW_AT_location[DW_OP_regx 0x24]
     849              $C$DW$70        .dwtag  DW_TAG_TI_assign_register, DW_AT_name("IER")
     850                      .dwattr $C$DW$70, DW_AT_location[DW_OP_regx 0x25]
     851              $C$DW$71        .dwtag  DW_TAG_TI_assign_register, DW_AT_name("V")
     852                      .dwattr $C$DW$71, DW_AT_location[DW_OP_regx 0x26]
     853              $C$DW$72        .dwtag  DW_TAG_TI_assign_register, DW_AT_name("PSEUDOH")
     854                      .dwattr $C$DW$72, DW_AT_location[DW_OP_regx 0x4c]
     855              $C$DW$73        .dwtag  DW_TAG_TI_assign_register, DW_AT_name("VOL")
     856                      .dwattr $C$DW$73, DW_AT_location[DW_OP_regx 0x4d]
     857              $C$DW$74        .dwtag  DW_TAG_TI_assign_register, DW_AT_name("AR0")
     858                      .dwattr $C$DW$74, DW_AT_location[DW_OP_reg4]
     859              $C$DW$75        .dwtag  DW_TAG_TI_assign_register, DW_AT_name("XAR0")
     860                      .dwattr $C$DW$75, DW_AT_location[DW_OP_reg5]
     861              $C$DW$76        .dwtag  DW_TAG_TI_assign_register, DW_AT_name("AR1")
     862                      .dwattr $C$DW$76, DW_AT_location[DW_OP_reg6]
     863              $C$DW$77        .dwtag  DW_TAG_TI_assign_register, DW_AT_name("XAR1")
     864                      .dwattr $C$DW$77, DW_AT_location[DW_OP_reg7]
     865              $C$DW$78        .dwtag  DW_TAG_TI_assign_register, DW_AT_name("AR2")
     866                      .dwattr $C$DW$78, DW_AT_location[DW_OP_reg8]
     867              $C$DW$79        .dwtag  DW_TAG_TI_assign_register, DW_AT_name("XAR2")
     868                      .dwattr $C$DW$79, DW_AT_location[DW_OP_reg9]
     869              $C$DW$80        .dwtag  DW_TAG_TI_assign_register, DW_AT_name("AR3")
     870                      .dwattr $C$DW$80, DW_AT_location[DW_OP_reg10]
     871              $C$DW$81        .dwtag  DW_TAG_TI_assign_register, DW_AT_name("XAR3")
     872                      .dwattr $C$DW$81, DW_AT_location[DW_OP_reg11]
     873              $C$DW$82        .dwtag  DW_TAG_TI_assign_register, DW_AT_name("AR4")
     874                      .dwattr $C$DW$82, DW_AT_location[DW_OP_reg12]
     875              $C$DW$83        .dwtag  DW_TAG_TI_assign_register, DW_AT_name("XAR4")
     876                      .dwattr $C$DW$83, DW_AT_location[DW_OP_reg13]
     877              $C$DW$84        .dwtag  DW_TAG_TI_assign_register, DW_AT_name("AR5")
     878                      .dwattr $C$DW$84, DW_AT_location[DW_OP_reg14]
     879              $C$DW$85        .dwtag  DW_TAG_TI_assign_register, DW_AT_name("XAR5")
     880                      .dwattr $C$DW$85, DW_AT_location[DW_OP_reg15]
     881              $C$DW$86        .dwtag  DW_TAG_TI_assign_register, DW_AT_name("AR6")
     882                      .dwattr $C$DW$86, DW_AT_location[DW_OP_reg16]
     883              $C$DW$87        .dwtag  DW_TAG_TI_assign_register, DW_AT_name("XAR6")
     884                      .dwattr $C$DW$87, DW_AT_location[DW_OP_reg17]
     885              $C$DW$88        .dwtag  DW_TAG_TI_assign_register, DW_AT_name("AR7")
     886                      .dwattr $C$DW$88, DW_AT_location[DW_OP_reg18]
     887              $C$DW$89        .dwtag  DW_TAG_TI_assign_register, DW_AT_name("XAR7")
     888                      .dwattr $C$DW$89, DW_AT_location[DW_OP_reg19]
     889              $C$DW$90        .dwtag  DW_TAG_TI_assign_register, DW_AT_name("R0HL")
     890                      .dwattr $C$DW$90, DW_AT_location[DW_OP_regx 0x2b]
     891              $C$DW$91        .dwtag  DW_TAG_TI_assign_register, DW_AT_name("R0H")
     892                      .dwattr $C$DW$91, DW_AT_location[DW_OP_regx 0x2c]
     893              $C$DW$92        .dwtag  DW_TAG_TI_assign_register, DW_AT_name("R1HL")
     894                      .dwattr $C$DW$92, DW_AT_location[DW_OP_regx 0x2f]
     895              $C$DW$93        .dwtag  DW_TAG_TI_assign_register, DW_AT_name("R1H")
     896                      .dwattr $C$DW$93, DW_AT_location[DW_OP_regx 0x30]
TMS320C2000 Assembler PC v6.4.4 Tue Feb 14 14:42:33 2017

Tools Copyright (c) 1996-2015 Texas Instruments Incorporated
C:\Users\a0221343\AppData\Local\Temp\0286010                         PAGE   18

     897              $C$DW$94        .dwtag  DW_TAG_TI_assign_register, DW_AT_name("R2HL")
     898                      .dwattr $C$DW$94, DW_AT_location[DW_OP_regx 0x33]
     899              $C$DW$95        .dwtag  DW_TAG_TI_assign_register, DW_AT_name("R2H")
     900                      .dwattr $C$DW$95, DW_AT_location[DW_OP_regx 0x34]
     901              $C$DW$96        .dwtag  DW_TAG_TI_assign_register, DW_AT_name("R3HL")
     902                      .dwattr $C$DW$96, DW_AT_location[DW_OP_regx 0x37]
     903              $C$DW$97        .dwtag  DW_TAG_TI_assign_register, DW_AT_name("R3H")
     904                      .dwattr $C$DW$97, DW_AT_location[DW_OP_regx 0x38]
     905              $C$DW$98        .dwtag  DW_TAG_TI_assign_register, DW_AT_name("R4HL")
     906                      .dwattr $C$DW$98, DW_AT_location[DW_OP_regx 0x3b]
     907              $C$DW$99        .dwtag  DW_TAG_TI_assign_register, DW_AT_name("R4H")
     908                      .dwattr $C$DW$99, DW_AT_location[DW_OP_regx 0x3c]
     909              $C$DW$100       .dwtag  DW_TAG_TI_assign_register, DW_AT_name("R5HL")
     910                      .dwattr $C$DW$100, DW_AT_location[DW_OP_regx 0x3f]
     911              $C$DW$101       .dwtag  DW_TAG_TI_assign_register, DW_AT_name("R5H")
     912                      .dwattr $C$DW$101, DW_AT_location[DW_OP_regx 0x40]
     913              $C$DW$102       .dwtag  DW_TAG_TI_assign_register, DW_AT_name("R6HL")
     914                      .dwattr $C$DW$102, DW_AT_location[DW_OP_regx 0x43]
     915              $C$DW$103       .dwtag  DW_TAG_TI_assign_register, DW_AT_name("R6H")
     916                      .dwattr $C$DW$103, DW_AT_location[DW_OP_regx 0x44]
     917              $C$DW$104       .dwtag  DW_TAG_TI_assign_register, DW_AT_name("R7HL")
     918                      .dwattr $C$DW$104, DW_AT_location[DW_OP_regx 0x47]
     919              $C$DW$105       .dwtag  DW_TAG_TI_assign_register, DW_AT_name("R7H")
     920                      .dwattr $C$DW$105, DW_AT_location[DW_OP_regx 0x48]
     921              $C$DW$106       .dwtag  DW_TAG_TI_assign_register, DW_AT_name("RBL")
     922                      .dwattr $C$DW$106, DW_AT_location[DW_OP_regx 0x49]
     923              $C$DW$107       .dwtag  DW_TAG_TI_assign_register, DW_AT_name("RB")
     924                      .dwattr $C$DW$107, DW_AT_location[DW_OP_regx 0x4a]
     925              $C$DW$108       .dwtag  DW_TAG_TI_assign_register, DW_AT_name("STFL")
     926                      .dwattr $C$DW$108, DW_AT_location[DW_OP_regx 0x27]
     927              $C$DW$109       .dwtag  DW_TAG_TI_assign_register, DW_AT_name("STF")
     928                      .dwattr $C$DW$109, DW_AT_location[DW_OP_regx 0x28]
     929              $C$DW$110       .dwtag  DW_TAG_TI_assign_register, DW_AT_name("FPUHAZ")
     930                      .dwattr $C$DW$110, DW_AT_location[DW_OP_reg27]
     931                      .dwendtag $C$DW$CU
     932              

No Assembly Errors, No Assembly Warnings
