TMS320C2000 Assembler PC v6.4.4 Tue Feb 14 14:42:37 2017

Tools Copyright (c) 1996-2015 Texas Instruments Incorporated
C:\Users\a0221343\AppData\Local\Temp\0763210                         PAGE    1

       1              ;***************************************************************
       2              ;* TMS320C2000 C/C++ Codegen                         PC v6.4.4 *
       3              ;* Date/Time created: Tue Feb 14 14:42:37 2017                 *
       4              ;***************************************************************
       5                      .compiler_opts --cla_support=cla0 --float_support=fpu32 --hll_source=on --mem_model:code=flat --mem_m
       6        0002  FP      .set    XAR2
       7              
       8              $C$DW$CU        .dwtag  DW_TAG_compile_unit
       9                      .dwattr $C$DW$CU, DW_AT_name("C:/Users/a0221343/Git/bootROM/f28004x_bootrom/F28004x_ROM_dev_PG2.0/F28
      10                      .dwattr $C$DW$CU, DW_AT_producer("TI TMS320C2000 C/C++ Codegen PC v6.4.4 Copyright (c) 1996-2015 Texa
      11                      .dwattr $C$DW$CU, DW_AT_TI_version(0x01)
      12                      .dwattr $C$DW$CU, DW_AT_comp_dir("C:\Users\a0221343\Git\bootROM\f28004x_bootrom\F28004x_ROM_dev_PG2.0
      13                      .global _GetWordData
      14 00000000       _GetWordData:   .usect  ".ebss",2,1,1
      15              $C$DW$1 .dwtag  DW_TAG_variable, DW_AT_name("GetWordData")
      16                      .dwattr $C$DW$1, DW_AT_TI_symbol_name("_GetWordData")
      17                      .dwattr $C$DW$1, DW_AT_location[DW_OP_addr _GetWordData]
      18                      .dwattr $C$DW$1, DW_AT_type(*$C$DW$T$25)
      19                      .dwattr $C$DW$1, DW_AT_external
      20              ;       C:\ti\ccsv6\tools\compiler\ti-cgt-c2000_6.4.4\bin\ac2000.exe -@C:\\Users\\a0221343\\AppData\\Local\\T
      21 00000000               .sect   ".text"
      22                      .clink
      23                      .global _CopyData
      24              
      25              $C$DW$2 .dwtag  DW_TAG_subprogram, DW_AT_name("CopyData")
      26                      .dwattr $C$DW$2, DW_AT_low_pc(_CopyData)
      27                      .dwattr $C$DW$2, DW_AT_high_pc(0x00)
      28                      .dwattr $C$DW$2, DW_AT_TI_symbol_name("_CopyData")
      29                      .dwattr $C$DW$2, DW_AT_external
      30                      .dwattr $C$DW$2, DW_AT_TI_begin_file("C:/Users/a0221343/Git/bootROM/f28004x_bootrom/F28004x_ROM_dev_P
      31                      .dwattr $C$DW$2, DW_AT_TI_begin_line(0x27)
      32                      .dwattr $C$DW$2, DW_AT_TI_begin_column(0x06)
      33                      .dwattr $C$DW$2, DW_AT_TI_max_frame_size(-8)
      34                      .dwpsn  file "C:/Users/a0221343/Git/bootROM/f28004x_bootrom/F28004x_ROM_dev_PG2.0/F28004x_ROM/bootROM
      35              
      36                      .dwfde $C$DW$CIE, _CopyData
      37              
      38              ;***************************************************************
      39              ;* FNAME: _CopyData                     FR SIZE:   6           *
      40              ;*                                                             *
      41              ;* FUNCTION ENVIRONMENT                                        *
      42              ;*                                                             *
      43              ;* FUNCTION PROPERTIES                                         *
      44              ;*                            0 Parameter,  6 Auto,  0 SOE     *
      45              ;***************************************************************
      46              
      47 00000000       _CopyData:
      48                      .dwcfi  cfa_offset, -2
      49                      .dwcfi  save_reg_to_mem, 26, 0
      50 00000000 FE06          ADDB      SP,#6                 ; [CPU_U] 
      51                      .dwcfi  cfa_offset, -8
      52              $C$DW$3 .dwtag  DW_TAG_variable, DW_AT_name("BlockHeader")
      53                      .dwattr $C$DW$3, DW_AT_TI_symbol_name("_BlockHeader")
      54                      .dwattr $C$DW$3, DW_AT_type(*$C$DW$T$21)
      55                      .dwattr $C$DW$3, DW_AT_location[DW_OP_breg20 -4]
TMS320C2000 Assembler PC v6.4.4 Tue Feb 14 14:42:37 2017

Tools Copyright (c) 1996-2015 Texas Instruments Incorporated
C:\Users\a0221343\AppData\Local\Temp\0763210                         PAGE    2

      56              $C$DW$4 .dwtag  DW_TAG_variable, DW_AT_name("wordData")
      57                      .dwattr $C$DW$4, DW_AT_TI_symbol_name("_wordData")
      58                      .dwattr $C$DW$4, DW_AT_type(*$C$DW$T$19)
      59                      .dwattr $C$DW$4, DW_AT_location[DW_OP_breg20 -5]
      60              $C$DW$5 .dwtag  DW_TAG_variable, DW_AT_name("i")
      61                      .dwattr $C$DW$5, DW_AT_TI_symbol_name("_i")
      62                      .dwattr $C$DW$5, DW_AT_type(*$C$DW$T$19)
      63                      .dwattr $C$DW$5, DW_AT_location[DW_OP_breg20 -6]
      64                      .dwpsn  file "C:/Users/a0221343/Git/bootROM/f28004x_bootrom/F28004x_ROM_dev_PG2.0/F28004x_ROM/bootROM
      65 00000001 761F-         MOVW      DP,#_GetWordData      ; [CPU_U] 
         00000002 0000 
      66 00000003 C500-         MOVL      XAR7,@_GetWordData    ; [CPU_] |51| 
      67              $C$DW$6 .dwtag  DW_TAG_TI_branch
      68                      .dwattr $C$DW$6, DW_AT_low_pc(0x00)
      69                      .dwattr $C$DW$6, DW_AT_TI_call
      70                      .dwattr $C$DW$6, DW_AT_TI_indirect
      71 00000004 3E67          LCR       *XAR7                 ; [CPU_] |51| 
      72                      ; call occurs [XAR7] ; [] |51| 
      73 00000005 9644          MOV       *-SP[4],AL            ; [CPU_] |51| 
      74                      .dwpsn  file "C:/Users/a0221343/Git/bootROM/f28004x_bootrom/F28004x_ROM_dev_PG2.0/F28004x_ROM/bootROM
      75 00000006 6F1B          B         $C$L4,UNC             ; [CPU_] |58| 
      76                      ; branch occurs ; [] |58| 
      77 00000007       $C$L1:    
      78                      .dwpsn  file "C:/Users/a0221343/Git/bootROM/f28004x_bootrom/F28004x_ROM_dev_PG2.0/F28004x_ROM/bootROM
      79              $C$DW$7 .dwtag  DW_TAG_TI_branch
      80                      .dwattr $C$DW$7, DW_AT_low_pc(0x00)
      81                      .dwattr $C$DW$7, DW_AT_name("_GetLongData")
      82                      .dwattr $C$DW$7, DW_AT_TI_call
      83 00000007 7640'         LCR       #_GetLongData         ; [CPU_] |60| 
         00000008 0025 
      84                      ; call occurs [#_GetLongData] ; [] |60| 
      85 00000009 1E42          MOVL      *-SP[2],ACC           ; [CPU_] |60| 
      86                      .dwpsn  file "C:/Users/a0221343/Git/bootROM/f28004x_bootrom/F28004x_ROM_dev_PG2.0/F28004x_ROM/bootROM
      87 0000000a 56BF          MOVB      *-SP[6],#1,UNC        ; [CPU_] |61| 
         0000000b 0146 
      88 0000000c 6F0C          B         $C$L3,UNC             ; [CPU_] |61| 
      89                      ; branch occurs ; [] |61| 
      90 0000000d       $C$L2:    
      91                      .dwpsn  file "C:/Users/a0221343/Git/bootROM/f28004x_bootrom/F28004x_ROM_dev_PG2.0/F28004x_ROM/bootROM
      92 0000000d 761F-         MOVW      DP,#_GetWordData      ; [CPU_U] 
         0000000e 0000 
      93 0000000f C500-         MOVL      XAR7,@_GetWordData    ; [CPU_] |63| 
      94              $C$DW$8 .dwtag  DW_TAG_TI_branch
      95                      .dwattr $C$DW$8, DW_AT_low_pc(0x00)
      96                      .dwattr $C$DW$8, DW_AT_TI_call
      97                      .dwattr $C$DW$8, DW_AT_TI_indirect
      98 00000010 3E67          LCR       *XAR7                 ; [CPU_] |63| 
      99                      ; call occurs [XAR7] ; [] |63| 
     100 00000011 9645          MOV       *-SP[5],AL            ; [CPU_] |63| 
     101                      .dwpsn  file "C:/Users/a0221343/Git/bootROM/f28004x_bootrom/F28004x_ROM_dev_PG2.0/F28004x_ROM/bootROM
     102 00000012 8A42          MOVL      XAR4,*-SP[2]          ; [CPU_] |64| 
     103 00000013 C4A4          MOVL      XAR6,XAR4             ; [CPU_] |64| 
     104 00000014 DE01          ADDB      XAR6,#1               ; [CPU_] |64| 
     105 00000015 C242          MOVL      *-SP[2],XAR6          ; [CPU_] |64| 
     106 00000016 96C4          MOV       *+XAR4[0],AL          ; [CPU_] |64| 
TMS320C2000 Assembler PC v6.4.4 Tue Feb 14 14:42:37 2017

Tools Copyright (c) 1996-2015 Texas Instruments Incorporated
C:\Users\a0221343\AppData\Local\Temp\0763210                         PAGE    3

     107                      .dwpsn  file "C:/Users/a0221343/Git/bootROM/f28004x_bootrom/F28004x_ROM_dev_PG2.0/F28004x_ROM/bootROM
     108 00000017 0A46          INC       *-SP[6]               ; [CPU_] |61| 
     109 00000018       $C$L3:    
     110                      .dwpsn  file "C:/Users/a0221343/Git/bootROM/f28004x_bootrom/F28004x_ROM_dev_PG2.0/F28004x_ROM/bootROM
     111 00000018 9244          MOV       AL,*-SP[4]            ; [CPU_] |61| 
     112 00000019 5446          CMP       AL,*-SP[6]            ; [CPU_] |61| 
     113 0000001a 56C7          BF        $C$L2,HIS             ; [CPU_] |61| 
         0000001b FFF3 
     114                      ; branchcc occurs ; [] |61| 
     115                      .dwpsn  file "C:/Users/a0221343/Git/bootROM/f28004x_bootrom/F28004x_ROM_dev_PG2.0/F28004x_ROM/bootROM
     116 0000001c 761F-         MOVW      DP,#_GetWordData      ; [CPU_U] 
         0000001d 0000 
     117 0000001e C500-         MOVL      XAR7,@_GetWordData    ; [CPU_] |68| 
     118              $C$DW$9 .dwtag  DW_TAG_TI_branch
     119                      .dwattr $C$DW$9, DW_AT_low_pc(0x00)
     120                      .dwattr $C$DW$9, DW_AT_TI_call
     121                      .dwattr $C$DW$9, DW_AT_TI_indirect
     122 0000001f 3E67          LCR       *XAR7                 ; [CPU_] |68| 
     123                      ; call occurs [XAR7] ; [] |68| 
     124 00000020 9644          MOV       *-SP[4],AL            ; [CPU_] |68| 
     125 00000021       $C$L4:    
     126                      .dwpsn  file "C:/Users/a0221343/Git/bootROM/f28004x_bootrom/F28004x_ROM_dev_PG2.0/F28004x_ROM/bootROM
     127 00000021 5200          CMPB      AL,#0                 ; [CPU_] |58| 
     128 00000022 EDE5          BF        $C$L1,NEQ             ; [CPU_] |58| 
     129                      ; branchcc occurs ; [] |58| 
     130                      .dwpsn  file "C:/Users/a0221343/Git/bootROM/f28004x_bootrom/F28004x_ROM_dev_PG2.0/F28004x_ROM/bootROM
     131                      .dwpsn  file "C:/Users/a0221343/Git/bootROM/f28004x_bootrom/F28004x_ROM_dev_PG2.0/F28004x_ROM/bootROM
     132 00000023 FE86          SUBB      SP,#6                 ; [CPU_U] 
     133                      .dwcfi  cfa_offset, -2
     134              $C$DW$10        .dwtag  DW_TAG_TI_branch
     135                      .dwattr $C$DW$10, DW_AT_low_pc(0x00)
     136                      .dwattr $C$DW$10, DW_AT_TI_return
     137 00000024 0006          LRETR     ; [CPU_] 
     138                      ; return occurs ; [] 
     139                      .dwattr $C$DW$2, DW_AT_TI_end_file("C:/Users/a0221343/Git/bootROM/f28004x_bootrom/F28004x_ROM_dev_PG2
     140                      .dwattr $C$DW$2, DW_AT_TI_end_line(0x47)
     141                      .dwattr $C$DW$2, DW_AT_TI_end_column(0x01)
     142                      .dwendentry
     143                      .dwendtag $C$DW$2
     144              
     145 00000025               .sect   ".text"
     146                      .clink
     147                      .global _GetLongData
     148              
     149              $C$DW$11        .dwtag  DW_TAG_subprogram, DW_AT_name("GetLongData")
     150                      .dwattr $C$DW$11, DW_AT_low_pc(_GetLongData)
     151                      .dwattr $C$DW$11, DW_AT_high_pc(0x00)
     152                      .dwattr $C$DW$11, DW_AT_TI_symbol_name("_GetLongData")
     153                      .dwattr $C$DW$11, DW_AT_external
     154                      .dwattr $C$DW$11, DW_AT_type(*$C$DW$T$20)
     155                      .dwattr $C$DW$11, DW_AT_TI_begin_file("C:/Users/a0221343/Git/bootROM/f28004x_bootrom/F28004x_ROM_dev_
     156                      .dwattr $C$DW$11, DW_AT_TI_begin_line(0x50)
     157                      .dwattr $C$DW$11, DW_AT_TI_begin_column(0x0a)
     158                      .dwattr $C$DW$11, DW_AT_TI_max_frame_size(-4)
     159                      .dwpsn  file "C:/Users/a0221343/Git/bootROM/f28004x_bootrom/F28004x_ROM_dev_PG2.0/F28004x_ROM/bootROM
TMS320C2000 Assembler PC v6.4.4 Tue Feb 14 14:42:37 2017

Tools Copyright (c) 1996-2015 Texas Instruments Incorporated
C:\Users\a0221343\AppData\Local\Temp\0763210                         PAGE    4

     160              
     161                      .dwfde $C$DW$CIE, _GetLongData
     162              
     163              ;***************************************************************
     164              ;* FNAME: _GetLongData                  FR SIZE:   2           *
     165              ;*                                                             *
     166              ;* FUNCTION ENVIRONMENT                                        *
     167              ;*                                                             *
     168              ;* FUNCTION PROPERTIES                                         *
     169              ;*                            0 Parameter,  2 Auto,  0 SOE     *
     170              ;***************************************************************
     171              
     172 00000025       _GetLongData:
     173                      .dwcfi  cfa_offset, -2
     174                      .dwcfi  save_reg_to_mem, 26, 0
     175 00000025 FE02          ADDB      SP,#2                 ; [CPU_U] 
     176                      .dwcfi  cfa_offset, -4
     177              $C$DW$12        .dwtag  DW_TAG_variable, DW_AT_name("longData")
     178                      .dwattr $C$DW$12, DW_AT_TI_symbol_name("_longData")
     179                      .dwattr $C$DW$12, DW_AT_type(*$C$DW$T$20)
     180                      .dwattr $C$DW$12, DW_AT_location[DW_OP_breg20 -2]
     181                      .dwpsn  file "C:/Users/a0221343/Git/bootROM/f28004x_bootrom/F28004x_ROM_dev_PG2.0/F28004x_ROM/bootROM
     182 00000026 761F-         MOVW      DP,#_GetWordData      ; [CPU_U] 
         00000027 0000 
     183 00000028 C500-         MOVL      XAR7,@_GetWordData    ; [CPU_] |85| 
     184              $C$DW$13        .dwtag  DW_TAG_TI_branch
     185                      .dwattr $C$DW$13, DW_AT_low_pc(0x00)
     186                      .dwattr $C$DW$13, DW_AT_TI_call
     187                      .dwattr $C$DW$13, DW_AT_TI_indirect
     188 00000029 3E67          LCR       *XAR7                 ; [CPU_] |85| 
     189                      ; call occurs [XAR7] ; [] |85| 
     190 0000002a 2901          CLRC      SXM                   ; [CPU_] 
     191 0000002b 25A9          MOV       ACC,AL << 16          ; [CPU_] |85| 
     192 0000002c 1E42          MOVL      *-SP[2],ACC           ; [CPU_] |85| 
     193                      .dwpsn  file "C:/Users/a0221343/Git/bootROM/f28004x_bootrom/F28004x_ROM_dev_PG2.0/F28004x_ROM/bootROM
     194 0000002d 761F-         MOVW      DP,#_GetWordData      ; [CPU_U] 
         0000002e 0000 
     195 0000002f C500-         MOVL      XAR7,@_GetWordData    ; [CPU_] |88| 
     196              $C$DW$14        .dwtag  DW_TAG_TI_branch
     197                      .dwattr $C$DW$14, DW_AT_low_pc(0x00)
     198                      .dwattr $C$DW$14, DW_AT_TI_call
     199                      .dwattr $C$DW$14, DW_AT_TI_indirect
     200 00000030 3E67          LCR       *XAR7                 ; [CPU_] |88| 
     201                      ; call occurs [XAR7] ; [] |88| 
     202 00000031 0EA9          MOVU      ACC,AL                ; [CPU_] |88| 
     203 00000032 9842          OR        *-SP[2],AL            ; [CPU_] |88| 
     204 00000033 9941          OR        *-SP[1],AH            ; [CPU_] |88| 
     205                      .dwpsn  file "C:/Users/a0221343/Git/bootROM/f28004x_bootrom/F28004x_ROM_dev_PG2.0/F28004x_ROM/bootROM
     206 00000034 0642          MOVL      ACC,*-SP[2]           ; [CPU_] |90| 
     207                      .dwpsn  file "C:/Users/a0221343/Git/bootROM/f28004x_bootrom/F28004x_ROM_dev_PG2.0/F28004x_ROM/bootROM
     208 00000035 FE82          SUBB      SP,#2                 ; [CPU_U] 
     209                      .dwcfi  cfa_offset, -2
     210              $C$DW$15        .dwtag  DW_TAG_TI_branch
     211                      .dwattr $C$DW$15, DW_AT_low_pc(0x00)
     212                      .dwattr $C$DW$15, DW_AT_TI_return
TMS320C2000 Assembler PC v6.4.4 Tue Feb 14 14:42:37 2017

Tools Copyright (c) 1996-2015 Texas Instruments Incorporated
C:\Users\a0221343\AppData\Local\Temp\0763210                         PAGE    5

     213 00000036 0006          LRETR     ; [CPU_] 
     214                      ; return occurs ; [] 
     215                      .dwattr $C$DW$11, DW_AT_TI_end_file("C:/Users/a0221343/Git/bootROM/f28004x_bootrom/F28004x_ROM_dev_PG
     216                      .dwattr $C$DW$11, DW_AT_TI_end_line(0x5b)
     217                      .dwattr $C$DW$11, DW_AT_TI_end_column(0x01)
     218                      .dwendentry
     219                      .dwendtag $C$DW$11
     220              
     221 00000037               .sect   ".text"
     222                      .clink
     223                      .global _ReadReservedFn
     224              
     225              $C$DW$16        .dwtag  DW_TAG_subprogram, DW_AT_name("ReadReservedFn")
     226                      .dwattr $C$DW$16, DW_AT_low_pc(_ReadReservedFn)
     227                      .dwattr $C$DW$16, DW_AT_high_pc(0x00)
     228                      .dwattr $C$DW$16, DW_AT_TI_symbol_name("_ReadReservedFn")
     229                      .dwattr $C$DW$16, DW_AT_external
     230                      .dwattr $C$DW$16, DW_AT_TI_begin_file("C:/Users/a0221343/Git/bootROM/f28004x_bootrom/F28004x_ROM_dev_
     231                      .dwattr $C$DW$16, DW_AT_TI_begin_line(0x67)
     232                      .dwattr $C$DW$16, DW_AT_TI_begin_column(0x06)
     233                      .dwattr $C$DW$16, DW_AT_TI_max_frame_size(-4)
     234                      .dwpsn  file "C:/Users/a0221343/Git/bootROM/f28004x_bootrom/F28004x_ROM_dev_PG2.0/F28004x_ROM/bootROM
     235              
     236                      .dwfde $C$DW$CIE, _ReadReservedFn
     237              
     238              ;***************************************************************
     239              ;* FNAME: _ReadReservedFn               FR SIZE:   2           *
     240              ;*                                                             *
     241              ;* FUNCTION ENVIRONMENT                                        *
     242              ;*                                                             *
     243              ;* FUNCTION PROPERTIES                                         *
     244              ;*                            0 Parameter,  1 Auto,  0 SOE     *
     245              ;***************************************************************
     246              
     247 00000037       _ReadReservedFn:
     248                      .dwcfi  cfa_offset, -2
     249                      .dwcfi  save_reg_to_mem, 26, 0
     250 00000037 FE02          ADDB      SP,#2                 ; [CPU_U] 
     251                      .dwcfi  cfa_offset, -4
     252              $C$DW$17        .dwtag  DW_TAG_variable, DW_AT_name("i")
     253                      .dwattr $C$DW$17, DW_AT_TI_symbol_name("_i")
     254                      .dwattr $C$DW$17, DW_AT_type(*$C$DW$T$19)
     255                      .dwattr $C$DW$17, DW_AT_location[DW_OP_breg20 -1]
     256                      .dwpsn  file "C:/Users/a0221343/Git/bootROM/f28004x_bootrom/F28004x_ROM_dev_PG2.0/F28004x_ROM/bootROM
     257 00000038 56BF          MOVB      *-SP[1],#1,UNC        ; [CPU_] |107| 
         00000039 0141 
     258                      .dwpsn  file "C:/Users/a0221343/Git/bootROM/f28004x_bootrom/F28004x_ROM_dev_PG2.0/F28004x_ROM/bootROM
     259 0000003a 9241          MOV       AL,*-SP[1]            ; [CPU_] |107| 
     260 0000003b 5208          CMPB      AL,#8                 ; [CPU_] |107| 
     261 0000003c 56C6          BF        $C$L6,HI              ; [CPU_] |107| 
         0000003d 000B 
     262                      ; branchcc occurs ; [] |107| 
     263 0000003e       $C$L5:    
     264                      .dwpsn  file "C:/Users/a0221343/Git/bootROM/f28004x_bootrom/F28004x_ROM_dev_PG2.0/F28004x_ROM/bootROM
     265 0000003e 761F-         MOVW      DP,#_GetWordData      ; [CPU_U] 
TMS320C2000 Assembler PC v6.4.4 Tue Feb 14 14:42:37 2017

Tools Copyright (c) 1996-2015 Texas Instruments Incorporated
C:\Users\a0221343\AppData\Local\Temp\0763210                         PAGE    6

         0000003f 0000 
     266 00000040 C500-         MOVL      XAR7,@_GetWordData    ; [CPU_] |109| 
     267              $C$DW$18        .dwtag  DW_TAG_TI_branch
     268                      .dwattr $C$DW$18, DW_AT_low_pc(0x00)
     269                      .dwattr $C$DW$18, DW_AT_TI_call
     270                      .dwattr $C$DW$18, DW_AT_TI_indirect
     271 00000041 3E67          LCR       *XAR7                 ; [CPU_] |109| 
     272                      ; call occurs [XAR7] ; [] |109| 
     273                      .dwpsn  file "C:/Users/a0221343/Git/bootROM/f28004x_bootrom/F28004x_ROM_dev_PG2.0/F28004x_ROM/bootROM
     274 00000042 0A41          INC       *-SP[1]               ; [CPU_] |107| 
     275                      .dwpsn  file "C:/Users/a0221343/Git/bootROM/f28004x_bootrom/F28004x_ROM_dev_PG2.0/F28004x_ROM/bootROM
     276 00000043 9241          MOV       AL,*-SP[1]            ; [CPU_] |107| 
     277 00000044 5208          CMPB      AL,#8                 ; [CPU_] |107| 
     278 00000045 56C9          BF        $C$L5,LOS             ; [CPU_] |107| 
         00000046 FFF9 
     279                      ; branchcc occurs ; [] |107| 
     280                      .dwpsn  file "C:/Users/a0221343/Git/bootROM/f28004x_bootrom/F28004x_ROM_dev_PG2.0/F28004x_ROM/bootROM
     281 00000047       $C$L6:    
     282                      .dwpsn  file "C:/Users/a0221343/Git/bootROM/f28004x_bootrom/F28004x_ROM_dev_PG2.0/F28004x_ROM/bootROM
     283 00000047 FE82          SUBB      SP,#2                 ; [CPU_U] 
     284                      .dwcfi  cfa_offset, -2
     285              $C$DW$19        .dwtag  DW_TAG_TI_branch
     286                      .dwattr $C$DW$19, DW_AT_low_pc(0x00)
     287                      .dwattr $C$DW$19, DW_AT_TI_return
     288 00000048 0006          LRETR     ; [CPU_] 
     289                      ; return occurs ; [] 
     290                      .dwattr $C$DW$16, DW_AT_TI_end_file("C:/Users/a0221343/Git/bootROM/f28004x_bootrom/F28004x_ROM_dev_PG
     291                      .dwattr $C$DW$16, DW_AT_TI_end_line(0x70)
     292                      .dwattr $C$DW$16, DW_AT_TI_end_column(0x01)
     293                      .dwendentry
     294                      .dwendtag $C$DW$16
     295              
     296              
     297              ;***************************************************************
     298              ;* TYPE INFORMATION                                            *
     299              ;***************************************************************
     300              
     301              $C$DW$T$21      .dwtag  DW_TAG_structure_type
     302                      .dwattr $C$DW$T$21, DW_AT_name("HEADER")
     303                      .dwattr $C$DW$T$21, DW_AT_byte_size(0x04)
     304              $C$DW$20        .dwtag  DW_TAG_member
     305                      .dwattr $C$DW$20, DW_AT_type(*$C$DW$T$19)
     306                      .dwattr $C$DW$20, DW_AT_name("BlockSize")
     307                      .dwattr $C$DW$20, DW_AT_TI_symbol_name("_BlockSize")
     308                      .dwattr $C$DW$20, DW_AT_data_member_location[DW_OP_plus_uconst 0x0]
     309                      .dwattr $C$DW$20, DW_AT_accessibility(DW_ACCESS_public)
     310              $C$DW$21        .dwtag  DW_TAG_member
     311                      .dwattr $C$DW$21, DW_AT_type(*$C$DW$T$20)
     312                      .dwattr $C$DW$21, DW_AT_name("DestAddr")
     313                      .dwattr $C$DW$21, DW_AT_TI_symbol_name("_DestAddr")
     314                      .dwattr $C$DW$21, DW_AT_data_member_location[DW_OP_plus_uconst 0x2]
     315                      .dwattr $C$DW$21, DW_AT_accessibility(DW_ACCESS_public)
     316                      .dwendtag $C$DW$T$21
     317              
     318              $C$DW$T$2       .dwtag  DW_TAG_unspecified_type
TMS320C2000 Assembler PC v6.4.4 Tue Feb 14 14:42:37 2017

Tools Copyright (c) 1996-2015 Texas Instruments Incorporated
C:\Users\a0221343\AppData\Local\Temp\0763210                         PAGE    7

     319                      .dwattr $C$DW$T$2, DW_AT_name("void")
     320              $C$DW$T$4       .dwtag  DW_TAG_base_type
     321                      .dwattr $C$DW$T$4, DW_AT_encoding(DW_ATE_boolean)
     322                      .dwattr $C$DW$T$4, DW_AT_name("bool")
     323                      .dwattr $C$DW$T$4, DW_AT_byte_size(0x01)
     324              $C$DW$T$5       .dwtag  DW_TAG_base_type
     325                      .dwattr $C$DW$T$5, DW_AT_encoding(DW_ATE_signed_char)
     326                      .dwattr $C$DW$T$5, DW_AT_name("signed char")
     327                      .dwattr $C$DW$T$5, DW_AT_byte_size(0x01)
     328              $C$DW$T$6       .dwtag  DW_TAG_base_type
     329                      .dwattr $C$DW$T$6, DW_AT_encoding(DW_ATE_unsigned_char)
     330                      .dwattr $C$DW$T$6, DW_AT_name("unsigned char")
     331                      .dwattr $C$DW$T$6, DW_AT_byte_size(0x01)
     332              $C$DW$T$7       .dwtag  DW_TAG_base_type
     333                      .dwattr $C$DW$T$7, DW_AT_encoding(DW_ATE_signed_char)
     334                      .dwattr $C$DW$T$7, DW_AT_name("wchar_t")
     335                      .dwattr $C$DW$T$7, DW_AT_byte_size(0x01)
     336              $C$DW$T$8       .dwtag  DW_TAG_base_type
     337                      .dwattr $C$DW$T$8, DW_AT_encoding(DW_ATE_signed)
     338                      .dwattr $C$DW$T$8, DW_AT_name("short")
     339                      .dwattr $C$DW$T$8, DW_AT_byte_size(0x01)
     340              $C$DW$T$9       .dwtag  DW_TAG_base_type
     341                      .dwattr $C$DW$T$9, DW_AT_encoding(DW_ATE_unsigned)
     342                      .dwattr $C$DW$T$9, DW_AT_name("unsigned short")
     343                      .dwattr $C$DW$T$9, DW_AT_byte_size(0x01)
     344              $C$DW$T$10      .dwtag  DW_TAG_base_type
     345                      .dwattr $C$DW$T$10, DW_AT_encoding(DW_ATE_signed)
     346                      .dwattr $C$DW$T$10, DW_AT_name("int")
     347                      .dwattr $C$DW$T$10, DW_AT_byte_size(0x01)
     348              $C$DW$T$11      .dwtag  DW_TAG_base_type
     349                      .dwattr $C$DW$T$11, DW_AT_encoding(DW_ATE_unsigned)
     350                      .dwattr $C$DW$T$11, DW_AT_name("unsigned int")
     351                      .dwattr $C$DW$T$11, DW_AT_byte_size(0x01)
     352              $C$DW$T$19      .dwtag  DW_TAG_typedef, DW_AT_name("uint16_t")
     353                      .dwattr $C$DW$T$19, DW_AT_type(*$C$DW$T$11)
     354                      .dwattr $C$DW$T$19, DW_AT_language(DW_LANG_C)
     355              
     356              $C$DW$T$23      .dwtag  DW_TAG_subroutine_type
     357                      .dwattr $C$DW$T$23, DW_AT_type(*$C$DW$T$19)
     358                      .dwattr $C$DW$T$23, DW_AT_language(DW_LANG_C)
     359              $C$DW$T$24      .dwtag  DW_TAG_pointer_type
     360                      .dwattr $C$DW$T$24, DW_AT_type(*$C$DW$T$23)
     361                      .dwattr $C$DW$T$24, DW_AT_address_class(0x20)
     362              $C$DW$T$25      .dwtag  DW_TAG_typedef, DW_AT_name("uint16fptr")
     363                      .dwattr $C$DW$T$25, DW_AT_type(*$C$DW$T$24)
     364                      .dwattr $C$DW$T$25, DW_AT_language(DW_LANG_C)
     365              $C$DW$T$12      .dwtag  DW_TAG_base_type
     366                      .dwattr $C$DW$T$12, DW_AT_encoding(DW_ATE_signed)
     367                      .dwattr $C$DW$T$12, DW_AT_name("long")
     368                      .dwattr $C$DW$T$12, DW_AT_byte_size(0x02)
     369              $C$DW$T$13      .dwtag  DW_TAG_base_type
     370                      .dwattr $C$DW$T$13, DW_AT_encoding(DW_ATE_unsigned)
     371                      .dwattr $C$DW$T$13, DW_AT_name("unsigned long")
     372                      .dwattr $C$DW$T$13, DW_AT_byte_size(0x02)
     373              $C$DW$T$20      .dwtag  DW_TAG_typedef, DW_AT_name("uint32_t")
TMS320C2000 Assembler PC v6.4.4 Tue Feb 14 14:42:37 2017

Tools Copyright (c) 1996-2015 Texas Instruments Incorporated
C:\Users\a0221343\AppData\Local\Temp\0763210                         PAGE    8

     374                      .dwattr $C$DW$T$20, DW_AT_type(*$C$DW$T$13)
     375                      .dwattr $C$DW$T$20, DW_AT_language(DW_LANG_C)
     376              $C$DW$T$14      .dwtag  DW_TAG_base_type
     377                      .dwattr $C$DW$T$14, DW_AT_encoding(DW_ATE_signed)
     378                      .dwattr $C$DW$T$14, DW_AT_name("long long")
     379                      .dwattr $C$DW$T$14, DW_AT_byte_size(0x04)
     380              $C$DW$T$15      .dwtag  DW_TAG_base_type
     381                      .dwattr $C$DW$T$15, DW_AT_encoding(DW_ATE_unsigned)
     382                      .dwattr $C$DW$T$15, DW_AT_name("unsigned long long")
     383                      .dwattr $C$DW$T$15, DW_AT_byte_size(0x04)
     384              $C$DW$T$16      .dwtag  DW_TAG_base_type
     385                      .dwattr $C$DW$T$16, DW_AT_encoding(DW_ATE_float)
     386                      .dwattr $C$DW$T$16, DW_AT_name("float")
     387                      .dwattr $C$DW$T$16, DW_AT_byte_size(0x02)
     388              $C$DW$T$17      .dwtag  DW_TAG_base_type
     389                      .dwattr $C$DW$T$17, DW_AT_encoding(DW_ATE_float)
     390                      .dwattr $C$DW$T$17, DW_AT_name("double")
     391                      .dwattr $C$DW$T$17, DW_AT_byte_size(0x02)
     392              $C$DW$T$18      .dwtag  DW_TAG_base_type
     393                      .dwattr $C$DW$T$18, DW_AT_encoding(DW_ATE_float)
     394                      .dwattr $C$DW$T$18, DW_AT_name("long double")
     395                      .dwattr $C$DW$T$18, DW_AT_byte_size(0x04)
     396                      .dwattr $C$DW$CU, DW_AT_language(DW_LANG_C)
     397              
     398              ;***************************************************************
     399              ;* DWARF CIE ENTRIES                                           *
     400              ;***************************************************************
     401              
     402              $C$DW$CIE       .dwcie 26
     403                      .dwcfi  cfa_register, 20
     404                      .dwcfi  cfa_offset, 0
     405                      .dwcfi  undefined, 0
     406                      .dwcfi  undefined, 1
     407                      .dwcfi  undefined, 2
     408                      .dwcfi  undefined, 3
     409                      .dwcfi  undefined, 20
     410                      .dwcfi  undefined, 21
     411                      .dwcfi  undefined, 22
     412                      .dwcfi  undefined, 23
     413                      .dwcfi  undefined, 24
     414                      .dwcfi  undefined, 25
     415                      .dwcfi  undefined, 26
     416                      .dwcfi  same_value, 28
     417                      .dwcfi  undefined, 29
     418                      .dwcfi  undefined, 30
     419                      .dwcfi  undefined, 31
     420                      .dwcfi  undefined, 32
     421                      .dwcfi  undefined, 33
     422                      .dwcfi  undefined, 34
     423                      .dwcfi  undefined, 35
     424                      .dwcfi  undefined, 36
     425                      .dwcfi  undefined, 37
     426                      .dwcfi  undefined, 38
     427                      .dwcfi  undefined, 75
     428                      .dwcfi  undefined, 76
TMS320C2000 Assembler PC v6.4.4 Tue Feb 14 14:42:37 2017

Tools Copyright (c) 1996-2015 Texas Instruments Incorporated
C:\Users\a0221343\AppData\Local\Temp\0763210                         PAGE    9

     429                      .dwcfi  undefined, 77
     430                      .dwcfi  undefined, 4
     431                      .dwcfi  undefined, 5
     432                      .dwcfi  same_value, 6
     433                      .dwcfi  same_value, 7
     434                      .dwcfi  same_value, 8
     435                      .dwcfi  same_value, 9
     436                      .dwcfi  same_value, 10
     437                      .dwcfi  same_value, 11
     438                      .dwcfi  undefined, 12
     439                      .dwcfi  undefined, 13
     440                      .dwcfi  undefined, 14
     441                      .dwcfi  undefined, 15
     442                      .dwcfi  undefined, 16
     443                      .dwcfi  undefined, 17
     444                      .dwcfi  undefined, 18
     445                      .dwcfi  undefined, 19
     446                      .dwcfi  undefined, 43
     447                      .dwcfi  undefined, 44
     448                      .dwcfi  undefined, 47
     449                      .dwcfi  undefined, 48
     450                      .dwcfi  undefined, 51
     451                      .dwcfi  undefined, 52
     452                      .dwcfi  undefined, 55
     453                      .dwcfi  undefined, 56
     454                      .dwcfi  same_value, 59
     455                      .dwcfi  same_value, 60
     456                      .dwcfi  same_value, 63
     457                      .dwcfi  same_value, 64
     458                      .dwcfi  same_value, 67
     459                      .dwcfi  same_value, 68
     460                      .dwcfi  same_value, 71
     461                      .dwcfi  same_value, 72
     462                      .dwcfi  undefined, 73
     463                      .dwcfi  undefined, 74
     464                      .dwcfi  undefined, 39
     465                      .dwcfi  undefined, 40
     466                      .dwcfi  undefined, 27
     467                      .dwendentry
     468              
     469              ;***************************************************************
     470              ;* DWARF REGISTER MAP                                          *
     471              ;***************************************************************
     472              
     473              $C$DW$22        .dwtag  DW_TAG_TI_assign_register, DW_AT_name("AL")
     474                      .dwattr $C$DW$22, DW_AT_location[DW_OP_reg0]
     475              $C$DW$23        .dwtag  DW_TAG_TI_assign_register, DW_AT_name("AH")
     476                      .dwattr $C$DW$23, DW_AT_location[DW_OP_reg1]
     477              $C$DW$24        .dwtag  DW_TAG_TI_assign_register, DW_AT_name("PL")
     478                      .dwattr $C$DW$24, DW_AT_location[DW_OP_reg2]
     479              $C$DW$25        .dwtag  DW_TAG_TI_assign_register, DW_AT_name("PH")
     480                      .dwattr $C$DW$25, DW_AT_location[DW_OP_reg3]
     481              $C$DW$26        .dwtag  DW_TAG_TI_assign_register, DW_AT_name("SP")
     482                      .dwattr $C$DW$26, DW_AT_location[DW_OP_reg20]
     483              $C$DW$27        .dwtag  DW_TAG_TI_assign_register, DW_AT_name("XT")
TMS320C2000 Assembler PC v6.4.4 Tue Feb 14 14:42:37 2017

Tools Copyright (c) 1996-2015 Texas Instruments Incorporated
C:\Users\a0221343\AppData\Local\Temp\0763210                         PAGE   10

     484                      .dwattr $C$DW$27, DW_AT_location[DW_OP_reg21]
     485              $C$DW$28        .dwtag  DW_TAG_TI_assign_register, DW_AT_name("T")
     486                      .dwattr $C$DW$28, DW_AT_location[DW_OP_reg22]
     487              $C$DW$29        .dwtag  DW_TAG_TI_assign_register, DW_AT_name("ST0")
     488                      .dwattr $C$DW$29, DW_AT_location[DW_OP_reg23]
     489              $C$DW$30        .dwtag  DW_TAG_TI_assign_register, DW_AT_name("ST1")
     490                      .dwattr $C$DW$30, DW_AT_location[DW_OP_reg24]
     491              $C$DW$31        .dwtag  DW_TAG_TI_assign_register, DW_AT_name("PC")
     492                      .dwattr $C$DW$31, DW_AT_location[DW_OP_reg25]
     493              $C$DW$32        .dwtag  DW_TAG_TI_assign_register, DW_AT_name("RPC")
     494                      .dwattr $C$DW$32, DW_AT_location[DW_OP_reg26]
     495              $C$DW$33        .dwtag  DW_TAG_TI_assign_register, DW_AT_name("FP")
     496                      .dwattr $C$DW$33, DW_AT_location[DW_OP_reg28]
     497              $C$DW$34        .dwtag  DW_TAG_TI_assign_register, DW_AT_name("DP")
     498                      .dwattr $C$DW$34, DW_AT_location[DW_OP_reg29]
     499              $C$DW$35        .dwtag  DW_TAG_TI_assign_register, DW_AT_name("SXM")
     500                      .dwattr $C$DW$35, DW_AT_location[DW_OP_reg30]
     501              $C$DW$36        .dwtag  DW_TAG_TI_assign_register, DW_AT_name("PM")
     502                      .dwattr $C$DW$36, DW_AT_location[DW_OP_reg31]
     503              $C$DW$37        .dwtag  DW_TAG_TI_assign_register, DW_AT_name("OVM")
     504                      .dwattr $C$DW$37, DW_AT_location[DW_OP_regx 0x20]
     505              $C$DW$38        .dwtag  DW_TAG_TI_assign_register, DW_AT_name("PAGE0")
     506                      .dwattr $C$DW$38, DW_AT_location[DW_OP_regx 0x21]
     507              $C$DW$39        .dwtag  DW_TAG_TI_assign_register, DW_AT_name("AMODE")
     508                      .dwattr $C$DW$39, DW_AT_location[DW_OP_regx 0x22]
     509              $C$DW$40        .dwtag  DW_TAG_TI_assign_register, DW_AT_name("INTM")
     510                      .dwattr $C$DW$40, DW_AT_location[DW_OP_regx 0x23]
     511              $C$DW$41        .dwtag  DW_TAG_TI_assign_register, DW_AT_name("IFR")
     512                      .dwattr $C$DW$41, DW_AT_location[DW_OP_regx 0x24]
     513              $C$DW$42        .dwtag  DW_TAG_TI_assign_register, DW_AT_name("IER")
     514                      .dwattr $C$DW$42, DW_AT_location[DW_OP_regx 0x25]
     515              $C$DW$43        .dwtag  DW_TAG_TI_assign_register, DW_AT_name("V")
     516                      .dwattr $C$DW$43, DW_AT_location[DW_OP_regx 0x26]
     517              $C$DW$44        .dwtag  DW_TAG_TI_assign_register, DW_AT_name("PSEUDOH")
     518                      .dwattr $C$DW$44, DW_AT_location[DW_OP_regx 0x4c]
     519              $C$DW$45        .dwtag  DW_TAG_TI_assign_register, DW_AT_name("VOL")
     520                      .dwattr $C$DW$45, DW_AT_location[DW_OP_regx 0x4d]
     521              $C$DW$46        .dwtag  DW_TAG_TI_assign_register, DW_AT_name("AR0")
     522                      .dwattr $C$DW$46, DW_AT_location[DW_OP_reg4]
     523              $C$DW$47        .dwtag  DW_TAG_TI_assign_register, DW_AT_name("XAR0")
     524                      .dwattr $C$DW$47, DW_AT_location[DW_OP_reg5]
     525              $C$DW$48        .dwtag  DW_TAG_TI_assign_register, DW_AT_name("AR1")
     526                      .dwattr $C$DW$48, DW_AT_location[DW_OP_reg6]
     527              $C$DW$49        .dwtag  DW_TAG_TI_assign_register, DW_AT_name("XAR1")
     528                      .dwattr $C$DW$49, DW_AT_location[DW_OP_reg7]
     529              $C$DW$50        .dwtag  DW_TAG_TI_assign_register, DW_AT_name("AR2")
     530                      .dwattr $C$DW$50, DW_AT_location[DW_OP_reg8]
     531              $C$DW$51        .dwtag  DW_TAG_TI_assign_register, DW_AT_name("XAR2")
     532                      .dwattr $C$DW$51, DW_AT_location[DW_OP_reg9]
     533              $C$DW$52        .dwtag  DW_TAG_TI_assign_register, DW_AT_name("AR3")
     534                      .dwattr $C$DW$52, DW_AT_location[DW_OP_reg10]
     535              $C$DW$53        .dwtag  DW_TAG_TI_assign_register, DW_AT_name("XAR3")
     536                      .dwattr $C$DW$53, DW_AT_location[DW_OP_reg11]
     537              $C$DW$54        .dwtag  DW_TAG_TI_assign_register, DW_AT_name("AR4")
     538                      .dwattr $C$DW$54, DW_AT_location[DW_OP_reg12]
TMS320C2000 Assembler PC v6.4.4 Tue Feb 14 14:42:37 2017

Tools Copyright (c) 1996-2015 Texas Instruments Incorporated
C:\Users\a0221343\AppData\Local\Temp\0763210                         PAGE   11

     539              $C$DW$55        .dwtag  DW_TAG_TI_assign_register, DW_AT_name("XAR4")
     540                      .dwattr $C$DW$55, DW_AT_location[DW_OP_reg13]
     541              $C$DW$56        .dwtag  DW_TAG_TI_assign_register, DW_AT_name("AR5")
     542                      .dwattr $C$DW$56, DW_AT_location[DW_OP_reg14]
     543              $C$DW$57        .dwtag  DW_TAG_TI_assign_register, DW_AT_name("XAR5")
     544                      .dwattr $C$DW$57, DW_AT_location[DW_OP_reg15]
     545              $C$DW$58        .dwtag  DW_TAG_TI_assign_register, DW_AT_name("AR6")
     546                      .dwattr $C$DW$58, DW_AT_location[DW_OP_reg16]
     547              $C$DW$59        .dwtag  DW_TAG_TI_assign_register, DW_AT_name("XAR6")
     548                      .dwattr $C$DW$59, DW_AT_location[DW_OP_reg17]
     549              $C$DW$60        .dwtag  DW_TAG_TI_assign_register, DW_AT_name("AR7")
     550                      .dwattr $C$DW$60, DW_AT_location[DW_OP_reg18]
     551              $C$DW$61        .dwtag  DW_TAG_TI_assign_register, DW_AT_name("XAR7")
     552                      .dwattr $C$DW$61, DW_AT_location[DW_OP_reg19]
     553              $C$DW$62        .dwtag  DW_TAG_TI_assign_register, DW_AT_name("R0HL")
     554                      .dwattr $C$DW$62, DW_AT_location[DW_OP_regx 0x2b]
     555              $C$DW$63        .dwtag  DW_TAG_TI_assign_register, DW_AT_name("R0H")
     556                      .dwattr $C$DW$63, DW_AT_location[DW_OP_regx 0x2c]
     557              $C$DW$64        .dwtag  DW_TAG_TI_assign_register, DW_AT_name("R1HL")
     558                      .dwattr $C$DW$64, DW_AT_location[DW_OP_regx 0x2f]
     559              $C$DW$65        .dwtag  DW_TAG_TI_assign_register, DW_AT_name("R1H")
     560                      .dwattr $C$DW$65, DW_AT_location[DW_OP_regx 0x30]
     561              $C$DW$66        .dwtag  DW_TAG_TI_assign_register, DW_AT_name("R2HL")
     562                      .dwattr $C$DW$66, DW_AT_location[DW_OP_regx 0x33]
     563              $C$DW$67        .dwtag  DW_TAG_TI_assign_register, DW_AT_name("R2H")
     564                      .dwattr $C$DW$67, DW_AT_location[DW_OP_regx 0x34]
     565              $C$DW$68        .dwtag  DW_TAG_TI_assign_register, DW_AT_name("R3HL")
     566                      .dwattr $C$DW$68, DW_AT_location[DW_OP_regx 0x37]
     567              $C$DW$69        .dwtag  DW_TAG_TI_assign_register, DW_AT_name("R3H")
     568                      .dwattr $C$DW$69, DW_AT_location[DW_OP_regx 0x38]
     569              $C$DW$70        .dwtag  DW_TAG_TI_assign_register, DW_AT_name("R4HL")
     570                      .dwattr $C$DW$70, DW_AT_location[DW_OP_regx 0x3b]
     571              $C$DW$71        .dwtag  DW_TAG_TI_assign_register, DW_AT_name("R4H")
     572                      .dwattr $C$DW$71, DW_AT_location[DW_OP_regx 0x3c]
     573              $C$DW$72        .dwtag  DW_TAG_TI_assign_register, DW_AT_name("R5HL")
     574                      .dwattr $C$DW$72, DW_AT_location[DW_OP_regx 0x3f]
     575              $C$DW$73        .dwtag  DW_TAG_TI_assign_register, DW_AT_name("R5H")
     576                      .dwattr $C$DW$73, DW_AT_location[DW_OP_regx 0x40]
     577              $C$DW$74        .dwtag  DW_TAG_TI_assign_register, DW_AT_name("R6HL")
     578                      .dwattr $C$DW$74, DW_AT_location[DW_OP_regx 0x43]
     579              $C$DW$75        .dwtag  DW_TAG_TI_assign_register, DW_AT_name("R6H")
     580                      .dwattr $C$DW$75, DW_AT_location[DW_OP_regx 0x44]
     581              $C$DW$76        .dwtag  DW_TAG_TI_assign_register, DW_AT_name("R7HL")
     582                      .dwattr $C$DW$76, DW_AT_location[DW_OP_regx 0x47]
     583              $C$DW$77        .dwtag  DW_TAG_TI_assign_register, DW_AT_name("R7H")
     584                      .dwattr $C$DW$77, DW_AT_location[DW_OP_regx 0x48]
     585              $C$DW$78        .dwtag  DW_TAG_TI_assign_register, DW_AT_name("RBL")
     586                      .dwattr $C$DW$78, DW_AT_location[DW_OP_regx 0x49]
     587              $C$DW$79        .dwtag  DW_TAG_TI_assign_register, DW_AT_name("RB")
     588                      .dwattr $C$DW$79, DW_AT_location[DW_OP_regx 0x4a]
     589              $C$DW$80        .dwtag  DW_TAG_TI_assign_register, DW_AT_name("STFL")
     590                      .dwattr $C$DW$80, DW_AT_location[DW_OP_regx 0x27]
     591              $C$DW$81        .dwtag  DW_TAG_TI_assign_register, DW_AT_name("STF")
     592                      .dwattr $C$DW$81, DW_AT_location[DW_OP_regx 0x28]
     593              $C$DW$82        .dwtag  DW_TAG_TI_assign_register, DW_AT_name("FPUHAZ")
TMS320C2000 Assembler PC v6.4.4 Tue Feb 14 14:42:37 2017

Tools Copyright (c) 1996-2015 Texas Instruments Incorporated
C:\Users\a0221343\AppData\Local\Temp\0763210                         PAGE   12

     594                      .dwattr $C$DW$82, DW_AT_location[DW_OP_reg27]
     595                      .dwendtag $C$DW$CU
     596              

No Assembly Errors, No Assembly Warnings
