TMS320C2000 Assembler PC v6.4.4 Wed Jul 29 18:16:05 2015

Tools Copyright (c) 1996-2015 Texas Instruments Incorporated
C:/work/grepos/c2000_bootROM/f28004x_bootrom/F28004x_ROM_dev/F28004x_ROM/bootROM/source/tables/FFT_f32_twiddleFactors.asm PAGE    1

       1              ;;#############################################################################
       2              ;;! \file source/fft/FFT_f32_twiddleFactors.asm
       3              ;; 
       4              ;;! \brief  Twiddle Factors for 1024-pt FFT 
       5              ;;! \author Vishal Coelho 
       6              ;;! \date   04/23/2015
       7              ;;! 
       8              ;;
       9              ;;  Group:          C2000
      10              ;;  Target Family:  C28x + FPU32
      11              ;;
      12              ;; Copyright (C) $YEAR$ Texas Instruments Incorporated - http://www.ti.com/ 
      13              ;; ALL RIGHTS RESERVED 
      14              ;;#############################################################################
      15              ;;$TI Release: PACKAGE NAME $
      16              ;;$Release Date: PACKAGE RELEASE DATE $
      17              ;;#############################################################################
      18              
      19              ;; For N = 1024-pt Complex FFT there are 10 stages
      20              ;; requiring 1280 complex twiddle factors for the FPU implementation
      21              ;; Total space requirement = 1280 long words(32-bit) or, 
      22              ;; 2560 words (16-bits) or, 
      23              ;; 5120 bytes
      24              ;; The values range from sin(pi/2 * 0/256) to sin(pi/2 * 1279/256) i.e., 
      25              ;;    sin(pi/2 * k/256), where k = 0 to 5N/4-1 (N=1024)
      26              
      27 00000000           .sect ".FFT_f32_twiddleFactors"
      28                  .global _FFT_f32_twiddleFactors
      29 00000000       _FFT_f32_twiddleFactors:
      30 00000000 0000      .float     0.000000000,  0.006135885,  0.012271538,  0.018406730
         00000001 0000 
         00000002 0F89 
         00000003 3BC9 
         00000004 0E90 
         00000005 3C49 
         00000006 C9B6 
         00000007 3C96 
      31 00000008 0AB0      .float     0.024541229,  0.030674804,  0.036807224,  0.042938258
         00000009 3CC9 
         0000000a 49BA 
         0000000b 3CFB 
         0000000c C32C 
         0000000d 3D16 
         0000000e E007 
         0000000f 3D2F 
      32 00000010 FB30      .float     0.049067676,  0.055195246,  0.061320737,  0.067443922
         00000011 3D48 
         00000012 1469 
         00000013 3D62 
         00000014 2B74 
         00000015 3D7B 
         00000016 200A 
         00000017 3D8A 
      33 00000018 A905      .float     0.073564567,  0.079682440,  0.085797310,  0.091908954
         00000019 3D96 
TMS320C2000 Assembler PC v6.4.4 Wed Jul 29 18:16:05 2015

Tools Copyright (c) 1996-2015 Texas Instruments Incorporated
C:/work/grepos/c2000_bootROM/f28004x_bootrom/F28004x_ROM_dev/F28004x_ROM/bootROM/source/tables/FFT_f32_twiddleFactors.asm PAGE    2

         0000001a 308C 
         0000001b 3DA3 
         0000001c B680 
         0000001d 3DAF 
         0000001e 3AC3 
         0000001f 3DBC 
      34 00000020 BD36      .float     0.098017141,  0.104121633,  0.110222206,  0.116318628
         00000021 3DC8 
         00000022 3DB9 
         00000023 3DD5 
         00000024 BC2E 
         00000025 3DE1 
         00000026 3876 
         00000027 3DEE 
      35 00000028 B273      .float     0.122410677,  0.128498107,  0.134580702,  0.140658244
         00000029 3DFA 
         0000002a 9502 
         0000002b 3E03 
         0000002c CF86 
         0000002d 3E09 
         0000002e 08B7 
         0000002f 3E10 
      36 00000030 4083      .float     0.146730468,  0.152797192,  0.158858150,  0.164913118
         00000031 3E16 
         00000032 76DE 
         00000033 3E1C 
         00000034 ABB6 
         00000035 3E22 
         00000036 DEFC 
         00000037 3E28 
      37 00000038 10A2      .float     0.170961887,  0.177004218,  0.183039889,  0.189068660
         00000039 3E2F 
         0000003a 4098 
         0000003b 3E35 
         0000003c 6ECF 
         0000003d 3E3B 
         0000003e 9B37 
         0000003f 3E41 
      38 00000040 C5C2      .float     0.195090324,  0.201104641,  0.207111374,  0.213110313
         00000041 3E47 
         00000042 EE60 
         00000043 3E4D 
         00000044 1501 
         00000045 3E54 
         00000046 3997 
         00000047 3E5A 
      39 00000048 5C13      .float     0.219101235,  0.225083917,  0.231058106,  0.237023607
         00000049 3E60 
         0000004a 7C66 
         0000004b 3E66 
         0000004c 9A7F 
         0000004d 3E6C 
         0000004e B651 
         0000004f 3E72 
      40 00000050 CFCC      .float     0.242980182,  0.248927608,  0.254865646,  0.260794103
TMS320C2000 Assembler PC v6.4.4 Wed Jul 29 18:16:05 2015

Tools Copyright (c) 1996-2015 Texas Instruments Incorporated
C:/work/grepos/c2000_bootROM/f28004x_bootrom/F28004x_ROM_dev/F28004x_ROM/bootROM/source/tables/FFT_f32_twiddleFactors.asm PAGE    3

         00000051 3E78 
         00000052 E6E1 
         00000053 3E7E 
         00000054 7DC0 
         00000055 3E82 
         00000056 86CE 
         00000057 3E85 
      41 00000058 8E93      .float     0.266712755,  0.272621363,  0.278519690,  0.284407526
         00000059 3E88 
         0000005a 9507 
         0000005b 3E8B 
         0000005c 9A22 
         0000005d 3E8E 
         0000005e 9DDD 
         0000005f 3E91 
      42 00000060 A031      .float     0.290284663,  0.296150893,  0.302005947,  0.307849646
         00000061 3E94 
         00000062 A117 
         00000063 3E97 
         00000064 A086 
         00000065 3E9A 
         00000066 9E78 
         00000067 3E9D 
      43 00000068 9AE5      .float     0.313681751,  0.319502026,  0.325310290,  0.331106305
         00000069 3EA0 
         0000006a 95C5 
         0000006b 3EA3 
         0000006c 8F12 
         0000006d 3EA6 
         0000006e 86C4 
         0000006f 3EA9 
      44 00000070 7CD4      .float     0.336889863,  0.342660725,  0.348418683,  0.354163527
         00000071 3EAC 
         00000072 713A 
         00000073 3EAF 
         00000074 63EF 
         00000075 3EB2 
         00000076 54EC 
         00000077 3EB5 
      45 00000078 442A      .float     0.359895051,  0.365612984,  0.371317208,  0.377007425
         00000079 3EB8 
         0000007a 31A0 
         0000007b 3EBB 
         0000007c 1D4A 
         0000007d 3EBE 
         0000007e 071E 
         0000007f 3EC1 
      46 00000080 EF15      .float     0.382683426,  0.388345033,  0.393992037,  0.399624199
         00000081 3EC3 
         00000082 D529 
         00000083 3EC6 
         00000084 B953 
         00000085 3EC9 
         00000086 9B8B 
         00000087 3ECC 
TMS320C2000 Assembler PC v6.4.4 Wed Jul 29 18:16:05 2015

Tools Copyright (c) 1996-2015 Texas Instruments Incorporated
C:/work/grepos/c2000_bootROM/f28004x_bootrom/F28004x_ROM_dev/F28004x_ROM/bootROM/source/tables/FFT_f32_twiddleFactors.asm PAGE    4

      47 00000088 7BCA      .float     0.405241311,  0.410843164,  0.416429549,  0.422000259
         00000089 3ECF 
         0000008a 5A09 
         0000008b 3ED2 
         0000008c 3641 
         0000008d 3ED5 
         0000008e 106B 
         0000008f 3ED8 
      48 00000090 E880      .float     0.427555084,  0.433093816,  0.438616246,  0.444122136
         00000091 3EDA 
         00000092 BE79 
         00000093 3EDD 
         00000094 924F 
         00000095 3EE0 
         00000096 63FA 
         00000097 3EE3 
      49 00000098 3375      .float     0.449611336,  0.455083579,  0.460538715,  0.465976506
         00000099 3EE6 
         0000009a 00B7 
         0000009b 3EE9 
         0000009c CBBB 
         0000009d 3EEB 
         0000009e 9479 
         0000009f 3EEE 
      50 000000a0 5AEA      .float     0.471396744,  0.476799220,  0.482183784,  0.487550169
         000000a1 3EF1 
         000000a2 1F07 
         000000a3 3EF4 
         000000a4 E0CB 
         000000a5 3EF6 
         000000a6 A02D 
         000000a7 3EF9 
      51 000000a8 5D27      .float     0.492898196,  0.498227656,  0.503538370,  0.508830130
         000000a9 3EFC 
         000000aa 17B2 
         000000ab 3EFF 
         000000ac E7E4 
         000000ad 3F00 
         000000ae 42B1 
         000000af 3F02 
      52 000000b0 9C3D      .float     0.514102757,  0.519356012,  0.524589658,  0.529803634
         000000b1 3F03 
         000000b2 F484 
         000000b3 3F04 
         000000b4 4B82 
         000000b5 3F06 
         000000b6 A136 
         000000b7 3F07 
      53 000000b8 F59B      .float     0.534997642,  0.540171444,  0.545324981,  0.550457954
         000000b9 3F08 
         000000ba 48AD 
         000000bb 3F0A 
         000000bc 9A6B 
         000000bd 3F0B 
         000000be EAD0 
TMS320C2000 Assembler PC v6.4.4 Wed Jul 29 18:16:05 2015

Tools Copyright (c) 1996-2015 Texas Instruments Incorporated
C:/work/grepos/c2000_bootROM/f28004x_bootrom/F28004x_ROM_dev/F28004x_ROM/bootROM/source/tables/FFT_f32_twiddleFactors.asm PAGE    5

         000000bf 3F0C 
      54 000000c0 39DA      .float     0.555570245,  0.560661554,  0.565731823,  0.570780754
         000000c1 3F0E 
         000000c2 8784 
         000000c3 3F0F 
         000000c4 D3CD 
         000000c5 3F10 
         000000c6 1EB0 
         000000c7 3F12 
      55 000000c8 682A      .float     0.575808167,  0.580813944,  0.585797846,  0.590759695
         000000c9 3F13 
         000000ca B039 
         000000cb 3F14 
         000000cc F6D9 
         000000cd 3F15 
         000000ce 3C07 
         000000cf 3F17 
      56 000000d0 7FC0      .float     0.595699310,  0.600616455,  0.605511069,  0.610382795
         000000d1 3F18 
         000000d2 C200 
         000000d3 3F19 
         000000d4 02C6 
         000000d5 3F1B 
         000000d6 420C 
         000000d7 3F1C 
      57 000000d8 7FD1      .float     0.615231574,  0.620057225,  0.624859512,  0.629638255
         000000d9 3F1D 
         000000da BC12 
         000000db 3F1E 
         000000dc F6CB 
         000000dd 3F1F 
         000000de 2FF9 
         000000df 3F21 
      58 000000e0 6799      .float     0.634393275,  0.639124453,  0.643831551,  0.648514390
         000000e1 3F22 
         000000e2 9DA9 
         000000e3 3F23 
         000000e4 D225 
         000000e5 3F24 
         000000e6 050A 
         000000e7 3F26 
      59 000000e8 3656      .float     0.653172851,  0.657806695,  0.662415802,  0.666999936
         000000e9 3F27 
         000000ea 6605 
         000000eb 3F28 
         000000ec 9415 
         000000ed 3F29 
         000000ee C082 
         000000ef 3F2A 
      60 000000f0 EB4A      .float     0.671558976,  0.676092684,  0.680601001,  0.685083687
         000000f1 3F2B 
         000000f2 1469 
         000000f3 3F2D 
         000000f4 3BDE 
         000000f5 3F2E 
TMS320C2000 Assembler PC v6.4.4 Wed Jul 29 18:16:05 2015

Tools Copyright (c) 1996-2015 Texas Instruments Incorporated
C:/work/grepos/c2000_bootROM/f28004x_bootrom/F28004x_ROM_dev/F28004x_ROM/bootROM/source/tables/FFT_f32_twiddleFactors.asm PAGE    6

         000000f6 61A5 
         000000f7 3F2F 
      61 000000f8 85BB      .float     0.689540565,  0.693971455,  0.698376238,  0.702754736
         000000f9 3F30 
         000000fa A81D 
         000000fb 3F31 
         000000fc C8C9 
         000000fd 3F32 
         000000fe E7BC 
         000000ff 3F33 
      62 00000100 04F3      .float     0.707106769,  0.711432219,  0.715730846,  0.720002532
         00000101 3F35 
         00000102 206C 
         00000103 3F36 
         00000104 3A23 
         00000105 3F37 
         00000106 5216 
         00000107 3F38 
      63 00000108 6842      .float     0.724247098,  0.728464365,  0.732654274,  0.736816585
         00000109 3F39 
         0000010a 7CA4 
         0000010b 3F3A 
         0000010c 8F3B 
         0000010d 3F3B 
         0000010e A003 
         0000010f 3F3C 
      64 00000110 AEF9      .float     0.740951121,  0.745057762,  0.749136388,  0.753186822
         00000111 3F3D 
         00000112 BC1B 
         00000113 3F3E 
         00000114 C767 
         00000115 3F3F 
         00000116 D0DA 
         00000117 3F40 
      65 00000118 D870      .float     0.757208824,  0.761202395,  0.765167236,  0.769103348
         00000119 3F41 
         0000011a DE29 
         0000011b 3F42 
         0000011c E200 
         0000011d 3F43 
         0000011e E3F5 
         0000011f 3F44 
      66 00000120 E403      .float     0.773010433,  0.776888490,  0.780737221,  0.784556568
         00000121 3F45 
         00000122 E22A 
         00000123 3F46 
         00000124 DE65 
         00000125 3F47 
         00000126 D8B3 
         00000127 3F48 
      67 00000128 D112      .float     0.788346410,  0.792106569,  0.795836926,  0.799537241
         00000129 3F49 
         0000012a C77F 
         0000012b 3F4A 
         0000012c BBF8 
TMS320C2000 Assembler PC v6.4.4 Wed Jul 29 18:16:05 2015

Tools Copyright (c) 1996-2015 Texas Instruments Incorporated
C:/work/grepos/c2000_bootROM/f28004x_bootrom/F28004x_ROM_dev/F28004x_ROM/bootROM/source/tables/FFT_f32_twiddleFactors.asm PAGE    7

         0000012d 3F4B 
         0000012e AE79 
         0000012f 3F4C 
      68 00000130 9F02      .float     0.803207517,  0.806847572,  0.810457170,  0.814036310
         00000131 3F4D 
         00000132 8D90 
         00000133 3F4E 
         00000134 7A1F 
         00000135 3F4F 
         00000136 64AF 
         00000137 3F50 
      69 00000138 4D3D      .float     0.817584813,  0.821102500,  0.824589312,  0.828045070
         00000139 3F51 
         0000013a 33C6 
         0000013b 3F52 
         0000013c 1849 
         0000013d 3F53 
         0000013e FAC3 
         0000013f 3F53 
      70 00000140 DB31      .float     0.831469595,  0.834862888,  0.838224709,  0.841554999
         00000141 3F54 
         00000142 B993 
         00000143 3F55 
         00000144 95E5 
         00000145 3F56 
         00000146 7026 
         00000147 3F57 
      71 00000148 4853      .float     0.844853580,  0.848120332,  0.851355195,  0.854557991
         00000149 3F58 
         0000014a 1E6A 
         0000014b 3F59 
         0000014c F26A 
         0000014d 3F59 
         0000014e C450 
         0000014f 3F5A 
      72 00000150 941A      .float     0.857728601,  0.860866964,  0.863972843,  0.867046237
         00000151 3F5B 
         00000152 61C7 
         00000153 3F5C 
         00000154 2D53 
         00000155 3F5D 
         00000156 F6BE 
         00000157 3F5D 
      73 00000158 BE05      .float     0.870086968,  0.873094976,  0.876070082,  0.879012227
         00000159 3F5E 
         0000015a 8327 
         0000015b 3F5F 
         0000015c 4621 
         0000015d 3F60 
         0000015e 06F2 
         0000015f 3F61 
      74 00000160 C598      .float     0.881921291,  0.884797096,  0.887639642,  0.890448749
         00000161 3F61 
         00000162 8210 
         00000163 3F62 
TMS320C2000 Assembler PC v6.4.4 Wed Jul 29 18:16:05 2015

Tools Copyright (c) 1996-2015 Texas Instruments Incorporated
C:/work/grepos/c2000_bootROM/f28004x_bootrom/F28004x_ROM_dev/F28004x_ROM/bootROM/source/tables/FFT_f32_twiddleFactors.asm PAGE    8

         00000164 3C5A 
         00000165 3F63 
         00000166 F473 
         00000167 3F63 
      75 00000168 AA59      .float     0.893224299,  0.895966232,  0.898674488,  0.901348829
         00000169 3F64 
         0000016a 5E0B 
         0000016b 3F65 
         0000016c 0F88 
         0000016d 3F66 
         0000016e BECC 
         0000016f 3F66 
      76 00000170 6BD8      .float     0.903989315,  0.906595707,  0.909168005,  0.911706030
         00000171 3F67 
         00000172 16A8 
         00000173 3F68 
         00000174 BF3C 
         00000175 3F68 
         00000176 6591 
         00000177 3F69 
      77 00000178 09A7      .float     0.914209783,  0.916679084,  0.919113874,  0.921514034
         00000179 3F6A 
         0000017a AB7B 
         0000017b 3F6A 
         0000017c 4B0C 
         0000017d 3F6B 
         0000017e E858 
         0000017f 3F6B 
      78 00000180 835E      .float     0.923879504,  0.926210225,  0.928506076,  0.930766940
         00000181 3F6C 
         00000182 1C1D 
         00000183 3F6D 
         00000184 B293 
         00000185 3F6D 
         00000186 46BE 
         00000187 3F6E 
      79 00000188 D89E      .float     0.932992816,  0.935183525,  0.937339008,  0.939459205
         00000189 3F6E 
         0000018a 6830 
         0000018b 3F6F 
         0000018c F573 
         0000018d 3F6F 
         0000018e 8066 
         0000018f 3F70 
      80 00000190 0908      .float     0.941544056,  0.943593442,  0.945607305,  0.947585583
         00000191 3F71 
         00000192 8F57 
         00000193 3F71 
         00000194 1352 
         00000195 3F72 
         00000196 94F8 
         00000197 3F72 
      81 00000198 1447      .float     0.949528158,  0.951435030,  0.953306019,  0.955141187
         00000199 3F73 
         0000019a 913F 
TMS320C2000 Assembler PC v6.4.4 Wed Jul 29 18:16:05 2015

Tools Copyright (c) 1996-2015 Texas Instruments Incorporated
C:/work/grepos/c2000_bootROM/f28004x_bootrom/F28004x_ROM_dev/F28004x_ROM/bootROM/source/tables/FFT_f32_twiddleFactors.asm PAGE    9

         0000019b 3F73 
         0000019c 0BDD 
         0000019d 3F74 
         0000019e 8422 
         0000019f 3F74 
      82 000001a0 FA0B      .float     0.956940353,  0.958703458,  0.960430503,  0.962121427
         000001a1 3F74 
         000001a2 6D97 
         000001a3 3F75 
         000001a4 DEC6 
         000001a5 3F75 
         000001a6 4D97 
         000001a7 3F76 
      83 000001a8 BA07      .float     0.963776052,  0.965394437,  0.966976464,  0.968522072
         000001a9 3F76 
         000001aa 2417 
         000001ab 3F77 
         000001ac 8BC5 
         000001ad 3F77 
         000001ae F110 
         000001af 3F77 
      84 000001b0 53F8      .float     0.970031261,  0.971503913,  0.972939968,  0.974339366
         000001b1 3F78 
         000001b2 B47B 
         000001b3 3F78 
         000001b4 1298 
         000001b5 3F79 
         000001b6 6E4E 
         000001b7 3F79 
      85 000001b8 C79D      .float     0.975702107,  0.977028131,  0.978317380,  0.979569793
         000001b9 3F79 
         000001ba 1E84 
         000001bb 3F7A 
         000001bc 7302 
         000001bd 3F7A 
         000001be C516 
         000001bf 3F7A 
      86 000001c0 14BE      .float     0.980785251,  0.981963873,  0.983105481,  0.984210074
         000001c1 3F7B 
         000001c2 61FC 
         000001c3 3F7B 
         000001c4 ACCD 
         000001c5 3F7B 
         000001c6 F531 
         000001c7 3F7B 
      87 000001c8 3B28      .float     0.985277653,  0.986308098,  0.987301409,  0.988257587
         000001c9 3F7C 
         000001ca 7EB0 
         000001cb 3F7C 
         000001cc BFC9 
         000001cd 3F7C 
         000001ce FE73 
         000001cf 3F7C 
      88 000001d0 3AAC      .float     0.989176512,  0.990058184,  0.990902662,  0.991709769
         000001d1 3F7D 
TMS320C2000 Assembler PC v6.4.4 Wed Jul 29 18:16:05 2015

Tools Copyright (c) 1996-2015 Texas Instruments Incorporated
C:/work/grepos/c2000_bootROM/f28004x_bootrom/F28004x_ROM_dev/F28004x_ROM/bootROM/source/tables/FFT_f32_twiddleFactors.asm PAGE   10

         000001d2 7474 
         000001d3 3F7D 
         000001d4 ABCC 
         000001d5 3F7D 
         000001d6 E0B1 
         000001d7 3F7D 
      89 000001d8 1324      .float     0.992479563,  0.993211925,  0.993906975,  0.994564593
         000001d9 3F7E 
         000001da 4323 
         000001db 3F7E 
         000001dc 70B0 
         000001dd 3F7E 
         000001de 9BC9 
         000001df 3F7E 
      90 000001e0 C46D      .float     0.995184720,  0.995767415,  0.996312618,  0.996820271
         000001e1 3F7E 
         000001e2 EA9D 
         000001e3 3F7E 
         000001e4 0E58 
         000001e5 3F7F 
         000001e6 2F9D 
         000001e7 3F7F 
      91 000001e8 4E6D      .float     0.997290432,  0.997723043,  0.998118103,  0.998475552
         000001e9 3F7F 
         000001ea 6AC7 
         000001eb 3F7F 
         000001ec 84AB 
         000001ed 3F7F 
         000001ee 9C18 
         000001ef 3F7F 
      92 000001f0 B10F      .float     0.998795450,  0.999077737,  0.999322355,  0.999529421
         000001f1 3F7F 
         000001f2 C38F 
         000001f3 3F7F 
         000001f4 D397 
         000001f5 3F7F 
         000001f6 E129 
         000001f7 3F7F 
      93 000001f8 EC43      .float     0.999698818,  0.999830604,  0.999924719,  0.999981165
         000001f9 3F7F 
         000001fa F4E6 
         000001fb 3F7F 
         000001fc FB11 
         000001fd 3F7F 
         000001fe FEC4 
         000001ff 3F7F 
      94 00000200 0000      .float     1.000000000,  0.999981165,  0.999924719,  0.999830604
         00000201 3F80 
         00000202 FEC4 
         00000203 3F7F 
         00000204 FB11 
         00000205 3F7F 
         00000206 F4E6 
         00000207 3F7F 
      95 00000208 EC43      .float     0.999698818,  0.999529421,  0.999322355,  0.999077737
TMS320C2000 Assembler PC v6.4.4 Wed Jul 29 18:16:05 2015

Tools Copyright (c) 1996-2015 Texas Instruments Incorporated
C:/work/grepos/c2000_bootROM/f28004x_bootrom/F28004x_ROM_dev/F28004x_ROM/bootROM/source/tables/FFT_f32_twiddleFactors.asm PAGE   11

         00000209 3F7F 
         0000020a E129 
         0000020b 3F7F 
         0000020c D397 
         0000020d 3F7F 
         0000020e C38F 
         0000020f 3F7F 
      96 00000210 B10F      .float     0.998795450,  0.998475552,  0.998118103,  0.997723043
         00000211 3F7F 
         00000212 9C18 
         00000213 3F7F 
         00000214 84AB 
         00000215 3F7F 
         00000216 6AC7 
         00000217 3F7F 
      97 00000218 4E6D      .float     0.997290432,  0.996820271,  0.996312618,  0.995767415
         00000219 3F7F 
         0000021a 2F9D 
         0000021b 3F7F 
         0000021c 0E58 
         0000021d 3F7F 
         0000021e EA9D 
         0000021f 3F7E 
      98 00000220 C46D      .float     0.995184720,  0.994564593,  0.993906975,  0.993211925
         00000221 3F7E 
         00000222 9BC9 
         00000223 3F7E 
         00000224 70B0 
         00000225 3F7E 
         00000226 4323 
         00000227 3F7E 
      99 00000228 1324      .float     0.992479563,  0.991709769,  0.990902662,  0.990058184
         00000229 3F7E 
         0000022a E0B1 
         0000022b 3F7D 
         0000022c ABCC 
         0000022d 3F7D 
         0000022e 7474 
         0000022f 3F7D 
     100 00000230 3AAC      .float     0.989176512,  0.988257587,  0.987301409,  0.986308098
         00000231 3F7D 
         00000232 FE73 
         00000233 3F7C 
         00000234 BFC9 
         00000235 3F7C 
         00000236 7EB0 
         00000237 3F7C 
     101 00000238 3B28      .float     0.985277653,  0.984210074,  0.983105481,  0.981963873
         00000239 3F7C 
         0000023a F531 
         0000023b 3F7B 
         0000023c ACCD 
         0000023d 3F7B 
         0000023e 61FC 
         0000023f 3F7B 
TMS320C2000 Assembler PC v6.4.4 Wed Jul 29 18:16:05 2015

Tools Copyright (c) 1996-2015 Texas Instruments Incorporated
C:/work/grepos/c2000_bootROM/f28004x_bootrom/F28004x_ROM_dev/F28004x_ROM/bootROM/source/tables/FFT_f32_twiddleFactors.asm PAGE   12

     102 00000240 14BE      .float     0.980785251,  0.979569793,  0.978317380,  0.977028131
         00000241 3F7B 
         00000242 C516 
         00000243 3F7A 
         00000244 7302 
         00000245 3F7A 
         00000246 1E84 
         00000247 3F7A 
     103 00000248 C79D      .float     0.975702107,  0.974339366,  0.972939968,  0.971503913
         00000249 3F79 
         0000024a 6E4E 
         0000024b 3F79 
         0000024c 1298 
         0000024d 3F79 
         0000024e B47B 
         0000024f 3F78 
     104 00000250 53F8      .float     0.970031261,  0.968522072,  0.966976464,  0.965394437
         00000251 3F78 
         00000252 F110 
         00000253 3F77 
         00000254 8BC5 
         00000255 3F77 
         00000256 2417 
         00000257 3F77 
     105 00000258 BA07      .float     0.963776052,  0.962121427,  0.960430503,  0.958703458
         00000259 3F76 
         0000025a 4D97 
         0000025b 3F76 
         0000025c DEC6 
         0000025d 3F75 
         0000025e 6D97 
         0000025f 3F75 
     106 00000260 FA0B      .float     0.956940353,  0.955141187,  0.953306019,  0.951435030
         00000261 3F74 
         00000262 8422 
         00000263 3F74 
         00000264 0BDD 
         00000265 3F74 
         00000266 913F 
         00000267 3F73 
     107 00000268 1447      .float     0.949528158,  0.947585583,  0.945607305,  0.943593442
         00000269 3F73 
         0000026a 94F8 
         0000026b 3F72 
         0000026c 1352 
         0000026d 3F72 
         0000026e 8F57 
         0000026f 3F71 
     108 00000270 0908      .float     0.941544056,  0.939459205,  0.937339008,  0.935183525
         00000271 3F71 
         00000272 8066 
         00000273 3F70 
         00000274 F573 
         00000275 3F6F 
         00000276 6830 
TMS320C2000 Assembler PC v6.4.4 Wed Jul 29 18:16:05 2015

Tools Copyright (c) 1996-2015 Texas Instruments Incorporated
C:/work/grepos/c2000_bootROM/f28004x_bootrom/F28004x_ROM_dev/F28004x_ROM/bootROM/source/tables/FFT_f32_twiddleFactors.asm PAGE   13

         00000277 3F6F 
     109 00000278 D89E      .float     0.932992816,  0.930766940,  0.928506076,  0.926210225
         00000279 3F6E 
         0000027a 46BE 
         0000027b 3F6E 
         0000027c B293 
         0000027d 3F6D 
         0000027e 1C1D 
         0000027f 3F6D 
     110 00000280 835E      .float     0.923879504,  0.921514034,  0.919113874,  0.916679084
         00000281 3F6C 
         00000282 E858 
         00000283 3F6B 
         00000284 4B0C 
         00000285 3F6B 
         00000286 AB7B 
         00000287 3F6A 
     111 00000288 09A7      .float     0.914209783,  0.911706030,  0.909168005,  0.906595707
         00000289 3F6A 
         0000028a 6591 
         0000028b 3F69 
         0000028c BF3C 
         0000028d 3F68 
         0000028e 16A8 
         0000028f 3F68 
     112 00000290 6BD8      .float     0.903989315,  0.901348829,  0.898674488,  0.895966232
         00000291 3F67 
         00000292 BECC 
         00000293 3F66 
         00000294 0F88 
         00000295 3F66 
         00000296 5E0B 
         00000297 3F65 
     113 00000298 AA59      .float     0.893224299,  0.890448749,  0.887639642,  0.884797096
         00000299 3F64 
         0000029a F473 
         0000029b 3F63 
         0000029c 3C5A 
         0000029d 3F63 
         0000029e 8210 
         0000029f 3F62 
     114 000002a0 C598      .float     0.881921291,  0.879012227,  0.876070082,  0.873094976
         000002a1 3F61 
         000002a2 06F2 
         000002a3 3F61 
         000002a4 4621 
         000002a5 3F60 
         000002a6 8327 
         000002a7 3F5F 
     115 000002a8 BE05      .float     0.870086968,  0.867046237,  0.863972843,  0.860866964
         000002a9 3F5E 
         000002aa F6BE 
         000002ab 3F5D 
         000002ac 2D53 
         000002ad 3F5D 
TMS320C2000 Assembler PC v6.4.4 Wed Jul 29 18:16:05 2015

Tools Copyright (c) 1996-2015 Texas Instruments Incorporated
C:/work/grepos/c2000_bootROM/f28004x_bootrom/F28004x_ROM_dev/F28004x_ROM/bootROM/source/tables/FFT_f32_twiddleFactors.asm PAGE   14

         000002ae 61C7 
         000002af 3F5C 
     116 000002b0 941A      .float     0.857728601,  0.854557991,  0.851355195,  0.848120332
         000002b1 3F5B 
         000002b2 C450 
         000002b3 3F5A 
         000002b4 F26A 
         000002b5 3F59 
         000002b6 1E6A 
         000002b7 3F59 
     117 000002b8 4853      .float     0.844853580,  0.841554999,  0.838224709,  0.834862888
         000002b9 3F58 
         000002ba 7026 
         000002bb 3F57 
         000002bc 95E5 
         000002bd 3F56 
         000002be B993 
         000002bf 3F55 
     118 000002c0 DB31      .float     0.831469595,  0.828045070,  0.824589312,  0.821102500
         000002c1 3F54 
         000002c2 FAC3 
         000002c3 3F53 
         000002c4 1849 
         000002c5 3F53 
         000002c6 33C6 
         000002c7 3F52 
     119 000002c8 4D3D      .float     0.817584813,  0.814036310,  0.810457170,  0.806847572
         000002c9 3F51 
         000002ca 64AF 
         000002cb 3F50 
         000002cc 7A1F 
         000002cd 3F4F 
         000002ce 8D90 
         000002cf 3F4E 
     120 000002d0 9F02      .float     0.803207517,  0.799537241,  0.795836926,  0.792106569
         000002d1 3F4D 
         000002d2 AE79 
         000002d3 3F4C 
         000002d4 BBF8 
         000002d5 3F4B 
         000002d6 C77F 
         000002d7 3F4A 
     121 000002d8 D112      .float     0.788346410,  0.784556568,  0.780737221,  0.776888490
         000002d9 3F49 
         000002da D8B3 
         000002db 3F48 
         000002dc DE65 
         000002dd 3F47 
         000002de E22A 
         000002df 3F46 
     122 000002e0 E403      .float     0.773010433,  0.769103348,  0.765167236,  0.761202395
         000002e1 3F45 
         000002e2 E3F5 
         000002e3 3F44 
         000002e4 E200 
TMS320C2000 Assembler PC v6.4.4 Wed Jul 29 18:16:05 2015

Tools Copyright (c) 1996-2015 Texas Instruments Incorporated
C:/work/grepos/c2000_bootROM/f28004x_bootrom/F28004x_ROM_dev/F28004x_ROM/bootROM/source/tables/FFT_f32_twiddleFactors.asm PAGE   15

         000002e5 3F43 
         000002e6 DE29 
         000002e7 3F42 
     123 000002e8 D870      .float     0.757208824,  0.753186822,  0.749136388,  0.745057762
         000002e9 3F41 
         000002ea D0DA 
         000002eb 3F40 
         000002ec C767 
         000002ed 3F3F 
         000002ee BC1B 
         000002ef 3F3E 
     124 000002f0 AEF9      .float     0.740951121,  0.736816585,  0.732654274,  0.728464365
         000002f1 3F3D 
         000002f2 A003 
         000002f3 3F3C 
         000002f4 8F3B 
         000002f5 3F3B 
         000002f6 7CA4 
         000002f7 3F3A 
     125 000002f8 6842      .float     0.724247098,  0.720002532,  0.715730846,  0.711432219
         000002f9 3F39 
         000002fa 5216 
         000002fb 3F38 
         000002fc 3A23 
         000002fd 3F37 
         000002fe 206C 
         000002ff 3F36 
     126 00000300 04F3      .float     0.707106769,  0.702754736,  0.698376238,  0.693971455
         00000301 3F35 
         00000302 E7BC 
         00000303 3F33 
         00000304 C8C9 
         00000305 3F32 
         00000306 A81D 
         00000307 3F31 
     127 00000308 85BB      .float     0.689540565,  0.685083687,  0.680601001,  0.676092684
         00000309 3F30 
         0000030a 61A5 
         0000030b 3F2F 
         0000030c 3BDE 
         0000030d 3F2E 
         0000030e 1469 
         0000030f 3F2D 
     128 00000310 EB4A      .float     0.671558976,  0.666999936,  0.662415802,  0.657806695
         00000311 3F2B 
         00000312 C082 
         00000313 3F2A 
         00000314 9415 
         00000315 3F29 
         00000316 6605 
         00000317 3F28 
     129 00000318 3656      .float     0.653172851,  0.648514390,  0.643831551,  0.639124453
         00000319 3F27 
         0000031a 050A 
         0000031b 3F26 
TMS320C2000 Assembler PC v6.4.4 Wed Jul 29 18:16:05 2015

Tools Copyright (c) 1996-2015 Texas Instruments Incorporated
C:/work/grepos/c2000_bootROM/f28004x_bootrom/F28004x_ROM_dev/F28004x_ROM/bootROM/source/tables/FFT_f32_twiddleFactors.asm PAGE   16

         0000031c D225 
         0000031d 3F24 
         0000031e 9DA9 
         0000031f 3F23 
     130 00000320 6799      .float     0.634393275,  0.629638255,  0.624859512,  0.620057225
         00000321 3F22 
         00000322 2FF9 
         00000323 3F21 
         00000324 F6CB 
         00000325 3F1F 
         00000326 BC12 
         00000327 3F1E 
     131 00000328 7FD1      .float     0.615231574,  0.610382795,  0.605511069,  0.600616455
         00000329 3F1D 
         0000032a 420C 
         0000032b 3F1C 
         0000032c 02C6 
         0000032d 3F1B 
         0000032e C200 
         0000032f 3F19 
     132 00000330 7FC0      .float     0.595699310,  0.590759695,  0.585797846,  0.580813944
         00000331 3F18 
         00000332 3C07 
         00000333 3F17 
         00000334 F6D9 
         00000335 3F15 
         00000336 B039 
         00000337 3F14 
     133 00000338 682A      .float     0.575808167,  0.570780754,  0.565731823,  0.560661554
         00000339 3F13 
         0000033a 1EB0 
         0000033b 3F12 
         0000033c D3CD 
         0000033d 3F10 
         0000033e 8784 
         0000033f 3F0F 
     134 00000340 39DA      .float     0.555570245,  0.550457954,  0.545324981,  0.540171444
         00000341 3F0E 
         00000342 EAD0 
         00000343 3F0C 
         00000344 9A6B 
         00000345 3F0B 
         00000346 48AD 
         00000347 3F0A 
     135 00000348 F59B      .float     0.534997642,  0.529803634,  0.524589658,  0.519356012
         00000349 3F08 
         0000034a A136 
         0000034b 3F07 
         0000034c 4B82 
         0000034d 3F06 
         0000034e F484 
         0000034f 3F04 
     136 00000350 9C3D      .float     0.514102757,  0.508830130,  0.503538370,  0.498227656
         00000351 3F03 
         00000352 42B1 
TMS320C2000 Assembler PC v6.4.4 Wed Jul 29 18:16:05 2015

Tools Copyright (c) 1996-2015 Texas Instruments Incorporated
C:/work/grepos/c2000_bootROM/f28004x_bootrom/F28004x_ROM_dev/F28004x_ROM/bootROM/source/tables/FFT_f32_twiddleFactors.asm PAGE   17

         00000353 3F02 
         00000354 E7E4 
         00000355 3F00 
         00000356 17B2 
         00000357 3EFF 
     137 00000358 5D27      .float     0.492898196,  0.487550169,  0.482183784,  0.476799220
         00000359 3EFC 
         0000035a A02D 
         0000035b 3EF9 
         0000035c E0CB 
         0000035d 3EF6 
         0000035e 1F07 
         0000035f 3EF4 
     138 00000360 5AEA      .float     0.471396744,  0.465976506,  0.460538715,  0.455083579
         00000361 3EF1 
         00000362 9479 
         00000363 3EEE 
         00000364 CBBB 
         00000365 3EEB 
         00000366 00B7 
         00000367 3EE9 
     139 00000368 3375      .float     0.449611336,  0.444122136,  0.438616246,  0.433093816
         00000369 3EE6 
         0000036a 63FA 
         0000036b 3EE3 
         0000036c 924F 
         0000036d 3EE0 
         0000036e BE79 
         0000036f 3EDD 
     140 00000370 E880      .float     0.427555084,  0.422000259,  0.416429549,  0.410843164
         00000371 3EDA 
         00000372 106B 
         00000373 3ED8 
         00000374 3641 
         00000375 3ED5 
         00000376 5A09 
         00000377 3ED2 
     141 00000378 7BCA      .float     0.405241311,  0.399624199,  0.393992037,  0.388345033
         00000379 3ECF 
         0000037a 9B8B 
         0000037b 3ECC 
         0000037c B953 
         0000037d 3EC9 
         0000037e D529 
         0000037f 3EC6 
     142 00000380 EF15      .float     0.382683426,  0.377007425,  0.371317208,  0.365612984
         00000381 3EC3 
         00000382 071E 
         00000383 3EC1 
         00000384 1D4A 
         00000385 3EBE 
         00000386 31A0 
         00000387 3EBB 
     143 00000388 442A      .float     0.359895051,  0.354163527,  0.348418683,  0.342660725
         00000389 3EB8 
TMS320C2000 Assembler PC v6.4.4 Wed Jul 29 18:16:05 2015

Tools Copyright (c) 1996-2015 Texas Instruments Incorporated
C:/work/grepos/c2000_bootROM/f28004x_bootrom/F28004x_ROM_dev/F28004x_ROM/bootROM/source/tables/FFT_f32_twiddleFactors.asm PAGE   18

         0000038a 54EC 
         0000038b 3EB5 
         0000038c 63EF 
         0000038d 3EB2 
         0000038e 713A 
         0000038f 3EAF 
     144 00000390 7CD4      .float     0.336889863,  0.331106305,  0.325310290,  0.319502026
         00000391 3EAC 
         00000392 86C4 
         00000393 3EA9 
         00000394 8F12 
         00000395 3EA6 
         00000396 95C5 
         00000397 3EA3 
     145 00000398 9AE5      .float     0.313681751,  0.307849646,  0.302005947,  0.296150893
         00000399 3EA0 
         0000039a 9E78 
         0000039b 3E9D 
         0000039c A086 
         0000039d 3E9A 
         0000039e A117 
         0000039f 3E97 
     146 000003a0 A031      .float     0.290284663,  0.284407526,  0.278519690,  0.272621363
         000003a1 3E94 
         000003a2 9DDD 
         000003a3 3E91 
         000003a4 9A22 
         000003a5 3E8E 
         000003a6 9507 
         000003a7 3E8B 
     147 000003a8 8E93      .float     0.266712755,  0.260794103,  0.254865646,  0.248927608
         000003a9 3E88 
         000003aa 86CE 
         000003ab 3E85 
         000003ac 7DC0 
         000003ad 3E82 
         000003ae E6E1 
         000003af 3E7E 
     148 000003b0 CFCC      .float     0.242980182,  0.237023607,  0.231058106,  0.225083917
         000003b1 3E78 
         000003b2 B651 
         000003b3 3E72 
         000003b4 9A7F 
         000003b5 3E6C 
         000003b6 7C66 
         000003b7 3E66 
     149 000003b8 5C13      .float     0.219101235,  0.213110313,  0.207111374,  0.201104641
         000003b9 3E60 
         000003ba 3997 
         000003bb 3E5A 
         000003bc 1501 
         000003bd 3E54 
         000003be EE60 
         000003bf 3E4D 
     150 000003c0 C5C2      .float     0.195090324,  0.189068660,  0.183039889,  0.177004218
TMS320C2000 Assembler PC v6.4.4 Wed Jul 29 18:16:05 2015

Tools Copyright (c) 1996-2015 Texas Instruments Incorporated
C:/work/grepos/c2000_bootROM/f28004x_bootrom/F28004x_ROM_dev/F28004x_ROM/bootROM/source/tables/FFT_f32_twiddleFactors.asm PAGE   19

         000003c1 3E47 
         000003c2 9B37 
         000003c3 3E41 
         000003c4 6ECF 
         000003c5 3E3B 
         000003c6 4098 
         000003c7 3E35 
     151 000003c8 10A2      .float     0.170961887,  0.164913118,  0.158858150,  0.152797192
         000003c9 3E2F 
         000003ca DEFC 
         000003cb 3E28 
         000003cc ABB6 
         000003cd 3E22 
         000003ce 76DE 
         000003cf 3E1C 
     152 000003d0 4083      .float     0.146730468,  0.140658244,  0.134580702,  0.128498107
         000003d1 3E16 
         000003d2 08B7 
         000003d3 3E10 
         000003d4 CF86 
         000003d5 3E09 
         000003d6 9502 
         000003d7 3E03 
     153 000003d8 B273      .float     0.122410677,  0.116318628,  0.110222206,  0.104121633
         000003d9 3DFA 
         000003da 3876 
         000003db 3DEE 
         000003dc BC2E 
         000003dd 3DE1 
         000003de 3DB9 
         000003df 3DD5 
     154 000003e0 BD36      .float     0.098017141,  0.091908954,  0.085797310,  0.079682440
         000003e1 3DC8 
         000003e2 3AC3 
         000003e3 3DBC 
         000003e4 B680 
         000003e5 3DAF 
         000003e6 308C 
         000003e7 3DA3 
     155 000003e8 A905      .float     0.073564567,  0.067443922,  0.061320737,  0.055195246
         000003e9 3D96 
         000003ea 200A 
         000003eb 3D8A 
         000003ec 2B74 
         000003ed 3D7B 
         000003ee 1469 
         000003ef 3D62 
     156 000003f0 FB30      .float     0.049067676,  0.042938258,  0.036807224,  0.030674804
         000003f1 3D48 
         000003f2 E007 
         000003f3 3D2F 
         000003f4 C32C 
         000003f5 3D16 
         000003f6 49BA 
         000003f7 3CFB 
TMS320C2000 Assembler PC v6.4.4 Wed Jul 29 18:16:05 2015

Tools Copyright (c) 1996-2015 Texas Instruments Incorporated
C:/work/grepos/c2000_bootROM/f28004x_bootrom/F28004x_ROM_dev/F28004x_ROM/bootROM/source/tables/FFT_f32_twiddleFactors.asm PAGE   20

     157 000003f8 0AB0      .float     0.024541229,  0.018406730,  0.012271538,  0.006135885
         000003f9 3CC9 
         000003fa C9B6 
         000003fb 3C96 
         000003fc 0E90 
         000003fd 3C49 
         000003fe 0F89 
         000003ff 3BC9 
     158 00000400 0000      .float     0.000000000, -0.006135885, -0.012271538, -0.018406730
         00000401 0000 
         00000402 0F89 
         00000403 BBC9 
         00000404 0E90 
         00000405 BC49 
         00000406 C9B6 
         00000407 BC96 
     159 00000408 0AB0      .float    -0.024541229, -0.030674804, -0.036807224, -0.042938258
         00000409 BCC9 
         0000040a 49BA 
         0000040b BCFB 
         0000040c C32C 
         0000040d BD16 
         0000040e E007 
         0000040f BD2F 
     160 00000410 FB30      .float    -0.049067676, -0.055195246, -0.061320737, -0.067443922
         00000411 BD48 
         00000412 1469 
         00000413 BD62 
         00000414 2B74 
         00000415 BD7B 
         00000416 200A 
         00000417 BD8A 
     161 00000418 A905      .float    -0.073564567, -0.079682440, -0.085797310, -0.091908954
         00000419 BD96 
         0000041a 308C 
         0000041b BDA3 
         0000041c B680 
         0000041d BDAF 
         0000041e 3AC3 
         0000041f BDBC 
     162 00000420 BD36      .float    -0.098017141, -0.104121633, -0.110222206, -0.116318628
         00000421 BDC8 
         00000422 3DB9 
         00000423 BDD5 
         00000424 BC2E 
         00000425 BDE1 
         00000426 3876 
         00000427 BDEE 
     163 00000428 B273      .float    -0.122410677, -0.128498107, -0.134580702, -0.140658244
         00000429 BDFA 
         0000042a 9502 
         0000042b BE03 
         0000042c CF86 
         0000042d BE09 
         0000042e 08B7 
TMS320C2000 Assembler PC v6.4.4 Wed Jul 29 18:16:05 2015

Tools Copyright (c) 1996-2015 Texas Instruments Incorporated
C:/work/grepos/c2000_bootROM/f28004x_bootrom/F28004x_ROM_dev/F28004x_ROM/bootROM/source/tables/FFT_f32_twiddleFactors.asm PAGE   21

         0000042f BE10 
     164 00000430 4083      .float    -0.146730468, -0.152797192, -0.158858150, -0.164913118
         00000431 BE16 
         00000432 76DE 
         00000433 BE1C 
         00000434 ABB6 
         00000435 BE22 
         00000436 DEFC 
         00000437 BE28 
     165 00000438 10A2      .float    -0.170961887, -0.177004218, -0.183039889, -0.189068660
         00000439 BE2F 
         0000043a 4098 
         0000043b BE35 
         0000043c 6ECF 
         0000043d BE3B 
         0000043e 9B37 
         0000043f BE41 
     166 00000440 C5C2      .float    -0.195090324, -0.201104641, -0.207111374, -0.213110313
         00000441 BE47 
         00000442 EE60 
         00000443 BE4D 
         00000444 1501 
         00000445 BE54 
         00000446 3997 
         00000447 BE5A 
     167 00000448 5C13      .float    -0.219101235, -0.225083917, -0.231058106, -0.237023607
         00000449 BE60 
         0000044a 7C66 
         0000044b BE66 
         0000044c 9A7F 
         0000044d BE6C 
         0000044e B651 
         0000044f BE72 
     168 00000450 CFCC      .float    -0.242980182, -0.248927608, -0.254865646, -0.260794103
         00000451 BE78 
         00000452 E6E1 
         00000453 BE7E 
         00000454 7DC0 
         00000455 BE82 
         00000456 86CE 
         00000457 BE85 
     169 00000458 8E93      .float    -0.266712755, -0.272621363, -0.278519690, -0.284407526
         00000459 BE88 
         0000045a 9507 
         0000045b BE8B 
         0000045c 9A22 
         0000045d BE8E 
         0000045e 9DDD 
         0000045f BE91 
     170 00000460 A031      .float    -0.290284663, -0.296150893, -0.302005947, -0.307849646
         00000461 BE94 
         00000462 A117 
         00000463 BE97 
         00000464 A086 
         00000465 BE9A 
TMS320C2000 Assembler PC v6.4.4 Wed Jul 29 18:16:05 2015

Tools Copyright (c) 1996-2015 Texas Instruments Incorporated
C:/work/grepos/c2000_bootROM/f28004x_bootrom/F28004x_ROM_dev/F28004x_ROM/bootROM/source/tables/FFT_f32_twiddleFactors.asm PAGE   22

         00000466 9E78 
         00000467 BE9D 
     171 00000468 9AE5      .float    -0.313681751, -0.319502026, -0.325310290, -0.331106305
         00000469 BEA0 
         0000046a 95C5 
         0000046b BEA3 
         0000046c 8F12 
         0000046d BEA6 
         0000046e 86C4 
         0000046f BEA9 
     172 00000470 7CD4      .float    -0.336889863, -0.342660725, -0.348418683, -0.354163527
         00000471 BEAC 
         00000472 713A 
         00000473 BEAF 
         00000474 63EF 
         00000475 BEB2 
         00000476 54EC 
         00000477 BEB5 
     173 00000478 442A      .float    -0.359895051, -0.365612984, -0.371317208, -0.377007425
         00000479 BEB8 
         0000047a 31A0 
         0000047b BEBB 
         0000047c 1D4A 
         0000047d BEBE 
         0000047e 071E 
         0000047f BEC1 
     174 00000480 EF15      .float    -0.382683426, -0.388345033, -0.393992037, -0.399624199
         00000481 BEC3 
         00000482 D529 
         00000483 BEC6 
         00000484 B953 
         00000485 BEC9 
         00000486 9B8B 
         00000487 BECC 
     175 00000488 7BCA      .float    -0.405241311, -0.410843164, -0.416429549, -0.422000259
         00000489 BECF 
         0000048a 5A09 
         0000048b BED2 
         0000048c 3641 
         0000048d BED5 
         0000048e 106B 
         0000048f BED8 
     176 00000490 E880      .float    -0.427555084, -0.433093816, -0.438616246, -0.444122136
         00000491 BEDA 
         00000492 BE79 
         00000493 BEDD 
         00000494 924F 
         00000495 BEE0 
         00000496 63FA 
         00000497 BEE3 
     177 00000498 3375      .float    -0.449611336, -0.455083579, -0.460538715, -0.465976506
         00000499 BEE6 
         0000049a 00B7 
         0000049b BEE9 
         0000049c CBBB 
TMS320C2000 Assembler PC v6.4.4 Wed Jul 29 18:16:05 2015

Tools Copyright (c) 1996-2015 Texas Instruments Incorporated
C:/work/grepos/c2000_bootROM/f28004x_bootrom/F28004x_ROM_dev/F28004x_ROM/bootROM/source/tables/FFT_f32_twiddleFactors.asm PAGE   23

         0000049d BEEB 
         0000049e 9479 
         0000049f BEEE 
     178 000004a0 5AEA      .float    -0.471396744, -0.476799220, -0.482183784, -0.487550169
         000004a1 BEF1 
         000004a2 1F07 
         000004a3 BEF4 
         000004a4 E0CB 
         000004a5 BEF6 
         000004a6 A02D 
         000004a7 BEF9 
     179 000004a8 5D27      .float    -0.492898196, -0.498227656, -0.503538370, -0.508830130
         000004a9 BEFC 
         000004aa 17B2 
         000004ab BEFF 
         000004ac E7E4 
         000004ad BF00 
         000004ae 42B1 
         000004af BF02 
     180 000004b0 9C3D      .float    -0.514102757, -0.519356012, -0.524589658, -0.529803634
         000004b1 BF03 
         000004b2 F484 
         000004b3 BF04 
         000004b4 4B82 
         000004b5 BF06 
         000004b6 A136 
         000004b7 BF07 
     181 000004b8 F59B      .float    -0.534997642, -0.540171444, -0.545324981, -0.550457954
         000004b9 BF08 
         000004ba 48AD 
         000004bb BF0A 
         000004bc 9A6B 
         000004bd BF0B 
         000004be EAD0 
         000004bf BF0C 
     182 000004c0 39DA      .float    -0.555570245, -0.560661554, -0.565731823, -0.570780754
         000004c1 BF0E 
         000004c2 8784 
         000004c3 BF0F 
         000004c4 D3CD 
         000004c5 BF10 
         000004c6 1EB0 
         000004c7 BF12 
     183 000004c8 682A      .float    -0.575808167, -0.580813944, -0.585797846, -0.590759695
         000004c9 BF13 
         000004ca B039 
         000004cb BF14 
         000004cc F6D9 
         000004cd BF15 
         000004ce 3C07 
         000004cf BF17 
     184 000004d0 7FC0      .float    -0.595699310, -0.600616455, -0.605511069, -0.610382795
         000004d1 BF18 
         000004d2 C200 
         000004d3 BF19 
TMS320C2000 Assembler PC v6.4.4 Wed Jul 29 18:16:05 2015

Tools Copyright (c) 1996-2015 Texas Instruments Incorporated
C:/work/grepos/c2000_bootROM/f28004x_bootrom/F28004x_ROM_dev/F28004x_ROM/bootROM/source/tables/FFT_f32_twiddleFactors.asm PAGE   24

         000004d4 02C6 
         000004d5 BF1B 
         000004d6 420C 
         000004d7 BF1C 
     185 000004d8 7FD1      .float    -0.615231574, -0.620057225, -0.624859512, -0.629638255
         000004d9 BF1D 
         000004da BC12 
         000004db BF1E 
         000004dc F6CB 
         000004dd BF1F 
         000004de 2FF9 
         000004df BF21 
     186 000004e0 6799      .float    -0.634393275, -0.639124453, -0.643831551, -0.648514390
         000004e1 BF22 
         000004e2 9DA9 
         000004e3 BF23 
         000004e4 D225 
         000004e5 BF24 
         000004e6 050A 
         000004e7 BF26 
     187 000004e8 3656      .float    -0.653172851, -0.657806695, -0.662415802, -0.666999936
         000004e9 BF27 
         000004ea 6605 
         000004eb BF28 
         000004ec 9415 
         000004ed BF29 
         000004ee C082 
         000004ef BF2A 
     188 000004f0 EB4A      .float    -0.671558976, -0.676092684, -0.680601001, -0.685083687
         000004f1 BF2B 
         000004f2 1469 
         000004f3 BF2D 
         000004f4 3BDE 
         000004f5 BF2E 
         000004f6 61A5 
         000004f7 BF2F 
     189 000004f8 85BB      .float    -0.689540565, -0.693971455, -0.698376238, -0.702754736
         000004f9 BF30 
         000004fa A81D 
         000004fb BF31 
         000004fc C8C9 
         000004fd BF32 
         000004fe E7BC 
         000004ff BF33 
     190 00000500 04F3      .float    -0.707106769, -0.711432219, -0.715730846, -0.720002532
         00000501 BF35 
         00000502 206C 
         00000503 BF36 
         00000504 3A23 
         00000505 BF37 
         00000506 5216 
         00000507 BF38 
     191 00000508 6842      .float    -0.724247098, -0.728464365, -0.732654274, -0.736816585
         00000509 BF39 
         0000050a 7CA4 
TMS320C2000 Assembler PC v6.4.4 Wed Jul 29 18:16:05 2015

Tools Copyright (c) 1996-2015 Texas Instruments Incorporated
C:/work/grepos/c2000_bootROM/f28004x_bootrom/F28004x_ROM_dev/F28004x_ROM/bootROM/source/tables/FFT_f32_twiddleFactors.asm PAGE   25

         0000050b BF3A 
         0000050c 8F3B 
         0000050d BF3B 
         0000050e A003 
         0000050f BF3C 
     192 00000510 AEF9      .float    -0.740951121, -0.745057762, -0.749136388, -0.753186822
         00000511 BF3D 
         00000512 BC1B 
         00000513 BF3E 
         00000514 C767 
         00000515 BF3F 
         00000516 D0DA 
         00000517 BF40 
     193 00000518 D870      .float    -0.757208824, -0.761202395, -0.765167236, -0.769103348
         00000519 BF41 
         0000051a DE29 
         0000051b BF42 
         0000051c E200 
         0000051d BF43 
         0000051e E3F5 
         0000051f BF44 
     194 00000520 E403      .float    -0.773010433, -0.776888490, -0.780737221, -0.784556568
         00000521 BF45 
         00000522 E22A 
         00000523 BF46 
         00000524 DE65 
         00000525 BF47 
         00000526 D8B3 
         00000527 BF48 
     195 00000528 D112      .float    -0.788346410, -0.792106569, -0.795836926, -0.799537241
         00000529 BF49 
         0000052a C77F 
         0000052b BF4A 
         0000052c BBF8 
         0000052d BF4B 
         0000052e AE79 
         0000052f BF4C 
     196 00000530 9F02      .float    -0.803207517, -0.806847572, -0.810457170, -0.814036310
         00000531 BF4D 
         00000532 8D90 
         00000533 BF4E 
         00000534 7A1F 
         00000535 BF4F 
         00000536 64AF 
         00000537 BF50 
     197 00000538 4D3D      .float    -0.817584813, -0.821102500, -0.824589312, -0.828045070
         00000539 BF51 
         0000053a 33C6 
         0000053b BF52 
         0000053c 1849 
         0000053d BF53 
         0000053e FAC3 
         0000053f BF53 
     198 00000540 DB31      .float    -0.831469595, -0.834862888, -0.838224709, -0.841554999
         00000541 BF54 
TMS320C2000 Assembler PC v6.4.4 Wed Jul 29 18:16:05 2015

Tools Copyright (c) 1996-2015 Texas Instruments Incorporated
C:/work/grepos/c2000_bootROM/f28004x_bootrom/F28004x_ROM_dev/F28004x_ROM/bootROM/source/tables/FFT_f32_twiddleFactors.asm PAGE   26

         00000542 B993 
         00000543 BF55 
         00000544 95E5 
         00000545 BF56 
         00000546 7026 
         00000547 BF57 
     199 00000548 4853      .float    -0.844853580, -0.848120332, -0.851355195, -0.854557991
         00000549 BF58 
         0000054a 1E6A 
         0000054b BF59 
         0000054c F26A 
         0000054d BF59 
         0000054e C450 
         0000054f BF5A 
     200 00000550 941A      .float    -0.857728601, -0.860866964, -0.863972843, -0.867046237
         00000551 BF5B 
         00000552 61C7 
         00000553 BF5C 
         00000554 2D53 
         00000555 BF5D 
         00000556 F6BE 
         00000557 BF5D 
     201 00000558 BE05      .float    -0.870086968, -0.873094976, -0.876070082, -0.879012227
         00000559 BF5E 
         0000055a 8327 
         0000055b BF5F 
         0000055c 4621 
         0000055d BF60 
         0000055e 06F2 
         0000055f BF61 
     202 00000560 C598      .float    -0.881921291, -0.884797096, -0.887639642, -0.890448749
         00000561 BF61 
         00000562 8210 
         00000563 BF62 
         00000564 3C5A 
         00000565 BF63 
         00000566 F473 
         00000567 BF63 
     203 00000568 AA59      .float    -0.893224299, -0.895966232, -0.898674488, -0.901348829
         00000569 BF64 
         0000056a 5E0B 
         0000056b BF65 
         0000056c 0F88 
         0000056d BF66 
         0000056e BECC 
         0000056f BF66 
     204 00000570 6BD8      .float    -0.903989315, -0.906595707, -0.909168005, -0.911706030
         00000571 BF67 
         00000572 16A8 
         00000573 BF68 
         00000574 BF3C 
         00000575 BF68 
         00000576 6591 
         00000577 BF69 
     205 00000578 09A7      .float    -0.914209783, -0.916679084, -0.919113874, -0.921514034
TMS320C2000 Assembler PC v6.4.4 Wed Jul 29 18:16:05 2015

Tools Copyright (c) 1996-2015 Texas Instruments Incorporated
C:/work/grepos/c2000_bootROM/f28004x_bootrom/F28004x_ROM_dev/F28004x_ROM/bootROM/source/tables/FFT_f32_twiddleFactors.asm PAGE   27

         00000579 BF6A 
         0000057a AB7B 
         0000057b BF6A 
         0000057c 4B0C 
         0000057d BF6B 
         0000057e E858 
         0000057f BF6B 
     206 00000580 835E      .float    -0.923879504, -0.926210225, -0.928506076, -0.930766940
         00000581 BF6C 
         00000582 1C1D 
         00000583 BF6D 
         00000584 B293 
         00000585 BF6D 
         00000586 46BE 
         00000587 BF6E 
     207 00000588 D89E      .float    -0.932992816, -0.935183525, -0.937339008, -0.939459205
         00000589 BF6E 
         0000058a 6830 
         0000058b BF6F 
         0000058c F573 
         0000058d BF6F 
         0000058e 8066 
         0000058f BF70 
     208 00000590 0908      .float    -0.941544056, -0.943593442, -0.945607305, -0.947585583
         00000591 BF71 
         00000592 8F57 
         00000593 BF71 
         00000594 1352 
         00000595 BF72 
         00000596 94F8 
         00000597 BF72 
     209 00000598 1447      .float    -0.949528158, -0.951435030, -0.953306019, -0.955141187
         00000599 BF73 
         0000059a 913F 
         0000059b BF73 
         0000059c 0BDD 
         0000059d BF74 
         0000059e 8422 
         0000059f BF74 
     210 000005a0 FA0B      .float    -0.956940353, -0.958703458, -0.960430503, -0.962121427
         000005a1 BF74 
         000005a2 6D97 
         000005a3 BF75 
         000005a4 DEC6 
         000005a5 BF75 
         000005a6 4D97 
         000005a7 BF76 
     211 000005a8 BA07      .float    -0.963776052, -0.965394437, -0.966976464, -0.968522072
         000005a9 BF76 
         000005aa 2417 
         000005ab BF77 
         000005ac 8BC5 
         000005ad BF77 
         000005ae F110 
         000005af BF77 
TMS320C2000 Assembler PC v6.4.4 Wed Jul 29 18:16:05 2015

Tools Copyright (c) 1996-2015 Texas Instruments Incorporated
C:/work/grepos/c2000_bootROM/f28004x_bootrom/F28004x_ROM_dev/F28004x_ROM/bootROM/source/tables/FFT_f32_twiddleFactors.asm PAGE   28

     212 000005b0 53F8      .float    -0.970031261, -0.971503913, -0.972939968, -0.974339366
         000005b1 BF78 
         000005b2 B47B 
         000005b3 BF78 
         000005b4 1298 
         000005b5 BF79 
         000005b6 6E4E 
         000005b7 BF79 
     213 000005b8 C79D      .float    -0.975702107, -0.977028131, -0.978317380, -0.979569793
         000005b9 BF79 
         000005ba 1E84 
         000005bb BF7A 
         000005bc 7302 
         000005bd BF7A 
         000005be C516 
         000005bf BF7A 
     214 000005c0 14BE      .float    -0.980785251, -0.981963873, -0.983105481, -0.984210074
         000005c1 BF7B 
         000005c2 61FC 
         000005c3 BF7B 
         000005c4 ACCD 
         000005c5 BF7B 
         000005c6 F531 
         000005c7 BF7B 
     215 000005c8 3B28      .float    -0.985277653, -0.986308098, -0.987301409, -0.988257587
         000005c9 BF7C 
         000005ca 7EB0 
         000005cb BF7C 
         000005cc BFC9 
         000005cd BF7C 
         000005ce FE73 
         000005cf BF7C 
     216 000005d0 3AAC      .float    -0.989176512, -0.990058184, -0.990902662, -0.991709769
         000005d1 BF7D 
         000005d2 7474 
         000005d3 BF7D 
         000005d4 ABCC 
         000005d5 BF7D 
         000005d6 E0B1 
         000005d7 BF7D 
     217 000005d8 1324      .float    -0.992479563, -0.993211925, -0.993906975, -0.994564593
         000005d9 BF7E 
         000005da 4323 
         000005db BF7E 
         000005dc 70B0 
         000005dd BF7E 
         000005de 9BC9 
         000005df BF7E 
     218 000005e0 C46D      .float    -0.995184720, -0.995767415, -0.996312618, -0.996820271
         000005e1 BF7E 
         000005e2 EA9D 
         000005e3 BF7E 
         000005e4 0E58 
         000005e5 BF7F 
         000005e6 2F9D 
TMS320C2000 Assembler PC v6.4.4 Wed Jul 29 18:16:05 2015

Tools Copyright (c) 1996-2015 Texas Instruments Incorporated
C:/work/grepos/c2000_bootROM/f28004x_bootrom/F28004x_ROM_dev/F28004x_ROM/bootROM/source/tables/FFT_f32_twiddleFactors.asm PAGE   29

         000005e7 BF7F 
     219 000005e8 4E6D      .float    -0.997290432, -0.997723043, -0.998118103, -0.998475552
         000005e9 BF7F 
         000005ea 6AC7 
         000005eb BF7F 
         000005ec 84AB 
         000005ed BF7F 
         000005ee 9C18 
         000005ef BF7F 
     220 000005f0 B10F      .float    -0.998795450, -0.999077737, -0.999322355, -0.999529421
         000005f1 BF7F 
         000005f2 C38F 
         000005f3 BF7F 
         000005f4 D397 
         000005f5 BF7F 
         000005f6 E129 
         000005f7 BF7F 
     221 000005f8 EC43      .float    -0.999698818, -0.999830604, -0.999924719, -0.999981165
         000005f9 BF7F 
         000005fa F4E6 
         000005fb BF7F 
         000005fc FB11 
         000005fd BF7F 
         000005fe FEC4 
         000005ff BF7F 
     222 00000600 0000      .float    -1.000000000, -0.999981165, -0.999924719, -0.999830604
         00000601 BF80 
         00000602 FEC4 
         00000603 BF7F 
         00000604 FB11 
         00000605 BF7F 
         00000606 F4E6 
         00000607 BF7F 
     223 00000608 EC43      .float    -0.999698818, -0.999529421, -0.999322355, -0.999077737
         00000609 BF7F 
         0000060a E129 
         0000060b BF7F 
         0000060c D397 
         0000060d BF7F 
         0000060e C38F 
         0000060f BF7F 
     224 00000610 B10F      .float    -0.998795450, -0.998475552, -0.998118103, -0.997723043
         00000611 BF7F 
         00000612 9C18 
         00000613 BF7F 
         00000614 84AB 
         00000615 BF7F 
         00000616 6AC7 
         00000617 BF7F 
     225 00000618 4E6D      .float    -0.997290432, -0.996820271, -0.996312618, -0.995767415
         00000619 BF7F 
         0000061a 2F9D 
         0000061b BF7F 
         0000061c 0E58 
         0000061d BF7F 
TMS320C2000 Assembler PC v6.4.4 Wed Jul 29 18:16:05 2015

Tools Copyright (c) 1996-2015 Texas Instruments Incorporated
C:/work/grepos/c2000_bootROM/f28004x_bootrom/F28004x_ROM_dev/F28004x_ROM/bootROM/source/tables/FFT_f32_twiddleFactors.asm PAGE   30

         0000061e EA9D 
         0000061f BF7E 
     226 00000620 C46D      .float    -0.995184720, -0.994564593, -0.993906975, -0.993211925
         00000621 BF7E 
         00000622 9BC9 
         00000623 BF7E 
         00000624 70B0 
         00000625 BF7E 
         00000626 4323 
         00000627 BF7E 
     227 00000628 1324      .float    -0.992479563, -0.991709769, -0.990902662, -0.990058184
         00000629 BF7E 
         0000062a E0B1 
         0000062b BF7D 
         0000062c ABCC 
         0000062d BF7D 
         0000062e 7474 
         0000062f BF7D 
     228 00000630 3AAC      .float    -0.989176512, -0.988257587, -0.987301409, -0.986308098
         00000631 BF7D 
         00000632 FE73 
         00000633 BF7C 
         00000634 BFC9 
         00000635 BF7C 
         00000636 7EB0 
         00000637 BF7C 
     229 00000638 3B28      .float    -0.985277653, -0.984210074, -0.983105481, -0.981963873
         00000639 BF7C 
         0000063a F531 
         0000063b BF7B 
         0000063c ACCD 
         0000063d BF7B 
         0000063e 61FC 
         0000063f BF7B 
     230 00000640 14BE      .float    -0.980785251, -0.979569793, -0.978317380, -0.977028131
         00000641 BF7B 
         00000642 C516 
         00000643 BF7A 
         00000644 7302 
         00000645 BF7A 
         00000646 1E84 
         00000647 BF7A 
     231 00000648 C79D      .float    -0.975702107, -0.974339366, -0.972939968, -0.971503913
         00000649 BF79 
         0000064a 6E4E 
         0000064b BF79 
         0000064c 1298 
         0000064d BF79 
         0000064e B47B 
         0000064f BF78 
     232 00000650 53F8      .float    -0.970031261, -0.968522072, -0.966976464, -0.965394437
         00000651 BF78 
         00000652 F110 
         00000653 BF77 
         00000654 8BC5 
TMS320C2000 Assembler PC v6.4.4 Wed Jul 29 18:16:05 2015

Tools Copyright (c) 1996-2015 Texas Instruments Incorporated
C:/work/grepos/c2000_bootROM/f28004x_bootrom/F28004x_ROM_dev/F28004x_ROM/bootROM/source/tables/FFT_f32_twiddleFactors.asm PAGE   31

         00000655 BF77 
         00000656 2417 
         00000657 BF77 
     233 00000658 BA07      .float    -0.963776052, -0.962121427, -0.960430503, -0.958703458
         00000659 BF76 
         0000065a 4D97 
         0000065b BF76 
         0000065c DEC6 
         0000065d BF75 
         0000065e 6D97 
         0000065f BF75 
     234 00000660 FA0B      .float    -0.956940353, -0.955141187, -0.953306019, -0.951435030
         00000661 BF74 
         00000662 8422 
         00000663 BF74 
         00000664 0BDD 
         00000665 BF74 
         00000666 913F 
         00000667 BF73 
     235 00000668 1447      .float    -0.949528158, -0.947585583, -0.945607305, -0.943593442
         00000669 BF73 
         0000066a 94F8 
         0000066b BF72 
         0000066c 1352 
         0000066d BF72 
         0000066e 8F57 
         0000066f BF71 
     236 00000670 0908      .float    -0.941544056, -0.939459205, -0.937339008, -0.935183525
         00000671 BF71 
         00000672 8066 
         00000673 BF70 
         00000674 F573 
         00000675 BF6F 
         00000676 6830 
         00000677 BF6F 
     237 00000678 D89E      .float    -0.932992816, -0.930766940, -0.928506076, -0.926210225
         00000679 BF6E 
         0000067a 46BE 
         0000067b BF6E 
         0000067c B293 
         0000067d BF6D 
         0000067e 1C1D 
         0000067f BF6D 
     238 00000680 835E      .float    -0.923879504, -0.921514034, -0.919113874, -0.916679084
         00000681 BF6C 
         00000682 E858 
         00000683 BF6B 
         00000684 4B0C 
         00000685 BF6B 
         00000686 AB7B 
         00000687 BF6A 
     239 00000688 09A7      .float    -0.914209783, -0.911706030, -0.909168005, -0.906595707
         00000689 BF6A 
         0000068a 6591 
         0000068b BF69 
TMS320C2000 Assembler PC v6.4.4 Wed Jul 29 18:16:05 2015

Tools Copyright (c) 1996-2015 Texas Instruments Incorporated
C:/work/grepos/c2000_bootROM/f28004x_bootrom/F28004x_ROM_dev/F28004x_ROM/bootROM/source/tables/FFT_f32_twiddleFactors.asm PAGE   32

         0000068c BF3C 
         0000068d BF68 
         0000068e 16A8 
         0000068f BF68 
     240 00000690 6BD8      .float    -0.903989315, -0.901348829, -0.898674488, -0.895966232
         00000691 BF67 
         00000692 BECC 
         00000693 BF66 
         00000694 0F88 
         00000695 BF66 
         00000696 5E0B 
         00000697 BF65 
     241 00000698 AA59      .float    -0.893224299, -0.890448749, -0.887639642, -0.884797096
         00000699 BF64 
         0000069a F473 
         0000069b BF63 
         0000069c 3C5A 
         0000069d BF63 
         0000069e 8210 
         0000069f BF62 
     242 000006a0 C598      .float    -0.881921291, -0.879012227, -0.876070082, -0.873094976
         000006a1 BF61 
         000006a2 06F2 
         000006a3 BF61 
         000006a4 4621 
         000006a5 BF60 
         000006a6 8327 
         000006a7 BF5F 
     243 000006a8 BE05      .float    -0.870086968, -0.867046237, -0.863972843, -0.860866964
         000006a9 BF5E 
         000006aa F6BE 
         000006ab BF5D 
         000006ac 2D53 
         000006ad BF5D 
         000006ae 61C7 
         000006af BF5C 
     244 000006b0 941A      .float    -0.857728601, -0.854557991, -0.851355195, -0.848120332
         000006b1 BF5B 
         000006b2 C450 
         000006b3 BF5A 
         000006b4 F26A 
         000006b5 BF59 
         000006b6 1E6A 
         000006b7 BF59 
     245 000006b8 4853      .float    -0.844853580, -0.841554999, -0.838224709, -0.834862888
         000006b9 BF58 
         000006ba 7026 
         000006bb BF57 
         000006bc 95E5 
         000006bd BF56 
         000006be B993 
         000006bf BF55 
     246 000006c0 DB31      .float    -0.831469595, -0.828045070, -0.824589312, -0.821102500
         000006c1 BF54 
         000006c2 FAC3 
TMS320C2000 Assembler PC v6.4.4 Wed Jul 29 18:16:05 2015

Tools Copyright (c) 1996-2015 Texas Instruments Incorporated
C:/work/grepos/c2000_bootROM/f28004x_bootrom/F28004x_ROM_dev/F28004x_ROM/bootROM/source/tables/FFT_f32_twiddleFactors.asm PAGE   33

         000006c3 BF53 
         000006c4 1849 
         000006c5 BF53 
         000006c6 33C6 
         000006c7 BF52 
     247 000006c8 4D3D      .float    -0.817584813, -0.814036310, -0.810457170, -0.806847572
         000006c9 BF51 
         000006ca 64AF 
         000006cb BF50 
         000006cc 7A1F 
         000006cd BF4F 
         000006ce 8D90 
         000006cf BF4E 
     248 000006d0 9F02      .float    -0.803207517, -0.799537241, -0.795836926, -0.792106569
         000006d1 BF4D 
         000006d2 AE79 
         000006d3 BF4C 
         000006d4 BBF8 
         000006d5 BF4B 
         000006d6 C77F 
         000006d7 BF4A 
     249 000006d8 D112      .float    -0.788346410, -0.784556568, -0.780737221, -0.776888490
         000006d9 BF49 
         000006da D8B3 
         000006db BF48 
         000006dc DE65 
         000006dd BF47 
         000006de E22A 
         000006df BF46 
     250 000006e0 E403      .float    -0.773010433, -0.769103348, -0.765167236, -0.761202395
         000006e1 BF45 
         000006e2 E3F5 
         000006e3 BF44 
         000006e4 E200 
         000006e5 BF43 
         000006e6 DE29 
         000006e7 BF42 
     251 000006e8 D870      .float    -0.757208824, -0.753186822, -0.749136388, -0.745057762
         000006e9 BF41 
         000006ea D0DA 
         000006eb BF40 
         000006ec C767 
         000006ed BF3F 
         000006ee BC1B 
         000006ef BF3E 
     252 000006f0 AEF9      .float    -0.740951121, -0.736816585, -0.732654274, -0.728464365
         000006f1 BF3D 
         000006f2 A003 
         000006f3 BF3C 
         000006f4 8F3B 
         000006f5 BF3B 
         000006f6 7CA4 
         000006f7 BF3A 
     253 000006f8 6842      .float    -0.724247098, -0.720002532, -0.715730846, -0.711432219
         000006f9 BF39 
TMS320C2000 Assembler PC v6.4.4 Wed Jul 29 18:16:05 2015

Tools Copyright (c) 1996-2015 Texas Instruments Incorporated
C:/work/grepos/c2000_bootROM/f28004x_bootrom/F28004x_ROM_dev/F28004x_ROM/bootROM/source/tables/FFT_f32_twiddleFactors.asm PAGE   34

         000006fa 5216 
         000006fb BF38 
         000006fc 3A23 
         000006fd BF37 
         000006fe 206C 
         000006ff BF36 
     254 00000700 04F3      .float    -0.707106769, -0.702754736, -0.698376238, -0.693971455
         00000701 BF35 
         00000702 E7BC 
         00000703 BF33 
         00000704 C8C9 
         00000705 BF32 
         00000706 A81D 
         00000707 BF31 
     255 00000708 85BB      .float    -0.689540565, -0.685083687, -0.680601001, -0.676092684
         00000709 BF30 
         0000070a 61A5 
         0000070b BF2F 
         0000070c 3BDE 
         0000070d BF2E 
         0000070e 1469 
         0000070f BF2D 
     256 00000710 EB4A      .float    -0.671558976, -0.666999936, -0.662415802, -0.657806695
         00000711 BF2B 
         00000712 C082 
         00000713 BF2A 
         00000714 9415 
         00000715 BF29 
         00000716 6605 
         00000717 BF28 
     257 00000718 3656      .float    -0.653172851, -0.648514390, -0.643831551, -0.639124453
         00000719 BF27 
         0000071a 050A 
         0000071b BF26 
         0000071c D225 
         0000071d BF24 
         0000071e 9DA9 
         0000071f BF23 
     258 00000720 6799      .float    -0.634393275, -0.629638255, -0.624859512, -0.620057225
         00000721 BF22 
         00000722 2FF9 
         00000723 BF21 
         00000724 F6CB 
         00000725 BF1F 
         00000726 BC12 
         00000727 BF1E 
     259 00000728 7FD1      .float    -0.615231574, -0.610382795, -0.605511069, -0.600616455
         00000729 BF1D 
         0000072a 420C 
         0000072b BF1C 
         0000072c 02C6 
         0000072d BF1B 
         0000072e C200 
         0000072f BF19 
     260 00000730 7FC0      .float    -0.595699310, -0.590759695, -0.585797846, -0.580813944
TMS320C2000 Assembler PC v6.4.4 Wed Jul 29 18:16:05 2015

Tools Copyright (c) 1996-2015 Texas Instruments Incorporated
C:/work/grepos/c2000_bootROM/f28004x_bootrom/F28004x_ROM_dev/F28004x_ROM/bootROM/source/tables/FFT_f32_twiddleFactors.asm PAGE   35

         00000731 BF18 
         00000732 3C07 
         00000733 BF17 
         00000734 F6D9 
         00000735 BF15 
         00000736 B039 
         00000737 BF14 
     261 00000738 682A      .float    -0.575808167, -0.570780754, -0.565731823, -0.560661554
         00000739 BF13 
         0000073a 1EB0 
         0000073b BF12 
         0000073c D3CD 
         0000073d BF10 
         0000073e 8784 
         0000073f BF0F 
     262 00000740 39DA      .float    -0.555570245, -0.550457954, -0.545324981, -0.540171444
         00000741 BF0E 
         00000742 EAD0 
         00000743 BF0C 
         00000744 9A6B 
         00000745 BF0B 
         00000746 48AD 
         00000747 BF0A 
     263 00000748 F59B      .float    -0.534997642, -0.529803634, -0.524589658, -0.519356012
         00000749 BF08 
         0000074a A136 
         0000074b BF07 
         0000074c 4B82 
         0000074d BF06 
         0000074e F484 
         0000074f BF04 
     264 00000750 9C3D      .float    -0.514102757, -0.508830130, -0.503538370, -0.498227656
         00000751 BF03 
         00000752 42B1 
         00000753 BF02 
         00000754 E7E4 
         00000755 BF00 
         00000756 17B2 
         00000757 BEFF 
     265 00000758 5D27      .float    -0.492898196, -0.487550169, -0.482183784, -0.476799220
         00000759 BEFC 
         0000075a A02D 
         0000075b BEF9 
         0000075c E0CB 
         0000075d BEF6 
         0000075e 1F07 
         0000075f BEF4 
     266 00000760 5AEA      .float    -0.471396744, -0.465976506, -0.460538715, -0.455083579
         00000761 BEF1 
         00000762 9479 
         00000763 BEEE 
         00000764 CBBB 
         00000765 BEEB 
         00000766 00B7 
         00000767 BEE9 
TMS320C2000 Assembler PC v6.4.4 Wed Jul 29 18:16:05 2015

Tools Copyright (c) 1996-2015 Texas Instruments Incorporated
C:/work/grepos/c2000_bootROM/f28004x_bootrom/F28004x_ROM_dev/F28004x_ROM/bootROM/source/tables/FFT_f32_twiddleFactors.asm PAGE   36

     267 00000768 3375      .float    -0.449611336, -0.444122136, -0.438616246, -0.433093816
         00000769 BEE6 
         0000076a 63FA 
         0000076b BEE3 
         0000076c 924F 
         0000076d BEE0 
         0000076e BE79 
         0000076f BEDD 
     268 00000770 E880      .float    -0.427555084, -0.422000259, -0.416429549, -0.410843164
         00000771 BEDA 
         00000772 106B 
         00000773 BED8 
         00000774 3641 
         00000775 BED5 
         00000776 5A09 
         00000777 BED2 
     269 00000778 7BCA      .float    -0.405241311, -0.399624199, -0.393992037, -0.388345033
         00000779 BECF 
         0000077a 9B8B 
         0000077b BECC 
         0000077c B953 
         0000077d BEC9 
         0000077e D529 
         0000077f BEC6 
     270 00000780 EF15      .float    -0.382683426, -0.377007425, -0.371317208, -0.365612984
         00000781 BEC3 
         00000782 071E 
         00000783 BEC1 
         00000784 1D4A 
         00000785 BEBE 
         00000786 31A0 
         00000787 BEBB 
     271 00000788 442A      .float    -0.359895051, -0.354163527, -0.348418683, -0.342660725
         00000789 BEB8 
         0000078a 54EC 
         0000078b BEB5 
         0000078c 63EF 
         0000078d BEB2 
         0000078e 713A 
         0000078f BEAF 
     272 00000790 7CD4      .float    -0.336889863, -0.331106305, -0.325310290, -0.319502026
         00000791 BEAC 
         00000792 86C4 
         00000793 BEA9 
         00000794 8F12 
         00000795 BEA6 
         00000796 95C5 
         00000797 BEA3 
     273 00000798 9AE5      .float    -0.313681751, -0.307849646, -0.302005947, -0.296150893
         00000799 BEA0 
         0000079a 9E78 
         0000079b BE9D 
         0000079c A086 
         0000079d BE9A 
         0000079e A117 
TMS320C2000 Assembler PC v6.4.4 Wed Jul 29 18:16:05 2015

Tools Copyright (c) 1996-2015 Texas Instruments Incorporated
C:/work/grepos/c2000_bootROM/f28004x_bootrom/F28004x_ROM_dev/F28004x_ROM/bootROM/source/tables/FFT_f32_twiddleFactors.asm PAGE   37

         0000079f BE97 
     274 000007a0 A031      .float    -0.290284663, -0.284407526, -0.278519690, -0.272621363
         000007a1 BE94 
         000007a2 9DDD 
         000007a3 BE91 
         000007a4 9A22 
         000007a5 BE8E 
         000007a6 9507 
         000007a7 BE8B 
     275 000007a8 8E93      .float    -0.266712755, -0.260794103, -0.254865646, -0.248927608
         000007a9 BE88 
         000007aa 86CE 
         000007ab BE85 
         000007ac 7DC0 
         000007ad BE82 
         000007ae E6E1 
         000007af BE7E 
     276 000007b0 CFCC      .float    -0.242980182, -0.237023607, -0.231058106, -0.225083917
         000007b1 BE78 
         000007b2 B651 
         000007b3 BE72 
         000007b4 9A7F 
         000007b5 BE6C 
         000007b6 7C66 
         000007b7 BE66 
     277 000007b8 5C13      .float    -0.219101235, -0.213110313, -0.207111374, -0.201104641
         000007b9 BE60 
         000007ba 3997 
         000007bb BE5A 
         000007bc 1501 
         000007bd BE54 
         000007be EE60 
         000007bf BE4D 
     278 000007c0 C5C2      .float    -0.195090324, -0.189068660, -0.183039889, -0.177004218
         000007c1 BE47 
         000007c2 9B37 
         000007c3 BE41 
         000007c4 6ECF 
         000007c5 BE3B 
         000007c6 4098 
         000007c7 BE35 
     279 000007c8 10A2      .float    -0.170961887, -0.164913118, -0.158858150, -0.152797192
         000007c9 BE2F 
         000007ca DEFC 
         000007cb BE28 
         000007cc ABB6 
         000007cd BE22 
         000007ce 76DE 
         000007cf BE1C 
     280 000007d0 4083      .float    -0.146730468, -0.140658244, -0.134580702, -0.128498107
         000007d1 BE16 
         000007d2 08B7 
         000007d3 BE10 
         000007d4 CF86 
         000007d5 BE09 
TMS320C2000 Assembler PC v6.4.4 Wed Jul 29 18:16:05 2015

Tools Copyright (c) 1996-2015 Texas Instruments Incorporated
C:/work/grepos/c2000_bootROM/f28004x_bootrom/F28004x_ROM_dev/F28004x_ROM/bootROM/source/tables/FFT_f32_twiddleFactors.asm PAGE   38

         000007d6 9502 
         000007d7 BE03 
     281 000007d8 B273      .float    -0.122410677, -0.116318628, -0.110222206, -0.104121633
         000007d9 BDFA 
         000007da 3876 
         000007db BDEE 
         000007dc BC2E 
         000007dd BDE1 
         000007de 3DB9 
         000007df BDD5 
     282 000007e0 BD36      .float    -0.098017141, -0.091908954, -0.085797310, -0.079682440
         000007e1 BDC8 
         000007e2 3AC3 
         000007e3 BDBC 
         000007e4 B680 
         000007e5 BDAF 
         000007e6 308C 
         000007e7 BDA3 
     283 000007e8 A905      .float    -0.073564567, -0.067443922, -0.061320737, -0.055195246
         000007e9 BD96 
         000007ea 200A 
         000007eb BD8A 
         000007ec 2B74 
         000007ed BD7B 
         000007ee 1469 
         000007ef BD62 
     284 000007f0 FB30      .float    -0.049067676, -0.042938258, -0.036807224, -0.030674804
         000007f1 BD48 
         000007f2 E007 
         000007f3 BD2F 
         000007f4 C32C 
         000007f5 BD16 
         000007f6 49BA 
         000007f7 BCFB 
     285 000007f8 0AB0      .float    -0.024541229, -0.018406730, -0.012271538, -0.006135885
         000007f9 BCC9 
         000007fa C9B6 
         000007fb BC96 
         000007fc 0E90 
         000007fd BC49 
         000007fe 0F89 
         000007ff BBC9 
     286 00000800 0000      .float    -0.000000000,  0.006135885,  0.012271538,  0.018406730
         00000801 8000 
         00000802 0F89 
         00000803 3BC9 
         00000804 0E90 
         00000805 3C49 
         00000806 C9B6 
         00000807 3C96 
     287 00000808 0AB0      .float     0.024541229,  0.030674804,  0.036807224,  0.042938258
         00000809 3CC9 
         0000080a 49BA 
         0000080b 3CFB 
         0000080c C32C 
TMS320C2000 Assembler PC v6.4.4 Wed Jul 29 18:16:05 2015

Tools Copyright (c) 1996-2015 Texas Instruments Incorporated
C:/work/grepos/c2000_bootROM/f28004x_bootrom/F28004x_ROM_dev/F28004x_ROM/bootROM/source/tables/FFT_f32_twiddleFactors.asm PAGE   39

         0000080d 3D16 
         0000080e E007 
         0000080f 3D2F 
     288 00000810 FB30      .float     0.049067676,  0.055195246,  0.061320737,  0.067443922
         00000811 3D48 
         00000812 1469 
         00000813 3D62 
         00000814 2B74 
         00000815 3D7B 
         00000816 200A 
         00000817 3D8A 
     289 00000818 A905      .float     0.073564567,  0.079682440,  0.085797310,  0.091908954
         00000819 3D96 
         0000081a 308C 
         0000081b 3DA3 
         0000081c B680 
         0000081d 3DAF 
         0000081e 3AC3 
         0000081f 3DBC 
     290 00000820 BD36      .float     0.098017141,  0.104121633,  0.110222206,  0.116318628
         00000821 3DC8 
         00000822 3DB9 
         00000823 3DD5 
         00000824 BC2E 
         00000825 3DE1 
         00000826 3876 
         00000827 3DEE 
     291 00000828 B273      .float     0.122410677,  0.128498107,  0.134580702,  0.140658244
         00000829 3DFA 
         0000082a 9502 
         0000082b 3E03 
         0000082c CF86 
         0000082d 3E09 
         0000082e 08B7 
         0000082f 3E10 
     292 00000830 4083      .float     0.146730468,  0.152797192,  0.158858150,  0.164913118
         00000831 3E16 
         00000832 76DE 
         00000833 3E1C 
         00000834 ABB6 
         00000835 3E22 
         00000836 DEFC 
         00000837 3E28 
     293 00000838 10A2      .float     0.170961887,  0.177004218,  0.183039889,  0.189068660
         00000839 3E2F 
         0000083a 4098 
         0000083b 3E35 
         0000083c 6ECF 
         0000083d 3E3B 
         0000083e 9B37 
         0000083f 3E41 
     294 00000840 C5C2      .float     0.195090324,  0.201104641,  0.207111374,  0.213110313
         00000841 3E47 
         00000842 EE60 
         00000843 3E4D 
TMS320C2000 Assembler PC v6.4.4 Wed Jul 29 18:16:05 2015

Tools Copyright (c) 1996-2015 Texas Instruments Incorporated
C:/work/grepos/c2000_bootROM/f28004x_bootrom/F28004x_ROM_dev/F28004x_ROM/bootROM/source/tables/FFT_f32_twiddleFactors.asm PAGE   40

         00000844 1501 
         00000845 3E54 
         00000846 3997 
         00000847 3E5A 
     295 00000848 5C13      .float     0.219101235,  0.225083917,  0.231058106,  0.237023607
         00000849 3E60 
         0000084a 7C66 
         0000084b 3E66 
         0000084c 9A7F 
         0000084d 3E6C 
         0000084e B651 
         0000084f 3E72 
     296 00000850 CFCC      .float     0.242980182,  0.248927608,  0.254865646,  0.260794103
         00000851 3E78 
         00000852 E6E1 
         00000853 3E7E 
         00000854 7DC0 
         00000855 3E82 
         00000856 86CE 
         00000857 3E85 
     297 00000858 8E93      .float     0.266712755,  0.272621363,  0.278519690,  0.284407526
         00000859 3E88 
         0000085a 9507 
         0000085b 3E8B 
         0000085c 9A22 
         0000085d 3E8E 
         0000085e 9DDD 
         0000085f 3E91 
     298 00000860 A031      .float     0.290284663,  0.296150893,  0.302005947,  0.307849646
         00000861 3E94 
         00000862 A117 
         00000863 3E97 
         00000864 A086 
         00000865 3E9A 
         00000866 9E78 
         00000867 3E9D 
     299 00000868 9AE5      .float     0.313681751,  0.319502026,  0.325310290,  0.331106305
         00000869 3EA0 
         0000086a 95C5 
         0000086b 3EA3 
         0000086c 8F12 
         0000086d 3EA6 
         0000086e 86C4 
         0000086f 3EA9 
     300 00000870 7CD4      .float     0.336889863,  0.342660725,  0.348418683,  0.354163527
         00000871 3EAC 
         00000872 713A 
         00000873 3EAF 
         00000874 63EF 
         00000875 3EB2 
         00000876 54EC 
         00000877 3EB5 
     301 00000878 442A      .float     0.359895051,  0.365612984,  0.371317208,  0.377007425
         00000879 3EB8 
         0000087a 31A0 
TMS320C2000 Assembler PC v6.4.4 Wed Jul 29 18:16:05 2015

Tools Copyright (c) 1996-2015 Texas Instruments Incorporated
C:/work/grepos/c2000_bootROM/f28004x_bootrom/F28004x_ROM_dev/F28004x_ROM/bootROM/source/tables/FFT_f32_twiddleFactors.asm PAGE   41

         0000087b 3EBB 
         0000087c 1D4A 
         0000087d 3EBE 
         0000087e 071E 
         0000087f 3EC1 
     302 00000880 EF15      .float     0.382683426,  0.388345033,  0.393992037,  0.399624199
         00000881 3EC3 
         00000882 D529 
         00000883 3EC6 
         00000884 B953 
         00000885 3EC9 
         00000886 9B8B 
         00000887 3ECC 
     303 00000888 7BCA      .float     0.405241311,  0.410843164,  0.416429549,  0.422000259
         00000889 3ECF 
         0000088a 5A09 
         0000088b 3ED2 
         0000088c 3641 
         0000088d 3ED5 
         0000088e 106B 
         0000088f 3ED8 
     304 00000890 E880      .float     0.427555084,  0.433093816,  0.438616246,  0.444122136
         00000891 3EDA 
         00000892 BE79 
         00000893 3EDD 
         00000894 924F 
         00000895 3EE0 
         00000896 63FA 
         00000897 3EE3 
     305 00000898 3375      .float     0.449611336,  0.455083579,  0.460538715,  0.465976506
         00000899 3EE6 
         0000089a 00B7 
         0000089b 3EE9 
         0000089c CBBB 
         0000089d 3EEB 
         0000089e 9479 
         0000089f 3EEE 
     306 000008a0 5AEA      .float     0.471396744,  0.476799220,  0.482183784,  0.487550169
         000008a1 3EF1 
         000008a2 1F07 
         000008a3 3EF4 
         000008a4 E0CB 
         000008a5 3EF6 
         000008a6 A02D 
         000008a7 3EF9 
     307 000008a8 5D27      .float     0.492898196,  0.498227656,  0.503538370,  0.508830130
         000008a9 3EFC 
         000008aa 17B2 
         000008ab 3EFF 
         000008ac E7E4 
         000008ad 3F00 
         000008ae 42B1 
         000008af 3F02 
     308 000008b0 9C3D      .float     0.514102757,  0.519356012,  0.524589658,  0.529803634
         000008b1 3F03 
TMS320C2000 Assembler PC v6.4.4 Wed Jul 29 18:16:05 2015

Tools Copyright (c) 1996-2015 Texas Instruments Incorporated
C:/work/grepos/c2000_bootROM/f28004x_bootrom/F28004x_ROM_dev/F28004x_ROM/bootROM/source/tables/FFT_f32_twiddleFactors.asm PAGE   42

         000008b2 F484 
         000008b3 3F04 
         000008b4 4B82 
         000008b5 3F06 
         000008b6 A136 
         000008b7 3F07 
     309 000008b8 F59B      .float     0.534997642,  0.540171444,  0.545324981,  0.550457954
         000008b9 3F08 
         000008ba 48AD 
         000008bb 3F0A 
         000008bc 9A6B 
         000008bd 3F0B 
         000008be EAD0 
         000008bf 3F0C 
     310 000008c0 39DA      .float     0.555570245,  0.560661554,  0.565731823,  0.570780754
         000008c1 3F0E 
         000008c2 8784 
         000008c3 3F0F 
         000008c4 D3CD 
         000008c5 3F10 
         000008c6 1EB0 
         000008c7 3F12 
     311 000008c8 682A      .float     0.575808167,  0.580813944,  0.585797846,  0.590759695
         000008c9 3F13 
         000008ca B039 
         000008cb 3F14 
         000008cc F6D9 
         000008cd 3F15 
         000008ce 3C07 
         000008cf 3F17 
     312 000008d0 7FC0      .float     0.595699310,  0.600616455,  0.605511069,  0.610382795
         000008d1 3F18 
         000008d2 C200 
         000008d3 3F19 
         000008d4 02C6 
         000008d5 3F1B 
         000008d6 420C 
         000008d7 3F1C 
     313 000008d8 7FD1      .float     0.615231574,  0.620057225,  0.624859512,  0.629638255
         000008d9 3F1D 
         000008da BC12 
         000008db 3F1E 
         000008dc F6CB 
         000008dd 3F1F 
         000008de 2FF9 
         000008df 3F21 
     314 000008e0 6799      .float     0.634393275,  0.639124453,  0.643831551,  0.648514390
         000008e1 3F22 
         000008e2 9DA9 
         000008e3 3F23 
         000008e4 D225 
         000008e5 3F24 
         000008e6 050A 
         000008e7 3F26 
     315 000008e8 3656      .float     0.653172851,  0.657806695,  0.662415802,  0.666999936
TMS320C2000 Assembler PC v6.4.4 Wed Jul 29 18:16:05 2015

Tools Copyright (c) 1996-2015 Texas Instruments Incorporated
C:/work/grepos/c2000_bootROM/f28004x_bootrom/F28004x_ROM_dev/F28004x_ROM/bootROM/source/tables/FFT_f32_twiddleFactors.asm PAGE   43

         000008e9 3F27 
         000008ea 6605 
         000008eb 3F28 
         000008ec 9415 
         000008ed 3F29 
         000008ee C082 
         000008ef 3F2A 
     316 000008f0 EB4A      .float     0.671558976,  0.676092684,  0.680601001,  0.685083687
         000008f1 3F2B 
         000008f2 1469 
         000008f3 3F2D 
         000008f4 3BDE 
         000008f5 3F2E 
         000008f6 61A5 
         000008f7 3F2F 
     317 000008f8 85BB      .float     0.689540565,  0.693971455,  0.698376238,  0.702754736
         000008f9 3F30 
         000008fa A81D 
         000008fb 3F31 
         000008fc C8C9 
         000008fd 3F32 
         000008fe E7BC 
         000008ff 3F33 
     318 00000900 04F3      .float     0.707106769,  0.711432219,  0.715730846,  0.720002532
         00000901 3F35 
         00000902 206C 
         00000903 3F36 
         00000904 3A23 
         00000905 3F37 
         00000906 5216 
         00000907 3F38 
     319 00000908 6842      .float     0.724247098,  0.728464365,  0.732654274,  0.736816585
         00000909 3F39 
         0000090a 7CA4 
         0000090b 3F3A 
         0000090c 8F3B 
         0000090d 3F3B 
         0000090e A003 
         0000090f 3F3C 
     320 00000910 AEF9      .float     0.740951121,  0.745057762,  0.749136388,  0.753186822
         00000911 3F3D 
         00000912 BC1B 
         00000913 3F3E 
         00000914 C767 
         00000915 3F3F 
         00000916 D0DA 
         00000917 3F40 
     321 00000918 D870      .float     0.757208824,  0.761202395,  0.765167236,  0.769103348
         00000919 3F41 
         0000091a DE29 
         0000091b 3F42 
         0000091c E200 
         0000091d 3F43 
         0000091e E3F5 
         0000091f 3F44 
TMS320C2000 Assembler PC v6.4.4 Wed Jul 29 18:16:05 2015

Tools Copyright (c) 1996-2015 Texas Instruments Incorporated
C:/work/grepos/c2000_bootROM/f28004x_bootrom/F28004x_ROM_dev/F28004x_ROM/bootROM/source/tables/FFT_f32_twiddleFactors.asm PAGE   44

     322 00000920 E403      .float     0.773010433,  0.776888490,  0.780737221,  0.784556568
         00000921 3F45 
         00000922 E22A 
         00000923 3F46 
         00000924 DE65 
         00000925 3F47 
         00000926 D8B3 
         00000927 3F48 
     323 00000928 D112      .float     0.788346410,  0.792106569,  0.795836926,  0.799537241
         00000929 3F49 
         0000092a C77F 
         0000092b 3F4A 
         0000092c BBF8 
         0000092d 3F4B 
         0000092e AE79 
         0000092f 3F4C 
     324 00000930 9F02      .float     0.803207517,  0.806847572,  0.810457170,  0.814036310
         00000931 3F4D 
         00000932 8D90 
         00000933 3F4E 
         00000934 7A1F 
         00000935 3F4F 
         00000936 64AF 
         00000937 3F50 
     325 00000938 4D3D      .float     0.817584813,  0.821102500,  0.824589312,  0.828045070
         00000939 3F51 
         0000093a 33C6 
         0000093b 3F52 
         0000093c 1849 
         0000093d 3F53 
         0000093e FAC3 
         0000093f 3F53 
     326 00000940 DB31      .float     0.831469595,  0.834862888,  0.838224709,  0.841554999
         00000941 3F54 
         00000942 B993 
         00000943 3F55 
         00000944 95E5 
         00000945 3F56 
         00000946 7026 
         00000947 3F57 
     327 00000948 4853      .float     0.844853580,  0.848120332,  0.851355195,  0.854557991
         00000949 3F58 
         0000094a 1E6A 
         0000094b 3F59 
         0000094c F26A 
         0000094d 3F59 
         0000094e C450 
         0000094f 3F5A 
     328 00000950 941A      .float     0.857728601,  0.860866964,  0.863972843,  0.867046237
         00000951 3F5B 
         00000952 61C7 
         00000953 3F5C 
         00000954 2D53 
         00000955 3F5D 
         00000956 F6BE 
TMS320C2000 Assembler PC v6.4.4 Wed Jul 29 18:16:05 2015

Tools Copyright (c) 1996-2015 Texas Instruments Incorporated
C:/work/grepos/c2000_bootROM/f28004x_bootrom/F28004x_ROM_dev/F28004x_ROM/bootROM/source/tables/FFT_f32_twiddleFactors.asm PAGE   45

         00000957 3F5D 
     329 00000958 BE05      .float     0.870086968,  0.873094976,  0.876070082,  0.879012227
         00000959 3F5E 
         0000095a 8327 
         0000095b 3F5F 
         0000095c 4621 
         0000095d 3F60 
         0000095e 06F2 
         0000095f 3F61 
     330 00000960 C598      .float     0.881921291,  0.884797096,  0.887639642,  0.890448749
         00000961 3F61 
         00000962 8210 
         00000963 3F62 
         00000964 3C5A 
         00000965 3F63 
         00000966 F473 
         00000967 3F63 
     331 00000968 AA59      .float     0.893224299,  0.895966232,  0.898674488,  0.901348829
         00000969 3F64 
         0000096a 5E0B 
         0000096b 3F65 
         0000096c 0F88 
         0000096d 3F66 
         0000096e BECC 
         0000096f 3F66 
     332 00000970 6BD8      .float     0.903989315,  0.906595707,  0.909168005,  0.911706030
         00000971 3F67 
         00000972 16A8 
         00000973 3F68 
         00000974 BF3C 
         00000975 3F68 
         00000976 6591 
         00000977 3F69 
     333 00000978 09A7      .float     0.914209783,  0.916679084,  0.919113874,  0.921514034
         00000979 3F6A 
         0000097a AB7B 
         0000097b 3F6A 
         0000097c 4B0C 
         0000097d 3F6B 
         0000097e E858 
         0000097f 3F6B 
     334 00000980 835E      .float     0.923879504,  0.926210225,  0.928506076,  0.930766940
         00000981 3F6C 
         00000982 1C1D 
         00000983 3F6D 
         00000984 B293 
         00000985 3F6D 
         00000986 46BE 
         00000987 3F6E 
     335 00000988 D89E      .float     0.932992816,  0.935183525,  0.937339008,  0.939459205
         00000989 3F6E 
         0000098a 6830 
         0000098b 3F6F 
         0000098c F573 
         0000098d 3F6F 
TMS320C2000 Assembler PC v6.4.4 Wed Jul 29 18:16:05 2015

Tools Copyright (c) 1996-2015 Texas Instruments Incorporated
C:/work/grepos/c2000_bootROM/f28004x_bootrom/F28004x_ROM_dev/F28004x_ROM/bootROM/source/tables/FFT_f32_twiddleFactors.asm PAGE   46

         0000098e 8066 
         0000098f 3F70 
     336 00000990 0908      .float     0.941544056,  0.943593442,  0.945607305,  0.947585583
         00000991 3F71 
         00000992 8F57 
         00000993 3F71 
         00000994 1352 
         00000995 3F72 
         00000996 94F8 
         00000997 3F72 
     337 00000998 1447      .float     0.949528158,  0.951435030,  0.953306019,  0.955141187
         00000999 3F73 
         0000099a 913F 
         0000099b 3F73 
         0000099c 0BDD 
         0000099d 3F74 
         0000099e 8422 
         0000099f 3F74 
     338 000009a0 FA0B      .float     0.956940353,  0.958703458,  0.960430503,  0.962121427
         000009a1 3F74 
         000009a2 6D97 
         000009a3 3F75 
         000009a4 DEC6 
         000009a5 3F75 
         000009a6 4D97 
         000009a7 3F76 
     339 000009a8 BA07      .float     0.963776052,  0.965394437,  0.966976464,  0.968522072
         000009a9 3F76 
         000009aa 2417 
         000009ab 3F77 
         000009ac 8BC5 
         000009ad 3F77 
         000009ae F110 
         000009af 3F77 
     340 000009b0 53F8      .float     0.970031261,  0.971503913,  0.972939968,  0.974339366
         000009b1 3F78 
         000009b2 B47B 
         000009b3 3F78 
         000009b4 1298 
         000009b5 3F79 
         000009b6 6E4E 
         000009b7 3F79 
     341 000009b8 C79D      .float     0.975702107,  0.977028131,  0.978317380,  0.979569793
         000009b9 3F79 
         000009ba 1E84 
         000009bb 3F7A 
         000009bc 7302 
         000009bd 3F7A 
         000009be C516 
         000009bf 3F7A 
     342 000009c0 14BE      .float     0.980785251,  0.981963873,  0.983105481,  0.984210074
         000009c1 3F7B 
         000009c2 61FC 
         000009c3 3F7B 
         000009c4 ACCD 
TMS320C2000 Assembler PC v6.4.4 Wed Jul 29 18:16:05 2015

Tools Copyright (c) 1996-2015 Texas Instruments Incorporated
C:/work/grepos/c2000_bootROM/f28004x_bootrom/F28004x_ROM_dev/F28004x_ROM/bootROM/source/tables/FFT_f32_twiddleFactors.asm PAGE   47

         000009c5 3F7B 
         000009c6 F531 
         000009c7 3F7B 
     343 000009c8 3B28      .float     0.985277653,  0.986308098,  0.987301409,  0.988257587
         000009c9 3F7C 
         000009ca 7EB0 
         000009cb 3F7C 
         000009cc BFC9 
         000009cd 3F7C 
         000009ce FE73 
         000009cf 3F7C 
     344 000009d0 3AAC      .float     0.989176512,  0.990058184,  0.990902662,  0.991709769
         000009d1 3F7D 
         000009d2 7474 
         000009d3 3F7D 
         000009d4 ABCC 
         000009d5 3F7D 
         000009d6 E0B1 
         000009d7 3F7D 
     345 000009d8 1324      .float     0.992479563,  0.993211925,  0.993906975,  0.994564593
         000009d9 3F7E 
         000009da 4323 
         000009db 3F7E 
         000009dc 70B0 
         000009dd 3F7E 
         000009de 9BC9 
         000009df 3F7E 
     346 000009e0 C46D      .float     0.995184720,  0.995767415,  0.996312618,  0.996820271
         000009e1 3F7E 
         000009e2 EA9D 
         000009e3 3F7E 
         000009e4 0E58 
         000009e5 3F7F 
         000009e6 2F9D 
         000009e7 3F7F 
     347 000009e8 4E6D      .float     0.997290432,  0.997723043,  0.998118103,  0.998475552
         000009e9 3F7F 
         000009ea 6AC7 
         000009eb 3F7F 
         000009ec 84AB 
         000009ed 3F7F 
         000009ee 9C18 
         000009ef 3F7F 
     348 000009f0 B10F      .float     0.998795450,  0.999077737,  0.999322355,  0.999529421
         000009f1 3F7F 
         000009f2 C38F 
         000009f3 3F7F 
         000009f4 D397 
         000009f5 3F7F 
         000009f6 E129 
         000009f7 3F7F 
     349 000009f8 EC43      .float     0.999698818,  0.999830604,  0.999924719,  0.999981165
         000009f9 3F7F 
         000009fa F4E6 
         000009fb 3F7F 
TMS320C2000 Assembler PC v6.4.4 Wed Jul 29 18:16:05 2015

Tools Copyright (c) 1996-2015 Texas Instruments Incorporated
C:/work/grepos/c2000_bootROM/f28004x_bootrom/F28004x_ROM_dev/F28004x_ROM/bootROM/source/tables/FFT_f32_twiddleFactors.asm PAGE   48

         000009fc FB11 
         000009fd 3F7F 
         000009fe FEC4 
         000009ff 3F7F 
     350              
     351              ;;#############################################################################
     352              ;; End of File
     353              ;;#############################################################################

No Assembly Errors, No Assembly Warnings
