TMS320C2000 Assembler PC v6.4.4 Tue Feb 14 14:42:47 2017

Tools Copyright (c) 1996-2015 Texas Instruments Incorporated
C:/Users/a0221343/Git/bootROM/f28004x_bootrom/F28004x_ROM_dev_PG2.0/F28004x_ROM/bootROM/source/tables/IQmathTables.asm PAGE    1

       1              ;; TI File $Revision: /main/4 $
       2              ;; Checkin $Date: March 8, 2011   15:18:34 $
       3              ;;##########################################################################
       4              ;;
       5              ;;Title:    Tables For IQmath Functions
       6              ;;
       7              ;;Version:  1.4
       8              ;;
       9              ;;Contents: IQsin and IQcos Function Table,        Size Of Table = 644x16
      10              ;;          IQdiv Function Table,                  Size Of Table = 528x16
      11              ;;          IQsqrt and IQisqrt Function Table,     Size Of Table = 274x16
      12              ;;          IQatan2 Function Table,                Size Of Table = 452x16
      13              ;;          IQrmpy and IQrsmpy Function Table,     Size Of Table = 360x16
      14              ;;
      15              ;;##########################################################################
      16              
      17              ;;==========================================================================
      18              ;; IQsin and IQcos Function Table, Size Of Table = 644x16
      19              ;;==========================================================================
      20              
      21                      .def    _IQsinTable
      22                      .def    _IQsinTableEnd
      23                      .def    _IQcosTable
      24                      .def    _IQcosTableEnd
      25              
      26 00000000               .sect    "IQmathTables"
      27 00000000       _IQsinTable:
      28 00000000 0000          .long             0     ; sin( 2*pi*   0/512 ) =   0.000000000000 in Q30
         00000001 0000 
      29 00000002 0E90          .long      13176464     ; sin( 2*pi*   1/512 ) =   0.012271538286 in Q30
         00000003 00C9 
      30 00000004 155F          .long      26350943     ; sin( 2*pi*   2/512 ) =   0.024541228523 in Q30
         00000005 0192 
      31 00000006 0CAF          .long      39521455     ; sin( 2*pi*   3/512 ) =   0.036807222941 in Q30
         00000007 025B 
      32 00000008 ECBE          .long      52686014     ; sin( 2*pi*   4/512 ) =   0.049067674327 in Q30
         00000009 0323 
      33 0000000a ADCF          .long      65842639     ; sin( 2*pi*   5/512 ) =   0.061320736302 in Q30
         0000000b 03EC 
      34 0000000c 4825          .long      78989349     ; sin( 2*pi*   6/512 ) =   0.073564563600 in Q30
         0000000d 04B5 
      35 0000000e B403          .long      92124163     ; sin( 2*pi*   7/512 ) =   0.085797312344 in Q30
         0000000f 057D 
      36 00000010 E9AF          .long     105245103     ; sin( 2*pi*   8/512 ) =   0.098017140330 in Q30
         00000011 0645 
      37 00000012 E172          .long     118350194     ; sin( 2*pi*   9/512 ) =   0.110222207294 in Q30
         00000013 070D 
      38 00000014 9396          .long     131437462     ; sin( 2*pi*  10/512 ) =   0.122410675199 in Q30
         00000015 07D5 
      39 00000016 F867          .long     144504935     ; sin( 2*pi*  11/512 ) =   0.134580708507 in Q30
         00000017 089C 
      40 00000018 0837          .long     157550647     ; sin( 2*pi*  12/512 ) =   0.146730474455 in Q30
         00000019 0964 
      41 0000001a BB59          .long     170572633     ; sin( 2*pi*  13/512 ) =   0.158858143334 in Q30
         0000001b 0A2A 
TMS320C2000 Assembler PC v6.4.4 Tue Feb 14 14:42:47 2017

Tools Copyright (c) 1996-2015 Texas Instruments Incorporated
C:/Users/a0221343/Git/bootROM/f28004x_bootrom/F28004x_ROM_dev_PG2.0/F28004x_ROM/bootROM/source/tables/IQmathTables.asm PAGE    2

      42 0000001c 0A22          .long     183568930     ; sin( 2*pi*  14/512 ) =   0.170961888760 in Q30
         0000001d 0AF1 
      43 0000001e ECEF          .long     196537583     ; sin( 2*pi*  15/512 ) =   0.183039887955 in Q30
         0000001f 0BB6 
      44 00000020 5C1E          .long     209476638     ; sin( 2*pi*  16/512 ) =   0.195090322016 in Q30
         00000021 0C7C 
      45 00000022 5013          .long     222384147     ; sin( 2*pi*  17/512 ) =   0.207111376192 in Q30
         00000023 0D41 
      46 00000024 C135          .long     235258165     ; sin( 2*pi*  18/512 ) =   0.219101240157 in Q30
         00000025 0E05 
      47 00000026 A7F3          .long     248096755     ; sin( 2*pi*  19/512 ) =   0.231058108281 in Q30
         00000027 0EC9 
      48 00000028 FCBE          .long     260897982     ; sin( 2*pi*  20/512 ) =   0.242980179903 in Q30
         00000029 0F8C 
      49 0000002a B80E          .long     273659918     ; sin( 2*pi*  21/512 ) =   0.254865659605 in Q30
         0000002b 104F 
      50 0000002c D263          .long     286380643     ; sin( 2*pi*  22/512 ) =   0.266712757475 in Q30
         0000002d 1111 
      51 0000002e 443F          .long     299058239     ; sin( 2*pi*  23/512 ) =   0.278519689385 in Q30
         0000002f 11D3 
      52 00000030 062F          .long     311690799     ; sin( 2*pi*  24/512 ) =   0.290284677254 in Q30
         00000031 1294 
      53 00000032 10C3          .long     324276419     ; sin( 2*pi*  25/512 ) =   0.302005949319 in Q30
         00000033 1354 
      54 00000034 5C94          .long     336813204     ; sin( 2*pi*  26/512 ) =   0.313681740399 in Q30
         00000035 1413 
      55 00000036 E242          .long     349299266     ; sin( 2*pi*  27/512 ) =   0.325310292162 in Q30
         00000037 14D1 
      56 00000038 9A76          .long     361732726     ; sin( 2*pi*  28/512 ) =   0.336889853392 in Q30
         00000039 158F 
      57 0000003a 7DDD          .long     374111709     ; sin( 2*pi*  29/512 ) =   0.348418680249 in Q30
         0000003b 164C 
      58 0000003c 8531          .long     386434353     ; sin( 2*pi*  30/512 ) =   0.359895036535 in Q30
         0000003d 1708 
      59 0000003e A931          .long     398698801     ; sin( 2*pi*  31/512 ) =   0.371317193952 in Q30
         0000003f 17C3 
      60 00000040 E2A7          .long     410903207     ; sin( 2*pi*  32/512 ) =   0.382683432365 in Q30
         00000041 187D 
      61 00000042 2A64          .long     423045732     ; sin( 2*pi*  33/512 ) =   0.393992040061 in Q30
         00000043 1937 
      62 00000044 7944          .long     435124548     ; sin( 2*pi*  34/512 ) =   0.405241314005 in Q30
         00000045 19EF 
      63 00000046 C82B          .long     447137835     ; sin( 2*pi*  35/512 ) =   0.416429560098 in Q30
         00000047 1AA6 
      64 00000048 100A          .long     459083786     ; sin( 2*pi*  36/512 ) =   0.427555093430 in Q30
         00000049 1B5D 
      65 0000004a 49D8          .long     470960600     ; sin( 2*pi*  37/512 ) =   0.438616238539 in Q30
         0000004b 1C12 
      66 0000004c 6E99          .long     482766489     ; sin( 2*pi*  38/512 ) =   0.449611329655 in Q30
         0000004d 1CC6 
      67 0000004e 775C          .long     494499676     ; sin( 2*pi*  39/512 ) =   0.460538710958 in Q30
         0000004f 1D79 
      68 00000050 5D38          .long     506158392     ; sin( 2*pi*  40/512 ) =   0.471396736826 in Q30
         00000051 1E2B 
      69 00000052 1953          .long     517740883     ; sin( 2*pi*  41/512 ) =   0.482183772079 in Q30
TMS320C2000 Assembler PC v6.4.4 Tue Feb 14 14:42:47 2017

Tools Copyright (c) 1996-2015 Texas Instruments Incorporated
C:/Users/a0221343/Git/bootROM/f28004x_bootrom/F28004x_ROM_dev_PG2.0/F28004x_ROM/bootROM/source/tables/IQmathTables.asm PAGE    3

         00000053 1EDC 
      70 00000054 A4DC          .long     529245404     ; sin( 2*pi*  42/512 ) =   0.492898192230 in Q30
         00000055 1F8B 
      71 00000056 F90F          .long     540670223     ; sin( 2*pi*  43/512 ) =   0.503538383726 in Q30
         00000057 2039 
      72 00000058 0F32          .long     552013618     ; sin( 2*pi*  44/512 ) =   0.514102744193 in Q30
         00000059 20E7 
      73 0000005a E09B          .long     563273883     ; sin( 2*pi*  45/512 ) =   0.524589682678 in Q30
         0000005b 2192 
      74 0000005c 66A8          .long     574449320     ; sin( 2*pi*  46/512 ) =   0.534997619887 in Q30
         0000005d 223D 
      75 0000005e 9AC8          .long     585538248     ; sin( 2*pi*  47/512 ) =   0.545324988422 in Q30
         0000005f 22E6 
      76 00000060 7673          .long     596538995     ; sin( 2*pi*  48/512 ) =   0.555570233020 in Q30
         00000061 238E 
      77 00000062 F332          .long     607449906     ; sin( 2*pi*  49/512 ) =   0.565731810784 in Q30
         00000063 2434 
      78 00000064 0A9A          .long     618269338     ; sin( 2*pi*  50/512 ) =   0.575808191418 in Q30
         00000065 24DA 
      79 00000066 B64C          .long     628995660     ; sin( 2*pi*  51/512 ) =   0.585797857456 in Q30
         00000067 257D 
      80 00000068 EFFA          .long     639627258     ; sin( 2*pi*  52/512 ) =   0.595699304492 in Q30
         00000069 261F 
      81 0000006a B162          .long     650162530     ; sin( 2*pi*  53/512 ) =   0.605511041404 in Q30
         0000006b 26C0 
      82 0000006c F452          .long     660599890     ; sin( 2*pi*  54/512 ) =   0.615231590581 in Q30
         0000006d 275F 
      83 0000006e B2A7          .long     670937767     ; sin( 2*pi*  55/512 ) =   0.624859488142 in Q30
         0000006f 27FD 
      84 00000070 E64A          .long     681174602     ; sin( 2*pi*  56/512 ) =   0.634393284164 in Q30
         00000071 2899 
      85 00000072 8937          .long     691308855     ; sin( 2*pi*  57/512 ) =   0.643831542890 in Q30
         00000073 2934 
      86 00000074 9578          .long     701339000     ; sin( 2*pi*  58/512 ) =   0.653172842954 in Q30
         00000075 29CD 
      87 00000076 0525          .long     711263525     ; sin( 2*pi*  59/512 ) =   0.662415777590 in Q30
         00000077 2A65 
      88 00000078 D269          .long     721080937     ; sin( 2*pi*  60/512 ) =   0.671558954847 in Q30
         00000079 2AFA 
      89 0000007a F77D          .long     730789757     ; sin( 2*pi*  61/512 ) =   0.680600997795 in Q30
         0000007b 2B8E 
      90 0000007c 6EAA          .long     740388522     ; sin( 2*pi*  62/512 ) =   0.689540544737 in Q30
         0000007d 2C21 
      91 0000007e 324C          .long     749875788     ; sin( 2*pi*  63/512 ) =   0.698376249409 in Q30
         0000007f 2CB2 
      92 00000080 3CCD          .long     759250125     ; sin( 2*pi*  64/512 ) =   0.707106781187 in Q30
         00000081 2D41 
      93 00000082 88AA          .long     768510122     ; sin( 2*pi*  65/512 ) =   0.715730825284 in Q30
         00000083 2DCE 
      94 00000084 1070          .long     777654384     ; sin( 2*pi*  66/512 ) =   0.724247082952 in Q30
         00000085 2E5A 
      95 00000086 CEBE          .long     786681534     ; sin( 2*pi*  67/512 ) =   0.732654271672 in Q30
         00000087 2EE3 
      96 00000088 BE45          .long     795590213     ; sin( 2*pi*  68/512 ) =   0.740951125355 in Q30
         00000089 2F6B 
TMS320C2000 Assembler PC v6.4.4 Tue Feb 14 14:42:47 2017

Tools Copyright (c) 1996-2015 Texas Instruments Incorporated
C:/Users/a0221343/Git/bootROM/f28004x_bootrom/F28004x_ROM_dev_PG2.0/F28004x_ROM/bootROM/source/tables/IQmathTables.asm PAGE    4

      97 0000008a D9C7          .long     804379079     ; sin( 2*pi*  69/512 ) =   0.749136394523 in Q30
         0000008b 2FF1 
      98 0000008c 1C18          .long     813046808     ; sin( 2*pi*  70/512 ) =   0.757208846507 in Q30
         0000008d 3076 
      99 0000008e 801F          .long     821592095     ; sin( 2*pi*  71/512 ) =   0.765167265622 in Q30
         0000008f 30F8 
     100 00000090 00D6          .long     830013654     ; sin( 2*pi*  72/512 ) =   0.773010453363 in Q30
         00000091 3179 
     101 00000092 9948          .long     838310216     ; sin( 2*pi*  73/512 ) =   0.780737228572 in Q30
         00000093 31F7 
     102 00000094 4493          .long     846480531     ; sin( 2*pi*  74/512 ) =   0.788346427627 in Q30
         00000095 3274 
     103 00000096 FDEA          .long     854523370     ; sin( 2*pi*  75/512 ) =   0.795836904609 in Q30
         00000097 32EE 
     104 00000098 C090          .long     862437520     ; sin( 2*pi*  76/512 ) =   0.803207531481 in Q30
         00000099 3367 
     105 0000009a 87DE          .long     870221790     ; sin( 2*pi*  77/512 ) =   0.810457198253 in Q30
         0000009b 33DE 
     106 0000009c 4F41          .long     877875009     ; sin( 2*pi*  78/512 ) =   0.817584813152 in Q30
         0000009d 3453 
     107 0000009e 1236          .long     885396022     ; sin( 2*pi*  79/512 ) =   0.824589302785 in Q30
         0000009f 34C6 
     108 000000a0 CC52          .long     892783698     ; sin( 2*pi*  80/512 ) =   0.831469612303 in Q30
         000000a1 3536 
     109 000000a2 793C          .long     900036924     ; sin( 2*pi*  81/512 ) =   0.838224705555 in Q30
         000000a3 35A5 
     110 000000a4 14B0          .long     907154608     ; sin( 2*pi*  82/512 ) =   0.844853565250 in Q30
         000000a5 3612 
     111 000000a6 9A7E          .long     914135678     ; sin( 2*pi*  83/512 ) =   0.851355193105 in Q30
         000000a7 367C 
     112 000000a8 068A          .long     920979082     ; sin( 2*pi*  84/512 ) =   0.857728610000 in Q30
         000000a9 36E5 
     113 000000aa 54CE          .long     927683790     ; sin( 2*pi*  85/512 ) =   0.863972856122 in Q30
         000000ab 374B 
     114 000000ac 8159          .long     934248793     ; sin( 2*pi*  86/512 ) =   0.870086991109 in Q30
         000000ad 37AF 
     115 000000ae 884D          .long     940673101     ; sin( 2*pi*  87/512 ) =   0.876070094195 in Q30
         000000af 3811 
     116 000000b0 65E3          .long     946955747     ; sin( 2*pi*  88/512 ) =   0.881921264348 in Q30
         000000b1 3871 
     117 000000b2 1669          .long     953095785     ; sin( 2*pi*  89/512 ) =   0.887639620403 in Q30
         000000b3 38CF 
     118 000000b4 9642          .long     959092290     ; sin( 2*pi*  90/512 ) =   0.893224301196 in Q30
         000000b5 392A 
     119 000000b6 E1E8          .long     964944360     ; sin( 2*pi*  91/512 ) =   0.898674465694 in Q30
         000000b7 3983 
     120 000000b8 F5E8          .long     970651112     ; sin( 2*pi*  92/512 ) =   0.903989293123 in Q30
         000000b9 39DA 
     121 000000ba CEE8          .long     976211688     ; sin( 2*pi*  93/512 ) =   0.909167983091 in Q30
         000000bb 3A2F 
     122 000000bc 69A3          .long     981625251     ; sin( 2*pi*  94/512 ) =   0.914209755704 in Q30
         000000bd 3A82 
     123 000000be C2E8          .long     986890984     ; sin( 2*pi*  95/512 ) =   0.919113851690 in Q30
         000000bf 3AD2 
     124 000000c0 D79E          .long     992008094     ; sin( 2*pi*  96/512 ) =   0.923879532511 in Q30
TMS320C2000 Assembler PC v6.4.4 Tue Feb 14 14:42:47 2017

Tools Copyright (c) 1996-2015 Texas Instruments Incorporated
C:/Users/a0221343/Git/bootROM/f28004x_bootrom/F28004x_ROM_dev_PG2.0/F28004x_ROM/bootROM/source/tables/IQmathTables.asm PAGE    5

         000000c1 3B20 
     125 000000c2 A4C4          .long     996975812     ; sin( 2*pi*  97/512 ) =   0.928506080473 in Q30
         000000c3 3B6C 
     126 000000c4 276E          .long    1001793390     ; sin( 2*pi*  98/512 ) =   0.932992798835 in Q30
         000000c5 3BB6 
     127 000000c6 5CC4          .long    1006460100     ; sin( 2*pi*  99/512 ) =   0.937339011913 in Q30
         000000c7 3BFD 
     128 000000c8 420A          .long    1010975242     ; sin( 2*pi* 100/512 ) =   0.941544065183 in Q30
         000000c9 3C42 
     129 000000ca D496          .long    1015338134     ; sin( 2*pi* 101/512 ) =   0.945607325381 in Q30
         000000cb 3C84 
     130 000000cc 11D9          .long    1019548121     ; sin( 2*pi* 102/512 ) =   0.949528180593 in Q30
         000000cd 3CC5 
     131 000000ce F757          .long    1023604567     ; sin( 2*pi* 103/512 ) =   0.953306040354 in Q30
         000000cf 3D02 
     132 000000d0 82AE          .long    1027506862     ; sin( 2*pi* 104/512 ) =   0.956940335732 in Q30
         000000d1 3D3E 
     133 000000d2 B192          .long    1031254418     ; sin( 2*pi* 105/512 ) =   0.960430519416 in Q30
         000000d3 3D77 
     134 000000d4 81CF          .long    1034846671     ; sin( 2*pi* 106/512 ) =   0.963776065795 in Q30
         000000d5 3DAE 
     135 000000d6 F148          .long    1038283080     ; sin( 2*pi* 107/512 ) =   0.966976471045 in Q30
         000000d7 3DE2 
     136 000000d8 FDF7          .long    1041563127     ; sin( 2*pi* 108/512 ) =   0.970031253195 in Q30
         000000d9 3E14 
     137 000000da A5EF          .long    1044686319     ; sin( 2*pi* 109/512 ) =   0.972939952206 in Q30
         000000db 3E44 
     138 000000dc E759          .long    1047652185     ; sin( 2*pi* 110/512 ) =   0.975702130039 in Q30
         000000dd 3E71 
     139 000000de C076          .long    1050460278     ; sin( 2*pi* 111/512 ) =   0.978317370720 in Q30
         000000df 3E9C 
     140 000000e0 2FA0          .long    1053110176     ; sin( 2*pi* 112/512 ) =   0.980785280403 in Q30
         000000e1 3EC5 
     141 000000e2 3347          .long    1055601479     ; sin( 2*pi* 113/512 ) =   0.983105487431 in Q30
         000000e3 3EEB 
     142 000000e4 C9F5          .long    1057933813     ; sin( 2*pi* 114/512 ) =   0.985277642389 in Q30
         000000e5 3F0E 
     143 000000e6 F24A          .long    1060106826     ; sin( 2*pi* 115/512 ) =   0.987301418158 in Q30
         000000e7 3F2F 
     144 000000e8 AAFE          .long    1062120190     ; sin( 2*pi* 116/512 ) =   0.989176509965 in Q30
         000000e9 3F4E 
     145 000000ea F2E3          .long    1063973603     ; sin( 2*pi* 117/512 ) =   0.990902635428 in Q30
         000000eb 3F6A 
     146 000000ec C8E2          .long    1065666786     ; sin( 2*pi* 118/512 ) =   0.992479534599 in Q30
         000000ed 3F84 
     147 000000ee 2BFB          .long    1067199483     ; sin( 2*pi* 119/512 ) =   0.993906970002 in Q30
         000000ef 3F9C 
     148 000000f0 1B48          .long    1068571464     ; sin( 2*pi* 120/512 ) =   0.995184726672 in Q30
         000000f1 3FB1 
     149 000000f2 95F9          .long    1069782521     ; sin( 2*pi* 121/512 ) =   0.996312612183 in Q30
         000000f3 3FC3 
     150 000000f4 9B5A          .long    1070832474     ; sin( 2*pi* 122/512 ) =   0.997290456679 in Q30
         000000f5 3FD3 
     151 000000f6 2ACB          .long    1071721163     ; sin( 2*pi* 123/512 ) =   0.998118112900 in Q30
         000000f7 3FE1 
TMS320C2000 Assembler PC v6.4.4 Tue Feb 14 14:42:47 2017

Tools Copyright (c) 1996-2015 Texas Instruments Incorporated
C:/Users/a0221343/Git/bootROM/f28004x_bootrom/F28004x_ROM_dev_PG2.0/F28004x_ROM/bootROM/source/tables/IQmathTables.asm PAGE    6

     152 000000f8 43C7          .long    1072448455     ; sin( 2*pi* 124/512 ) =   0.998795456205 in Q30
         000000f9 3FEC 
     153 000000fa E5E0          .long    1073014240     ; sin( 2*pi* 125/512 ) =   0.999322384588 in Q30
         000000fb 3FF4 
     154 000000fc 10C1          .long    1073418433     ; sin( 2*pi* 126/512 ) =   0.999698818696 in Q30
         000000fd 3FFB 
     155 000000fe C42D          .long    1073660973     ; sin( 2*pi* 127/512 ) =   0.999924701839 in Q30
         000000ff 3FFE 
     156 00000100       _IQcosTable:
     157 00000100 0000          .long    1073741824     ; sin( 2*pi* 128/512 ) =   1.000000000000 in Q30
         00000101 4000 
     158 00000102 C42D          .long    1073660973     ; sin( 2*pi* 129/512 ) =   0.999924701839 in Q30
         00000103 3FFE 
     159 00000104 10C1          .long    1073418433     ; sin( 2*pi* 130/512 ) =   0.999698818696 in Q30
         00000105 3FFB 
     160 00000106 E5E0          .long    1073014240     ; sin( 2*pi* 131/512 ) =   0.999322384588 in Q30
         00000107 3FF4 
     161 00000108 43C7          .long    1072448455     ; sin( 2*pi* 132/512 ) =   0.998795456205 in Q30
         00000109 3FEC 
     162 0000010a 2ACB          .long    1071721163     ; sin( 2*pi* 133/512 ) =   0.998118112900 in Q30
         0000010b 3FE1 
     163 0000010c 9B5A          .long    1070832474     ; sin( 2*pi* 134/512 ) =   0.997290456679 in Q30
         0000010d 3FD3 
     164 0000010e 95F9          .long    1069782521     ; sin( 2*pi* 135/512 ) =   0.996312612183 in Q30
         0000010f 3FC3 
     165 00000110 1B48          .long    1068571464     ; sin( 2*pi* 136/512 ) =   0.995184726672 in Q30
         00000111 3FB1 
     166 00000112 2BFB          .long    1067199483     ; sin( 2*pi* 137/512 ) =   0.993906970002 in Q30
         00000113 3F9C 
     167 00000114 C8E2          .long    1065666786     ; sin( 2*pi* 138/512 ) =   0.992479534599 in Q30
         00000115 3F84 
     168 00000116 F2E3          .long    1063973603     ; sin( 2*pi* 139/512 ) =   0.990902635428 in Q30
         00000117 3F6A 
     169 00000118 AAFE          .long    1062120190     ; sin( 2*pi* 140/512 ) =   0.989176509965 in Q30
         00000119 3F4E 
     170 0000011a F24A          .long    1060106826     ; sin( 2*pi* 141/512 ) =   0.987301418158 in Q30
         0000011b 3F2F 
     171 0000011c C9F5          .long    1057933813     ; sin( 2*pi* 142/512 ) =   0.985277642389 in Q30
         0000011d 3F0E 
     172 0000011e 3347          .long    1055601479     ; sin( 2*pi* 143/512 ) =   0.983105487431 in Q30
         0000011f 3EEB 
     173 00000120 2FA0          .long    1053110176     ; sin( 2*pi* 144/512 ) =   0.980785280403 in Q30
         00000121 3EC5 
     174 00000122 C076          .long    1050460278     ; sin( 2*pi* 145/512 ) =   0.978317370720 in Q30
         00000123 3E9C 
     175 00000124 E759          .long    1047652185     ; sin( 2*pi* 146/512 ) =   0.975702130039 in Q30
         00000125 3E71 
     176 00000126 A5EF          .long    1044686319     ; sin( 2*pi* 147/512 ) =   0.972939952206 in Q30
         00000127 3E44 
     177 00000128 FDF7          .long    1041563127     ; sin( 2*pi* 148/512 ) =   0.970031253195 in Q30
         00000129 3E14 
     178 0000012a F148          .long    1038283080     ; sin( 2*pi* 149/512 ) =   0.966976471045 in Q30
         0000012b 3DE2 
     179 0000012c 81CF          .long    1034846671     ; sin( 2*pi* 150/512 ) =   0.963776065795 in Q30
         0000012d 3DAE 
TMS320C2000 Assembler PC v6.4.4 Tue Feb 14 14:42:47 2017

Tools Copyright (c) 1996-2015 Texas Instruments Incorporated
C:/Users/a0221343/Git/bootROM/f28004x_bootrom/F28004x_ROM_dev_PG2.0/F28004x_ROM/bootROM/source/tables/IQmathTables.asm PAGE    7

     180 0000012e B192          .long    1031254418     ; sin( 2*pi* 151/512 ) =   0.960430519416 in Q30
         0000012f 3D77 
     181 00000130 82AE          .long    1027506862     ; sin( 2*pi* 152/512 ) =   0.956940335732 in Q30
         00000131 3D3E 
     182 00000132 F757          .long    1023604567     ; sin( 2*pi* 153/512 ) =   0.953306040354 in Q30
         00000133 3D02 
     183 00000134 11D9          .long    1019548121     ; sin( 2*pi* 154/512 ) =   0.949528180593 in Q30
         00000135 3CC5 
     184 00000136 D496          .long    1015338134     ; sin( 2*pi* 155/512 ) =   0.945607325380 in Q30
         00000137 3C84 
     185 00000138 420A          .long    1010975242     ; sin( 2*pi* 156/512 ) =   0.941544065183 in Q30
         00000139 3C42 
     186 0000013a 5CC4          .long    1006460100     ; sin( 2*pi* 157/512 ) =   0.937339011913 in Q30
         0000013b 3BFD 
     187 0000013c 276E          .long    1001793390     ; sin( 2*pi* 158/512 ) =   0.932992798835 in Q30
         0000013d 3BB6 
     188 0000013e A4C4          .long     996975812     ; sin( 2*pi* 159/512 ) =   0.928506080473 in Q30
         0000013f 3B6C 
     189 00000140 D79E          .long     992008094     ; sin( 2*pi* 160/512 ) =   0.923879532511 in Q30
         00000141 3B20 
     190 00000142 C2E8          .long     986890984     ; sin( 2*pi* 161/512 ) =   0.919113851690 in Q30
         00000143 3AD2 
     191 00000144 69A3          .long     981625251     ; sin( 2*pi* 162/512 ) =   0.914209755703 in Q30
         00000145 3A82 
     192 00000146 CEE8          .long     976211688     ; sin( 2*pi* 163/512 ) =   0.909167983090 in Q30
         00000147 3A2F 
     193 00000148 F5E8          .long     970651112     ; sin( 2*pi* 164/512 ) =   0.903989293123 in Q30
         00000149 39DA 
     194 0000014a E1E8          .long     964944360     ; sin( 2*pi* 165/512 ) =   0.898674465694 in Q30
         0000014b 3983 
     195 0000014c 9642          .long     959092290     ; sin( 2*pi* 166/512 ) =   0.893224301195 in Q30
         0000014d 392A 
     196 0000014e 1669          .long     953095785     ; sin( 2*pi* 167/512 ) =   0.887639620403 in Q30
         0000014f 38CF 
     197 00000150 65E3          .long     946955747     ; sin( 2*pi* 168/512 ) =   0.881921264348 in Q30
         00000151 3871 
     198 00000152 884D          .long     940673101     ; sin( 2*pi* 169/512 ) =   0.876070094195 in Q30
         00000153 3811 
     199 00000154 8159          .long     934248793     ; sin( 2*pi* 170/512 ) =   0.870086991109 in Q30
         00000155 37AF 
     200 00000156 54CE          .long     927683790     ; sin( 2*pi* 171/512 ) =   0.863972856122 in Q30
         00000157 374B 
     201 00000158 068A          .long     920979082     ; sin( 2*pi* 172/512 ) =   0.857728610000 in Q30
         00000159 36E5 
     202 0000015a 9A7E          .long     914135678     ; sin( 2*pi* 173/512 ) =   0.851355193105 in Q30
         0000015b 367C 
     203 0000015c 14B0          .long     907154608     ; sin( 2*pi* 174/512 ) =   0.844853565250 in Q30
         0000015d 3612 
     204 0000015e 793C          .long     900036924     ; sin( 2*pi* 175/512 ) =   0.838224705555 in Q30
         0000015f 35A5 
     205 00000160 CC52          .long     892783698     ; sin( 2*pi* 176/512 ) =   0.831469612302 in Q30
         00000161 3536 
     206 00000162 1236          .long     885396022     ; sin( 2*pi* 177/512 ) =   0.824589302785 in Q30
         00000163 34C6 
     207 00000164 4F41          .long     877875009     ; sin( 2*pi* 178/512 ) =   0.817584813152 in Q30
TMS320C2000 Assembler PC v6.4.4 Tue Feb 14 14:42:47 2017

Tools Copyright (c) 1996-2015 Texas Instruments Incorporated
C:/Users/a0221343/Git/bootROM/f28004x_bootrom/F28004x_ROM_dev_PG2.0/F28004x_ROM/bootROM/source/tables/IQmathTables.asm PAGE    8

         00000165 3453 
     208 00000166 87DE          .long     870221790     ; sin( 2*pi* 179/512 ) =   0.810457198253 in Q30
         00000167 33DE 
     209 00000168 C090          .long     862437520     ; sin( 2*pi* 180/512 ) =   0.803207531481 in Q30
         00000169 3367 
     210 0000016a FDEA          .long     854523370     ; sin( 2*pi* 181/512 ) =   0.795836904609 in Q30
         0000016b 32EE 
     211 0000016c 4493          .long     846480531     ; sin( 2*pi* 182/512 ) =   0.788346427627 in Q30
         0000016d 3274 
     212 0000016e 9948          .long     838310216     ; sin( 2*pi* 183/512 ) =   0.780737228572 in Q30
         0000016f 31F7 
     213 00000170 00D6          .long     830013654     ; sin( 2*pi* 184/512 ) =   0.773010453363 in Q30
         00000171 3179 
     214 00000172 801F          .long     821592095     ; sin( 2*pi* 185/512 ) =   0.765167265622 in Q30
         00000173 30F8 
     215 00000174 1C18          .long     813046808     ; sin( 2*pi* 186/512 ) =   0.757208846506 in Q30
         00000175 3076 
     216 00000176 D9C7          .long     804379079     ; sin( 2*pi* 187/512 ) =   0.749136394523 in Q30
         00000177 2FF1 
     217 00000178 BE45          .long     795590213     ; sin( 2*pi* 188/512 ) =   0.740951125355 in Q30
         00000179 2F6B 
     218 0000017a CEBE          .long     786681534     ; sin( 2*pi* 189/512 ) =   0.732654271672 in Q30
         0000017b 2EE3 
     219 0000017c 1070          .long     777654384     ; sin( 2*pi* 190/512 ) =   0.724247082951 in Q30
         0000017d 2E5A 
     220 0000017e 88AA          .long     768510122     ; sin( 2*pi* 191/512 ) =   0.715730825284 in Q30
         0000017f 2DCE 
     221 00000180 3CCD          .long     759250125     ; sin( 2*pi* 192/512 ) =   0.707106781186 in Q30
         00000181 2D41 
     222 00000182 324C          .long     749875788     ; sin( 2*pi* 193/512 ) =   0.698376249409 in Q30
         00000183 2CB2 
     223 00000184 6EAA          .long     740388522     ; sin( 2*pi* 194/512 ) =   0.689540544737 in Q30
         00000185 2C21 
     224 00000186 F77D          .long     730789757     ; sin( 2*pi* 195/512 ) =   0.680600997795 in Q30
         00000187 2B8E 
     225 00000188 D269          .long     721080937     ; sin( 2*pi* 196/512 ) =   0.671558954847 in Q30
         00000189 2AFA 
     226 0000018a 0525          .long     711263525     ; sin( 2*pi* 197/512 ) =   0.662415777590 in Q30
         0000018b 2A65 
     227 0000018c 9578          .long     701339000     ; sin( 2*pi* 198/512 ) =   0.653172842954 in Q30
         0000018d 29CD 
     228 0000018e 8937          .long     691308855     ; sin( 2*pi* 199/512 ) =   0.643831542890 in Q30
         0000018f 2934 
     229 00000190 E64A          .long     681174602     ; sin( 2*pi* 200/512 ) =   0.634393284164 in Q30
         00000191 2899 
     230 00000192 B2A7          .long     670937767     ; sin( 2*pi* 201/512 ) =   0.624859488142 in Q30
         00000193 27FD 
     231 00000194 F452          .long     660599890     ; sin( 2*pi* 202/512 ) =   0.615231590580 in Q30
         00000195 275F 
     232 00000196 B162          .long     650162530     ; sin( 2*pi* 203/512 ) =   0.605511041404 in Q30
         00000197 26C0 
     233 00000198 EFFA          .long     639627258     ; sin( 2*pi* 204/512 ) =   0.595699304492 in Q30
         00000199 261F 
     234 0000019a B64C          .long     628995660     ; sin( 2*pi* 205/512 ) =   0.585797857456 in Q30
         0000019b 257D 
TMS320C2000 Assembler PC v6.4.4 Tue Feb 14 14:42:47 2017

Tools Copyright (c) 1996-2015 Texas Instruments Incorporated
C:/Users/a0221343/Git/bootROM/f28004x_bootrom/F28004x_ROM_dev_PG2.0/F28004x_ROM/bootROM/source/tables/IQmathTables.asm PAGE    9

     235 0000019c 0A9A          .long     618269338     ; sin( 2*pi* 206/512 ) =   0.575808191418 in Q30
         0000019d 24DA 
     236 0000019e F332          .long     607449906     ; sin( 2*pi* 207/512 ) =   0.565731810783 in Q30
         0000019f 2434 
     237 000001a0 7673          .long     596538995     ; sin( 2*pi* 208/512 ) =   0.555570233019 in Q30
         000001a1 238E 
     238 000001a2 9AC8          .long     585538248     ; sin( 2*pi* 209/512 ) =   0.545324988422 in Q30
         000001a3 22E6 
     239 000001a4 66A8          .long     574449320     ; sin( 2*pi* 210/512 ) =   0.534997619887 in Q30
         000001a5 223D 
     240 000001a6 E09B          .long     563273883     ; sin( 2*pi* 211/512 ) =   0.524589682678 in Q30
         000001a7 2192 
     241 000001a8 0F32          .long     552013618     ; sin( 2*pi* 212/512 ) =   0.514102744193 in Q30
         000001a9 20E7 
     242 000001aa F90F          .long     540670223     ; sin( 2*pi* 213/512 ) =   0.503538383726 in Q30
         000001ab 2039 
     243 000001ac A4DC          .long     529245404     ; sin( 2*pi* 214/512 ) =   0.492898192230 in Q30
         000001ad 1F8B 
     244 000001ae 1953          .long     517740883     ; sin( 2*pi* 215/512 ) =   0.482183772079 in Q30
         000001af 1EDC 
     245 000001b0 5D38          .long     506158392     ; sin( 2*pi* 216/512 ) =   0.471396736826 in Q30
         000001b1 1E2B 
     246 000001b2 775C          .long     494499676     ; sin( 2*pi* 217/512 ) =   0.460538710958 in Q30
         000001b3 1D79 
     247 000001b4 6E99          .long     482766489     ; sin( 2*pi* 218/512 ) =   0.449611329654 in Q30
         000001b5 1CC6 
     248 000001b6 49D8          .long     470960600     ; sin( 2*pi* 219/512 ) =   0.438616238538 in Q30
         000001b7 1C12 
     249 000001b8 100A          .long     459083786     ; sin( 2*pi* 220/512 ) =   0.427555093430 in Q30
         000001b9 1B5D 
     250 000001ba C82B          .long     447137835     ; sin( 2*pi* 221/512 ) =   0.416429560097 in Q30
         000001bb 1AA6 
     251 000001bc 7944          .long     435124548     ; sin( 2*pi* 222/512 ) =   0.405241314005 in Q30
         000001bd 19EF 
     252 000001be 2A64          .long     423045732     ; sin( 2*pi* 223/512 ) =   0.393992040061 in Q30
         000001bf 1937 
     253 000001c0 E2A7          .long     410903207     ; sin( 2*pi* 224/512 ) =   0.382683432365 in Q30
         000001c1 187D 
     254 000001c2 A931          .long     398698801     ; sin( 2*pi* 225/512 ) =   0.371317193952 in Q30
         000001c3 17C3 
     255 000001c4 8531          .long     386434353     ; sin( 2*pi* 226/512 ) =   0.359895036535 in Q30
         000001c5 1708 
     256 000001c6 7DDD          .long     374111709     ; sin( 2*pi* 227/512 ) =   0.348418680249 in Q30
         000001c7 164C 
     257 000001c8 9A76          .long     361732726     ; sin( 2*pi* 228/512 ) =   0.336889853392 in Q30
         000001c9 158F 
     258 000001ca E242          .long     349299266     ; sin( 2*pi* 229/512 ) =   0.325310292162 in Q30
         000001cb 14D1 
     259 000001cc 5C94          .long     336813204     ; sin( 2*pi* 230/512 ) =   0.313681740399 in Q30
         000001cd 1413 
     260 000001ce 10C3          .long     324276419     ; sin( 2*pi* 231/512 ) =   0.302005949319 in Q30
         000001cf 1354 
     261 000001d0 062F          .long     311690799     ; sin( 2*pi* 232/512 ) =   0.290284677254 in Q30
         000001d1 1294 
     262 000001d2 443F          .long     299058239     ; sin( 2*pi* 233/512 ) =   0.278519689385 in Q30
TMS320C2000 Assembler PC v6.4.4 Tue Feb 14 14:42:47 2017

Tools Copyright (c) 1996-2015 Texas Instruments Incorporated
C:/Users/a0221343/Git/bootROM/f28004x_bootrom/F28004x_ROM_dev_PG2.0/F28004x_ROM/bootROM/source/tables/IQmathTables.asm PAGE   10

         000001d3 11D3 
     263 000001d4 D263          .long     286380643     ; sin( 2*pi* 234/512 ) =   0.266712757475 in Q30
         000001d5 1111 
     264 000001d6 B80E          .long     273659918     ; sin( 2*pi* 235/512 ) =   0.254865659604 in Q30
         000001d7 104F 
     265 000001d8 FCBE          .long     260897982     ; sin( 2*pi* 236/512 ) =   0.242980179903 in Q30
         000001d9 0F8C 
     266 000001da A7F3          .long     248096755     ; sin( 2*pi* 237/512 ) =   0.231058108280 in Q30
         000001db 0EC9 
     267 000001dc C135          .long     235258165     ; sin( 2*pi* 238/512 ) =   0.219101240157 in Q30
         000001dd 0E05 
     268 000001de 5013          .long     222384147     ; sin( 2*pi* 239/512 ) =   0.207111376192 in Q30
         000001df 0D41 
     269 000001e0 5C1E          .long     209476638     ; sin( 2*pi* 240/512 ) =   0.195090322016 in Q30
         000001e1 0C7C 
     270 000001e2 ECEF          .long     196537583     ; sin( 2*pi* 241/512 ) =   0.183039887955 in Q30
         000001e3 0BB6 
     271 000001e4 0A22          .long     183568930     ; sin( 2*pi* 242/512 ) =   0.170961888760 in Q30
         000001e5 0AF1 
     272 000001e6 BB59          .long     170572633     ; sin( 2*pi* 243/512 ) =   0.158858143334 in Q30
         000001e7 0A2A 
     273 000001e8 0837          .long     157550647     ; sin( 2*pi* 244/512 ) =   0.146730474455 in Q30
         000001e9 0964 
     274 000001ea F867          .long     144504935     ; sin( 2*pi* 245/512 ) =   0.134580708507 in Q30
         000001eb 089C 
     275 000001ec 9396          .long     131437462     ; sin( 2*pi* 246/512 ) =   0.122410675199 in Q30
         000001ed 07D5 
     276 000001ee E172          .long     118350194     ; sin( 2*pi* 247/512 ) =   0.110222207294 in Q30
         000001ef 070D 
     277 000001f0 E9AF          .long     105245103     ; sin( 2*pi* 248/512 ) =   0.098017140329 in Q30
         000001f1 0645 
     278 000001f2 B403          .long      92124163     ; sin( 2*pi* 249/512 ) =   0.085797312344 in Q30
         000001f3 057D 
     279 000001f4 4825          .long      78989349     ; sin( 2*pi* 250/512 ) =   0.073564563599 in Q30
         000001f5 04B5 
     280 000001f6 ADCF          .long      65842639     ; sin( 2*pi* 251/512 ) =   0.061320736302 in Q30
         000001f7 03EC 
     281 000001f8 ECBE          .long      52686014     ; sin( 2*pi* 252/512 ) =   0.049067674327 in Q30
         000001f9 0323 
     282 000001fa 0CAF          .long      39521455     ; sin( 2*pi* 253/512 ) =   0.036807222941 in Q30
         000001fb 025B 
     283 000001fc 155F          .long      26350943     ; sin( 2*pi* 254/512 ) =   0.024541228523 in Q30
         000001fd 0192 
     284 000001fe 0E90          .long      13176464     ; sin( 2*pi* 255/512 ) =   0.012271538286 in Q30
         000001ff 00C9 
     285 00000200 0000          .long             0     ; sin( 2*pi* 256/512 ) =  -0.000000000000 in Q30
         00000201 0000 
     286 00000202 F170          .long     -13176464     ; sin( 2*pi* 257/512 ) =  -0.012271538286 in Q30
         00000203 FF36 
     287 00000204 EAA1          .long     -26350943     ; sin( 2*pi* 258/512 ) =  -0.024541228523 in Q30
         00000205 FE6D 
     288 00000206 F351          .long     -39521455     ; sin( 2*pi* 259/512 ) =  -0.036807222942 in Q30
         00000207 FDA4 
     289 00000208 1342          .long     -52686014     ; sin( 2*pi* 260/512 ) =  -0.049067674328 in Q30
         00000209 FCDC 
TMS320C2000 Assembler PC v6.4.4 Tue Feb 14 14:42:47 2017

Tools Copyright (c) 1996-2015 Texas Instruments Incorporated
C:/Users/a0221343/Git/bootROM/f28004x_bootrom/F28004x_ROM_dev_PG2.0/F28004x_ROM/bootROM/source/tables/IQmathTables.asm PAGE   11

     290 0000020a 5231          .long     -65842639     ; sin( 2*pi* 261/512 ) =  -0.061320736302 in Q30
         0000020b FC13 
     291 0000020c B7DB          .long     -78989349     ; sin( 2*pi* 262/512 ) =  -0.073564563600 in Q30
         0000020d FB4A 
     292 0000020e 4BFD          .long     -92124163     ; sin( 2*pi* 263/512 ) =  -0.085797312345 in Q30
         0000020f FA82 
     293 00000210 1651          .long    -105245103     ; sin( 2*pi* 264/512 ) =  -0.098017140330 in Q30
         00000211 F9BA 
     294 00000212 1E8E          .long    -118350194     ; sin( 2*pi* 265/512 ) =  -0.110222207294 in Q30
         00000213 F8F2 
     295 00000214 6C6A          .long    -131437462     ; sin( 2*pi* 266/512 ) =  -0.122410675199 in Q30
         00000215 F82A 
     296 00000216 0799          .long    -144504935     ; sin( 2*pi* 267/512 ) =  -0.134580708507 in Q30
         00000217 F763 
     297 00000218 F7C9          .long    -157550647     ; sin( 2*pi* 268/512 ) =  -0.146730474456 in Q30
         00000219 F69B 
     298 0000021a 44A7          .long    -170572633     ; sin( 2*pi* 269/512 ) =  -0.158858143334 in Q30
         0000021b F5D5 
     299 0000021c F5DE          .long    -183568930     ; sin( 2*pi* 270/512 ) =  -0.170961888761 in Q30
         0000021d F50E 
     300 0000021e 1311          .long    -196537583     ; sin( 2*pi* 271/512 ) =  -0.183039887955 in Q30
         0000021f F449 
     301 00000220 A3E2          .long    -209476638     ; sin( 2*pi* 272/512 ) =  -0.195090322016 in Q30
         00000221 F383 
     302 00000222 AFED          .long    -222384147     ; sin( 2*pi* 273/512 ) =  -0.207111376192 in Q30
         00000223 F2BE 
     303 00000224 3ECB          .long    -235258165     ; sin( 2*pi* 274/512 ) =  -0.219101240157 in Q30
         00000225 F1FA 
     304 00000226 580D          .long    -248096755     ; sin( 2*pi* 275/512 ) =  -0.231058108281 in Q30
         00000227 F136 
     305 00000228 0342          .long    -260897982     ; sin( 2*pi* 276/512 ) =  -0.242980179903 in Q30
         00000229 F073 
     306 0000022a 47F2          .long    -273659918     ; sin( 2*pi* 277/512 ) =  -0.254865659605 in Q30
         0000022b EFB0 
     307 0000022c 2D9D          .long    -286380643     ; sin( 2*pi* 278/512 ) =  -0.266712757475 in Q30
         0000022d EEEE 
     308 0000022e BBC1          .long    -299058239     ; sin( 2*pi* 279/512 ) =  -0.278519689385 in Q30
         0000022f EE2C 
     309 00000230 F9D1          .long    -311690799     ; sin( 2*pi* 280/512 ) =  -0.290284677255 in Q30
         00000231 ED6B 
     310 00000232 EF3D          .long    -324276419     ; sin( 2*pi* 281/512 ) =  -0.302005949319 in Q30
         00000233 ECAB 
     311 00000234 A36C          .long    -336813204     ; sin( 2*pi* 282/512 ) =  -0.313681740399 in Q30
         00000235 EBEC 
     312 00000236 1DBE          .long    -349299266     ; sin( 2*pi* 283/512 ) =  -0.325310292162 in Q30
         00000237 EB2E 
     313 00000238 658A          .long    -361732726     ; sin( 2*pi* 284/512 ) =  -0.336889853392 in Q30
         00000239 EA70 
     314 0000023a 8223          .long    -374111709     ; sin( 2*pi* 285/512 ) =  -0.348418680250 in Q30
         0000023b E9B3 
     315 0000023c 7ACF          .long    -386434353     ; sin( 2*pi* 286/512 ) =  -0.359895036535 in Q30
         0000023d E8F7 
     316 0000023e 56CF          .long    -398698801     ; sin( 2*pi* 287/512 ) =  -0.371317193952 in Q30
         0000023f E83C 
     317 00000240 1D59          .long    -410903207     ; sin( 2*pi* 288/512 ) =  -0.382683432365 in Q30
TMS320C2000 Assembler PC v6.4.4 Tue Feb 14 14:42:47 2017

Tools Copyright (c) 1996-2015 Texas Instruments Incorporated
C:/Users/a0221343/Git/bootROM/f28004x_bootrom/F28004x_ROM_dev_PG2.0/F28004x_ROM/bootROM/source/tables/IQmathTables.asm PAGE   12

         00000241 E782 
     318 00000242 D59C          .long    -423045732     ; sin( 2*pi* 289/512 ) =  -0.393992040061 in Q30
         00000243 E6C8 
     319 00000244 86BC          .long    -435124548     ; sin( 2*pi* 290/512 ) =  -0.405241314005 in Q30
         00000245 E610 
     320 00000246 37D5          .long    -447137835     ; sin( 2*pi* 291/512 ) =  -0.416429560098 in Q30
         00000247 E559 
     321 00000248 EFF6          .long    -459083786     ; sin( 2*pi* 292/512 ) =  -0.427555093430 in Q30
         00000249 E4A2 
     322 0000024a B628          .long    -470960600     ; sin( 2*pi* 293/512 ) =  -0.438616238539 in Q30
         0000024b E3ED 
     323 0000024c 9167          .long    -482766489     ; sin( 2*pi* 294/512 ) =  -0.449611329655 in Q30
         0000024d E339 
     324 0000024e 88A4          .long    -494499676     ; sin( 2*pi* 295/512 ) =  -0.460538710958 in Q30
         0000024f E286 
     325 00000250 A2C8          .long    -506158392     ; sin( 2*pi* 296/512 ) =  -0.471396736826 in Q30
         00000251 E1D4 
     326 00000252 E6AD          .long    -517740883     ; sin( 2*pi* 297/512 ) =  -0.482183772079 in Q30
         00000253 E123 
     327 00000254 5B24          .long    -529245404     ; sin( 2*pi* 298/512 ) =  -0.492898192230 in Q30
         00000255 E074 
     328 00000256 06F1          .long    -540670223     ; sin( 2*pi* 299/512 ) =  -0.503538383726 in Q30
         00000257 DFC6 
     329 00000258 F0CE          .long    -552013618     ; sin( 2*pi* 300/512 ) =  -0.514102744193 in Q30
         00000259 DF18 
     330 0000025a 1F65          .long    -563273883     ; sin( 2*pi* 301/512 ) =  -0.524589682679 in Q30
         0000025b DE6D 
     331 0000025c 9958          .long    -574449320     ; sin( 2*pi* 302/512 ) =  -0.534997619887 in Q30
         0000025d DDC2 
     332 0000025e 6538          .long    -585538248     ; sin( 2*pi* 303/512 ) =  -0.545324988422 in Q30
         0000025f DD19 
     333 00000260 898D          .long    -596538995     ; sin( 2*pi* 304/512 ) =  -0.555570233020 in Q30
         00000261 DC71 
     334 00000262 0CCE          .long    -607449906     ; sin( 2*pi* 305/512 ) =  -0.565731810784 in Q30
         00000263 DBCB 
     335 00000264 F566          .long    -618269338     ; sin( 2*pi* 306/512 ) =  -0.575808191418 in Q30
         00000265 DB25 
     336 00000266 49B4          .long    -628995660     ; sin( 2*pi* 307/512 ) =  -0.585797857457 in Q30
         00000267 DA82 
     337 00000268 1006          .long    -639627258     ; sin( 2*pi* 308/512 ) =  -0.595699304493 in Q30
         00000269 D9E0 
     338 0000026a 4E9E          .long    -650162530     ; sin( 2*pi* 309/512 ) =  -0.605511041405 in Q30
         0000026b D93F 
     339 0000026c 0BAE          .long    -660599890     ; sin( 2*pi* 310/512 ) =  -0.615231590581 in Q30
         0000026d D8A0 
     340 0000026e 4D59          .long    -670937767     ; sin( 2*pi* 311/512 ) =  -0.624859488143 in Q30
         0000026f D802 
     341 00000270 19B6          .long    -681174602     ; sin( 2*pi* 312/512 ) =  -0.634393284164 in Q30
         00000271 D766 
     342 00000272 76C9          .long    -691308855     ; sin( 2*pi* 313/512 ) =  -0.643831542890 in Q30
         00000273 D6CB 
     343 00000274 6A88          .long    -701339000     ; sin( 2*pi* 314/512 ) =  -0.653172842954 in Q30
         00000275 D632 
     344 00000276 FADB          .long    -711263525     ; sin( 2*pi* 315/512 ) =  -0.662415777590 in Q30
         00000277 D59A 
TMS320C2000 Assembler PC v6.4.4 Tue Feb 14 14:42:47 2017

Tools Copyright (c) 1996-2015 Texas Instruments Incorporated
C:/Users/a0221343/Git/bootROM/f28004x_bootrom/F28004x_ROM_dev_PG2.0/F28004x_ROM/bootROM/source/tables/IQmathTables.asm PAGE   13

     345 00000278 2D97          .long    -721080937     ; sin( 2*pi* 316/512 ) =  -0.671558954847 in Q30
         00000279 D505 
     346 0000027a 0883          .long    -730789757     ; sin( 2*pi* 317/512 ) =  -0.680600997796 in Q30
         0000027b D471 
     347 0000027c 9156          .long    -740388522     ; sin( 2*pi* 318/512 ) =  -0.689540544737 in Q30
         0000027d D3DE 
     348 0000027e CDB4          .long    -749875788     ; sin( 2*pi* 319/512 ) =  -0.698376249409 in Q30
         0000027f D34D 
     349 00000280 C333          .long    -759250125     ; sin( 2*pi* 320/512 ) =  -0.707106781187 in Q30
         00000281 D2BE 
     350 00000282 7756          .long    -768510122     ; sin( 2*pi* 321/512 ) =  -0.715730825284 in Q30
         00000283 D231 
     351 00000284 EF90          .long    -777654384     ; sin( 2*pi* 322/512 ) =  -0.724247082952 in Q30
         00000285 D1A5 
     352 00000286 3142          .long    -786681534     ; sin( 2*pi* 323/512 ) =  -0.732654271673 in Q30
         00000287 D11C 
     353 00000288 41BB          .long    -795590213     ; sin( 2*pi* 324/512 ) =  -0.740951125355 in Q30
         00000289 D094 
     354 0000028a 2639          .long    -804379079     ; sin( 2*pi* 325/512 ) =  -0.749136394524 in Q30
         0000028b D00E 
     355 0000028c E3E8          .long    -813046808     ; sin( 2*pi* 326/512 ) =  -0.757208846507 in Q30
         0000028d CF89 
     356 0000028e 7FE1          .long    -821592095     ; sin( 2*pi* 327/512 ) =  -0.765167265623 in Q30
         0000028f CF07 
     357 00000290 FF2A          .long    -830013654     ; sin( 2*pi* 328/512 ) =  -0.773010453363 in Q30
         00000291 CE86 
     358 00000292 66B8          .long    -838310216     ; sin( 2*pi* 329/512 ) =  -0.780737228572 in Q30
         00000293 CE08 
     359 00000294 BB6D          .long    -846480531     ; sin( 2*pi* 330/512 ) =  -0.788346427627 in Q30
         00000295 CD8B 
     360 00000296 0216          .long    -854523370     ; sin( 2*pi* 331/512 ) =  -0.795836904609 in Q30
         00000297 CD11 
     361 00000298 3F70          .long    -862437520     ; sin( 2*pi* 332/512 ) =  -0.803207531481 in Q30
         00000299 CC98 
     362 0000029a 7822          .long    -870221790     ; sin( 2*pi* 333/512 ) =  -0.810457198253 in Q30
         0000029b CC21 
     363 0000029c B0BF          .long    -877875009     ; sin( 2*pi* 334/512 ) =  -0.817584813152 in Q30
         0000029d CBAC 
     364 0000029e EDCA          .long    -885396022     ; sin( 2*pi* 335/512 ) =  -0.824589302785 in Q30
         0000029f CB39 
     365 000002a0 33AE          .long    -892783698     ; sin( 2*pi* 336/512 ) =  -0.831469612303 in Q30
         000002a1 CAC9 
     366 000002a2 86C4          .long    -900036924     ; sin( 2*pi* 337/512 ) =  -0.838224705555 in Q30
         000002a3 CA5A 
     367 000002a4 EB50          .long    -907154608     ; sin( 2*pi* 338/512 ) =  -0.844853565250 in Q30
         000002a5 C9ED 
     368 000002a6 6582          .long    -914135678     ; sin( 2*pi* 339/512 ) =  -0.851355193105 in Q30
         000002a7 C983 
     369 000002a8 F976          .long    -920979082     ; sin( 2*pi* 340/512 ) =  -0.857728610000 in Q30
         000002a9 C91A 
     370 000002aa AB32          .long    -927683790     ; sin( 2*pi* 341/512 ) =  -0.863972856122 in Q30
         000002ab C8B4 
     371 000002ac 7EA7          .long    -934248793     ; sin( 2*pi* 342/512 ) =  -0.870086991109 in Q30
         000002ad C850 
     372 000002ae 77B3          .long    -940673101     ; sin( 2*pi* 343/512 ) =  -0.876070094196 in Q30
TMS320C2000 Assembler PC v6.4.4 Tue Feb 14 14:42:47 2017

Tools Copyright (c) 1996-2015 Texas Instruments Incorporated
C:/Users/a0221343/Git/bootROM/f28004x_bootrom/F28004x_ROM_dev_PG2.0/F28004x_ROM/bootROM/source/tables/IQmathTables.asm PAGE   14

         000002af C7EE 
     373 000002b0 9A1D          .long    -946955747     ; sin( 2*pi* 344/512 ) =  -0.881921264348 in Q30
         000002b1 C78E 
     374 000002b2 E997          .long    -953095785     ; sin( 2*pi* 345/512 ) =  -0.887639620403 in Q30
         000002b3 C730 
     375 000002b4 69BE          .long    -959092290     ; sin( 2*pi* 346/512 ) =  -0.893224301196 in Q30
         000002b5 C6D5 
     376 000002b6 1E18          .long    -964944360     ; sin( 2*pi* 347/512 ) =  -0.898674465694 in Q30
         000002b7 C67C 
     377 000002b8 0A18          .long    -970651112     ; sin( 2*pi* 348/512 ) =  -0.903989293124 in Q30
         000002b9 C625 
     378 000002ba 3118          .long    -976211688     ; sin( 2*pi* 349/512 ) =  -0.909167983091 in Q30
         000002bb C5D0 
     379 000002bc 965D          .long    -981625251     ; sin( 2*pi* 350/512 ) =  -0.914209755704 in Q30
         000002bd C57D 
     380 000002be 3D18          .long    -986890984     ; sin( 2*pi* 351/512 ) =  -0.919113851690 in Q30
         000002bf C52D 
     381 000002c0 2862          .long    -992008094     ; sin( 2*pi* 352/512 ) =  -0.923879532511 in Q30
         000002c1 C4DF 
     382 000002c2 5B3C          .long    -996975812     ; sin( 2*pi* 353/512 ) =  -0.928506080473 in Q30
         000002c3 C493 
     383 000002c4 D892          .long   -1001793390     ; sin( 2*pi* 354/512 ) =  -0.932992798835 in Q30
         000002c5 C449 
     384 000002c6 A33C          .long   -1006460100     ; sin( 2*pi* 355/512 ) =  -0.937339011913 in Q30
         000002c7 C402 
     385 000002c8 BDF6          .long   -1010975242     ; sin( 2*pi* 356/512 ) =  -0.941544065183 in Q30
         000002c9 C3BD 
     386 000002ca 2B6A          .long   -1015338134     ; sin( 2*pi* 357/512 ) =  -0.945607325381 in Q30
         000002cb C37B 
     387 000002cc EE27          .long   -1019548121     ; sin( 2*pi* 358/512 ) =  -0.949528180593 in Q30
         000002cd C33A 
     388 000002ce 08A9          .long   -1023604567     ; sin( 2*pi* 359/512 ) =  -0.953306040354 in Q30
         000002cf C2FD 
     389 000002d0 7D52          .long   -1027506862     ; sin( 2*pi* 360/512 ) =  -0.956940335732 in Q30
         000002d1 C2C1 
     390 000002d2 4E6E          .long   -1031254418     ; sin( 2*pi* 361/512 ) =  -0.960430519416 in Q30
         000002d3 C288 
     391 000002d4 7E31          .long   -1034846671     ; sin( 2*pi* 362/512 ) =  -0.963776065796 in Q30
         000002d5 C251 
     392 000002d6 0EB8          .long   -1038283080     ; sin( 2*pi* 363/512 ) =  -0.966976471045 in Q30
         000002d7 C21D 
     393 000002d8 0209          .long   -1041563127     ; sin( 2*pi* 364/512 ) =  -0.970031253195 in Q30
         000002d9 C1EB 
     394 000002da 5A11          .long   -1044686319     ; sin( 2*pi* 365/512 ) =  -0.972939952206 in Q30
         000002db C1BB 
     395 000002dc 18A7          .long   -1047652185     ; sin( 2*pi* 366/512 ) =  -0.975702130039 in Q30
         000002dd C18E 
     396 000002de 3F8A          .long   -1050460278     ; sin( 2*pi* 367/512 ) =  -0.978317370720 in Q30
         000002df C163 
     397 000002e0 D060          .long   -1053110176     ; sin( 2*pi* 368/512 ) =  -0.980785280403 in Q30
         000002e1 C13A 
     398 000002e2 CCB9          .long   -1055601479     ; sin( 2*pi* 369/512 ) =  -0.983105487431 in Q30
         000002e3 C114 
     399 000002e4 360B          .long   -1057933813     ; sin( 2*pi* 370/512 ) =  -0.985277642389 in Q30
         000002e5 C0F1 
TMS320C2000 Assembler PC v6.4.4 Tue Feb 14 14:42:47 2017

Tools Copyright (c) 1996-2015 Texas Instruments Incorporated
C:/Users/a0221343/Git/bootROM/f28004x_bootrom/F28004x_ROM_dev_PG2.0/F28004x_ROM/bootROM/source/tables/IQmathTables.asm PAGE   15

     400 000002e6 0DB6          .long   -1060106826     ; sin( 2*pi* 371/512 ) =  -0.987301418158 in Q30
         000002e7 C0D0 
     401 000002e8 5502          .long   -1062120190     ; sin( 2*pi* 372/512 ) =  -0.989176509965 in Q30
         000002e9 C0B1 
     402 000002ea 0D1D          .long   -1063973603     ; sin( 2*pi* 373/512 ) =  -0.990902635428 in Q30
         000002eb C095 
     403 000002ec 371E          .long   -1065666786     ; sin( 2*pi* 374/512 ) =  -0.992479534599 in Q30
         000002ed C07B 
     404 000002ee D405          .long   -1067199483     ; sin( 2*pi* 375/512 ) =  -0.993906970002 in Q30
         000002ef C063 
     405 000002f0 E4B8          .long   -1068571464     ; sin( 2*pi* 376/512 ) =  -0.995184726672 in Q30
         000002f1 C04E 
     406 000002f2 6A07          .long   -1069782521     ; sin( 2*pi* 377/512 ) =  -0.996312612183 in Q30
         000002f3 C03C 
     407 000002f4 64A6          .long   -1070832474     ; sin( 2*pi* 378/512 ) =  -0.997290456679 in Q30
         000002f5 C02C 
     408 000002f6 D535          .long   -1071721163     ; sin( 2*pi* 379/512 ) =  -0.998118112900 in Q30
         000002f7 C01E 
     409 000002f8 BC39          .long   -1072448455     ; sin( 2*pi* 380/512 ) =  -0.998795456205 in Q30
         000002f9 C013 
     410 000002fa 1A20          .long   -1073014240     ; sin( 2*pi* 381/512 ) =  -0.999322384588 in Q30
         000002fb C00B 
     411 000002fc EF3F          .long   -1073418433     ; sin( 2*pi* 382/512 ) =  -0.999698818696 in Q30
         000002fd C004 
     412 000002fe 3BD3          .long   -1073660973     ; sin( 2*pi* 383/512 ) =  -0.999924701839 in Q30
         000002ff C001 
     413 00000300 0000          .long   -1073741824     ; sin( 2*pi* 384/512 ) =  -1.000000000000 in Q30
         00000301 C000 
     414 00000302 3BD3          .long   -1073660973     ; sin( 2*pi* 385/512 ) =  -0.999924701839 in Q30
         00000303 C001 
     415 00000304 EF3F          .long   -1073418433     ; sin( 2*pi* 386/512 ) =  -0.999698818696 in Q30
         00000305 C004 
     416 00000306 1A20          .long   -1073014240     ; sin( 2*pi* 387/512 ) =  -0.999322384588 in Q30
         00000307 C00B 
     417 00000308 BC39          .long   -1072448455     ; sin( 2*pi* 388/512 ) =  -0.998795456205 in Q30
         00000309 C013 
     418 0000030a D535          .long   -1071721163     ; sin( 2*pi* 389/512 ) =  -0.998118112900 in Q30
         0000030b C01E 
     419 0000030c 64A6          .long   -1070832474     ; sin( 2*pi* 390/512 ) =  -0.997290456679 in Q30
         0000030d C02C 
     420 0000030e 6A07          .long   -1069782521     ; sin( 2*pi* 391/512 ) =  -0.996312612183 in Q30
         0000030f C03C 
     421 00000310 E4B8          .long   -1068571464     ; sin( 2*pi* 392/512 ) =  -0.995184726672 in Q30
         00000311 C04E 
     422 00000312 D405          .long   -1067199483     ; sin( 2*pi* 393/512 ) =  -0.993906970002 in Q30
         00000313 C063 
     423 00000314 371E          .long   -1065666786     ; sin( 2*pi* 394/512 ) =  -0.992479534599 in Q30
         00000315 C07B 
     424 00000316 0D1D          .long   -1063973603     ; sin( 2*pi* 395/512 ) =  -0.990902635428 in Q30
         00000317 C095 
     425 00000318 5502          .long   -1062120190     ; sin( 2*pi* 396/512 ) =  -0.989176509965 in Q30
         00000319 C0B1 
     426 0000031a 0DB6          .long   -1060106826     ; sin( 2*pi* 397/512 ) =  -0.987301418158 in Q30
         0000031b C0D0 
     427 0000031c 360B          .long   -1057933813     ; sin( 2*pi* 398/512 ) =  -0.985277642389 in Q30
TMS320C2000 Assembler PC v6.4.4 Tue Feb 14 14:42:47 2017

Tools Copyright (c) 1996-2015 Texas Instruments Incorporated
C:/Users/a0221343/Git/bootROM/f28004x_bootrom/F28004x_ROM_dev_PG2.0/F28004x_ROM/bootROM/source/tables/IQmathTables.asm PAGE   16

         0000031d C0F1 
     428 0000031e CCB9          .long   -1055601479     ; sin( 2*pi* 399/512 ) =  -0.983105487431 in Q30
         0000031f C114 
     429 00000320 D060          .long   -1053110176     ; sin( 2*pi* 400/512 ) =  -0.980785280403 in Q30
         00000321 C13A 
     430 00000322 3F8A          .long   -1050460278     ; sin( 2*pi* 401/512 ) =  -0.978317370720 in Q30
         00000323 C163 
     431 00000324 18A7          .long   -1047652185     ; sin( 2*pi* 402/512 ) =  -0.975702130038 in Q30
         00000325 C18E 
     432 00000326 5A11          .long   -1044686319     ; sin( 2*pi* 403/512 ) =  -0.972939952205 in Q30
         00000327 C1BB 
     433 00000328 0209          .long   -1041563127     ; sin( 2*pi* 404/512 ) =  -0.970031253194 in Q30
         00000329 C1EB 
     434 0000032a 0EB8          .long   -1038283080     ; sin( 2*pi* 405/512 ) =  -0.966976471045 in Q30
         0000032b C21D 
     435 0000032c 7E31          .long   -1034846671     ; sin( 2*pi* 406/512 ) =  -0.963776065795 in Q30
         0000032d C251 
     436 0000032e 4E6E          .long   -1031254418     ; sin( 2*pi* 407/512 ) =  -0.960430519415 in Q30
         0000032f C288 
     437 00000330 7D52          .long   -1027506862     ; sin( 2*pi* 408/512 ) =  -0.956940335732 in Q30
         00000331 C2C1 
     438 00000332 08A9          .long   -1023604567     ; sin( 2*pi* 409/512 ) =  -0.953306040354 in Q30
         00000333 C2FD 
     439 00000334 EE27          .long   -1019548121     ; sin( 2*pi* 410/512 ) =  -0.949528180593 in Q30
         00000335 C33A 
     440 00000336 2B6A          .long   -1015338134     ; sin( 2*pi* 411/512 ) =  -0.945607325380 in Q30
         00000337 C37B 
     441 00000338 BDF6          .long   -1010975242     ; sin( 2*pi* 412/512 ) =  -0.941544065183 in Q30
         00000339 C3BD 
     442 0000033a A33C          .long   -1006460100     ; sin( 2*pi* 413/512 ) =  -0.937339011912 in Q30
         0000033b C402 
     443 0000033c D892          .long   -1001793390     ; sin( 2*pi* 414/512 ) =  -0.932992798835 in Q30
         0000033d C449 
     444 0000033e 5B3C          .long    -996975812     ; sin( 2*pi* 415/512 ) =  -0.928506080473 in Q30
         0000033f C493 
     445 00000340 2862          .long    -992008094     ; sin( 2*pi* 416/512 ) =  -0.923879532511 in Q30
         00000341 C4DF 
     446 00000342 3D18          .long    -986890984     ; sin( 2*pi* 417/512 ) =  -0.919113851690 in Q30
         00000343 C52D 
     447 00000344 965D          .long    -981625251     ; sin( 2*pi* 418/512 ) =  -0.914209755703 in Q30
         00000345 C57D 
     448 00000346 3118          .long    -976211688     ; sin( 2*pi* 419/512 ) =  -0.909167983090 in Q30
         00000347 C5D0 
     449 00000348 0A18          .long    -970651112     ; sin( 2*pi* 420/512 ) =  -0.903989293123 in Q30
         00000349 C625 
     450 0000034a 1E18          .long    -964944360     ; sin( 2*pi* 421/512 ) =  -0.898674465694 in Q30
         0000034b C67C 
     451 0000034c 69BE          .long    -959092290     ; sin( 2*pi* 422/512 ) =  -0.893224301195 in Q30
         0000034d C6D5 
     452 0000034e E997          .long    -953095785     ; sin( 2*pi* 423/512 ) =  -0.887639620403 in Q30
         0000034f C730 
     453 00000350 9A1D          .long    -946955747     ; sin( 2*pi* 424/512 ) =  -0.881921264348 in Q30
         00000351 C78E 
     454 00000352 77B3          .long    -940673101     ; sin( 2*pi* 425/512 ) =  -0.876070094195 in Q30
         00000353 C7EE 
TMS320C2000 Assembler PC v6.4.4 Tue Feb 14 14:42:47 2017

Tools Copyright (c) 1996-2015 Texas Instruments Incorporated
C:/Users/a0221343/Git/bootROM/f28004x_bootrom/F28004x_ROM_dev_PG2.0/F28004x_ROM/bootROM/source/tables/IQmathTables.asm PAGE   17

     455 00000354 7EA7          .long    -934248793     ; sin( 2*pi* 426/512 ) =  -0.870086991109 in Q30
         00000355 C850 
     456 00000356 AB32          .long    -927683790     ; sin( 2*pi* 427/512 ) =  -0.863972856121 in Q30
         00000357 C8B4 
     457 00000358 F976          .long    -920979082     ; sin( 2*pi* 428/512 ) =  -0.857728610000 in Q30
         00000359 C91A 
     458 0000035a 6582          .long    -914135678     ; sin( 2*pi* 429/512 ) =  -0.851355193105 in Q30
         0000035b C983 
     459 0000035c EB50          .long    -907154608     ; sin( 2*pi* 430/512 ) =  -0.844853565250 in Q30
         0000035d C9ED 
     460 0000035e 86C4          .long    -900036924     ; sin( 2*pi* 431/512 ) =  -0.838224705555 in Q30
         0000035f CA5A 
     461 00000360 33AE          .long    -892783698     ; sin( 2*pi* 432/512 ) =  -0.831469612302 in Q30
         00000361 CAC9 
     462 00000362 EDCA          .long    -885396022     ; sin( 2*pi* 433/512 ) =  -0.824589302785 in Q30
         00000363 CB39 
     463 00000364 B0BF          .long    -877875009     ; sin( 2*pi* 434/512 ) =  -0.817584813151 in Q30
         00000365 CBAC 
     464 00000366 7822          .long    -870221790     ; sin( 2*pi* 435/512 ) =  -0.810457198252 in Q30
         00000367 CC21 
     465 00000368 3F70          .long    -862437520     ; sin( 2*pi* 436/512 ) =  -0.803207531480 in Q30
         00000369 CC98 
     466 0000036a 0216          .long    -854523370     ; sin( 2*pi* 437/512 ) =  -0.795836904609 in Q30
         0000036b CD11 
     467 0000036c BB6D          .long    -846480531     ; sin( 2*pi* 438/512 ) =  -0.788346427626 in Q30
         0000036d CD8B 
     468 0000036e 66B8          .long    -838310216     ; sin( 2*pi* 439/512 ) =  -0.780737228572 in Q30
         0000036f CE08 
     469 00000370 FF2A          .long    -830013654     ; sin( 2*pi* 440/512 ) =  -0.773010453363 in Q30
         00000371 CE86 
     470 00000372 7FE1          .long    -821592095     ; sin( 2*pi* 441/512 ) =  -0.765167265622 in Q30
         00000373 CF07 
     471 00000374 E3E8          .long    -813046808     ; sin( 2*pi* 442/512 ) =  -0.757208846506 in Q30
         00000375 CF89 
     472 00000376 2639          .long    -804379079     ; sin( 2*pi* 443/512 ) =  -0.749136394523 in Q30
         00000377 D00E 
     473 00000378 41BB          .long    -795590213     ; sin( 2*pi* 444/512 ) =  -0.740951125355 in Q30
         00000379 D094 
     474 0000037a 3142          .long    -786681534     ; sin( 2*pi* 445/512 ) =  -0.732654271672 in Q30
         0000037b D11C 
     475 0000037c EF90          .long    -777654384     ; sin( 2*pi* 446/512 ) =  -0.724247082951 in Q30
         0000037d D1A5 
     476 0000037e 7756          .long    -768510122     ; sin( 2*pi* 447/512 ) =  -0.715730825284 in Q30
         0000037f D231 
     477 00000380 C333          .long    -759250125     ; sin( 2*pi* 448/512 ) =  -0.707106781186 in Q30
         00000381 D2BE 
     478 00000382 CDB4          .long    -749875788     ; sin( 2*pi* 449/512 ) =  -0.698376249409 in Q30
         00000383 D34D 
     479 00000384 9156          .long    -740388522     ; sin( 2*pi* 450/512 ) =  -0.689540544737 in Q30
         00000385 D3DE 
     480 00000386 0883          .long    -730789757     ; sin( 2*pi* 451/512 ) =  -0.680600997795 in Q30
         00000387 D471 
     481 00000388 2D97          .long    -721080937     ; sin( 2*pi* 452/512 ) =  -0.671558954847 in Q30
         00000389 D505 
     482 0000038a FADB          .long    -711263525     ; sin( 2*pi* 453/512 ) =  -0.662415777590 in Q30
TMS320C2000 Assembler PC v6.4.4 Tue Feb 14 14:42:47 2017

Tools Copyright (c) 1996-2015 Texas Instruments Incorporated
C:/Users/a0221343/Git/bootROM/f28004x_bootrom/F28004x_ROM_dev_PG2.0/F28004x_ROM/bootROM/source/tables/IQmathTables.asm PAGE   18

         0000038b D59A 
     483 0000038c 6A88          .long    -701339000     ; sin( 2*pi* 454/512 ) =  -0.653172842953 in Q30
         0000038d D632 
     484 0000038e 76C9          .long    -691308855     ; sin( 2*pi* 455/512 ) =  -0.643831542890 in Q30
         0000038f D6CB 
     485 00000390 19B6          .long    -681174602     ; sin( 2*pi* 456/512 ) =  -0.634393284163 in Q30
         00000391 D766 
     486 00000392 4D59          .long    -670937767     ; sin( 2*pi* 457/512 ) =  -0.624859488142 in Q30
         00000393 D802 
     487 00000394 0BAE          .long    -660599890     ; sin( 2*pi* 458/512 ) =  -0.615231590580 in Q30
         00000395 D8A0 
     488 00000396 4E9E          .long    -650162530     ; sin( 2*pi* 459/512 ) =  -0.605511041404 in Q30
         00000397 D93F 
     489 00000398 1006          .long    -639627258     ; sin( 2*pi* 460/512 ) =  -0.595699304492 in Q30
         00000399 D9E0 
     490 0000039a 49B4          .long    -628995660     ; sin( 2*pi* 461/512 ) =  -0.585797857456 in Q30
         0000039b DA82 
     491 0000039c F566          .long    -618269338     ; sin( 2*pi* 462/512 ) =  -0.575808191418 in Q30
         0000039d DB25 
     492 0000039e 0CCE          .long    -607449906     ; sin( 2*pi* 463/512 ) =  -0.565731810783 in Q30
         0000039f DBCB 
     493 000003a0 898D          .long    -596538995     ; sin( 2*pi* 464/512 ) =  -0.555570233019 in Q30
         000003a1 DC71 
     494 000003a2 6538          .long    -585538248     ; sin( 2*pi* 465/512 ) =  -0.545324988422 in Q30
         000003a3 DD19 
     495 000003a4 9958          .long    -574449320     ; sin( 2*pi* 466/512 ) =  -0.534997619887 in Q30
         000003a5 DDC2 
     496 000003a6 1F65          .long    -563273883     ; sin( 2*pi* 467/512 ) =  -0.524589682678 in Q30
         000003a7 DE6D 
     497 000003a8 F0CE          .long    -552013618     ; sin( 2*pi* 468/512 ) =  -0.514102744193 in Q30
         000003a9 DF18 
     498 000003aa 06F1          .long    -540670223     ; sin( 2*pi* 469/512 ) =  -0.503538383725 in Q30
         000003ab DFC6 
     499 000003ac 5B24          .long    -529245404     ; sin( 2*pi* 470/512 ) =  -0.492898192229 in Q30
         000003ad E074 
     500 000003ae E6AD          .long    -517740883     ; sin( 2*pi* 471/512 ) =  -0.482183772079 in Q30
         000003af E123 
     501 000003b0 A2C8          .long    -506158392     ; sin( 2*pi* 472/512 ) =  -0.471396736826 in Q30
         000003b1 E1D4 
     502 000003b2 88A4          .long    -494499676     ; sin( 2*pi* 473/512 ) =  -0.460538710958 in Q30
         000003b3 E286 
     503 000003b4 9167          .long    -482766489     ; sin( 2*pi* 474/512 ) =  -0.449611329654 in Q30
         000003b5 E339 
     504 000003b6 B628          .long    -470960600     ; sin( 2*pi* 475/512 ) =  -0.438616238538 in Q30
         000003b7 E3ED 
     505 000003b8 EFF6          .long    -459083786     ; sin( 2*pi* 476/512 ) =  -0.427555093430 in Q30
         000003b9 E4A2 
     506 000003ba 37D5          .long    -447137835     ; sin( 2*pi* 477/512 ) =  -0.416429560097 in Q30
         000003bb E559 
     507 000003bc 86BC          .long    -435124548     ; sin( 2*pi* 478/512 ) =  -0.405241314005 in Q30
         000003bd E610 
     508 000003be D59C          .long    -423045732     ; sin( 2*pi* 479/512 ) =  -0.393992040061 in Q30
         000003bf E6C8 
     509 000003c0 1D59          .long    -410903207     ; sin( 2*pi* 480/512 ) =  -0.382683432365 in Q30
         000003c1 E782 
TMS320C2000 Assembler PC v6.4.4 Tue Feb 14 14:42:47 2017

Tools Copyright (c) 1996-2015 Texas Instruments Incorporated
C:/Users/a0221343/Git/bootROM/f28004x_bootrom/F28004x_ROM_dev_PG2.0/F28004x_ROM/bootROM/source/tables/IQmathTables.asm PAGE   19

     510 000003c2 56CF          .long    -398698801     ; sin( 2*pi* 481/512 ) =  -0.371317193951 in Q30
         000003c3 E83C 
     511 000003c4 7ACF          .long    -386434353     ; sin( 2*pi* 482/512 ) =  -0.359895036535 in Q30
         000003c5 E8F7 
     512 000003c6 8223          .long    -374111709     ; sin( 2*pi* 483/512 ) =  -0.348418680249 in Q30
         000003c7 E9B3 
     513 000003c8 658A          .long    -361732726     ; sin( 2*pi* 484/512 ) =  -0.336889853392 in Q30
         000003c9 EA70 
     514 000003ca 1DBE          .long    -349299266     ; sin( 2*pi* 485/512 ) =  -0.325310292162 in Q30
         000003cb EB2E 
     515 000003cc A36C          .long    -336813204     ; sin( 2*pi* 486/512 ) =  -0.313681740399 in Q30
         000003cd EBEC 
     516 000003ce EF3D          .long    -324276419     ; sin( 2*pi* 487/512 ) =  -0.302005949319 in Q30
         000003cf ECAB 
     517 000003d0 F9D1          .long    -311690799     ; sin( 2*pi* 488/512 ) =  -0.290284677254 in Q30
         000003d1 ED6B 
     518 000003d2 BBC1          .long    -299058239     ; sin( 2*pi* 489/512 ) =  -0.278519689385 in Q30
         000003d3 EE2C 
     519 000003d4 2D9D          .long    -286380643     ; sin( 2*pi* 490/512 ) =  -0.266712757475 in Q30
         000003d5 EEEE 
     520 000003d6 47F2          .long    -273659918     ; sin( 2*pi* 491/512 ) =  -0.254865659604 in Q30
         000003d7 EFB0 
     521 000003d8 0342          .long    -260897982     ; sin( 2*pi* 492/512 ) =  -0.242980179903 in Q30
         000003d9 F073 
     522 000003da 580D          .long    -248096755     ; sin( 2*pi* 493/512 ) =  -0.231058108280 in Q30
         000003db F136 
     523 000003dc 3ECB          .long    -235258165     ; sin( 2*pi* 494/512 ) =  -0.219101240156 in Q30
         000003dd F1FA 
     524 000003de AFED          .long    -222384147     ; sin( 2*pi* 495/512 ) =  -0.207111376192 in Q30
         000003df F2BE 
     525 000003e0 A3E2          .long    -209476638     ; sin( 2*pi* 496/512 ) =  -0.195090322016 in Q30
         000003e1 F383 
     526 000003e2 1311          .long    -196537583     ; sin( 2*pi* 497/512 ) =  -0.183039887955 in Q30
         000003e3 F449 
     527 000003e4 F5DE          .long    -183568930     ; sin( 2*pi* 498/512 ) =  -0.170961888760 in Q30
         000003e5 F50E 
     528 000003e6 44A7          .long    -170572633     ; sin( 2*pi* 499/512 ) =  -0.158858143333 in Q30
         000003e7 F5D5 
     529 000003e8 F7C9          .long    -157550647     ; sin( 2*pi* 500/512 ) =  -0.146730474455 in Q30
         000003e9 F69B 
     530 000003ea 0799          .long    -144504935     ; sin( 2*pi* 501/512 ) =  -0.134580708507 in Q30
         000003eb F763 
     531 000003ec 6C6A          .long    -131437462     ; sin( 2*pi* 502/512 ) =  -0.122410675199 in Q30
         000003ed F82A 
     532 000003ee 1E8E          .long    -118350194     ; sin( 2*pi* 503/512 ) =  -0.110222207293 in Q30
         000003ef F8F2 
     533 000003f0 1651          .long    -105245103     ; sin( 2*pi* 504/512 ) =  -0.098017140329 in Q30
         000003f1 F9BA 
     534 000003f2 4BFD          .long     -92124163     ; sin( 2*pi* 505/512 ) =  -0.085797312344 in Q30
         000003f3 FA82 
     535 000003f4 B7DB          .long     -78989349     ; sin( 2*pi* 506/512 ) =  -0.073564563599 in Q30
         000003f5 FB4A 
     536 000003f6 5231          .long     -65842639     ; sin( 2*pi* 507/512 ) =  -0.061320736302 in Q30
         000003f7 FC13 
     537 000003f8 1342          .long     -52686014     ; sin( 2*pi* 508/512 ) =  -0.049067674327 in Q30
TMS320C2000 Assembler PC v6.4.4 Tue Feb 14 14:42:47 2017

Tools Copyright (c) 1996-2015 Texas Instruments Incorporated
C:/Users/a0221343/Git/bootROM/f28004x_bootrom/F28004x_ROM_dev_PG2.0/F28004x_ROM/bootROM/source/tables/IQmathTables.asm PAGE   20

         000003f9 FCDC 
     538 000003fa F351          .long     -39521455     ; sin( 2*pi* 509/512 ) =  -0.036807222941 in Q30
         000003fb FDA4 
     539 000003fc EAA1          .long     -26350943     ; sin( 2*pi* 510/512 ) =  -0.024541228523 in Q30
         000003fd FE6D 
     540 000003fe F170          .long     -13176464     ; sin( 2*pi* 511/512 ) =  -0.012271538285 in Q30
         000003ff FF36 
     541 00000400       _IQsinTableEnd:
     542 00000400 0000          .long             0     ; sin( 2*pi* 512/512 ) =   0.000000000000 in Q30
         00000401 0000 
     543 00000402 0E90          .long      13176464     ; sin( 2*pi* 513/512 ) =   0.012271538286 in Q30
         00000403 00C9 
     544 00000404 155F          .long      26350943     ; sin( 2*pi* 514/512 ) =   0.024541228523 in Q30
         00000405 0192 
     545 00000406 0CAF          .long      39521455     ; sin( 2*pi* 515/512 ) =   0.036807222942 in Q30
         00000407 025B 
     546 00000408 ECBE          .long      52686014     ; sin( 2*pi* 516/512 ) =   0.049067674328 in Q30
         00000409 0323 
     547 0000040a ADCF          .long      65842639     ; sin( 2*pi* 517/512 ) =   0.061320736303 in Q30
         0000040b 03EC 
     548 0000040c 4825          .long      78989349     ; sin( 2*pi* 518/512 ) =   0.073564563600 in Q30
         0000040d 04B5 
     549 0000040e B403          .long      92124163     ; sin( 2*pi* 519/512 ) =   0.085797312345 in Q30
         0000040f 057D 
     550 00000410 E9AF          .long     105245103     ; sin( 2*pi* 520/512 ) =   0.098017140330 in Q30
         00000411 0645 
     551 00000412 E172          .long     118350194     ; sin( 2*pi* 521/512 ) =   0.110222207294 in Q30
         00000413 070D 
     552 00000414 9396          .long     131437462     ; sin( 2*pi* 522/512 ) =   0.122410675200 in Q30
         00000415 07D5 
     553 00000416 F867          .long     144504935     ; sin( 2*pi* 523/512 ) =   0.134580708508 in Q30
         00000417 089C 
     554 00000418 0837          .long     157550647     ; sin( 2*pi* 524/512 ) =   0.146730474456 in Q30
         00000419 0964 
     555 0000041a BB59          .long     170572633     ; sin( 2*pi* 525/512 ) =   0.158858143334 in Q30
         0000041b 0A2A 
     556 0000041c 0A22          .long     183568930     ; sin( 2*pi* 526/512 ) =   0.170961888761 in Q30
         0000041d 0AF1 
     557 0000041e ECEF          .long     196537583     ; sin( 2*pi* 527/512 ) =   0.183039887956 in Q30
         0000041f 0BB6 
     558 00000420 5C1E          .long     209476638     ; sin( 2*pi* 528/512 ) =   0.195090322017 in Q30
         00000421 0C7C 
     559 00000422 5013          .long     222384147     ; sin( 2*pi* 529/512 ) =   0.207111376193 in Q30
         00000423 0D41 
     560 00000424 C135          .long     235258165     ; sin( 2*pi* 530/512 ) =   0.219101240157 in Q30
         00000425 0E05 
     561 00000426 A7F3          .long     248096755     ; sin( 2*pi* 531/512 ) =   0.231058108281 in Q30
         00000427 0EC9 
     562 00000428 FCBE          .long     260897982     ; sin( 2*pi* 532/512 ) =   0.242980179904 in Q30
         00000429 0F8C 
     563 0000042a B80E          .long     273659918     ; sin( 2*pi* 533/512 ) =   0.254865659605 in Q30
         0000042b 104F 
     564 0000042c D263          .long     286380643     ; sin( 2*pi* 534/512 ) =   0.266712757475 in Q30
         0000042d 1111 
     565 0000042e 443F          .long     299058239     ; sin( 2*pi* 535/512 ) =   0.278519689385 in Q30
TMS320C2000 Assembler PC v6.4.4 Tue Feb 14 14:42:47 2017

Tools Copyright (c) 1996-2015 Texas Instruments Incorporated
C:/Users/a0221343/Git/bootROM/f28004x_bootrom/F28004x_ROM_dev_PG2.0/F28004x_ROM/bootROM/source/tables/IQmathTables.asm PAGE   21

         0000042f 11D3 
     566 00000430 062F          .long     311690799     ; sin( 2*pi* 536/512 ) =   0.290284677255 in Q30
         00000431 1294 
     567 00000432 10C3          .long     324276419     ; sin( 2*pi* 537/512 ) =   0.302005949320 in Q30
         00000433 1354 
     568 00000434 5C94          .long     336813204     ; sin( 2*pi* 538/512 ) =   0.313681740399 in Q30
         00000435 1413 
     569 00000436 E242          .long     349299266     ; sin( 2*pi* 539/512 ) =   0.325310292163 in Q30
         00000437 14D1 
     570 00000438 9A76          .long     361732726     ; sin( 2*pi* 540/512 ) =   0.336889853393 in Q30
         00000439 158F 
     571 0000043a 7DDD          .long     374111709     ; sin( 2*pi* 541/512 ) =   0.348418680250 in Q30
         0000043b 164C 
     572 0000043c 8531          .long     386434353     ; sin( 2*pi* 542/512 ) =   0.359895036535 in Q30
         0000043d 1708 
     573 0000043e A931          .long     398698801     ; sin( 2*pi* 543/512 ) =   0.371317193952 in Q30
         0000043f 17C3 
     574 00000440 E2A7          .long     410903207     ; sin( 2*pi* 544/512 ) =   0.382683432365 in Q30
         00000441 187D 
     575 00000442 2A64          .long     423045732     ; sin( 2*pi* 545/512 ) =   0.393992040061 in Q30
         00000443 1937 
     576 00000444 7944          .long     435124548     ; sin( 2*pi* 546/512 ) =   0.405241314005 in Q30
         00000445 19EF 
     577 00000446 C82B          .long     447137835     ; sin( 2*pi* 547/512 ) =   0.416429560098 in Q30
         00000447 1AA6 
     578 00000448 100A          .long     459083786     ; sin( 2*pi* 548/512 ) =   0.427555093431 in Q30
         00000449 1B5D 
     579 0000044a 49D8          .long     470960600     ; sin( 2*pi* 549/512 ) =   0.438616238539 in Q30
         0000044b 1C12 
     580 0000044c 6E99          .long     482766489     ; sin( 2*pi* 550/512 ) =   0.449611329655 in Q30
         0000044d 1CC6 
     581 0000044e 775C          .long     494499676     ; sin( 2*pi* 551/512 ) =   0.460538710959 in Q30
         0000044f 1D79 
     582 00000450 5D38          .long     506158392     ; sin( 2*pi* 552/512 ) =   0.471396736826 in Q30
         00000451 1E2B 
     583 00000452 1953          .long     517740883     ; sin( 2*pi* 553/512 ) =   0.482183772080 in Q30
         00000453 1EDC 
     584 00000454 A4DC          .long     529245404     ; sin( 2*pi* 554/512 ) =   0.492898192230 in Q30
         00000455 1F8B 
     585 00000456 F90F          .long     540670223     ; sin( 2*pi* 555/512 ) =   0.503538383726 in Q30
         00000457 2039 
     586 00000458 0F32          .long     552013618     ; sin( 2*pi* 556/512 ) =   0.514102744194 in Q30
         00000459 20E7 
     587 0000045a E09B          .long     563273883     ; sin( 2*pi* 557/512 ) =   0.524589682679 in Q30
         0000045b 2192 
     588 0000045c 66A8          .long     574449320     ; sin( 2*pi* 558/512 ) =   0.534997619887 in Q30
         0000045d 223D 
     589 0000045e 9AC8          .long     585538248     ; sin( 2*pi* 559/512 ) =   0.545324988422 in Q30
         0000045f 22E6 
     590 00000460 7673          .long     596538995     ; sin( 2*pi* 560/512 ) =   0.555570233020 in Q30
         00000461 238E 
     591 00000462 F332          .long     607449906     ; sin( 2*pi* 561/512 ) =   0.565731810784 in Q30
         00000463 2434 
     592 00000464 0A9A          .long     618269338     ; sin( 2*pi* 562/512 ) =   0.575808191418 in Q30
         00000465 24DA 
TMS320C2000 Assembler PC v6.4.4 Tue Feb 14 14:42:47 2017

Tools Copyright (c) 1996-2015 Texas Instruments Incorporated
C:/Users/a0221343/Git/bootROM/f28004x_bootrom/F28004x_ROM_dev_PG2.0/F28004x_ROM/bootROM/source/tables/IQmathTables.asm PAGE   22

     593 00000466 B64C          .long     628995660     ; sin( 2*pi* 563/512 ) =   0.585797857457 in Q30
         00000467 257D 
     594 00000468 EFFA          .long     639627258     ; sin( 2*pi* 564/512 ) =   0.595699304493 in Q30
         00000469 261F 
     595 0000046a B162          .long     650162530     ; sin( 2*pi* 565/512 ) =   0.605511041405 in Q30
         0000046b 26C0 
     596 0000046c F452          .long     660599890     ; sin( 2*pi* 566/512 ) =   0.615231590581 in Q30
         0000046d 275F 
     597 0000046e B2A7          .long     670937767     ; sin( 2*pi* 567/512 ) =   0.624859488143 in Q30
         0000046f 27FD 
     598 00000470 E64A          .long     681174602     ; sin( 2*pi* 568/512 ) =   0.634393284164 in Q30
         00000471 2899 
     599 00000472 8937          .long     691308855     ; sin( 2*pi* 569/512 ) =   0.643831542890 in Q30
         00000473 2934 
     600 00000474 9578          .long     701339000     ; sin( 2*pi* 570/512 ) =   0.653172842954 in Q30
         00000475 29CD 
     601 00000476 0525          .long     711263525     ; sin( 2*pi* 571/512 ) =   0.662415777591 in Q30
         00000477 2A65 
     602 00000478 D269          .long     721080937     ; sin( 2*pi* 572/512 ) =   0.671558954847 in Q30
         00000479 2AFA 
     603 0000047a F77D          .long     730789757     ; sin( 2*pi* 573/512 ) =   0.680600997796 in Q30
         0000047b 2B8E 
     604 0000047c 6EAA          .long     740388522     ; sin( 2*pi* 574/512 ) =   0.689540544737 in Q30
         0000047d 2C21 
     605 0000047e 324C          .long     749875788     ; sin( 2*pi* 575/512 ) =   0.698376249409 in Q30
         0000047f 2CB2 
     606 00000480 3CCD          .long     759250125     ; sin( 2*pi* 576/512 ) =   0.707106781187 in Q30
         00000481 2D41 
     607 00000482 88AA          .long     768510122     ; sin( 2*pi* 577/512 ) =   0.715730825284 in Q30
         00000483 2DCE 
     608 00000484 1070          .long     777654384     ; sin( 2*pi* 578/512 ) =   0.724247082952 in Q30
         00000485 2E5A 
     609 00000486 CEBE          .long     786681534     ; sin( 2*pi* 579/512 ) =   0.732654271673 in Q30
         00000487 2EE3 
     610 00000488 BE45          .long     795590213     ; sin( 2*pi* 580/512 ) =   0.740951125355 in Q30
         00000489 2F6B 
     611 0000048a D9C7          .long     804379079     ; sin( 2*pi* 581/512 ) =   0.749136394524 in Q30
         0000048b 2FF1 
     612 0000048c 1C18          .long     813046808     ; sin( 2*pi* 582/512 ) =   0.757208846507 in Q30
         0000048d 3076 
     613 0000048e 801F          .long     821592095     ; sin( 2*pi* 583/512 ) =   0.765167265623 in Q30
         0000048f 30F8 
     614 00000490 00D6          .long     830013654     ; sin( 2*pi* 584/512 ) =   0.773010453363 in Q30
         00000491 3179 
     615 00000492 9948          .long     838310216     ; sin( 2*pi* 585/512 ) =   0.780737228572 in Q30
         00000493 31F7 
     616 00000494 4493          .long     846480531     ; sin( 2*pi* 586/512 ) =   0.788346427627 in Q30
         00000495 3274 
     617 00000496 FDEA          .long     854523370     ; sin( 2*pi* 587/512 ) =   0.795836904609 in Q30
         00000497 32EE 
     618 00000498 C090          .long     862437520     ; sin( 2*pi* 588/512 ) =   0.803207531481 in Q30
         00000499 3367 
     619 0000049a 87DE          .long     870221790     ; sin( 2*pi* 589/512 ) =   0.810457198253 in Q30
         0000049b 33DE 
     620 0000049c 4F41          .long     877875009     ; sin( 2*pi* 590/512 ) =   0.817584813152 in Q30
TMS320C2000 Assembler PC v6.4.4 Tue Feb 14 14:42:47 2017

Tools Copyright (c) 1996-2015 Texas Instruments Incorporated
C:/Users/a0221343/Git/bootROM/f28004x_bootrom/F28004x_ROM_dev_PG2.0/F28004x_ROM/bootROM/source/tables/IQmathTables.asm PAGE   23

         0000049d 3453 
     621 0000049e 1236          .long     885396022     ; sin( 2*pi* 591/512 ) =   0.824589302785 in Q30
         0000049f 34C6 
     622 000004a0 CC52          .long     892783698     ; sin( 2*pi* 592/512 ) =   0.831469612303 in Q30
         000004a1 3536 
     623 000004a2 793C          .long     900036924     ; sin( 2*pi* 593/512 ) =   0.838224705555 in Q30
         000004a3 35A5 
     624 000004a4 14B0          .long     907154608     ; sin( 2*pi* 594/512 ) =   0.844853565250 in Q30
         000004a5 3612 
     625 000004a6 9A7E          .long     914135678     ; sin( 2*pi* 595/512 ) =   0.851355193106 in Q30
         000004a7 367C 
     626 000004a8 068A          .long     920979082     ; sin( 2*pi* 596/512 ) =   0.857728610001 in Q30
         000004a9 36E5 
     627 000004aa 54CE          .long     927683790     ; sin( 2*pi* 597/512 ) =   0.863972856122 in Q30
         000004ab 374B 
     628 000004ac 8159          .long     934248793     ; sin( 2*pi* 598/512 ) =   0.870086991109 in Q30
         000004ad 37AF 
     629 000004ae 884D          .long     940673101     ; sin( 2*pi* 599/512 ) =   0.876070094196 in Q30
         000004af 3811 
     630 000004b0 65E3          .long     946955747     ; sin( 2*pi* 600/512 ) =   0.881921264349 in Q30
         000004b1 3871 
     631 000004b2 1669          .long     953095785     ; sin( 2*pi* 601/512 ) =   0.887639620403 in Q30
         000004b3 38CF 
     632 000004b4 9642          .long     959092290     ; sin( 2*pi* 602/512 ) =   0.893224301196 in Q30
         000004b5 392A 
     633 000004b6 E1E8          .long     964944360     ; sin( 2*pi* 603/512 ) =   0.898674465694 in Q30
         000004b7 3983 
     634 000004b8 F5E8          .long     970651112     ; sin( 2*pi* 604/512 ) =   0.903989293124 in Q30
         000004b9 39DA 
     635 000004ba CEE8          .long     976211688     ; sin( 2*pi* 605/512 ) =   0.909167983091 in Q30
         000004bb 3A2F 
     636 000004bc 69A3          .long     981625251     ; sin( 2*pi* 606/512 ) =   0.914209755704 in Q30
         000004bd 3A82 
     637 000004be C2E8          .long     986890984     ; sin( 2*pi* 607/512 ) =   0.919113851690 in Q30
         000004bf 3AD2 
     638 000004c0 D79E          .long     992008094     ; sin( 2*pi* 608/512 ) =   0.923879532511 in Q30
         000004c1 3B20 
     639 000004c2 A4C4          .long     996975812     ; sin( 2*pi* 609/512 ) =   0.928506080473 in Q30
         000004c3 3B6C 
     640 000004c4 276E          .long    1001793390     ; sin( 2*pi* 610/512 ) =   0.932992798835 in Q30
         000004c5 3BB6 
     641 000004c6 5CC4          .long    1006460100     ; sin( 2*pi* 611/512 ) =   0.937339011913 in Q30
         000004c7 3BFD 
     642 000004c8 420A          .long    1010975242     ; sin( 2*pi* 612/512 ) =   0.941544065183 in Q30
         000004c9 3C42 
     643 000004ca D496          .long    1015338134     ; sin( 2*pi* 613/512 ) =   0.945607325381 in Q30
         000004cb 3C84 
     644 000004cc 11D9          .long    1019548121     ; sin( 2*pi* 614/512 ) =   0.949528180593 in Q30
         000004cd 3CC5 
     645 000004ce F757          .long    1023604567     ; sin( 2*pi* 615/512 ) =   0.953306040354 in Q30
         000004cf 3D02 
     646 000004d0 82AE          .long    1027506862     ; sin( 2*pi* 616/512 ) =   0.956940335732 in Q30
         000004d1 3D3E 
     647 000004d2 B192          .long    1031254418     ; sin( 2*pi* 617/512 ) =   0.960430519416 in Q30
         000004d3 3D77 
TMS320C2000 Assembler PC v6.4.4 Tue Feb 14 14:42:47 2017

Tools Copyright (c) 1996-2015 Texas Instruments Incorporated
C:/Users/a0221343/Git/bootROM/f28004x_bootrom/F28004x_ROM_dev_PG2.0/F28004x_ROM/bootROM/source/tables/IQmathTables.asm PAGE   24

     648 000004d4 81CF          .long    1034846671     ; sin( 2*pi* 618/512 ) =   0.963776065796 in Q30
         000004d5 3DAE 
     649 000004d6 F148          .long    1038283080     ; sin( 2*pi* 619/512 ) =   0.966976471045 in Q30
         000004d7 3DE2 
     650 000004d8 FDF7          .long    1041563127     ; sin( 2*pi* 620/512 ) =   0.970031253195 in Q30
         000004d9 3E14 
     651 000004da A5EF          .long    1044686319     ; sin( 2*pi* 621/512 ) =   0.972939952206 in Q30
         000004db 3E44 
     652 000004dc E759          .long    1047652185     ; sin( 2*pi* 622/512 ) =   0.975702130039 in Q30
         000004dd 3E71 
     653 000004de C076          .long    1050460278     ; sin( 2*pi* 623/512 ) =   0.978317370720 in Q30
         000004df 3E9C 
     654 000004e0 2FA0          .long    1053110176     ; sin( 2*pi* 624/512 ) =   0.980785280403 in Q30
         000004e1 3EC5 
     655 000004e2 3347          .long    1055601479     ; sin( 2*pi* 625/512 ) =   0.983105487431 in Q30
         000004e3 3EEB 
     656 000004e4 C9F5          .long    1057933813     ; sin( 2*pi* 626/512 ) =   0.985277642389 in Q30
         000004e5 3F0E 
     657 000004e6 F24A          .long    1060106826     ; sin( 2*pi* 627/512 ) =   0.987301418158 in Q30
         000004e7 3F2F 
     658 000004e8 AAFE          .long    1062120190     ; sin( 2*pi* 628/512 ) =   0.989176509965 in Q30
         000004e9 3F4E 
     659 000004ea F2E3          .long    1063973603     ; sin( 2*pi* 629/512 ) =   0.990902635428 in Q30
         000004eb 3F6A 
     660 000004ec C8E2          .long    1065666786     ; sin( 2*pi* 630/512 ) =   0.992479534599 in Q30
         000004ed 3F84 
     661 000004ee 2BFB          .long    1067199483     ; sin( 2*pi* 631/512 ) =   0.993906970002 in Q30
         000004ef 3F9C 
     662 000004f0 1B48          .long    1068571464     ; sin( 2*pi* 632/512 ) =   0.995184726672 in Q30
         000004f1 3FB1 
     663 000004f2 95F9          .long    1069782521     ; sin( 2*pi* 633/512 ) =   0.996312612183 in Q30
         000004f3 3FC3 
     664 000004f4 9B5A          .long    1070832474     ; sin( 2*pi* 634/512 ) =   0.997290456679 in Q30
         000004f5 3FD3 
     665 000004f6 2ACB          .long    1071721163     ; sin( 2*pi* 635/512 ) =   0.998118112900 in Q30
         000004f7 3FE1 
     666 000004f8 43C7          .long    1072448455     ; sin( 2*pi* 636/512 ) =   0.998795456205 in Q30
         000004f9 3FEC 
     667 000004fa E5E0          .long    1073014240     ; sin( 2*pi* 637/512 ) =   0.999322384588 in Q30
         000004fb 3FF4 
     668 000004fc 10C1          .long    1073418433     ; sin( 2*pi* 638/512 ) =   0.999698818696 in Q30
         000004fd 3FFB 
     669 000004fe C42D          .long    1073660973     ; sin( 2*pi* 639/512 ) =   0.999924701839 in Q30
         000004ff 3FFE 
     670 00000500 0000          .long    1073741824     ; sin( 2*pi* 640/512 ) =   1.000000000000 in Q30
         00000501 4000 
     671 00000502       _IQcosTableEnd:
     672              
     673              ;;
     674              ;; End Of File.
     675              ;;

No Assembly Errors, No Assembly Warnings
