TMS320C2000 Assembler PC v6.2.9 Wed Apr 22 18:11:13 2015

Tools Copyright (c) 1996-2014 Texas Instruments Incorporated
C:\Users\a0272466\AppData\Local\Temp\0656010                         PAGE    1

       1              ;***************************************************************
       2              ;* TMS320C2000 C/C++ Codegen                         PC v6.2.9 *
       3              ;* Date/Time created: Wed Apr 22 18:11:13 2015                 *
       4              ;***************************************************************
       5                      .compiler_opts --cla_support=cla0 --float_support=fpu32 --hll_source=on --mem_model:code=flat --mem_m
       6        0002  FP      .set    XAR2
       7              
       8              $C$DW$CU        .dwtag  DW_TAG_compile_unit
       9                      .dwattr $C$DW$CU, DW_AT_name("C:/work/grepos/c2000_bootROM/f28004x_bootrom/F28004x_ROM_dev/F28004x_RO
      10                      .dwattr $C$DW$CU, DW_AT_producer("TMS320C2000 C/C++ Codegen PC v6.2.9 Copyright (c) 1996-2014 Texas I
      11                      .dwattr $C$DW$CU, DW_AT_TI_version(0x01)
      12                      .dwattr $C$DW$CU, DW_AT_comp_dir("C:\work\grepos\c2000_bootROM\f28004x_bootrom\F28004x_ROM_dev\ccs_fi
      13                      .global _PHY_ofdmLtfEndFreqs
      14 00000000               .sect   "sunPhyTable"
      15                      .align  2
      16 00000000       _PHY_ofdmLtfEndFreqs:
      17 00000000 7FFF          .bits   32767,32                        ; _PHY_ofdmLtfEndFreqs[0] @ 0
         00000001 0000 
      18 00000002 8000          .bits   32768,32                        ; _PHY_ofdmLtfEndFreqs[1] @ 32
         00000003 0000 
      19 00000004 7FFF          .bits   32767,32                        ; _PHY_ofdmLtfEndFreqs[2] @ 64
         00000005 0000 
      20 00000006 8000          .bits   32768,32                        ; _PHY_ofdmLtfEndFreqs[3] @ 96
         00000007 0000 
      21 00000008 7FFF          .bits   32767,32                        ; _PHY_ofdmLtfEndFreqs[4] @ 128
         00000009 0000 
      22 0000000a 7FFF          .bits   32767,32                        ; _PHY_ofdmLtfEndFreqs[5] @ 160
         0000000b 0000 
      23 0000000c 7FFF          .bits   32767,32                        ; _PHY_ofdmLtfEndFreqs[6] @ 192
         0000000d 0000 
      24 0000000e 7FFF          .bits   32767,32                        ; _PHY_ofdmLtfEndFreqs[7] @ 224
         0000000f 0000 
      25 00000010 7FFF          .bits   32767,32                        ; _PHY_ofdmLtfEndFreqs[8] @ 256
         00000011 0000 
      26 00000012 7FFF          .bits   32767,32                        ; _PHY_ofdmLtfEndFreqs[9] @ 288
         00000013 0000 
      27 00000014 7FFF          .bits   32767,32                        ; _PHY_ofdmLtfEndFreqs[10] @ 320
         00000015 0000 
      28 00000016 7FFF          .bits   32767,32                        ; _PHY_ofdmLtfEndFreqs[11] @ 352
         00000017 0000 
      29 00000018 8000          .bits   32768,32                        ; _PHY_ofdmLtfEndFreqs[12] @ 384
         00000019 0000 
      30 0000001a               .space  64
      31              
      32              $C$DW$1 .dwtag  DW_TAG_variable, DW_AT_name("PHY_ofdmLtfEndFreqs")
      33                      .dwattr $C$DW$1, DW_AT_TI_symbol_name("_PHY_ofdmLtfEndFreqs")
      34                      .dwattr $C$DW$1, DW_AT_location[DW_OP_addr _PHY_ofdmLtfEndFreqs]
      35                      .dwattr $C$DW$1, DW_AT_type(*$C$DW$T$21)
      36                      .dwattr $C$DW$1, DW_AT_external
      37              ;       c:\ti\ccsv6\tools\compiler\c2000_6.2.9\bin\ac2000.exe -@C:\\Users\\a0272466\\AppData\\Local\\Temp\\06
      38              
      39              ;***************************************************************
      40              ;* TYPE INFORMATION                                            *
      41              ;***************************************************************
      42              $C$DW$T$4       .dwtag  DW_TAG_base_type
TMS320C2000 Assembler PC v6.2.9 Wed Apr 22 18:11:13 2015

Tools Copyright (c) 1996-2014 Texas Instruments Incorporated
C:\Users\a0272466\AppData\Local\Temp\0656010                         PAGE    2

      43                      .dwattr $C$DW$T$4, DW_AT_encoding(DW_ATE_boolean)
      44                      .dwattr $C$DW$T$4, DW_AT_name("bool")
      45                      .dwattr $C$DW$T$4, DW_AT_byte_size(0x01)
      46              $C$DW$T$5       .dwtag  DW_TAG_base_type
      47                      .dwattr $C$DW$T$5, DW_AT_encoding(DW_ATE_signed_char)
      48                      .dwattr $C$DW$T$5, DW_AT_name("signed char")
      49                      .dwattr $C$DW$T$5, DW_AT_byte_size(0x01)
      50              $C$DW$T$6       .dwtag  DW_TAG_base_type
      51                      .dwattr $C$DW$T$6, DW_AT_encoding(DW_ATE_unsigned_char)
      52                      .dwattr $C$DW$T$6, DW_AT_name("unsigned char")
      53                      .dwattr $C$DW$T$6, DW_AT_byte_size(0x01)
      54              $C$DW$T$7       .dwtag  DW_TAG_base_type
      55                      .dwattr $C$DW$T$7, DW_AT_encoding(DW_ATE_signed_char)
      56                      .dwattr $C$DW$T$7, DW_AT_name("wchar_t")
      57                      .dwattr $C$DW$T$7, DW_AT_byte_size(0x01)
      58              $C$DW$T$8       .dwtag  DW_TAG_base_type
      59                      .dwattr $C$DW$T$8, DW_AT_encoding(DW_ATE_signed)
      60                      .dwattr $C$DW$T$8, DW_AT_name("short")
      61                      .dwattr $C$DW$T$8, DW_AT_byte_size(0x01)
      62              $C$DW$T$9       .dwtag  DW_TAG_base_type
      63                      .dwattr $C$DW$T$9, DW_AT_encoding(DW_ATE_unsigned)
      64                      .dwattr $C$DW$T$9, DW_AT_name("unsigned short")
      65                      .dwattr $C$DW$T$9, DW_AT_byte_size(0x01)
      66              $C$DW$T$10      .dwtag  DW_TAG_base_type
      67                      .dwattr $C$DW$T$10, DW_AT_encoding(DW_ATE_signed)
      68                      .dwattr $C$DW$T$10, DW_AT_name("int")
      69                      .dwattr $C$DW$T$10, DW_AT_byte_size(0x01)
      70              $C$DW$T$11      .dwtag  DW_TAG_base_type
      71                      .dwattr $C$DW$T$11, DW_AT_encoding(DW_ATE_unsigned)
      72                      .dwattr $C$DW$T$11, DW_AT_name("unsigned int")
      73                      .dwattr $C$DW$T$11, DW_AT_byte_size(0x01)
      74              $C$DW$T$12      .dwtag  DW_TAG_base_type
      75                      .dwattr $C$DW$T$12, DW_AT_encoding(DW_ATE_signed)
      76                      .dwattr $C$DW$T$12, DW_AT_name("long")
      77                      .dwattr $C$DW$T$12, DW_AT_byte_size(0x02)
      78              $C$DW$T$19      .dwtag  DW_TAG_typedef, DW_AT_name("SINT32")
      79                      .dwattr $C$DW$T$19, DW_AT_type(*$C$DW$T$12)
      80                      .dwattr $C$DW$T$19, DW_AT_language(DW_LANG_C)
      81              $C$DW$2 .dwtag  DW_TAG_TI_far_type
      82                      .dwattr $C$DW$2, DW_AT_type(*$C$DW$T$19)
      83              $C$DW$T$20      .dwtag  DW_TAG_const_type
      84                      .dwattr $C$DW$T$20, DW_AT_type(*$C$DW$2)
      85              
      86              $C$DW$T$21      .dwtag  DW_TAG_array_type
      87                      .dwattr $C$DW$T$21, DW_AT_type(*$C$DW$T$20)
      88                      .dwattr $C$DW$T$21, DW_AT_language(DW_LANG_C)
      89                      .dwattr $C$DW$T$21, DW_AT_byte_size(0x1e)
      90              $C$DW$3 .dwtag  DW_TAG_subrange_type
      91                      .dwattr $C$DW$3, DW_AT_upper_bound(0x0e)
      92                      .dwendtag $C$DW$T$21
      93              
      94              $C$DW$T$13      .dwtag  DW_TAG_base_type
      95                      .dwattr $C$DW$T$13, DW_AT_encoding(DW_ATE_unsigned)
      96                      .dwattr $C$DW$T$13, DW_AT_name("unsigned long")
      97                      .dwattr $C$DW$T$13, DW_AT_byte_size(0x02)
TMS320C2000 Assembler PC v6.2.9 Wed Apr 22 18:11:13 2015

Tools Copyright (c) 1996-2014 Texas Instruments Incorporated
C:\Users\a0272466\AppData\Local\Temp\0656010                         PAGE    3

      98              $C$DW$T$14      .dwtag  DW_TAG_base_type
      99                      .dwattr $C$DW$T$14, DW_AT_encoding(DW_ATE_signed)
     100                      .dwattr $C$DW$T$14, DW_AT_name("long long")
     101                      .dwattr $C$DW$T$14, DW_AT_byte_size(0x04)
     102              $C$DW$T$15      .dwtag  DW_TAG_base_type
     103                      .dwattr $C$DW$T$15, DW_AT_encoding(DW_ATE_unsigned)
     104                      .dwattr $C$DW$T$15, DW_AT_name("unsigned long long")
     105                      .dwattr $C$DW$T$15, DW_AT_byte_size(0x04)
     106              $C$DW$T$16      .dwtag  DW_TAG_base_type
     107                      .dwattr $C$DW$T$16, DW_AT_encoding(DW_ATE_float)
     108                      .dwattr $C$DW$T$16, DW_AT_name("float")
     109                      .dwattr $C$DW$T$16, DW_AT_byte_size(0x02)
     110              $C$DW$T$17      .dwtag  DW_TAG_base_type
     111                      .dwattr $C$DW$T$17, DW_AT_encoding(DW_ATE_float)
     112                      .dwattr $C$DW$T$17, DW_AT_name("double")
     113                      .dwattr $C$DW$T$17, DW_AT_byte_size(0x02)
     114              $C$DW$T$18      .dwtag  DW_TAG_base_type
     115                      .dwattr $C$DW$T$18, DW_AT_encoding(DW_ATE_float)
     116                      .dwattr $C$DW$T$18, DW_AT_name("long double")
     117                      .dwattr $C$DW$T$18, DW_AT_byte_size(0x04)
     118                      .dwattr $C$DW$CU, DW_AT_language(DW_LANG_C)
     119              
     120              ;***************************************************************
     121              ;* DWARF CIE ENTRIES                                           *
     122              ;***************************************************************
     123              
     124              $C$DW$CIE       .dwcie 78
     125                      .dwcfi  cfa_register, 20
     126                      .dwcfi  cfa_offset, 0
     127                      .dwcfi  undefined, 0
     128                      .dwcfi  undefined, 1
     129                      .dwcfi  undefined, 2
     130                      .dwcfi  undefined, 3
     131                      .dwcfi  undefined, 20
     132                      .dwcfi  undefined, 21
     133                      .dwcfi  undefined, 22
     134                      .dwcfi  undefined, 23
     135                      .dwcfi  undefined, 24
     136                      .dwcfi  undefined, 25
     137                      .dwcfi  undefined, 26
     138                      .dwcfi  undefined, 28
     139                      .dwcfi  undefined, 29
     140                      .dwcfi  undefined, 30
     141                      .dwcfi  undefined, 31
     142                      .dwcfi  undefined, 32
     143                      .dwcfi  undefined, 33
     144                      .dwcfi  undefined, 34
     145                      .dwcfi  undefined, 35
     146                      .dwcfi  undefined, 36
     147                      .dwcfi  undefined, 37
     148                      .dwcfi  undefined, 38
     149                      .dwcfi  undefined, 75
     150                      .dwcfi  undefined, 76
     151                      .dwcfi  undefined, 77
     152                      .dwcfi  undefined, 4
TMS320C2000 Assembler PC v6.2.9 Wed Apr 22 18:11:13 2015

Tools Copyright (c) 1996-2014 Texas Instruments Incorporated
C:\Users\a0272466\AppData\Local\Temp\0656010                         PAGE    4

     153                      .dwcfi  undefined, 6
     154                      .dwcfi  undefined, 8
     155                      .dwcfi  undefined, 10
     156                      .dwcfi  undefined, 12
     157                      .dwcfi  undefined, 14
     158                      .dwcfi  undefined, 16
     159                      .dwcfi  undefined, 17
     160                      .dwcfi  undefined, 18
     161                      .dwcfi  undefined, 19
     162                      .dwcfi  undefined, 5
     163                      .dwcfi  undefined, 7
     164                      .dwcfi  undefined, 9
     165                      .dwcfi  undefined, 11
     166                      .dwcfi  undefined, 13
     167                      .dwcfi  undefined, 15
     168                      .dwcfi  undefined, 43
     169                      .dwcfi  undefined, 44
     170                      .dwcfi  undefined, 47
     171                      .dwcfi  undefined, 48
     172                      .dwcfi  undefined, 51
     173                      .dwcfi  undefined, 52
     174                      .dwcfi  undefined, 55
     175                      .dwcfi  undefined, 56
     176                      .dwcfi  undefined, 59
     177                      .dwcfi  undefined, 60
     178                      .dwcfi  undefined, 63
     179                      .dwcfi  undefined, 64
     180                      .dwcfi  undefined, 67
     181                      .dwcfi  undefined, 68
     182                      .dwcfi  undefined, 71
     183                      .dwcfi  undefined, 72
     184                      .dwcfi  undefined, 73
     185                      .dwcfi  undefined, 74
     186                      .dwcfi  undefined, 39
     187                      .dwcfi  undefined, 40
     188                      .dwcfi  undefined, 27
     189                      .dwcfi  undefined, 78
     190                      .dwendentry
     191              
     192              ;***************************************************************
     193              ;* DWARF REGISTER MAP                                          *
     194              ;***************************************************************
     195              
     196              $C$DW$4 .dwtag  DW_TAG_TI_assign_register, DW_AT_name("AL")
     197                      .dwattr $C$DW$4, DW_AT_location[DW_OP_reg0]
     198              $C$DW$5 .dwtag  DW_TAG_TI_assign_register, DW_AT_name("AH")
     199                      .dwattr $C$DW$5, DW_AT_location[DW_OP_reg1]
     200              $C$DW$6 .dwtag  DW_TAG_TI_assign_register, DW_AT_name("PL")
     201                      .dwattr $C$DW$6, DW_AT_location[DW_OP_reg2]
     202              $C$DW$7 .dwtag  DW_TAG_TI_assign_register, DW_AT_name("PH")
     203                      .dwattr $C$DW$7, DW_AT_location[DW_OP_reg3]
     204              $C$DW$8 .dwtag  DW_TAG_TI_assign_register, DW_AT_name("SP")
     205                      .dwattr $C$DW$8, DW_AT_location[DW_OP_reg20]
     206              $C$DW$9 .dwtag  DW_TAG_TI_assign_register, DW_AT_name("XT")
     207                      .dwattr $C$DW$9, DW_AT_location[DW_OP_reg21]
TMS320C2000 Assembler PC v6.2.9 Wed Apr 22 18:11:13 2015

Tools Copyright (c) 1996-2014 Texas Instruments Incorporated
C:\Users\a0272466\AppData\Local\Temp\0656010                         PAGE    5

     208              $C$DW$10        .dwtag  DW_TAG_TI_assign_register, DW_AT_name("T")
     209                      .dwattr $C$DW$10, DW_AT_location[DW_OP_reg22]
     210              $C$DW$11        .dwtag  DW_TAG_TI_assign_register, DW_AT_name("ST0")
     211                      .dwattr $C$DW$11, DW_AT_location[DW_OP_reg23]
     212              $C$DW$12        .dwtag  DW_TAG_TI_assign_register, DW_AT_name("ST1")
     213                      .dwattr $C$DW$12, DW_AT_location[DW_OP_reg24]
     214              $C$DW$13        .dwtag  DW_TAG_TI_assign_register, DW_AT_name("PC")
     215                      .dwattr $C$DW$13, DW_AT_location[DW_OP_reg25]
     216              $C$DW$14        .dwtag  DW_TAG_TI_assign_register, DW_AT_name("RPC")
     217                      .dwattr $C$DW$14, DW_AT_location[DW_OP_reg26]
     218              $C$DW$15        .dwtag  DW_TAG_TI_assign_register, DW_AT_name("FP")
     219                      .dwattr $C$DW$15, DW_AT_location[DW_OP_reg28]
     220              $C$DW$16        .dwtag  DW_TAG_TI_assign_register, DW_AT_name("DP")
     221                      .dwattr $C$DW$16, DW_AT_location[DW_OP_reg29]
     222              $C$DW$17        .dwtag  DW_TAG_TI_assign_register, DW_AT_name("SXM")
     223                      .dwattr $C$DW$17, DW_AT_location[DW_OP_reg30]
     224              $C$DW$18        .dwtag  DW_TAG_TI_assign_register, DW_AT_name("PM")
     225                      .dwattr $C$DW$18, DW_AT_location[DW_OP_reg31]
     226              $C$DW$19        .dwtag  DW_TAG_TI_assign_register, DW_AT_name("OVM")
     227                      .dwattr $C$DW$19, DW_AT_location[DW_OP_regx 0x20]
     228              $C$DW$20        .dwtag  DW_TAG_TI_assign_register, DW_AT_name("PAGE0")
     229                      .dwattr $C$DW$20, DW_AT_location[DW_OP_regx 0x21]
     230              $C$DW$21        .dwtag  DW_TAG_TI_assign_register, DW_AT_name("AMODE")
     231                      .dwattr $C$DW$21, DW_AT_location[DW_OP_regx 0x22]
     232              $C$DW$22        .dwtag  DW_TAG_TI_assign_register, DW_AT_name("INTM")
     233                      .dwattr $C$DW$22, DW_AT_location[DW_OP_regx 0x23]
     234              $C$DW$23        .dwtag  DW_TAG_TI_assign_register, DW_AT_name("IFR")
     235                      .dwattr $C$DW$23, DW_AT_location[DW_OP_regx 0x24]
     236              $C$DW$24        .dwtag  DW_TAG_TI_assign_register, DW_AT_name("IER")
     237                      .dwattr $C$DW$24, DW_AT_location[DW_OP_regx 0x25]
     238              $C$DW$25        .dwtag  DW_TAG_TI_assign_register, DW_AT_name("V")
     239                      .dwattr $C$DW$25, DW_AT_location[DW_OP_regx 0x26]
     240              $C$DW$26        .dwtag  DW_TAG_TI_assign_register, DW_AT_name("PSEUDO")
     241                      .dwattr $C$DW$26, DW_AT_location[DW_OP_regx 0x4b]
     242              $C$DW$27        .dwtag  DW_TAG_TI_assign_register, DW_AT_name("PSEUDOH")
     243                      .dwattr $C$DW$27, DW_AT_location[DW_OP_regx 0x4c]
     244              $C$DW$28        .dwtag  DW_TAG_TI_assign_register, DW_AT_name("VOL")
     245                      .dwattr $C$DW$28, DW_AT_location[DW_OP_regx 0x4d]
     246              $C$DW$29        .dwtag  DW_TAG_TI_assign_register, DW_AT_name("AR0")
     247                      .dwattr $C$DW$29, DW_AT_location[DW_OP_reg4]
     248              $C$DW$30        .dwtag  DW_TAG_TI_assign_register, DW_AT_name("AR1")
     249                      .dwattr $C$DW$30, DW_AT_location[DW_OP_reg6]
     250              $C$DW$31        .dwtag  DW_TAG_TI_assign_register, DW_AT_name("AR2")
     251                      .dwattr $C$DW$31, DW_AT_location[DW_OP_reg8]
     252              $C$DW$32        .dwtag  DW_TAG_TI_assign_register, DW_AT_name("AR3")
     253                      .dwattr $C$DW$32, DW_AT_location[DW_OP_reg10]
     254              $C$DW$33        .dwtag  DW_TAG_TI_assign_register, DW_AT_name("AR4")
     255                      .dwattr $C$DW$33, DW_AT_location[DW_OP_reg12]
     256              $C$DW$34        .dwtag  DW_TAG_TI_assign_register, DW_AT_name("AR5")
     257                      .dwattr $C$DW$34, DW_AT_location[DW_OP_reg14]
     258              $C$DW$35        .dwtag  DW_TAG_TI_assign_register, DW_AT_name("AR6")
     259                      .dwattr $C$DW$35, DW_AT_location[DW_OP_reg16]
     260              $C$DW$36        .dwtag  DW_TAG_TI_assign_register, DW_AT_name("XAR6")
     261                      .dwattr $C$DW$36, DW_AT_location[DW_OP_reg17]
     262              $C$DW$37        .dwtag  DW_TAG_TI_assign_register, DW_AT_name("AR7")
TMS320C2000 Assembler PC v6.2.9 Wed Apr 22 18:11:13 2015

Tools Copyright (c) 1996-2014 Texas Instruments Incorporated
C:\Users\a0272466\AppData\Local\Temp\0656010                         PAGE    6

     263                      .dwattr $C$DW$37, DW_AT_location[DW_OP_reg18]
     264              $C$DW$38        .dwtag  DW_TAG_TI_assign_register, DW_AT_name("XAR7")
     265                      .dwattr $C$DW$38, DW_AT_location[DW_OP_reg19]
     266              $C$DW$39        .dwtag  DW_TAG_TI_assign_register, DW_AT_name("XAR0")
     267                      .dwattr $C$DW$39, DW_AT_location[DW_OP_reg5]
     268              $C$DW$40        .dwtag  DW_TAG_TI_assign_register, DW_AT_name("XAR1")
     269                      .dwattr $C$DW$40, DW_AT_location[DW_OP_reg7]
     270              $C$DW$41        .dwtag  DW_TAG_TI_assign_register, DW_AT_name("XAR2")
     271                      .dwattr $C$DW$41, DW_AT_location[DW_OP_reg9]
     272              $C$DW$42        .dwtag  DW_TAG_TI_assign_register, DW_AT_name("XAR3")
     273                      .dwattr $C$DW$42, DW_AT_location[DW_OP_reg11]
     274              $C$DW$43        .dwtag  DW_TAG_TI_assign_register, DW_AT_name("XAR4")
     275                      .dwattr $C$DW$43, DW_AT_location[DW_OP_reg13]
     276              $C$DW$44        .dwtag  DW_TAG_TI_assign_register, DW_AT_name("XAR5")
     277                      .dwattr $C$DW$44, DW_AT_location[DW_OP_reg15]
     278              $C$DW$45        .dwtag  DW_TAG_TI_assign_register, DW_AT_name("R0HL")
     279                      .dwattr $C$DW$45, DW_AT_location[DW_OP_regx 0x2b]
     280              $C$DW$46        .dwtag  DW_TAG_TI_assign_register, DW_AT_name("R0H")
     281                      .dwattr $C$DW$46, DW_AT_location[DW_OP_regx 0x2c]
     282              $C$DW$47        .dwtag  DW_TAG_TI_assign_register, DW_AT_name("R1HL")
     283                      .dwattr $C$DW$47, DW_AT_location[DW_OP_regx 0x2f]
     284              $C$DW$48        .dwtag  DW_TAG_TI_assign_register, DW_AT_name("R1H")
     285                      .dwattr $C$DW$48, DW_AT_location[DW_OP_regx 0x30]
     286              $C$DW$49        .dwtag  DW_TAG_TI_assign_register, DW_AT_name("R2HL")
     287                      .dwattr $C$DW$49, DW_AT_location[DW_OP_regx 0x33]
     288              $C$DW$50        .dwtag  DW_TAG_TI_assign_register, DW_AT_name("R2H")
     289                      .dwattr $C$DW$50, DW_AT_location[DW_OP_regx 0x34]
     290              $C$DW$51        .dwtag  DW_TAG_TI_assign_register, DW_AT_name("R3HL")
     291                      .dwattr $C$DW$51, DW_AT_location[DW_OP_regx 0x37]
     292              $C$DW$52        .dwtag  DW_TAG_TI_assign_register, DW_AT_name("R3H")
     293                      .dwattr $C$DW$52, DW_AT_location[DW_OP_regx 0x38]
     294              $C$DW$53        .dwtag  DW_TAG_TI_assign_register, DW_AT_name("R4HL")
     295                      .dwattr $C$DW$53, DW_AT_location[DW_OP_regx 0x3b]
     296              $C$DW$54        .dwtag  DW_TAG_TI_assign_register, DW_AT_name("R4H")
     297                      .dwattr $C$DW$54, DW_AT_location[DW_OP_regx 0x3c]
     298              $C$DW$55        .dwtag  DW_TAG_TI_assign_register, DW_AT_name("R5HL")
     299                      .dwattr $C$DW$55, DW_AT_location[DW_OP_regx 0x3f]
     300              $C$DW$56        .dwtag  DW_TAG_TI_assign_register, DW_AT_name("R5H")
     301                      .dwattr $C$DW$56, DW_AT_location[DW_OP_regx 0x40]
     302              $C$DW$57        .dwtag  DW_TAG_TI_assign_register, DW_AT_name("R6HL")
     303                      .dwattr $C$DW$57, DW_AT_location[DW_OP_regx 0x43]
     304              $C$DW$58        .dwtag  DW_TAG_TI_assign_register, DW_AT_name("R6H")
     305                      .dwattr $C$DW$58, DW_AT_location[DW_OP_regx 0x44]
     306              $C$DW$59        .dwtag  DW_TAG_TI_assign_register, DW_AT_name("R7HL")
     307                      .dwattr $C$DW$59, DW_AT_location[DW_OP_regx 0x47]
     308              $C$DW$60        .dwtag  DW_TAG_TI_assign_register, DW_AT_name("R7H")
     309                      .dwattr $C$DW$60, DW_AT_location[DW_OP_regx 0x48]
     310              $C$DW$61        .dwtag  DW_TAG_TI_assign_register, DW_AT_name("RBL")
     311                      .dwattr $C$DW$61, DW_AT_location[DW_OP_regx 0x49]
     312              $C$DW$62        .dwtag  DW_TAG_TI_assign_register, DW_AT_name("RB")
     313                      .dwattr $C$DW$62, DW_AT_location[DW_OP_regx 0x4a]
     314              $C$DW$63        .dwtag  DW_TAG_TI_assign_register, DW_AT_name("STFL")
     315                      .dwattr $C$DW$63, DW_AT_location[DW_OP_regx 0x27]
     316              $C$DW$64        .dwtag  DW_TAG_TI_assign_register, DW_AT_name("STF")
     317                      .dwattr $C$DW$64, DW_AT_location[DW_OP_regx 0x28]
TMS320C2000 Assembler PC v6.2.9 Wed Apr 22 18:11:13 2015

Tools Copyright (c) 1996-2014 Texas Instruments Incorporated
C:\Users\a0272466\AppData\Local\Temp\0656010                         PAGE    7

     318              $C$DW$65        .dwtag  DW_TAG_TI_assign_register, DW_AT_name("FPUHAZ")
     319                      .dwattr $C$DW$65, DW_AT_location[DW_OP_reg27]
     320              $C$DW$66        .dwtag  DW_TAG_TI_assign_register, DW_AT_name("CIE_RETA")
     321                      .dwattr $C$DW$66, DW_AT_location[DW_OP_regx 0x4e]
     322                      .dwendtag $C$DW$CU
     323              

No Assembly Errors, No Assembly Warnings
