TMS320C2000 Assembler PC v6.4.4 Tue Feb 14 14:42:57 2017

Tools Copyright (c) 1996-2015 Texas Instruments Incorporated
C:\Users\a0221343\AppData\Local\Temp\0926010                         PAGE    1

       1              ;***************************************************************
       2              ;* TMS320C2000 C/C++ Codegen                         PC v6.4.4 *
       3              ;* Date/Time created: Tue Feb 14 14:42:57 2017                 *
       4              ;***************************************************************
       5                      .compiler_opts --cla_support=cla0 --float_support=fpu32 --hll_source=on --mem_model:code=flat --mem_m
       6        0002  FP      .set    XAR2
       7              
       8              $C$DW$CU        .dwtag  DW_TAG_compile_unit
       9                      .dwattr $C$DW$CU, DW_AT_name("C:/Users/a0221343/Git/bootROM/f28004x_bootrom/F28004x_ROM_dev_PG2.0/F28
      10                      .dwattr $C$DW$CU, DW_AT_producer("TI TMS320C2000 C/C++ Codegen PC v6.4.4 Copyright (c) 1996-2015 Texa
      11                      .dwattr $C$DW$CU, DW_AT_TI_version(0x01)
      12                      .dwattr $C$DW$CU, DW_AT_comp_dir("C:\Users\a0221343\Git\bootROM\f28004x_bootrom\F28004x_ROM_dev_PG2.0
      13              ;       C:\ti\ccsv6\tools\compiler\ti-cgt-c2000_6.4.4\bin\ac2000.exe -@C:\\Users\\a0221343\\AppData\\Local\\T
      14 00000000               .sect   ".text:_CMPSS_configFilterHigh"
      15                      .clink
      16                      .global _CMPSS_configFilterHigh
      17              
      18              $C$DW$1 .dwtag  DW_TAG_subprogram, DW_AT_name("CMPSS_configFilterHigh")
      19                      .dwattr $C$DW$1, DW_AT_low_pc(_CMPSS_configFilterHigh)
      20                      .dwattr $C$DW$1, DW_AT_high_pc(0x00)
      21                      .dwattr $C$DW$1, DW_AT_TI_symbol_name("_CMPSS_configFilterHigh")
      22                      .dwattr $C$DW$1, DW_AT_external
      23                      .dwattr $C$DW$1, DW_AT_TI_begin_file("C:/Users/a0221343/Git/bootROM/f28004x_bootrom/F28004x_ROM_dev_P
      24                      .dwattr $C$DW$1, DW_AT_TI_begin_line(0x15)
      25                      .dwattr $C$DW$1, DW_AT_TI_begin_column(0x01)
      26                      .dwattr $C$DW$1, DW_AT_TI_max_frame_size(-6)
      27                      .dwpsn  file "C:/Users/a0221343/Git/bootROM/f28004x_bootrom/F28004x_ROM_dev_PG2.0/F28004x_ROM/driverl
      28              
      29                      .dwfde $C$DW$CIE, _CMPSS_configFilterHigh
      30              $C$DW$2 .dwtag  DW_TAG_formal_parameter, DW_AT_name("base")
      31                      .dwattr $C$DW$2, DW_AT_TI_symbol_name("_base")
      32                      .dwattr $C$DW$2, DW_AT_type(*$C$DW$T$19)
      33                      .dwattr $C$DW$2, DW_AT_location[DW_OP_reg0]
      34              $C$DW$3 .dwtag  DW_TAG_formal_parameter, DW_AT_name("samplePrescale")
      35                      .dwattr $C$DW$3, DW_AT_TI_symbol_name("_samplePrescale")
      36                      .dwattr $C$DW$3, DW_AT_type(*$C$DW$T$19)
      37                      .dwattr $C$DW$3, DW_AT_location[DW_OP_breg20 -8]
      38              $C$DW$4 .dwtag  DW_TAG_formal_parameter, DW_AT_name("sampleWindow")
      39                      .dwattr $C$DW$4, DW_AT_TI_symbol_name("_sampleWindow")
      40                      .dwattr $C$DW$4, DW_AT_type(*$C$DW$T$19)
      41                      .dwattr $C$DW$4, DW_AT_location[DW_OP_breg20 -10]
      42              $C$DW$5 .dwtag  DW_TAG_formal_parameter, DW_AT_name("threshold")
      43                      .dwattr $C$DW$5, DW_AT_TI_symbol_name("_threshold")
      44                      .dwattr $C$DW$5, DW_AT_type(*$C$DW$T$19)
      45                      .dwattr $C$DW$5, DW_AT_location[DW_OP_breg20 -12]
      46              
      47              ;***************************************************************
      48              ;* FNAME: _CMPSS_configFilterHigh       FR SIZE:   4           *
      49              ;*                                                             *
      50              ;* FUNCTION ENVIRONMENT                                        *
      51              ;*                                                             *
      52              ;* FUNCTION PROPERTIES                                         *
      53              ;*                            0 Parameter,  4 Auto,  0 SOE     *
      54              ;***************************************************************
      55              
TMS320C2000 Assembler PC v6.4.4 Tue Feb 14 14:42:57 2017

Tools Copyright (c) 1996-2015 Texas Instruments Incorporated
C:\Users\a0221343\AppData\Local\Temp\0926010                         PAGE    2

      56 00000000       _CMPSS_configFilterHigh:
      57                      .dwcfi  cfa_offset, -2
      58                      .dwcfi  save_reg_to_mem, 26, 0
      59 00000000 FE04          ADDB      SP,#4                 ; [CPU_U] 
      60                      .dwcfi  cfa_offset, -6
      61              $C$DW$6 .dwtag  DW_TAG_variable, DW_AT_name("base")
      62                      .dwattr $C$DW$6, DW_AT_TI_symbol_name("_base")
      63                      .dwattr $C$DW$6, DW_AT_type(*$C$DW$T$19)
      64                      .dwattr $C$DW$6, DW_AT_location[DW_OP_breg20 -2]
      65              $C$DW$7 .dwtag  DW_TAG_variable, DW_AT_name("regValue")
      66                      .dwattr $C$DW$7, DW_AT_TI_symbol_name("_regValue")
      67                      .dwattr $C$DW$7, DW_AT_type(*$C$DW$T$19)
      68                      .dwattr $C$DW$7, DW_AT_location[DW_OP_breg20 -4]
      69 00000001 1E42          MOVL      *-SP[2],ACC           ; [CPU_] |23| 
      70                      .dwpsn  file "C:/Users/a0221343/Git/bootROM/f28004x_bootrom/F28004x_ROM_dev_PG2.0/F28004x_ROM/driverl
      71 00000002 7622   EALLOW
      72                      .dwpsn  file "C:/Users/a0221343/Git/bootROM/f28004x_bootrom/F28004x_ROM_dev_PG2.0/F28004x_ROM/driverl
      73 00000003 064C          MOVL      ACC,*-SP[12]          ; [CPU_] |40| 
      74 00000004 1901          SUBB      ACC,#1                ; [CPU_] |40| 
      75 00000005 FF38          LSL       ACC,9                 ; [CPU_] |40| 
      76 00000006 FF5A          MOVL      P,ACC                 ; [CPU_] |40| 
      77 00000007 064A          MOVL      ACC,*-SP[10]          ; [CPU_] |40| 
      78 00000008 1901          SUBB      ACC,#1                ; [CPU_] |40| 
      79 00000009 FF33          LSL       ACC,4                 ; [CPU_] |40| 
      80 0000000a CAAB          OR        AL,PL                 ; [CPU_] |40| 
      81 0000000b CBAA          OR        AH,PH                 ; [CPU_] |40| 
      82 0000000c 1E44          MOVL      *-SP[4],ACC           ; [CPU_] |40| 
      83                      .dwpsn  file "C:/Users/a0221343/Git/bootROM/f28004x_bootrom/F28004x_ROM_dev_PG2.0/F28004x_ROM/driverl
      84 0000000d 0218          MOVB      ACC,#24               ; [CPU_] |43| 
      85 0000000e 0742          ADDL      ACC,*-SP[2]           ; [CPU_] |43| 
      86 0000000f 8AA9          MOVL      XAR4,ACC              ; [CPU_] |43| 
      87 00000010 CCC4          AND       AL,*+XAR4[0],#0xc00f  ; [CPU_] |43| 
         00000011 C00F 
      88 00000012 CA44          OR        AL,*-SP[4]            ; [CPU_] |43| 
      89 00000013 88A9          MOVZ      AR6,AL                ; [CPU_] |43| 
      90 00000014 0218          MOVB      ACC,#24               ; [CPU_] |43| 
      91 00000015 0742          ADDL      ACC,*-SP[2]           ; [CPU_] |43| 
      92 00000016 8AA9          MOVL      XAR4,ACC              ; [CPU_] |43| 
      93 00000017 7EC4          MOV       *+XAR4[0],AR6         ; [CPU_] |43| 
      94                      .dwpsn  file "C:/Users/a0221343/Git/bootROM/f28004x_bootrom/F28004x_ROM_dev_PG2.0/F28004x_ROM/driverl
      95 00000018 8848          MOVZ      AR6,*-SP[8]           ; [CPU_] |51| 
      96 00000019 0219          MOVB      ACC,#25               ; [CPU_] |51| 
      97 0000001a 0742          ADDL      ACC,*-SP[2]           ; [CPU_] |51| 
      98 0000001b 8AA9          MOVL      XAR4,ACC              ; [CPU_] |51| 
      99 0000001c 7EC4          MOV       *+XAR4[0],AR6         ; [CPU_] |51| 
     100                      .dwpsn  file "C:/Users/a0221343/Git/bootROM/f28004x_bootrom/F28004x_ROM_dev_PG2.0/F28004x_ROM/driverl
     101 0000001d 761A   EDIS
     102                      .dwpsn  file "C:/Users/a0221343/Git/bootROM/f28004x_bootrom/F28004x_ROM_dev_PG2.0/F28004x_ROM/driverl
     103 0000001e FF69          SPM       #0                    ; [CPU_] 
     104 0000001f FE84          SUBB      SP,#4                 ; [CPU_U] 
     105                      .dwcfi  cfa_offset, -2
     106              $C$DW$8 .dwtag  DW_TAG_TI_branch
     107                      .dwattr $C$DW$8, DW_AT_low_pc(0x00)
     108                      .dwattr $C$DW$8, DW_AT_TI_return
     109 00000020 0006          LRETR     ; [CPU_] 
TMS320C2000 Assembler PC v6.4.4 Tue Feb 14 14:42:57 2017

Tools Copyright (c) 1996-2015 Texas Instruments Incorporated
C:\Users\a0221343\AppData\Local\Temp\0926010                         PAGE    3

     110                      ; return occurs ; [] 
     111                      .dwattr $C$DW$1, DW_AT_TI_end_file("C:/Users/a0221343/Git/bootROM/f28004x_bootrom/F28004x_ROM_dev_PG2
     112                      .dwattr $C$DW$1, DW_AT_TI_end_line(0x36)
     113                      .dwattr $C$DW$1, DW_AT_TI_end_column(0x01)
     114                      .dwendentry
     115                      .dwendtag $C$DW$1
     116              
     117 00000000               .sect   ".text:_CMPSS_configFilterLow"
     118                      .clink
     119                      .global _CMPSS_configFilterLow
     120              
     121              $C$DW$9 .dwtag  DW_TAG_subprogram, DW_AT_name("CMPSS_configFilterLow")
     122                      .dwattr $C$DW$9, DW_AT_low_pc(_CMPSS_configFilterLow)
     123                      .dwattr $C$DW$9, DW_AT_high_pc(0x00)
     124                      .dwattr $C$DW$9, DW_AT_TI_symbol_name("_CMPSS_configFilterLow")
     125                      .dwattr $C$DW$9, DW_AT_external
     126                      .dwattr $C$DW$9, DW_AT_TI_begin_file("C:/Users/a0221343/Git/bootROM/f28004x_bootrom/F28004x_ROM_dev_P
     127                      .dwattr $C$DW$9, DW_AT_TI_begin_line(0x3e)
     128                      .dwattr $C$DW$9, DW_AT_TI_begin_column(0x01)
     129                      .dwattr $C$DW$9, DW_AT_TI_max_frame_size(-6)
     130                      .dwpsn  file "C:/Users/a0221343/Git/bootROM/f28004x_bootrom/F28004x_ROM_dev_PG2.0/F28004x_ROM/driverl
     131              
     132                      .dwfde $C$DW$CIE, _CMPSS_configFilterLow
     133              $C$DW$10        .dwtag  DW_TAG_formal_parameter, DW_AT_name("base")
     134                      .dwattr $C$DW$10, DW_AT_TI_symbol_name("_base")
     135                      .dwattr $C$DW$10, DW_AT_type(*$C$DW$T$19)
     136                      .dwattr $C$DW$10, DW_AT_location[DW_OP_reg0]
     137              $C$DW$11        .dwtag  DW_TAG_formal_parameter, DW_AT_name("samplePrescale")
     138                      .dwattr $C$DW$11, DW_AT_TI_symbol_name("_samplePrescale")
     139                      .dwattr $C$DW$11, DW_AT_type(*$C$DW$T$19)
     140                      .dwattr $C$DW$11, DW_AT_location[DW_OP_breg20 -8]
     141              $C$DW$12        .dwtag  DW_TAG_formal_parameter, DW_AT_name("sampleWindow")
     142                      .dwattr $C$DW$12, DW_AT_TI_symbol_name("_sampleWindow")
     143                      .dwattr $C$DW$12, DW_AT_type(*$C$DW$T$19)
     144                      .dwattr $C$DW$12, DW_AT_location[DW_OP_breg20 -10]
     145              $C$DW$13        .dwtag  DW_TAG_formal_parameter, DW_AT_name("threshold")
     146                      .dwattr $C$DW$13, DW_AT_TI_symbol_name("_threshold")
     147                      .dwattr $C$DW$13, DW_AT_type(*$C$DW$T$19)
     148                      .dwattr $C$DW$13, DW_AT_location[DW_OP_breg20 -12]
     149              
     150              ;***************************************************************
     151              ;* FNAME: _CMPSS_configFilterLow        FR SIZE:   4           *
     152              ;*                                                             *
     153              ;* FUNCTION ENVIRONMENT                                        *
     154              ;*                                                             *
     155              ;* FUNCTION PROPERTIES                                         *
     156              ;*                            0 Parameter,  4 Auto,  0 SOE     *
     157              ;***************************************************************
     158              
     159 00000000       _CMPSS_configFilterLow:
     160                      .dwcfi  cfa_offset, -2
     161                      .dwcfi  save_reg_to_mem, 26, 0
     162 00000000 FE04          ADDB      SP,#4                 ; [CPU_U] 
     163                      .dwcfi  cfa_offset, -6
     164              $C$DW$14        .dwtag  DW_TAG_variable, DW_AT_name("base")
TMS320C2000 Assembler PC v6.4.4 Tue Feb 14 14:42:57 2017

Tools Copyright (c) 1996-2015 Texas Instruments Incorporated
C:\Users\a0221343\AppData\Local\Temp\0926010                         PAGE    4

     165                      .dwattr $C$DW$14, DW_AT_TI_symbol_name("_base")
     166                      .dwattr $C$DW$14, DW_AT_type(*$C$DW$T$19)
     167                      .dwattr $C$DW$14, DW_AT_location[DW_OP_breg20 -2]
     168              $C$DW$15        .dwtag  DW_TAG_variable, DW_AT_name("regValue")
     169                      .dwattr $C$DW$15, DW_AT_TI_symbol_name("_regValue")
     170                      .dwattr $C$DW$15, DW_AT_type(*$C$DW$T$19)
     171                      .dwattr $C$DW$15, DW_AT_location[DW_OP_breg20 -4]
     172 00000001 1E42          MOVL      *-SP[2],ACC           ; [CPU_] |64| 
     173                      .dwpsn  file "C:/Users/a0221343/Git/bootROM/f28004x_bootrom/F28004x_ROM_dev_PG2.0/F28004x_ROM/driverl
     174 00000002 7622   EALLOW
     175                      .dwpsn  file "C:/Users/a0221343/Git/bootROM/f28004x_bootrom/F28004x_ROM_dev_PG2.0/F28004x_ROM/driverl
     176 00000003 064C          MOVL      ACC,*-SP[12]          ; [CPU_] |81| 
     177 00000004 1901          SUBB      ACC,#1                ; [CPU_] |81| 
     178 00000005 FF38          LSL       ACC,9                 ; [CPU_] |81| 
     179 00000006 FF5A          MOVL      P,ACC                 ; [CPU_] |81| 
     180 00000007 064A          MOVL      ACC,*-SP[10]          ; [CPU_] |81| 
     181 00000008 1901          SUBB      ACC,#1                ; [CPU_] |81| 
     182 00000009 FF33          LSL       ACC,4                 ; [CPU_] |81| 
     183 0000000a CAAB          OR        AL,PL                 ; [CPU_] |81| 
     184 0000000b CBAA          OR        AH,PH                 ; [CPU_] |81| 
     185 0000000c 1E44          MOVL      *-SP[4],ACC           ; [CPU_] |81| 
     186                      .dwpsn  file "C:/Users/a0221343/Git/bootROM/f28004x_bootrom/F28004x_ROM_dev_PG2.0/F28004x_ROM/driverl
     187 0000000d 0216          MOVB      ACC,#22               ; [CPU_] |84| 
     188 0000000e 0742          ADDL      ACC,*-SP[2]           ; [CPU_] |84| 
     189 0000000f 8AA9          MOVL      XAR4,ACC              ; [CPU_] |84| 
     190 00000010 CCC4          AND       AL,*+XAR4[0],#0xc00f  ; [CPU_] |84| 
         00000011 C00F 
     191 00000012 CA44          OR        AL,*-SP[4]            ; [CPU_] |84| 
     192 00000013 88A9          MOVZ      AR6,AL                ; [CPU_] |84| 
     193 00000014 0216          MOVB      ACC,#22               ; [CPU_] |84| 
     194 00000015 0742          ADDL      ACC,*-SP[2]           ; [CPU_] |84| 
     195 00000016 8AA9          MOVL      XAR4,ACC              ; [CPU_] |84| 
     196 00000017 7EC4          MOV       *+XAR4[0],AR6         ; [CPU_] |84| 
     197                      .dwpsn  file "C:/Users/a0221343/Git/bootROM/f28004x_bootrom/F28004x_ROM_dev_PG2.0/F28004x_ROM/driverl
     198 00000018 8848          MOVZ      AR6,*-SP[8]           ; [CPU_] |92| 
     199 00000019 0217          MOVB      ACC,#23               ; [CPU_] |92| 
     200 0000001a 0742          ADDL      ACC,*-SP[2]           ; [CPU_] |92| 
     201 0000001b 8AA9          MOVL      XAR4,ACC              ; [CPU_] |92| 
     202 0000001c 7EC4          MOV       *+XAR4[0],AR6         ; [CPU_] |92| 
     203                      .dwpsn  file "C:/Users/a0221343/Git/bootROM/f28004x_bootrom/F28004x_ROM_dev_PG2.0/F28004x_ROM/driverl
     204 0000001d 761A   EDIS
     205                      .dwpsn  file "C:/Users/a0221343/Git/bootROM/f28004x_bootrom/F28004x_ROM_dev_PG2.0/F28004x_ROM/driverl
     206 0000001e FF69          SPM       #0                    ; [CPU_] 
     207 0000001f FE84          SUBB      SP,#4                 ; [CPU_U] 
     208                      .dwcfi  cfa_offset, -2
     209              $C$DW$16        .dwtag  DW_TAG_TI_branch
     210                      .dwattr $C$DW$16, DW_AT_low_pc(0x00)
     211                      .dwattr $C$DW$16, DW_AT_TI_return
     212 00000020 0006          LRETR     ; [CPU_] 
     213                      ; return occurs ; [] 
     214                      .dwattr $C$DW$9, DW_AT_TI_end_file("C:/Users/a0221343/Git/bootROM/f28004x_bootrom/F28004x_ROM_dev_PG2
     215                      .dwattr $C$DW$9, DW_AT_TI_end_line(0x5f)
     216                      .dwattr $C$DW$9, DW_AT_TI_end_column(0x01)
     217                      .dwendentry
     218                      .dwendtag $C$DW$9
TMS320C2000 Assembler PC v6.4.4 Tue Feb 14 14:42:57 2017

Tools Copyright (c) 1996-2015 Texas Instruments Incorporated
C:\Users\a0221343\AppData\Local\Temp\0926010                         PAGE    5

     219              
     220 00000000               .sect   ".text:_CMPSS_configLatchOnPWMSYNC"
     221                      .clink
     222                      .global _CMPSS_configLatchOnPWMSYNC
     223              
     224              $C$DW$17        .dwtag  DW_TAG_subprogram, DW_AT_name("CMPSS_configLatchOnPWMSYNC")
     225                      .dwattr $C$DW$17, DW_AT_low_pc(_CMPSS_configLatchOnPWMSYNC)
     226                      .dwattr $C$DW$17, DW_AT_high_pc(0x00)
     227                      .dwattr $C$DW$17, DW_AT_TI_symbol_name("_CMPSS_configLatchOnPWMSYNC")
     228                      .dwattr $C$DW$17, DW_AT_external
     229                      .dwattr $C$DW$17, DW_AT_TI_begin_file("C:/Users/a0221343/Git/bootROM/f28004x_bootrom/F28004x_ROM_dev_
     230                      .dwattr $C$DW$17, DW_AT_TI_begin_line(0x67)
     231                      .dwattr $C$DW$17, DW_AT_TI_begin_column(0x01)
     232                      .dwattr $C$DW$17, DW_AT_TI_max_frame_size(-6)
     233                      .dwpsn  file "C:/Users/a0221343/Git/bootROM/f28004x_bootrom/F28004x_ROM_dev_PG2.0/F28004x_ROM/driverl
     234              
     235                      .dwfde $C$DW$CIE, _CMPSS_configLatchOnPWMSYNC
     236              $C$DW$18        .dwtag  DW_TAG_formal_parameter, DW_AT_name("base")
     237                      .dwattr $C$DW$18, DW_AT_TI_symbol_name("_base")
     238                      .dwattr $C$DW$18, DW_AT_type(*$C$DW$T$19)
     239                      .dwattr $C$DW$18, DW_AT_location[DW_OP_reg0]
     240              $C$DW$19        .dwtag  DW_TAG_formal_parameter, DW_AT_name("highEnable")
     241                      .dwattr $C$DW$19, DW_AT_TI_symbol_name("_highEnable")
     242                      .dwattr $C$DW$19, DW_AT_type(*$C$DW$T$21)
     243                      .dwattr $C$DW$19, DW_AT_location[DW_OP_reg12]
     244              $C$DW$20        .dwtag  DW_TAG_formal_parameter, DW_AT_name("lowEnable")
     245                      .dwattr $C$DW$20, DW_AT_TI_symbol_name("_lowEnable")
     246                      .dwattr $C$DW$20, DW_AT_type(*$C$DW$T$21)
     247                      .dwattr $C$DW$20, DW_AT_location[DW_OP_reg14]
     248              
     249              ;***************************************************************
     250              ;* FNAME: _CMPSS_configLatchOnPWMSYNC   FR SIZE:   4           *
     251              ;*                                                             *
     252              ;* FUNCTION ENVIRONMENT                                        *
     253              ;*                                                             *
     254              ;* FUNCTION PROPERTIES                                         *
     255              ;*                            0 Parameter,  4 Auto,  0 SOE     *
     256              ;***************************************************************
     257              
     258 00000000       _CMPSS_configLatchOnPWMSYNC:
     259                      .dwcfi  cfa_offset, -2
     260                      .dwcfi  save_reg_to_mem, 26, 0
     261 00000000 FE04          ADDB      SP,#4                 ; [CPU_U] 
     262                      .dwcfi  cfa_offset, -6
     263              $C$DW$21        .dwtag  DW_TAG_variable, DW_AT_name("base")
     264                      .dwattr $C$DW$21, DW_AT_TI_symbol_name("_base")
     265                      .dwattr $C$DW$21, DW_AT_type(*$C$DW$T$19)
     266                      .dwattr $C$DW$21, DW_AT_location[DW_OP_breg20 -2]
     267              $C$DW$22        .dwtag  DW_TAG_variable, DW_AT_name("highEnable")
     268                      .dwattr $C$DW$22, DW_AT_TI_symbol_name("_highEnable")
     269                      .dwattr $C$DW$22, DW_AT_type(*$C$DW$T$21)
     270                      .dwattr $C$DW$22, DW_AT_location[DW_OP_breg20 -3]
     271              $C$DW$23        .dwtag  DW_TAG_variable, DW_AT_name("lowEnable")
     272                      .dwattr $C$DW$23, DW_AT_TI_symbol_name("_lowEnable")
     273                      .dwattr $C$DW$23, DW_AT_type(*$C$DW$T$21)
TMS320C2000 Assembler PC v6.4.4 Tue Feb 14 14:42:57 2017

Tools Copyright (c) 1996-2015 Texas Instruments Incorporated
C:\Users\a0221343\AppData\Local\Temp\0926010                         PAGE    6

     274                      .dwattr $C$DW$23, DW_AT_location[DW_OP_breg20 -4]
     275 00000001 7D44          MOV       *-SP[4],AR5           ; [CPU_] |104| 
     276 00000002 7C43          MOV       *-SP[3],AR4           ; [CPU_] |104| 
     277 00000003 1E42          MOVL      *-SP[2],ACC           ; [CPU_] |104| 
     278                      .dwpsn  file "C:/Users/a0221343/Git/bootROM/f28004x_bootrom/F28004x_ROM_dev_PG2.0/F28004x_ROM/driverl
     279 00000004 7622   EALLOW
     280                      .dwpsn  file "C:/Users/a0221343/Git/bootROM/f28004x_bootrom/F28004x_ROM_dev_PG2.0/F28004x_ROM/driverl
     281 00000005 9243          MOV       AL,*-SP[3]            ; [CPU_] |116| 
     282 00000006 EC07          BF        $C$L1,EQ              ; [CPU_] |116| 
     283                      ; branchcc occurs ; [] |116| 
     284                      .dwpsn  file "C:/Users/a0221343/Git/bootROM/f28004x_bootrom/F28004x_ROM_dev_PG2.0/F28004x_ROM/driverl
     285 00000007 0203          MOVB      ACC,#3                ; [CPU_] |118| 
     286 00000008 0742          ADDL      ACC,*-SP[2]           ; [CPU_] |118| 
     287 00000009 8AA9          MOVL      XAR4,ACC              ; [CPU_] |118| 
     288 0000000a 1AC4          OR        *+XAR4[0],#0x0004     ; [CPU_] |118| 
         0000000b 0004 
     289                      .dwpsn  file "C:/Users/a0221343/Git/bootROM/f28004x_bootrom/F28004x_ROM_dev_PG2.0/F28004x_ROM/driverl
     290 0000000c 6F06          B         $C$L2,UNC             ; [CPU_] |119| 
     291                      ; branch occurs ; [] |119| 
     292 0000000d       $C$L1:    
     293                      .dwpsn  file "C:/Users/a0221343/Git/bootROM/f28004x_bootrom/F28004x_ROM_dev_PG2.0/F28004x_ROM/driverl
     294 0000000d 0203          MOVB      ACC,#3                ; [CPU_] |122| 
     295 0000000e 0742          ADDL      ACC,*-SP[2]           ; [CPU_] |122| 
     296 0000000f 8AA9          MOVL      XAR4,ACC              ; [CPU_] |122| 
     297 00000010 18C4          AND       *+XAR4[0],#0xfffb     ; [CPU_] |122| 
         00000011 FFFB 
     298 00000012       $C$L2:    
     299                      .dwpsn  file "C:/Users/a0221343/Git/bootROM/f28004x_bootrom/F28004x_ROM_dev_PG2.0/F28004x_ROM/driverl
     300 00000012 9244          MOV       AL,*-SP[4]            ; [CPU_] |129| 
     301 00000013 EC07          BF        $C$L3,EQ              ; [CPU_] |129| 
     302                      ; branchcc occurs ; [] |129| 
     303                      .dwpsn  file "C:/Users/a0221343/Git/bootROM/f28004x_bootrom/F28004x_ROM_dev_PG2.0/F28004x_ROM/driverl
     304 00000014 0203          MOVB      ACC,#3                ; [CPU_] |131| 
     305 00000015 0742          ADDL      ACC,*-SP[2]           ; [CPU_] |131| 
     306 00000016 8AA9          MOVL      XAR4,ACC              ; [CPU_] |131| 
     307 00000017 1AC4          OR        *+XAR4[0],#0x0400     ; [CPU_] |131| 
         00000018 0400 
     308                      .dwpsn  file "C:/Users/a0221343/Git/bootROM/f28004x_bootrom/F28004x_ROM_dev_PG2.0/F28004x_ROM/driverl
     309 00000019 6F06          B         $C$L4,UNC             ; [CPU_] |132| 
     310                      ; branch occurs ; [] |132| 
     311 0000001a       $C$L3:    
     312                      .dwpsn  file "C:/Users/a0221343/Git/bootROM/f28004x_bootrom/F28004x_ROM_dev_PG2.0/F28004x_ROM/driverl
     313 0000001a 0203          MOVB      ACC,#3                ; [CPU_] |135| 
     314 0000001b 0742          ADDL      ACC,*-SP[2]           ; [CPU_] |135| 
     315 0000001c 8AA9          MOVL      XAR4,ACC              ; [CPU_] |135| 
     316 0000001d 18C4          AND       *+XAR4[0],#0xfbff     ; [CPU_] |135| 
         0000001e FBFF 
     317 0000001f       $C$L4:    
     318                      .dwpsn  file "C:/Users/a0221343/Git/bootROM/f28004x_bootrom/F28004x_ROM_dev_PG2.0/F28004x_ROM/driverl
     319 0000001f 761A   EDIS
     320                      .dwpsn  file "C:/Users/a0221343/Git/bootROM/f28004x_bootrom/F28004x_ROM_dev_PG2.0/F28004x_ROM/driverl
     321 00000020 FE84          SUBB      SP,#4                 ; [CPU_U] 
     322                      .dwcfi  cfa_offset, -2
     323 00000021 FF69          SPM       #0                    ; [CPU_] 
     324              $C$DW$24        .dwtag  DW_TAG_TI_branch
TMS320C2000 Assembler PC v6.4.4 Tue Feb 14 14:42:57 2017

Tools Copyright (c) 1996-2015 Texas Instruments Incorporated
C:\Users\a0221343\AppData\Local\Temp\0926010                         PAGE    7

     325                      .dwattr $C$DW$24, DW_AT_low_pc(0x00)
     326                      .dwattr $C$DW$24, DW_AT_TI_return
     327 00000022 0006          LRETR     ; [CPU_] 
     328                      ; return occurs ; [] 
     329                      .dwattr $C$DW$17, DW_AT_TI_end_file("C:/Users/a0221343/Git/bootROM/f28004x_bootrom/F28004x_ROM_dev_PG
     330                      .dwattr $C$DW$17, DW_AT_TI_end_line(0x8b)
     331                      .dwattr $C$DW$17, DW_AT_TI_end_column(0x01)
     332                      .dwendentry
     333                      .dwendtag $C$DW$17
     334              
     335 00000000               .sect   ".text:_CMPSS_configRamp"
     336                      .clink
     337                      .global _CMPSS_configRamp
     338              
     339              $C$DW$25        .dwtag  DW_TAG_subprogram, DW_AT_name("CMPSS_configRamp")
     340                      .dwattr $C$DW$25, DW_AT_low_pc(_CMPSS_configRamp)
     341                      .dwattr $C$DW$25, DW_AT_high_pc(0x00)
     342                      .dwattr $C$DW$25, DW_AT_TI_symbol_name("_CMPSS_configRamp")
     343                      .dwattr $C$DW$25, DW_AT_external
     344                      .dwattr $C$DW$25, DW_AT_TI_begin_file("C:/Users/a0221343/Git/bootROM/f28004x_bootrom/F28004x_ROM_dev_
     345                      .dwattr $C$DW$25, DW_AT_TI_begin_line(0x93)
     346                      .dwattr $C$DW$25, DW_AT_TI_begin_column(0x01)
     347                      .dwattr $C$DW$25, DW_AT_TI_max_frame_size(-6)
     348                      .dwpsn  file "C:/Users/a0221343/Git/bootROM/f28004x_bootrom/F28004x_ROM_dev_PG2.0/F28004x_ROM/driverl
     349              
     350                      .dwfde $C$DW$CIE, _CMPSS_configRamp
     351              $C$DW$26        .dwtag  DW_TAG_formal_parameter, DW_AT_name("base")
     352                      .dwattr $C$DW$26, DW_AT_TI_symbol_name("_base")
     353                      .dwattr $C$DW$26, DW_AT_type(*$C$DW$T$19)
     354                      .dwattr $C$DW$26, DW_AT_location[DW_OP_reg0]
     355              $C$DW$27        .dwtag  DW_TAG_formal_parameter, DW_AT_name("maxRampVal")
     356                      .dwattr $C$DW$27, DW_AT_TI_symbol_name("_maxRampVal")
     357                      .dwattr $C$DW$27, DW_AT_type(*$C$DW$T$23)
     358                      .dwattr $C$DW$27, DW_AT_location[DW_OP_reg12]
     359              $C$DW$28        .dwtag  DW_TAG_formal_parameter, DW_AT_name("decrementVal")
     360                      .dwattr $C$DW$28, DW_AT_TI_symbol_name("_decrementVal")
     361                      .dwattr $C$DW$28, DW_AT_type(*$C$DW$T$23)
     362                      .dwattr $C$DW$28, DW_AT_location[DW_OP_reg14]
     363              $C$DW$29        .dwtag  DW_TAG_formal_parameter, DW_AT_name("delayVal")
     364                      .dwattr $C$DW$29, DW_AT_TI_symbol_name("_delayVal")
     365                      .dwattr $C$DW$29, DW_AT_type(*$C$DW$T$23)
     366                      .dwattr $C$DW$29, DW_AT_location[DW_OP_breg20 -7]
     367              $C$DW$30        .dwtag  DW_TAG_formal_parameter, DW_AT_name("pwmSyncSrc")
     368                      .dwattr $C$DW$30, DW_AT_TI_symbol_name("_pwmSyncSrc")
     369                      .dwattr $C$DW$30, DW_AT_type(*$C$DW$T$23)
     370                      .dwattr $C$DW$30, DW_AT_location[DW_OP_breg20 -8]
     371              $C$DW$31        .dwtag  DW_TAG_formal_parameter, DW_AT_name("useRampValShdw")
     372                      .dwattr $C$DW$31, DW_AT_TI_symbol_name("_useRampValShdw")
     373                      .dwattr $C$DW$31, DW_AT_type(*$C$DW$T$21)
     374                      .dwattr $C$DW$31, DW_AT_location[DW_OP_breg20 -9]
     375              
     376              ;***************************************************************
     377              ;* FNAME: _CMPSS_configRamp             FR SIZE:   4           *
     378              ;*                                                             *
     379              ;* FUNCTION ENVIRONMENT                                        *
TMS320C2000 Assembler PC v6.4.4 Tue Feb 14 14:42:57 2017

Tools Copyright (c) 1996-2015 Texas Instruments Incorporated
C:\Users\a0221343\AppData\Local\Temp\0926010                         PAGE    8

     380              ;*                                                             *
     381              ;* FUNCTION PROPERTIES                                         *
     382              ;*                            0 Parameter,  4 Auto,  0 SOE     *
     383              ;***************************************************************
     384              
     385 00000000       _CMPSS_configRamp:
     386                      .dwcfi  cfa_offset, -2
     387                      .dwcfi  save_reg_to_mem, 26, 0
     388 00000000 FE04          ADDB      SP,#4                 ; [CPU_U] 
     389                      .dwcfi  cfa_offset, -6
     390              $C$DW$32        .dwtag  DW_TAG_variable, DW_AT_name("base")
     391                      .dwattr $C$DW$32, DW_AT_TI_symbol_name("_base")
     392                      .dwattr $C$DW$32, DW_AT_type(*$C$DW$T$19)
     393                      .dwattr $C$DW$32, DW_AT_location[DW_OP_breg20 -2]
     394              $C$DW$33        .dwtag  DW_TAG_variable, DW_AT_name("maxRampVal")
     395                      .dwattr $C$DW$33, DW_AT_TI_symbol_name("_maxRampVal")
     396                      .dwattr $C$DW$33, DW_AT_type(*$C$DW$T$23)
     397                      .dwattr $C$DW$33, DW_AT_location[DW_OP_breg20 -3]
     398              $C$DW$34        .dwtag  DW_TAG_variable, DW_AT_name("decrementVal")
     399                      .dwattr $C$DW$34, DW_AT_TI_symbol_name("_decrementVal")
     400                      .dwattr $C$DW$34, DW_AT_type(*$C$DW$T$23)
     401                      .dwattr $C$DW$34, DW_AT_location[DW_OP_breg20 -4]
     402 00000001 7D44          MOV       *-SP[4],AR5           ; [CPU_] |149| 
     403 00000002 7C43          MOV       *-SP[3],AR4           ; [CPU_] |149| 
     404 00000003 1E42          MOVL      *-SP[2],ACC           ; [CPU_] |149| 
     405                      .dwpsn  file "C:/Users/a0221343/Git/bootROM/f28004x_bootrom/F28004x_ROM_dev_PG2.0/F28004x_ROM/driverl
     406 00000004 9248          MOV       AL,*-SP[8]            ; [CPU_] |160| 
     407 00000005 9CFF          ADDB      AL,#-1                ; [CPU_] |160| 
     408 00000006 5603          MOV       ACC,AL << #1          ; [CPU_] |160| 
         00000007 01A9 
     409 00000008 9648          MOV       *-SP[8],AL            ; [CPU_] |160| 
     410                      .dwpsn  file "C:/Users/a0221343/Git/bootROM/f28004x_bootrom/F28004x_ROM_dev_PG2.0/F28004x_ROM/driverl
     411 00000009 7622   EALLOW
     412                      .dwpsn  file "C:/Users/a0221343/Git/bootROM/f28004x_bootrom/F28004x_ROM_dev_PG2.0/F28004x_ROM/driverl
     413 0000000a 8A42          MOVL      XAR4,*-SP[2]          ; [CPU_] |167| 
     414 0000000b CCE4          AND       AL,*+XAR4[4],#0xffe1  ; [CPU_] |167| 
         0000000c FFE1 
     415 0000000d CA48          OR        AL,*-SP[8]            ; [CPU_] |167| 
     416 0000000e 96E4          MOV       *+XAR4[4],AL          ; [CPU_] |167| 
     417                      .dwpsn  file "C:/Users/a0221343/Git/bootROM/f28004x_bootrom/F28004x_ROM_dev_PG2.0/F28004x_ROM/driverl
     418 0000000f 9249          MOV       AL,*-SP[9]            ; [CPU_] |175| 
     419 00000010 EC07          BF        $C$L5,EQ              ; [CPU_] |175| 
     420                      ; branchcc occurs ; [] |175| 
     421                      .dwpsn  file "C:/Users/a0221343/Git/bootROM/f28004x_bootrom/F28004x_ROM_dev_PG2.0/F28004x_ROM/driverl
     422 00000011 0204          MOVB      ACC,#4                ; [CPU_] |177| 
     423 00000012 0742          ADDL      ACC,*-SP[2]           ; [CPU_] |177| 
     424 00000013 8AA9          MOVL      XAR4,ACC              ; [CPU_] |177| 
     425 00000014 1AC4          OR        *+XAR4[0],#0x0040     ; [CPU_] |177| 
         00000015 0040 
     426                      .dwpsn  file "C:/Users/a0221343/Git/bootROM/f28004x_bootrom/F28004x_ROM_dev_PG2.0/F28004x_ROM/driverl
     427 00000016 6F06          B         $C$L6,UNC             ; [CPU_] |178| 
     428                      ; branch occurs ; [] |178| 
     429 00000017       $C$L5:    
     430                      .dwpsn  file "C:/Users/a0221343/Git/bootROM/f28004x_bootrom/F28004x_ROM_dev_PG2.0/F28004x_ROM/driverl
     431 00000017 0204          MOVB      ACC,#4                ; [CPU_] |181| 
TMS320C2000 Assembler PC v6.4.4 Tue Feb 14 14:42:57 2017

Tools Copyright (c) 1996-2015 Texas Instruments Incorporated
C:\Users\a0221343\AppData\Local\Temp\0926010                         PAGE    9

     432 00000018 0742          ADDL      ACC,*-SP[2]           ; [CPU_] |181| 
     433 00000019 8AA9          MOVL      XAR4,ACC              ; [CPU_] |181| 
     434 0000001a 18C4          AND       *+XAR4[0],#0xffbf     ; [CPU_] |181| 
         0000001b FFBF 
     435 0000001c       $C$L6:    
     436                      .dwpsn  file "C:/Users/a0221343/Git/bootROM/f28004x_bootrom/F28004x_ROM_dev_PG2.0/F28004x_ROM/driverl
     437 0000001c 761A   EDIS
     438                      .dwpsn  file "C:/Users/a0221343/Git/bootROM/f28004x_bootrom/F28004x_ROM_dev_PG2.0/F28004x_ROM/driverl
     439 0000001d 8843          MOVZ      AR6,*-SP[3]           ; [CPU_] |189| 
     440 0000001e 020A          MOVB      ACC,#10               ; [CPU_] |189| 
     441 0000001f 0742          ADDL      ACC,*-SP[2]           ; [CPU_] |189| 
     442 00000020 8AA9          MOVL      XAR4,ACC              ; [CPU_] |189| 
     443 00000021 7EC4          MOV       *+XAR4[0],AR6         ; [CPU_] |189| 
     444                      .dwpsn  file "C:/Users/a0221343/Git/bootROM/f28004x_bootrom/F28004x_ROM_dev_PG2.0/F28004x_ROM/driverl
     445 00000022 8844          MOVZ      AR6,*-SP[4]           ; [CPU_] |194| 
     446 00000023 020E          MOVB      ACC,#14               ; [CPU_] |194| 
     447 00000024 0742          ADDL      ACC,*-SP[2]           ; [CPU_] |194| 
     448 00000025 8AA9          MOVL      XAR4,ACC              ; [CPU_] |194| 
     449 00000026 7EC4          MOV       *+XAR4[0],AR6         ; [CPU_] |194| 
     450                      .dwpsn  file "C:/Users/a0221343/Git/bootROM/f28004x_bootrom/F28004x_ROM_dev_PG2.0/F28004x_ROM/driverl
     451 00000027 8847          MOVZ      AR6,*-SP[7]           ; [CPU_] |199| 
     452 00000028 0215          MOVB      ACC,#21               ; [CPU_] |199| 
     453 00000029 0742          ADDL      ACC,*-SP[2]           ; [CPU_] |199| 
     454 0000002a 8AA9          MOVL      XAR4,ACC              ; [CPU_] |199| 
     455 0000002b 7EC4          MOV       *+XAR4[0],AR6         ; [CPU_] |199| 
     456                      .dwpsn  file "C:/Users/a0221343/Git/bootROM/f28004x_bootrom/F28004x_ROM_dev_PG2.0/F28004x_ROM/driverl
     457 0000002c FF69          SPM       #0                    ; [CPU_] 
     458 0000002d FE84          SUBB      SP,#4                 ; [CPU_U] 
     459                      .dwcfi  cfa_offset, -2
     460              $C$DW$35        .dwtag  DW_TAG_TI_branch
     461                      .dwattr $C$DW$35, DW_AT_low_pc(0x00)
     462                      .dwattr $C$DW$35, DW_AT_TI_return
     463 0000002e 0006          LRETR     ; [CPU_] 
     464                      ; return occurs ; [] 
     465                      .dwattr $C$DW$25, DW_AT_TI_end_file("C:/Users/a0221343/Git/bootROM/f28004x_bootrom/F28004x_ROM_dev_PG
     466                      .dwattr $C$DW$25, DW_AT_TI_end_line(0xc8)
     467                      .dwattr $C$DW$25, DW_AT_TI_end_column(0x01)
     468                      .dwendentry
     469                      .dwendtag $C$DW$25
     470              
     471              
     472              ;***************************************************************
     473              ;* TYPE INFORMATION                                            *
     474              ;***************************************************************
     475              $C$DW$T$2       .dwtag  DW_TAG_unspecified_type
     476                      .dwattr $C$DW$T$2, DW_AT_name("void")
     477              $C$DW$T$4       .dwtag  DW_TAG_base_type
     478                      .dwattr $C$DW$T$4, DW_AT_encoding(DW_ATE_boolean)
     479                      .dwattr $C$DW$T$4, DW_AT_name("bool")
     480                      .dwattr $C$DW$T$4, DW_AT_byte_size(0x01)
     481              $C$DW$T$5       .dwtag  DW_TAG_base_type
     482                      .dwattr $C$DW$T$5, DW_AT_encoding(DW_ATE_signed_char)
     483                      .dwattr $C$DW$T$5, DW_AT_name("signed char")
     484                      .dwattr $C$DW$T$5, DW_AT_byte_size(0x01)
     485              $C$DW$T$6       .dwtag  DW_TAG_base_type
TMS320C2000 Assembler PC v6.4.4 Tue Feb 14 14:42:57 2017

Tools Copyright (c) 1996-2015 Texas Instruments Incorporated
C:\Users\a0221343\AppData\Local\Temp\0926010                         PAGE   10

     486                      .dwattr $C$DW$T$6, DW_AT_encoding(DW_ATE_unsigned_char)
     487                      .dwattr $C$DW$T$6, DW_AT_name("unsigned char")
     488                      .dwattr $C$DW$T$6, DW_AT_byte_size(0x01)
     489              $C$DW$T$7       .dwtag  DW_TAG_base_type
     490                      .dwattr $C$DW$T$7, DW_AT_encoding(DW_ATE_signed_char)
     491                      .dwattr $C$DW$T$7, DW_AT_name("wchar_t")
     492                      .dwattr $C$DW$T$7, DW_AT_byte_size(0x01)
     493              $C$DW$T$8       .dwtag  DW_TAG_base_type
     494                      .dwattr $C$DW$T$8, DW_AT_encoding(DW_ATE_signed)
     495                      .dwattr $C$DW$T$8, DW_AT_name("short")
     496                      .dwattr $C$DW$T$8, DW_AT_byte_size(0x01)
     497              $C$DW$T$9       .dwtag  DW_TAG_base_type
     498                      .dwattr $C$DW$T$9, DW_AT_encoding(DW_ATE_unsigned)
     499                      .dwattr $C$DW$T$9, DW_AT_name("unsigned short")
     500                      .dwattr $C$DW$T$9, DW_AT_byte_size(0x01)
     501              $C$DW$T$10      .dwtag  DW_TAG_base_type
     502                      .dwattr $C$DW$T$10, DW_AT_encoding(DW_ATE_signed)
     503                      .dwattr $C$DW$T$10, DW_AT_name("int")
     504                      .dwattr $C$DW$T$10, DW_AT_byte_size(0x01)
     505              $C$DW$T$11      .dwtag  DW_TAG_base_type
     506                      .dwattr $C$DW$T$11, DW_AT_encoding(DW_ATE_unsigned)
     507                      .dwattr $C$DW$T$11, DW_AT_name("unsigned int")
     508                      .dwattr $C$DW$T$11, DW_AT_byte_size(0x01)
     509              $C$DW$T$23      .dwtag  DW_TAG_typedef, DW_AT_name("uint16_t")
     510                      .dwattr $C$DW$T$23, DW_AT_type(*$C$DW$T$11)
     511                      .dwattr $C$DW$T$23, DW_AT_language(DW_LANG_C)
     512              $C$DW$T$12      .dwtag  DW_TAG_base_type
     513                      .dwattr $C$DW$T$12, DW_AT_encoding(DW_ATE_signed)
     514                      .dwattr $C$DW$T$12, DW_AT_name("long")
     515                      .dwattr $C$DW$T$12, DW_AT_byte_size(0x02)
     516              $C$DW$T$13      .dwtag  DW_TAG_base_type
     517                      .dwattr $C$DW$T$13, DW_AT_encoding(DW_ATE_unsigned)
     518                      .dwattr $C$DW$T$13, DW_AT_name("unsigned long")
     519                      .dwattr $C$DW$T$13, DW_AT_byte_size(0x02)
     520              $C$DW$T$19      .dwtag  DW_TAG_typedef, DW_AT_name("uint32_t")
     521                      .dwattr $C$DW$T$19, DW_AT_type(*$C$DW$T$13)
     522                      .dwattr $C$DW$T$19, DW_AT_language(DW_LANG_C)
     523              $C$DW$T$14      .dwtag  DW_TAG_base_type
     524                      .dwattr $C$DW$T$14, DW_AT_encoding(DW_ATE_signed)
     525                      .dwattr $C$DW$T$14, DW_AT_name("long long")
     526                      .dwattr $C$DW$T$14, DW_AT_byte_size(0x04)
     527              $C$DW$T$15      .dwtag  DW_TAG_base_type
     528                      .dwattr $C$DW$T$15, DW_AT_encoding(DW_ATE_unsigned)
     529                      .dwattr $C$DW$T$15, DW_AT_name("unsigned long long")
     530                      .dwattr $C$DW$T$15, DW_AT_byte_size(0x04)
     531              $C$DW$T$16      .dwtag  DW_TAG_base_type
     532                      .dwattr $C$DW$T$16, DW_AT_encoding(DW_ATE_float)
     533                      .dwattr $C$DW$T$16, DW_AT_name("float")
     534                      .dwattr $C$DW$T$16, DW_AT_byte_size(0x02)
     535              $C$DW$T$17      .dwtag  DW_TAG_base_type
     536                      .dwattr $C$DW$T$17, DW_AT_encoding(DW_ATE_float)
     537                      .dwattr $C$DW$T$17, DW_AT_name("double")
     538                      .dwattr $C$DW$T$17, DW_AT_byte_size(0x02)
     539              $C$DW$T$18      .dwtag  DW_TAG_base_type
     540                      .dwattr $C$DW$T$18, DW_AT_encoding(DW_ATE_float)
TMS320C2000 Assembler PC v6.4.4 Tue Feb 14 14:42:57 2017

Tools Copyright (c) 1996-2015 Texas Instruments Incorporated
C:\Users\a0221343\AppData\Local\Temp\0926010                         PAGE   11

     541                      .dwattr $C$DW$T$18, DW_AT_name("long double")
     542                      .dwattr $C$DW$T$18, DW_AT_byte_size(0x04)
     543              $C$DW$T$21      .dwtag  DW_TAG_base_type
     544                      .dwattr $C$DW$T$21, DW_AT_encoding(DW_ATE_unsigned_char)
     545                      .dwattr $C$DW$T$21, DW_AT_name("unsigned char")
     546                      .dwattr $C$DW$T$21, DW_AT_byte_size(0x01)
     547                      .dwattr $C$DW$CU, DW_AT_language(DW_LANG_C)
     548              
     549              ;***************************************************************
     550              ;* DWARF CIE ENTRIES                                           *
     551              ;***************************************************************
     552              
     553              $C$DW$CIE       .dwcie 26
     554                      .dwcfi  cfa_register, 20
     555                      .dwcfi  cfa_offset, 0
     556                      .dwcfi  undefined, 0
     557                      .dwcfi  undefined, 1
     558                      .dwcfi  undefined, 2
     559                      .dwcfi  undefined, 3
     560                      .dwcfi  undefined, 20
     561                      .dwcfi  undefined, 21
     562                      .dwcfi  undefined, 22
     563                      .dwcfi  undefined, 23
     564                      .dwcfi  undefined, 24
     565                      .dwcfi  undefined, 25
     566                      .dwcfi  undefined, 26
     567                      .dwcfi  same_value, 28
     568                      .dwcfi  undefined, 29
     569                      .dwcfi  undefined, 30
     570                      .dwcfi  undefined, 31
     571                      .dwcfi  undefined, 32
     572                      .dwcfi  undefined, 33
     573                      .dwcfi  undefined, 34
     574                      .dwcfi  undefined, 35
     575                      .dwcfi  undefined, 36
     576                      .dwcfi  undefined, 37
     577                      .dwcfi  undefined, 38
     578                      .dwcfi  undefined, 75
     579                      .dwcfi  undefined, 76
     580                      .dwcfi  undefined, 77
     581                      .dwcfi  undefined, 4
     582                      .dwcfi  undefined, 5
     583                      .dwcfi  same_value, 6
     584                      .dwcfi  same_value, 7
     585                      .dwcfi  same_value, 8
     586                      .dwcfi  same_value, 9
     587                      .dwcfi  same_value, 10
     588                      .dwcfi  same_value, 11
     589                      .dwcfi  undefined, 12
     590                      .dwcfi  undefined, 13
     591                      .dwcfi  undefined, 14
     592                      .dwcfi  undefined, 15
     593                      .dwcfi  undefined, 16
     594                      .dwcfi  undefined, 17
     595                      .dwcfi  undefined, 18
TMS320C2000 Assembler PC v6.4.4 Tue Feb 14 14:42:57 2017

Tools Copyright (c) 1996-2015 Texas Instruments Incorporated
C:\Users\a0221343\AppData\Local\Temp\0926010                         PAGE   12

     596                      .dwcfi  undefined, 19
     597                      .dwcfi  undefined, 43
     598                      .dwcfi  undefined, 44
     599                      .dwcfi  undefined, 47
     600                      .dwcfi  undefined, 48
     601                      .dwcfi  undefined, 51
     602                      .dwcfi  undefined, 52
     603                      .dwcfi  undefined, 55
     604                      .dwcfi  undefined, 56
     605                      .dwcfi  same_value, 59
     606                      .dwcfi  same_value, 60
     607                      .dwcfi  same_value, 63
     608                      .dwcfi  same_value, 64
     609                      .dwcfi  same_value, 67
     610                      .dwcfi  same_value, 68
     611                      .dwcfi  same_value, 71
     612                      .dwcfi  same_value, 72
     613                      .dwcfi  undefined, 73
     614                      .dwcfi  undefined, 74
     615                      .dwcfi  undefined, 39
     616                      .dwcfi  undefined, 40
     617                      .dwcfi  undefined, 27
     618                      .dwendentry
     619              
     620              ;***************************************************************
     621              ;* DWARF REGISTER MAP                                          *
     622              ;***************************************************************
     623              
     624              $C$DW$36        .dwtag  DW_TAG_TI_assign_register, DW_AT_name("AL")
     625                      .dwattr $C$DW$36, DW_AT_location[DW_OP_reg0]
     626              $C$DW$37        .dwtag  DW_TAG_TI_assign_register, DW_AT_name("AH")
     627                      .dwattr $C$DW$37, DW_AT_location[DW_OP_reg1]
     628              $C$DW$38        .dwtag  DW_TAG_TI_assign_register, DW_AT_name("PL")
     629                      .dwattr $C$DW$38, DW_AT_location[DW_OP_reg2]
     630              $C$DW$39        .dwtag  DW_TAG_TI_assign_register, DW_AT_name("PH")
     631                      .dwattr $C$DW$39, DW_AT_location[DW_OP_reg3]
     632              $C$DW$40        .dwtag  DW_TAG_TI_assign_register, DW_AT_name("SP")
     633                      .dwattr $C$DW$40, DW_AT_location[DW_OP_reg20]
     634              $C$DW$41        .dwtag  DW_TAG_TI_assign_register, DW_AT_name("XT")
     635                      .dwattr $C$DW$41, DW_AT_location[DW_OP_reg21]
     636              $C$DW$42        .dwtag  DW_TAG_TI_assign_register, DW_AT_name("T")
     637                      .dwattr $C$DW$42, DW_AT_location[DW_OP_reg22]
     638              $C$DW$43        .dwtag  DW_TAG_TI_assign_register, DW_AT_name("ST0")
     639                      .dwattr $C$DW$43, DW_AT_location[DW_OP_reg23]
     640              $C$DW$44        .dwtag  DW_TAG_TI_assign_register, DW_AT_name("ST1")
     641                      .dwattr $C$DW$44, DW_AT_location[DW_OP_reg24]
     642              $C$DW$45        .dwtag  DW_TAG_TI_assign_register, DW_AT_name("PC")
     643                      .dwattr $C$DW$45, DW_AT_location[DW_OP_reg25]
     644              $C$DW$46        .dwtag  DW_TAG_TI_assign_register, DW_AT_name("RPC")
     645                      .dwattr $C$DW$46, DW_AT_location[DW_OP_reg26]
     646              $C$DW$47        .dwtag  DW_TAG_TI_assign_register, DW_AT_name("FP")
     647                      .dwattr $C$DW$47, DW_AT_location[DW_OP_reg28]
     648              $C$DW$48        .dwtag  DW_TAG_TI_assign_register, DW_AT_name("DP")
     649                      .dwattr $C$DW$48, DW_AT_location[DW_OP_reg29]
     650              $C$DW$49        .dwtag  DW_TAG_TI_assign_register, DW_AT_name("SXM")
TMS320C2000 Assembler PC v6.4.4 Tue Feb 14 14:42:57 2017

Tools Copyright (c) 1996-2015 Texas Instruments Incorporated
C:\Users\a0221343\AppData\Local\Temp\0926010                         PAGE   13

     651                      .dwattr $C$DW$49, DW_AT_location[DW_OP_reg30]
     652              $C$DW$50        .dwtag  DW_TAG_TI_assign_register, DW_AT_name("PM")
     653                      .dwattr $C$DW$50, DW_AT_location[DW_OP_reg31]
     654              $C$DW$51        .dwtag  DW_TAG_TI_assign_register, DW_AT_name("OVM")
     655                      .dwattr $C$DW$51, DW_AT_location[DW_OP_regx 0x20]
     656              $C$DW$52        .dwtag  DW_TAG_TI_assign_register, DW_AT_name("PAGE0")
     657                      .dwattr $C$DW$52, DW_AT_location[DW_OP_regx 0x21]
     658              $C$DW$53        .dwtag  DW_TAG_TI_assign_register, DW_AT_name("AMODE")
     659                      .dwattr $C$DW$53, DW_AT_location[DW_OP_regx 0x22]
     660              $C$DW$54        .dwtag  DW_TAG_TI_assign_register, DW_AT_name("INTM")
     661                      .dwattr $C$DW$54, DW_AT_location[DW_OP_regx 0x23]
     662              $C$DW$55        .dwtag  DW_TAG_TI_assign_register, DW_AT_name("IFR")
     663                      .dwattr $C$DW$55, DW_AT_location[DW_OP_regx 0x24]
     664              $C$DW$56        .dwtag  DW_TAG_TI_assign_register, DW_AT_name("IER")
     665                      .dwattr $C$DW$56, DW_AT_location[DW_OP_regx 0x25]
     666              $C$DW$57        .dwtag  DW_TAG_TI_assign_register, DW_AT_name("V")
     667                      .dwattr $C$DW$57, DW_AT_location[DW_OP_regx 0x26]
     668              $C$DW$58        .dwtag  DW_TAG_TI_assign_register, DW_AT_name("PSEUDOH")
     669                      .dwattr $C$DW$58, DW_AT_location[DW_OP_regx 0x4c]
     670              $C$DW$59        .dwtag  DW_TAG_TI_assign_register, DW_AT_name("VOL")
     671                      .dwattr $C$DW$59, DW_AT_location[DW_OP_regx 0x4d]
     672              $C$DW$60        .dwtag  DW_TAG_TI_assign_register, DW_AT_name("AR0")
     673                      .dwattr $C$DW$60, DW_AT_location[DW_OP_reg4]
     674              $C$DW$61        .dwtag  DW_TAG_TI_assign_register, DW_AT_name("XAR0")
     675                      .dwattr $C$DW$61, DW_AT_location[DW_OP_reg5]
     676              $C$DW$62        .dwtag  DW_TAG_TI_assign_register, DW_AT_name("AR1")
     677                      .dwattr $C$DW$62, DW_AT_location[DW_OP_reg6]
     678              $C$DW$63        .dwtag  DW_TAG_TI_assign_register, DW_AT_name("XAR1")
     679                      .dwattr $C$DW$63, DW_AT_location[DW_OP_reg7]
     680              $C$DW$64        .dwtag  DW_TAG_TI_assign_register, DW_AT_name("AR2")
     681                      .dwattr $C$DW$64, DW_AT_location[DW_OP_reg8]
     682              $C$DW$65        .dwtag  DW_TAG_TI_assign_register, DW_AT_name("XAR2")
     683                      .dwattr $C$DW$65, DW_AT_location[DW_OP_reg9]
     684              $C$DW$66        .dwtag  DW_TAG_TI_assign_register, DW_AT_name("AR3")
     685                      .dwattr $C$DW$66, DW_AT_location[DW_OP_reg10]
     686              $C$DW$67        .dwtag  DW_TAG_TI_assign_register, DW_AT_name("XAR3")
     687                      .dwattr $C$DW$67, DW_AT_location[DW_OP_reg11]
     688              $C$DW$68        .dwtag  DW_TAG_TI_assign_register, DW_AT_name("AR4")
     689                      .dwattr $C$DW$68, DW_AT_location[DW_OP_reg12]
     690              $C$DW$69        .dwtag  DW_TAG_TI_assign_register, DW_AT_name("XAR4")
     691                      .dwattr $C$DW$69, DW_AT_location[DW_OP_reg13]
     692              $C$DW$70        .dwtag  DW_TAG_TI_assign_register, DW_AT_name("AR5")
     693                      .dwattr $C$DW$70, DW_AT_location[DW_OP_reg14]
     694              $C$DW$71        .dwtag  DW_TAG_TI_assign_register, DW_AT_name("XAR5")
     695                      .dwattr $C$DW$71, DW_AT_location[DW_OP_reg15]
     696              $C$DW$72        .dwtag  DW_TAG_TI_assign_register, DW_AT_name("AR6")
     697                      .dwattr $C$DW$72, DW_AT_location[DW_OP_reg16]
     698              $C$DW$73        .dwtag  DW_TAG_TI_assign_register, DW_AT_name("XAR6")
     699                      .dwattr $C$DW$73, DW_AT_location[DW_OP_reg17]
     700              $C$DW$74        .dwtag  DW_TAG_TI_assign_register, DW_AT_name("AR7")
     701                      .dwattr $C$DW$74, DW_AT_location[DW_OP_reg18]
     702              $C$DW$75        .dwtag  DW_TAG_TI_assign_register, DW_AT_name("XAR7")
     703                      .dwattr $C$DW$75, DW_AT_location[DW_OP_reg19]
     704              $C$DW$76        .dwtag  DW_TAG_TI_assign_register, DW_AT_name("R0HL")
     705                      .dwattr $C$DW$76, DW_AT_location[DW_OP_regx 0x2b]
TMS320C2000 Assembler PC v6.4.4 Tue Feb 14 14:42:57 2017

Tools Copyright (c) 1996-2015 Texas Instruments Incorporated
C:\Users\a0221343\AppData\Local\Temp\0926010                         PAGE   14

     706              $C$DW$77        .dwtag  DW_TAG_TI_assign_register, DW_AT_name("R0H")
     707                      .dwattr $C$DW$77, DW_AT_location[DW_OP_regx 0x2c]
     708              $C$DW$78        .dwtag  DW_TAG_TI_assign_register, DW_AT_name("R1HL")
     709                      .dwattr $C$DW$78, DW_AT_location[DW_OP_regx 0x2f]
     710              $C$DW$79        .dwtag  DW_TAG_TI_assign_register, DW_AT_name("R1H")
     711                      .dwattr $C$DW$79, DW_AT_location[DW_OP_regx 0x30]
     712              $C$DW$80        .dwtag  DW_TAG_TI_assign_register, DW_AT_name("R2HL")
     713                      .dwattr $C$DW$80, DW_AT_location[DW_OP_regx 0x33]
     714              $C$DW$81        .dwtag  DW_TAG_TI_assign_register, DW_AT_name("R2H")
     715                      .dwattr $C$DW$81, DW_AT_location[DW_OP_regx 0x34]
     716              $C$DW$82        .dwtag  DW_TAG_TI_assign_register, DW_AT_name("R3HL")
     717                      .dwattr $C$DW$82, DW_AT_location[DW_OP_regx 0x37]
     718              $C$DW$83        .dwtag  DW_TAG_TI_assign_register, DW_AT_name("R3H")
     719                      .dwattr $C$DW$83, DW_AT_location[DW_OP_regx 0x38]
     720              $C$DW$84        .dwtag  DW_TAG_TI_assign_register, DW_AT_name("R4HL")
     721                      .dwattr $C$DW$84, DW_AT_location[DW_OP_regx 0x3b]
     722              $C$DW$85        .dwtag  DW_TAG_TI_assign_register, DW_AT_name("R4H")
     723                      .dwattr $C$DW$85, DW_AT_location[DW_OP_regx 0x3c]
     724              $C$DW$86        .dwtag  DW_TAG_TI_assign_register, DW_AT_name("R5HL")
     725                      .dwattr $C$DW$86, DW_AT_location[DW_OP_regx 0x3f]
     726              $C$DW$87        .dwtag  DW_TAG_TI_assign_register, DW_AT_name("R5H")
     727                      .dwattr $C$DW$87, DW_AT_location[DW_OP_regx 0x40]
     728              $C$DW$88        .dwtag  DW_TAG_TI_assign_register, DW_AT_name("R6HL")
     729                      .dwattr $C$DW$88, DW_AT_location[DW_OP_regx 0x43]
     730              $C$DW$89        .dwtag  DW_TAG_TI_assign_register, DW_AT_name("R6H")
     731                      .dwattr $C$DW$89, DW_AT_location[DW_OP_regx 0x44]
     732              $C$DW$90        .dwtag  DW_TAG_TI_assign_register, DW_AT_name("R7HL")
     733                      .dwattr $C$DW$90, DW_AT_location[DW_OP_regx 0x47]
     734              $C$DW$91        .dwtag  DW_TAG_TI_assign_register, DW_AT_name("R7H")
     735                      .dwattr $C$DW$91, DW_AT_location[DW_OP_regx 0x48]
     736              $C$DW$92        .dwtag  DW_TAG_TI_assign_register, DW_AT_name("RBL")
     737                      .dwattr $C$DW$92, DW_AT_location[DW_OP_regx 0x49]
     738              $C$DW$93        .dwtag  DW_TAG_TI_assign_register, DW_AT_name("RB")
     739                      .dwattr $C$DW$93, DW_AT_location[DW_OP_regx 0x4a]
     740              $C$DW$94        .dwtag  DW_TAG_TI_assign_register, DW_AT_name("STFL")
     741                      .dwattr $C$DW$94, DW_AT_location[DW_OP_regx 0x27]
     742              $C$DW$95        .dwtag  DW_TAG_TI_assign_register, DW_AT_name("STF")
     743                      .dwattr $C$DW$95, DW_AT_location[DW_OP_regx 0x28]
     744              $C$DW$96        .dwtag  DW_TAG_TI_assign_register, DW_AT_name("FPUHAZ")
     745                      .dwattr $C$DW$96, DW_AT_location[DW_OP_reg27]
     746                      .dwendtag $C$DW$CU
     747              

No Assembly Errors, No Assembly Warnings
