TMS320C2000 Assembler PC v6.4.4 Tue Feb 14 14:43:04 2017

Tools Copyright (c) 1996-2015 Texas Instruments Incorporated
C:\Users\a0221343\AppData\Local\Temp\0977610                         PAGE    1

       1              ;***************************************************************
       2              ;* TMS320C2000 C/C++ Codegen                         PC v6.4.4 *
       3              ;* Date/Time created: Tue Feb 14 14:43:04 2017                 *
       4              ;***************************************************************
       5                      .compiler_opts --cla_support=cla0 --float_support=fpu32 --hll_source=on --mem_model:code=flat --mem_m
       6        0002  FP      .set    XAR2
       7              
       8              $C$DW$CU        .dwtag  DW_TAG_compile_unit
       9                      .dwattr $C$DW$CU, DW_AT_name("C:/Users/a0221343/Git/bootROM/f28004x_bootrom/F28004x_ROM_dev_PG2.0/F28
      10                      .dwattr $C$DW$CU, DW_AT_producer("TI TMS320C2000 C/C++ Codegen PC v6.4.4 Copyright (c) 1996-2015 Texa
      11                      .dwattr $C$DW$CU, DW_AT_TI_version(0x01)
      12                      .dwattr $C$DW$CU, DW_AT_comp_dir("C:\Users\a0221343\Git\bootROM\f28004x_bootrom\F28004x_ROM_dev_PG2.0
      13              
      14              $C$DW$1 .dwtag  DW_TAG_subprogram, DW_AT_name("Interrupt_disable")
      15                      .dwattr $C$DW$1, DW_AT_TI_symbol_name("_Interrupt_disable")
      16                      .dwattr $C$DW$1, DW_AT_declaration
      17                      .dwattr $C$DW$1, DW_AT_external
      18              $C$DW$2 .dwtag  DW_TAG_formal_parameter
      19                      .dwattr $C$DW$2, DW_AT_type(*$C$DW$T$21)
      20                      .dwendtag $C$DW$1
      21              
      22              
      23              $C$DW$3 .dwtag  DW_TAG_subprogram, DW_AT_name("Interrupt_enable")
      24                      .dwattr $C$DW$3, DW_AT_TI_symbol_name("_Interrupt_enable")
      25                      .dwattr $C$DW$3, DW_AT_declaration
      26                      .dwattr $C$DW$3, DW_AT_external
      27              $C$DW$4 .dwtag  DW_TAG_formal_parameter
      28                      .dwattr $C$DW$4, DW_AT_type(*$C$DW$T$21)
      29                      .dwendtag $C$DW$3
      30              
      31              ;       C:\ti\ccsv6\tools\compiler\ti-cgt-c2000_6.4.4\bin\ac2000.exe -@C:\\Users\\a0221343\\AppData\\Local\\T
      32 00000000               .sect   ".text:_Interrupt_defaultHandler"
      33                      .clink
      34              
      35              $C$DW$5 .dwtag  DW_TAG_subprogram, DW_AT_name("Interrupt_defaultHandler")
      36                      .dwattr $C$DW$5, DW_AT_low_pc(_Interrupt_defaultHandler)
      37                      .dwattr $C$DW$5, DW_AT_high_pc(0x00)
      38                      .dwattr $C$DW$5, DW_AT_TI_symbol_name("_Interrupt_defaultHandler")
      39                      .dwattr $C$DW$5, DW_AT_TI_begin_file("C:\Users\a0221343\Git\bootROM\f28004x_bootrom\F28004x_ROM_dev_P
      40                      .dwattr $C$DW$5, DW_AT_TI_begin_line(0x69)
      41                      .dwattr $C$DW$5, DW_AT_TI_begin_column(0x0d)
      42                      .dwattr $C$DW$5, DW_AT_TI_max_frame_size(-4)
      43                      .dwpsn  file "C:\Users\a0221343\Git\bootROM\f28004x_bootrom\F28004x_ROM_dev_PG2.0\F28004x_ROM\driverl
      44              
      45                      .dwfde $C$DW$CIE, _Interrupt_defaultHandler
      46              
      47              ;***************************************************************
      48              ;* FNAME: _Interrupt_defaultHandler     FR SIZE:   2           *
      49              ;*                                                             *
      50              ;* FUNCTION ENVIRONMENT                                        *
      51              ;*                                                             *
      52              ;* FUNCTION PROPERTIES                                         *
      53              ;*                            0 Parameter,  1 Auto,  0 SOE     *
      54              ;***************************************************************
      55              
TMS320C2000 Assembler PC v6.4.4 Tue Feb 14 14:43:04 2017

Tools Copyright (c) 1996-2015 Texas Instruments Incorporated
C:\Users\a0221343\AppData\Local\Temp\0977610                         PAGE    2

      56 00000000       _Interrupt_defaultHandler:
      57                      .dwcfi  cfa_offset, -2
      58                      .dwcfi  save_reg_to_mem, 26, 0
      59 00000000 FE02          ADDB      SP,#2                 ; [CPU_U] 
      60                      .dwcfi  cfa_offset, -4
      61              $C$DW$6 .dwtag  DW_TAG_variable, DW_AT_name("vectID")
      62                      .dwattr $C$DW$6, DW_AT_TI_symbol_name("_vectID")
      63                      .dwattr $C$DW$6, DW_AT_type(*$C$DW$T$26)
      64                      .dwattr $C$DW$6, DW_AT_location[DW_OP_breg20 -1]
      65                      .dwpsn  file "C:\Users\a0221343\Git\bootROM\f28004x_bootrom\F28004x_ROM_dev_PG2.0\F28004x_ROM\driverl
      66 00000001 F5A9          MOV       AL,*(0:0x0ce0)        ; [CPU_] |111| 
         00000002 0CE0 
      67 00000003 90FE          ANDB      AL,#0xfe              ; [CPU_] |111| 
      68 00000004 FFC0          LSR       AL,1                  ; [CPU_] |111| 
      69 00000005 9641          MOV       *-SP[1],AL            ; [CPU_] |111| 
      70                      .dwpsn  file "C:\Users\a0221343\Git\bootROM\f28004x_bootrom\F28004x_ROM_dev_PG2.0\F28004x_ROM\driverl
      71                      .dwpsn  file "C:\Users\a0221343\Git\bootROM\f28004x_bootrom\F28004x_ROM_dev_PG2.0\F28004x_ROM\driverl
      72 00000006 7625   ESTOP0
      73 00000007       $C$L1:    
      74                      .dwpsn  file "C:\Users\a0221343\Git\bootROM\f28004x_bootrom\F28004x_ROM_dev_PG2.0\F28004x_ROM\driverl
      75 00000007 6F00          B         $C$L1,UNC             ; [CPU_] |120| 
      76                      ; branch occurs ; [] |120| 
      77                      .dwattr $C$DW$5, DW_AT_TI_end_file("C:\Users\a0221343\Git\bootROM\f28004x_bootrom\F28004x_ROM_dev_PG2
      78                      .dwattr $C$DW$5, DW_AT_TI_end_line(0x79)
      79                      .dwattr $C$DW$5, DW_AT_TI_end_column(0x01)
      80                      .dwendentry
      81                      .dwendtag $C$DW$5
      82              
      83 00000000               .sect   ".text:_Interrupt_register"
      84                      .clink
      85              
      86              $C$DW$7 .dwtag  DW_TAG_subprogram, DW_AT_name("Interrupt_register")
      87                      .dwattr $C$DW$7, DW_AT_low_pc(_Interrupt_register)
      88                      .dwattr $C$DW$7, DW_AT_high_pc(0x00)
      89                      .dwattr $C$DW$7, DW_AT_TI_symbol_name("_Interrupt_register")
      90                      .dwattr $C$DW$7, DW_AT_TI_begin_file("C:\Users\a0221343\Git\bootROM\f28004x_bootrom\F28004x_ROM_dev_P
      91                      .dwattr $C$DW$7, DW_AT_TI_begin_line(0xe6)
      92                      .dwattr $C$DW$7, DW_AT_TI_begin_column(0x01)
      93                      .dwattr $C$DW$7, DW_AT_TI_max_frame_size(-6)
      94                      .dwpsn  file "C:\Users\a0221343\Git\bootROM\f28004x_bootrom\F28004x_ROM_dev_PG2.0\F28004x_ROM\driverl
      95              
      96                      .dwfde $C$DW$CIE, _Interrupt_register
      97              $C$DW$8 .dwtag  DW_TAG_formal_parameter, DW_AT_name("interruptNumber")
      98                      .dwattr $C$DW$8, DW_AT_TI_symbol_name("_interruptNumber")
      99                      .dwattr $C$DW$8, DW_AT_type(*$C$DW$T$21)
     100                      .dwattr $C$DW$8, DW_AT_location[DW_OP_reg0]
     101              $C$DW$9 .dwtag  DW_TAG_formal_parameter, DW_AT_name("handler")
     102                      .dwattr $C$DW$9, DW_AT_TI_symbol_name("_handler")
     103                      .dwattr $C$DW$9, DW_AT_type(*$C$DW$T$20)
     104                      .dwattr $C$DW$9, DW_AT_location[DW_OP_reg12]
     105              
     106              ;***************************************************************
     107              ;* FNAME: _Interrupt_register           FR SIZE:   4           *
     108              ;*                                                             *
     109              ;* FUNCTION ENVIRONMENT                                        *
TMS320C2000 Assembler PC v6.4.4 Tue Feb 14 14:43:04 2017

Tools Copyright (c) 1996-2015 Texas Instruments Incorporated
C:\Users\a0221343\AppData\Local\Temp\0977610                         PAGE    3

     110              ;*                                                             *
     111              ;* FUNCTION PROPERTIES                                         *
     112              ;*                            0 Parameter,  4 Auto,  0 SOE     *
     113              ;***************************************************************
     114              
     115 00000000       _Interrupt_register:
     116                      .dwcfi  cfa_offset, -2
     117                      .dwcfi  save_reg_to_mem, 26, 0
     118 00000000 FE04          ADDB      SP,#4                 ; [CPU_U] 
     119                      .dwcfi  cfa_offset, -6
     120              $C$DW$10        .dwtag  DW_TAG_variable, DW_AT_name("interruptNumber")
     121                      .dwattr $C$DW$10, DW_AT_TI_symbol_name("_interruptNumber")
     122                      .dwattr $C$DW$10, DW_AT_type(*$C$DW$T$21)
     123                      .dwattr $C$DW$10, DW_AT_location[DW_OP_breg20 -2]
     124              $C$DW$11        .dwtag  DW_TAG_variable, DW_AT_name("handler")
     125                      .dwattr $C$DW$11, DW_AT_TI_symbol_name("_handler")
     126                      .dwattr $C$DW$11, DW_AT_type(*$C$DW$T$20)
     127                      .dwattr $C$DW$11, DW_AT_location[DW_OP_breg20 -4]
     128 00000001 A844          MOVL      *-SP[4],XAR4          ; [CPU_] |231| 
     129 00000002 1E42          MOVL      *-SP[2],ACC           ; [CPU_] |231| 
     130                      .dwpsn  file "C:\Users\a0221343\Git\bootROM\f28004x_bootrom\F28004x_ROM_dev_PG2.0\F28004x_ROM\driverl
     131 00000003 7622   EALLOW
     132                      .dwpsn  file "C:\Users\a0221343\Git\bootROM\f28004x_bootrom\F28004x_ROM_dev_PG2.0\F28004x_ROM\driverl
     133 00000004 0EA8          MOVU      ACC,AH                ; [CPU_] |234| 
     134 00000005 C444          MOVL      XAR6,*-SP[4]          ; [CPU_] |234| 
     135 00000006 FF30          LSL       ACC,1                 ; [CPU_] |234| 
     136 00000007 FF18          ADD       ACC,#13 << 8          ; [CPU_] |234| 
         00000008 000D 
     137 00000009 8AA9          MOVL      XAR4,ACC              ; [CPU_] |234| 
     138 0000000a C2C4          MOVL      *+XAR4[0],XAR6        ; [CPU_] |234| 
     139                      .dwpsn  file "C:\Users\a0221343\Git\bootROM\f28004x_bootrom\F28004x_ROM_dev_PG2.0\F28004x_ROM\driverl
     140 0000000b 761A   EDIS
     141                      .dwpsn  file "C:\Users\a0221343\Git\bootROM\f28004x_bootrom\F28004x_ROM_dev_PG2.0\F28004x_ROM\driverl
     142 0000000c FF69          SPM       #0                    ; [CPU_] 
     143 0000000d FE84          SUBB      SP,#4                 ; [CPU_U] 
     144                      .dwcfi  cfa_offset, -2
     145              $C$DW$12        .dwtag  DW_TAG_TI_branch
     146                      .dwattr $C$DW$12, DW_AT_low_pc(0x00)
     147                      .dwattr $C$DW$12, DW_AT_TI_return
     148 0000000e 0006          LRETR     ; [CPU_] 
     149                      ; return occurs ; [] 
     150                      .dwattr $C$DW$7, DW_AT_TI_end_file("C:\Users\a0221343\Git\bootROM\f28004x_bootrom\F28004x_ROM_dev_PG2
     151                      .dwattr $C$DW$7, DW_AT_TI_end_line(0xed)
     152                      .dwattr $C$DW$7, DW_AT_TI_end_column(0x01)
     153                      .dwendentry
     154                      .dwendtag $C$DW$7
     155              
     156 00000000               .sect   ".text:_Interrupt_unregister"
     157                      .clink
     158              
     159              $C$DW$13        .dwtag  DW_TAG_subprogram, DW_AT_name("Interrupt_unregister")
     160                      .dwattr $C$DW$13, DW_AT_low_pc(_Interrupt_unregister)
     161                      .dwattr $C$DW$13, DW_AT_high_pc(0x00)
     162                      .dwattr $C$DW$13, DW_AT_TI_symbol_name("_Interrupt_unregister")
     163                      .dwattr $C$DW$13, DW_AT_TI_begin_file("C:\Users\a0221343\Git\bootROM\f28004x_bootrom\F28004x_ROM_dev_
TMS320C2000 Assembler PC v6.4.4 Tue Feb 14 14:43:04 2017

Tools Copyright (c) 1996-2015 Texas Instruments Incorporated
C:\Users\a0221343\AppData\Local\Temp\0977610                         PAGE    4

     164                      .dwattr $C$DW$13, DW_AT_TI_begin_line(0x104)
     165                      .dwattr $C$DW$13, DW_AT_TI_begin_column(0x01)
     166                      .dwattr $C$DW$13, DW_AT_TI_max_frame_size(-4)
     167                      .dwpsn  file "C:\Users\a0221343\Git\bootROM\f28004x_bootrom\F28004x_ROM_dev_PG2.0\F28004x_ROM\driverl
     168              
     169                      .dwfde $C$DW$CIE, _Interrupt_unregister
     170              $C$DW$14        .dwtag  DW_TAG_formal_parameter, DW_AT_name("interruptNumber")
     171                      .dwattr $C$DW$14, DW_AT_TI_symbol_name("_interruptNumber")
     172                      .dwattr $C$DW$14, DW_AT_type(*$C$DW$T$21)
     173                      .dwattr $C$DW$14, DW_AT_location[DW_OP_reg0]
     174              
     175              ;***************************************************************
     176              ;* FNAME: _Interrupt_unregister         FR SIZE:   2           *
     177              ;*                                                             *
     178              ;* FUNCTION ENVIRONMENT                                        *
     179              ;*                                                             *
     180              ;* FUNCTION PROPERTIES                                         *
     181              ;*                            0 Parameter,  2 Auto,  0 SOE     *
     182              ;***************************************************************
     183              
     184 00000000       _Interrupt_unregister:
     185                      .dwcfi  cfa_offset, -2
     186                      .dwcfi  save_reg_to_mem, 26, 0
     187 00000000 FE02          ADDB      SP,#2                 ; [CPU_U] 
     188                      .dwcfi  cfa_offset, -4
     189              $C$DW$15        .dwtag  DW_TAG_variable, DW_AT_name("interruptNumber")
     190                      .dwattr $C$DW$15, DW_AT_TI_symbol_name("_interruptNumber")
     191                      .dwattr $C$DW$15, DW_AT_type(*$C$DW$T$21)
     192                      .dwattr $C$DW$15, DW_AT_location[DW_OP_breg20 -2]
     193 00000001 1E42          MOVL      *-SP[2],ACC           ; [CPU_] |261| 
     194                      .dwpsn  file "C:\Users\a0221343\Git\bootROM\f28004x_bootrom\F28004x_ROM_dev_PG2.0\F28004x_ROM\driverl
     195 00000002 7622   EALLOW
     196                      .dwpsn  file "C:\Users\a0221343\Git\bootROM\f28004x_bootrom\F28004x_ROM_dev_PG2.0\F28004x_ROM\driverl
     197 00000003 0EA8          MOVU      ACC,AH                ; [CPU_] |264| 
     198 00000004 FF30          LSL       ACC,1                 ; [CPU_] |264| 
     199 00000005 FF18          ADD       ACC,#13 << 8          ; [CPU_] |264| 
         00000006 000D 
     200 00000007 8AA9          MOVL      XAR4,ACC              ; [CPU_] |264| 
     201 00000008 8F40+         MOVL      XAR5,#_Interrupt_defaultHandler ; [CPU_U] |264| 
         00000009 0000 
     202 0000000a A0C4          MOVL      *+XAR4[0],XAR5        ; [CPU_] |264| 
     203                      .dwpsn  file "C:\Users\a0221343\Git\bootROM\f28004x_bootrom\F28004x_ROM_dev_PG2.0\F28004x_ROM\driverl
     204 0000000b 761A   EDIS
     205                      .dwpsn  file "C:\Users\a0221343\Git\bootROM\f28004x_bootrom\F28004x_ROM_dev_PG2.0\F28004x_ROM\driverl
     206 0000000c FF69          SPM       #0                    ; [CPU_] 
     207 0000000d FE82          SUBB      SP,#2                 ; [CPU_U] 
     208                      .dwcfi  cfa_offset, -2
     209              $C$DW$16        .dwtag  DW_TAG_TI_branch
     210                      .dwattr $C$DW$16, DW_AT_low_pc(0x00)
     211                      .dwattr $C$DW$16, DW_AT_TI_return
     212 0000000e 0006          LRETR     ; [CPU_] 
     213                      ; return occurs ; [] 
     214                      .dwattr $C$DW$13, DW_AT_TI_end_file("C:\Users\a0221343\Git\bootROM\f28004x_bootrom\F28004x_ROM_dev_PG
     215                      .dwattr $C$DW$13, DW_AT_TI_end_line(0x10b)
     216                      .dwattr $C$DW$13, DW_AT_TI_end_column(0x01)
TMS320C2000 Assembler PC v6.4.4 Tue Feb 14 14:43:04 2017

Tools Copyright (c) 1996-2015 Texas Instruments Incorporated
C:\Users\a0221343\AppData\Local\Temp\0977610                         PAGE    5

     217                      .dwendentry
     218                      .dwendtag $C$DW$13
     219              
     220 00000000               .sect   ".text:_EQEP_getIntNumber"
     221                      .clink
     222              
     223              $C$DW$17        .dwtag  DW_TAG_subprogram, DW_AT_name("EQEP_getIntNumber")
     224                      .dwattr $C$DW$17, DW_AT_low_pc(_EQEP_getIntNumber)
     225                      .dwattr $C$DW$17, DW_AT_high_pc(0x00)
     226                      .dwattr $C$DW$17, DW_AT_TI_symbol_name("_EQEP_getIntNumber")
     227                      .dwattr $C$DW$17, DW_AT_type(*$C$DW$T$21)
     228                      .dwattr $C$DW$17, DW_AT_TI_begin_file("C:/Users/a0221343/Git/bootROM/f28004x_bootrom/F28004x_ROM_dev_
     229                      .dwattr $C$DW$17, DW_AT_TI_begin_line(0x1e)
     230                      .dwattr $C$DW$17, DW_AT_TI_begin_column(0x01)
     231                      .dwattr $C$DW$17, DW_AT_TI_max_frame_size(-6)
     232                      .dwpsn  file "C:/Users/a0221343/Git/bootROM/f28004x_bootrom/F28004x_ROM_dev_PG2.0/F28004x_ROM/driverl
     233              
     234                      .dwfde $C$DW$CIE, _EQEP_getIntNumber
     235              $C$DW$18        .dwtag  DW_TAG_formal_parameter, DW_AT_name("base")
     236                      .dwattr $C$DW$18, DW_AT_TI_symbol_name("_base")
     237                      .dwattr $C$DW$18, DW_AT_type(*$C$DW$T$21)
     238                      .dwattr $C$DW$18, DW_AT_location[DW_OP_reg0]
     239              
     240              ;***************************************************************
     241              ;* FNAME: _EQEP_getIntNumber            FR SIZE:   4           *
     242              ;*                                                             *
     243              ;* FUNCTION ENVIRONMENT                                        *
     244              ;*                                                             *
     245              ;* FUNCTION PROPERTIES                                         *
     246              ;*                            0 Parameter,  4 Auto,  0 SOE     *
     247              ;***************************************************************
     248              
     249 00000000       _EQEP_getIntNumber:
     250                      .dwcfi  cfa_offset, -2
     251                      .dwcfi  save_reg_to_mem, 26, 0
     252 00000000 FE04          ADDB      SP,#4                 ; [CPU_U] 
     253                      .dwcfi  cfa_offset, -6
     254              $C$DW$19        .dwtag  DW_TAG_variable, DW_AT_name("base")
     255                      .dwattr $C$DW$19, DW_AT_TI_symbol_name("_base")
     256                      .dwattr $C$DW$19, DW_AT_type(*$C$DW$T$21)
     257                      .dwattr $C$DW$19, DW_AT_location[DW_OP_breg20 -2]
     258              $C$DW$20        .dwtag  DW_TAG_variable, DW_AT_name("intNumber")
     259                      .dwattr $C$DW$20, DW_AT_TI_symbol_name("_intNumber")
     260                      .dwattr $C$DW$20, DW_AT_type(*$C$DW$T$21)
     261                      .dwattr $C$DW$20, DW_AT_location[DW_OP_breg20 -4]
     262 00000001 1E42          MOVL      *-SP[2],ACC           ; [CPU_] |31| 
     263                      .dwpsn  file "C:/Users/a0221343/Git/bootROM/f28004x_bootrom/F28004x_ROM_dev_PG2.0/F28004x_ROM/driverl
     264 00000002 6F0E          B         $C$L5,UNC             ; [CPU_] |37| 
     265                      ; branch occurs ; [] |37| 
     266 00000003       $C$L2:    
     267                      .dwpsn  file "C:/Users/a0221343/Git/bootROM/f28004x_bootrom/F28004x_ROM_dev_PG2.0/F28004x_ROM/driverl
     268 00000003 28A9          MOV       AL,#1281              ; [CPU_] |40| 
         00000004 0501 
     269 00000005 9B40          MOV       AH,#64                ; [CPU_] |40| 
     270 00000006 1E44          MOVL      *-SP[4],ACC           ; [CPU_] |40| 
TMS320C2000 Assembler PC v6.4.4 Tue Feb 14 14:43:04 2017

Tools Copyright (c) 1996-2015 Texas Instruments Incorporated
C:\Users\a0221343\AppData\Local\Temp\0977610                         PAGE    6

     271                      .dwpsn  file "C:/Users/a0221343/Git/bootROM/f28004x_bootrom/F28004x_ROM_dev_PG2.0/F28004x_ROM/driverl
     272 00000007 6F15          B         $C$L6,UNC             ; [CPU_] |41| 
     273                      ; branch occurs ; [] |41| 
     274 00000008       $C$L3:    
     275                      .dwpsn  file "C:/Users/a0221343/Git/bootROM/f28004x_bootrom/F28004x_ROM_dev_PG2.0/F28004x_ROM/driverl
     276 00000008 28A9          MOV       AL,#1282              ; [CPU_] |44| 
         00000009 0502 
     277 0000000a 9B41          MOV       AH,#65                ; [CPU_] |44| 
     278 0000000b 1E44          MOVL      *-SP[4],ACC           ; [CPU_] |44| 
     279                      .dwpsn  file "C:/Users/a0221343/Git/bootROM/f28004x_bootrom/F28004x_ROM_dev_PG2.0/F28004x_ROM/driverl
     280 0000000c 6F10          B         $C$L6,UNC             ; [CPU_] |45| 
     281                      ; branch occurs ; [] |45| 
     282 0000000d       $C$L4:    
     283                      .dwpsn  file "C:/Users/a0221343/Git/bootROM/f28004x_bootrom/F28004x_ROM_dev_PG2.0/F28004x_ROM/driverl
     284 0000000d 0200          MOVB      ACC,#0                ; [CPU_] |49| 
     285 0000000e 1E44          MOVL      *-SP[4],ACC           ; [CPU_] |49| 
     286                      .dwpsn  file "C:/Users/a0221343/Git/bootROM/f28004x_bootrom/F28004x_ROM_dev_PG2.0/F28004x_ROM/driverl
     287 0000000f 6F0D          B         $C$L6,UNC             ; [CPU_] |50| 
     288                      ; branch occurs ; [] |50| 
     289 00000010       $C$L5:    
     290                      .dwpsn  file "C:/Users/a0221343/Git/bootROM/f28004x_bootrom/F28004x_ROM_dev_PG2.0/F28004x_ROM/driverl
     291 00000010 C442          MOVL      XAR6,*-SP[2]          ; [CPU_] |37| 
     292 00000011 8F00          MOVL      XAR4,#20736           ; [CPU_U] |37| 
         00000012 5100 
     293 00000013 A8A9          MOVL      ACC,XAR4              ; [CPU_] |37| 
     294 00000014 0FA6          CMPL      ACC,XAR6              ; [CPU_] |37| 
     295 00000015 ECEE          BF        $C$L2,EQ              ; [CPU_] |37| 
     296                      ; branchcc occurs ; [] |37| 
     297 00000016 8F00          MOVL      XAR4,#20800           ; [CPU_U] |37| 
         00000017 5140 
     298 00000018 A8A9          MOVL      ACC,XAR4              ; [CPU_] |37| 
     299 00000019 0FA6          CMPL      ACC,XAR6              ; [CPU_] |37| 
     300 0000001a ECEE          BF        $C$L3,EQ              ; [CPU_] |37| 
     301                      ; branchcc occurs ; [] |37| 
     302 0000001b 6FF2          B         $C$L4,UNC             ; [CPU_] |37| 
     303                      ; branch occurs ; [] |37| 
     304 0000001c       $C$L6:    
     305                      .dwpsn  file "C:/Users/a0221343/Git/bootROM/f28004x_bootrom/F28004x_ROM_dev_PG2.0/F28004x_ROM/driverl
     306                      .dwpsn  file "C:/Users/a0221343/Git/bootROM/f28004x_bootrom/F28004x_ROM_dev_PG2.0/F28004x_ROM/driverl
     307 0000001c FE84          SUBB      SP,#4                 ; [CPU_U] 
     308                      .dwcfi  cfa_offset, -2
     309              $C$DW$21        .dwtag  DW_TAG_TI_branch
     310                      .dwattr $C$DW$21, DW_AT_low_pc(0x00)
     311                      .dwattr $C$DW$21, DW_AT_TI_return
     312 0000001d 0006          LRETR     ; [CPU_] 
     313                      ; return occurs ; [] 
     314                      .dwattr $C$DW$17, DW_AT_TI_end_file("C:/Users/a0221343/Git/bootROM/f28004x_bootrom/F28004x_ROM_dev_PG
     315                      .dwattr $C$DW$17, DW_AT_TI_end_line(0x36)
     316                      .dwattr $C$DW$17, DW_AT_TI_end_column(0x01)
     317                      .dwendentry
     318                      .dwendtag $C$DW$17
     319              
     320 00000000               .sect   ".text:_EQEP_registerInterrupt"
     321                      .clink
     322                      .global _EQEP_registerInterrupt
TMS320C2000 Assembler PC v6.4.4 Tue Feb 14 14:43:04 2017

Tools Copyright (c) 1996-2015 Texas Instruments Incorporated
C:\Users\a0221343\AppData\Local\Temp\0977610                         PAGE    7

     323              
     324              $C$DW$22        .dwtag  DW_TAG_subprogram, DW_AT_name("EQEP_registerInterrupt")
     325                      .dwattr $C$DW$22, DW_AT_low_pc(_EQEP_registerInterrupt)
     326                      .dwattr $C$DW$22, DW_AT_high_pc(0x00)
     327                      .dwattr $C$DW$22, DW_AT_TI_symbol_name("_EQEP_registerInterrupt")
     328                      .dwattr $C$DW$22, DW_AT_external
     329                      .dwattr $C$DW$22, DW_AT_TI_begin_file("C:/Users/a0221343/Git/bootROM/f28004x_bootrom/F28004x_ROM_dev_
     330                      .dwattr $C$DW$22, DW_AT_TI_begin_line(0x3e)
     331                      .dwattr $C$DW$22, DW_AT_TI_begin_column(0x01)
     332                      .dwattr $C$DW$22, DW_AT_TI_max_frame_size(-8)
     333                      .dwpsn  file "C:/Users/a0221343/Git/bootROM/f28004x_bootrom/F28004x_ROM_dev_PG2.0/F28004x_ROM/driverl
     334              
     335                      .dwfde $C$DW$CIE, _EQEP_registerInterrupt
     336              $C$DW$23        .dwtag  DW_TAG_formal_parameter, DW_AT_name("base")
     337                      .dwattr $C$DW$23, DW_AT_TI_symbol_name("_base")
     338                      .dwattr $C$DW$23, DW_AT_type(*$C$DW$T$21)
     339                      .dwattr $C$DW$23, DW_AT_location[DW_OP_reg0]
     340              $C$DW$24        .dwtag  DW_TAG_formal_parameter, DW_AT_name("handler")
     341                      .dwattr $C$DW$24, DW_AT_TI_symbol_name("_handler")
     342                      .dwattr $C$DW$24, DW_AT_type(*$C$DW$T$20)
     343                      .dwattr $C$DW$24, DW_AT_location[DW_OP_reg12]
     344              
     345              ;***************************************************************
     346              ;* FNAME: _EQEP_registerInterrupt       FR SIZE:   6           *
     347              ;*                                                             *
     348              ;* FUNCTION ENVIRONMENT                                        *
     349              ;*                                                             *
     350              ;* FUNCTION PROPERTIES                                         *
     351              ;*                            0 Parameter,  6 Auto,  0 SOE     *
     352              ;***************************************************************
     353              
     354 00000000       _EQEP_registerInterrupt:
     355                      .dwcfi  cfa_offset, -2
     356                      .dwcfi  save_reg_to_mem, 26, 0
     357 00000000 FE06          ADDB      SP,#6                 ; [CPU_U] 
     358                      .dwcfi  cfa_offset, -8
     359              $C$DW$25        .dwtag  DW_TAG_variable, DW_AT_name("base")
     360                      .dwattr $C$DW$25, DW_AT_TI_symbol_name("_base")
     361                      .dwattr $C$DW$25, DW_AT_type(*$C$DW$T$21)
     362                      .dwattr $C$DW$25, DW_AT_location[DW_OP_breg20 -2]
     363              $C$DW$26        .dwtag  DW_TAG_variable, DW_AT_name("handler")
     364                      .dwattr $C$DW$26, DW_AT_TI_symbol_name("_handler")
     365                      .dwattr $C$DW$26, DW_AT_type(*$C$DW$T$20)
     366                      .dwattr $C$DW$26, DW_AT_location[DW_OP_breg20 -4]
     367              $C$DW$27        .dwtag  DW_TAG_variable, DW_AT_name("intNumber")
     368                      .dwattr $C$DW$27, DW_AT_TI_symbol_name("_intNumber")
     369                      .dwattr $C$DW$27, DW_AT_type(*$C$DW$T$21)
     370                      .dwattr $C$DW$27, DW_AT_location[DW_OP_breg20 -6]
     371 00000001 A844          MOVL      *-SP[4],XAR4          ; [CPU_] |63| 
     372 00000002 1E42          MOVL      *-SP[2],ACC           ; [CPU_] |63| 
     373                      .dwpsn  file "C:/Users/a0221343/Git/bootROM/f28004x_bootrom/F28004x_ROM_dev_PG2.0/F28004x_ROM/driverl
     374              $C$DW$28        .dwtag  DW_TAG_TI_branch
     375                      .dwattr $C$DW$28, DW_AT_low_pc(0x00)
     376                      .dwattr $C$DW$28, DW_AT_name("_EQEP_getIntNumber")
     377                      .dwattr $C$DW$28, DW_AT_TI_call
TMS320C2000 Assembler PC v6.4.4 Tue Feb 14 14:43:04 2017

Tools Copyright (c) 1996-2015 Texas Instruments Incorporated
C:\Users\a0221343\AppData\Local\Temp\0977610                         PAGE    8

     378 00000003 7640+         LCR       #_EQEP_getIntNumber   ; [CPU_] |74| 
         00000004 0000 
     379                      ; call occurs [#_EQEP_getIntNumber] ; [] |74| 
     380 00000005 1E46          MOVL      *-SP[6],ACC           ; [CPU_] |74| 
     381                      .dwpsn  file "C:/Users/a0221343/Git/bootROM/f28004x_bootrom/F28004x_ROM_dev_PG2.0/F28004x_ROM/driverl
     382 00000006 8A44          MOVL      XAR4,*-SP[4]          ; [CPU_] |81| 
     383              $C$DW$29        .dwtag  DW_TAG_TI_branch
     384                      .dwattr $C$DW$29, DW_AT_low_pc(0x00)
     385                      .dwattr $C$DW$29, DW_AT_name("_Interrupt_register")
     386                      .dwattr $C$DW$29, DW_AT_TI_call
     387 00000007 7640+         LCR       #_Interrupt_register  ; [CPU_] |81| 
         00000008 0000 
     388                      ; call occurs [#_Interrupt_register] ; [] |81| 
     389                      .dwpsn  file "C:/Users/a0221343/Git/bootROM/f28004x_bootrom/F28004x_ROM_dev_PG2.0/F28004x_ROM/driverl
     390 00000009 0646          MOVL      ACC,*-SP[6]           ; [CPU_] |86| 
     391              $C$DW$30        .dwtag  DW_TAG_TI_branch
     392                      .dwattr $C$DW$30, DW_AT_low_pc(0x00)
     393                      .dwattr $C$DW$30, DW_AT_name("_Interrupt_enable")
     394                      .dwattr $C$DW$30, DW_AT_TI_call
     395 0000000a 7640!         LCR       #_Interrupt_enable    ; [CPU_] |86| 
         0000000b 0000 
     396                      ; call occurs [#_Interrupt_enable] ; [] |86| 
     397                      .dwpsn  file "C:/Users/a0221343/Git/bootROM/f28004x_bootrom/F28004x_ROM_dev_PG2.0/F28004x_ROM/driverl
     398 0000000c FE86          SUBB      SP,#6                 ; [CPU_U] 
     399                      .dwcfi  cfa_offset, -2
     400              $C$DW$31        .dwtag  DW_TAG_TI_branch
     401                      .dwattr $C$DW$31, DW_AT_low_pc(0x00)
     402                      .dwattr $C$DW$31, DW_AT_TI_return
     403 0000000d 0006          LRETR     ; [CPU_] 
     404                      ; return occurs ; [] 
     405                      .dwattr $C$DW$22, DW_AT_TI_end_file("C:/Users/a0221343/Git/bootROM/f28004x_bootrom/F28004x_ROM_dev_PG
     406                      .dwattr $C$DW$22, DW_AT_TI_end_line(0x57)
     407                      .dwattr $C$DW$22, DW_AT_TI_end_column(0x01)
     408                      .dwendentry
     409                      .dwendtag $C$DW$22
     410              
     411 00000000               .sect   ".text:_EQEP_unregisterInterrupt"
     412                      .clink
     413                      .global _EQEP_unregisterInterrupt
     414              
     415              $C$DW$32        .dwtag  DW_TAG_subprogram, DW_AT_name("EQEP_unregisterInterrupt")
     416                      .dwattr $C$DW$32, DW_AT_low_pc(_EQEP_unregisterInterrupt)
     417                      .dwattr $C$DW$32, DW_AT_high_pc(0x00)
     418                      .dwattr $C$DW$32, DW_AT_TI_symbol_name("_EQEP_unregisterInterrupt")
     419                      .dwattr $C$DW$32, DW_AT_external
     420                      .dwattr $C$DW$32, DW_AT_TI_begin_file("C:/Users/a0221343/Git/bootROM/f28004x_bootrom/F28004x_ROM_dev_
     421                      .dwattr $C$DW$32, DW_AT_TI_begin_line(0x5f)
     422                      .dwattr $C$DW$32, DW_AT_TI_begin_column(0x01)
     423                      .dwattr $C$DW$32, DW_AT_TI_max_frame_size(-6)
     424                      .dwpsn  file "C:/Users/a0221343/Git/bootROM/f28004x_bootrom/F28004x_ROM_dev_PG2.0/F28004x_ROM/driverl
     425              
     426                      .dwfde $C$DW$CIE, _EQEP_unregisterInterrupt
     427              $C$DW$33        .dwtag  DW_TAG_formal_parameter, DW_AT_name("base")
     428                      .dwattr $C$DW$33, DW_AT_TI_symbol_name("_base")
     429                      .dwattr $C$DW$33, DW_AT_type(*$C$DW$T$21)
TMS320C2000 Assembler PC v6.4.4 Tue Feb 14 14:43:04 2017

Tools Copyright (c) 1996-2015 Texas Instruments Incorporated
C:\Users\a0221343\AppData\Local\Temp\0977610                         PAGE    9

     430                      .dwattr $C$DW$33, DW_AT_location[DW_OP_reg0]
     431              
     432              ;***************************************************************
     433              ;* FNAME: _EQEP_unregisterInterrupt     FR SIZE:   4           *
     434              ;*                                                             *
     435              ;* FUNCTION ENVIRONMENT                                        *
     436              ;*                                                             *
     437              ;* FUNCTION PROPERTIES                                         *
     438              ;*                            0 Parameter,  4 Auto,  0 SOE     *
     439              ;***************************************************************
     440              
     441 00000000       _EQEP_unregisterInterrupt:
     442                      .dwcfi  cfa_offset, -2
     443                      .dwcfi  save_reg_to_mem, 26, 0
     444 00000000 FE04          ADDB      SP,#4                 ; [CPU_U] 
     445                      .dwcfi  cfa_offset, -6
     446              $C$DW$34        .dwtag  DW_TAG_variable, DW_AT_name("base")
     447                      .dwattr $C$DW$34, DW_AT_TI_symbol_name("_base")
     448                      .dwattr $C$DW$34, DW_AT_type(*$C$DW$T$21)
     449                      .dwattr $C$DW$34, DW_AT_location[DW_OP_breg20 -2]
     450              $C$DW$35        .dwtag  DW_TAG_variable, DW_AT_name("intNumber")
     451                      .dwattr $C$DW$35, DW_AT_TI_symbol_name("_intNumber")
     452                      .dwattr $C$DW$35, DW_AT_type(*$C$DW$T$21)
     453                      .dwattr $C$DW$35, DW_AT_location[DW_OP_breg20 -4]
     454 00000001 1E42          MOVL      *-SP[2],ACC           ; [CPU_] |96| 
     455                      .dwpsn  file "C:/Users/a0221343/Git/bootROM/f28004x_bootrom/F28004x_ROM_dev_PG2.0/F28004x_ROM/driverl
     456              $C$DW$36        .dwtag  DW_TAG_TI_branch
     457                      .dwattr $C$DW$36, DW_AT_low_pc(0x00)
     458                      .dwattr $C$DW$36, DW_AT_name("_EQEP_getIntNumber")
     459                      .dwattr $C$DW$36, DW_AT_TI_call
     460 00000002 7640+         LCR       #_EQEP_getIntNumber   ; [CPU_] |107| 
         00000003 0000 
     461                      ; call occurs [#_EQEP_getIntNumber] ; [] |107| 
     462 00000004 1E44          MOVL      *-SP[4],ACC           ; [CPU_] |107| 
     463                      .dwpsn  file "C:/Users/a0221343/Git/bootROM/f28004x_bootrom/F28004x_ROM_dev_PG2.0/F28004x_ROM/driverl
     464              $C$DW$37        .dwtag  DW_TAG_TI_branch
     465                      .dwattr $C$DW$37, DW_AT_low_pc(0x00)
     466                      .dwattr $C$DW$37, DW_AT_name("_Interrupt_disable")
     467                      .dwattr $C$DW$37, DW_AT_TI_call
     468 00000005 7640!         LCR       #_Interrupt_disable   ; [CPU_] |114| 
         00000006 0000 
     469                      ; call occurs [#_Interrupt_disable] ; [] |114| 
     470                      .dwpsn  file "C:/Users/a0221343/Git/bootROM/f28004x_bootrom/F28004x_ROM_dev_PG2.0/F28004x_ROM/driverl
     471 00000007 0644          MOVL      ACC,*-SP[4]           ; [CPU_] |119| 
     472              $C$DW$38        .dwtag  DW_TAG_TI_branch
     473                      .dwattr $C$DW$38, DW_AT_low_pc(0x00)
     474                      .dwattr $C$DW$38, DW_AT_name("_Interrupt_unregister")
     475                      .dwattr $C$DW$38, DW_AT_TI_call
     476 00000008 7640+         LCR       #_Interrupt_unregister ; [CPU_] |119| 
         00000009 0000 
     477                      ; call occurs [#_Interrupt_unregister] ; [] |119| 
     478                      .dwpsn  file "C:/Users/a0221343/Git/bootROM/f28004x_bootrom/F28004x_ROM_dev_PG2.0/F28004x_ROM/driverl
     479 0000000a FE84          SUBB      SP,#4                 ; [CPU_U] 
     480                      .dwcfi  cfa_offset, -2
     481              $C$DW$39        .dwtag  DW_TAG_TI_branch
TMS320C2000 Assembler PC v6.4.4 Tue Feb 14 14:43:04 2017

Tools Copyright (c) 1996-2015 Texas Instruments Incorporated
C:\Users\a0221343\AppData\Local\Temp\0977610                         PAGE   10

     482                      .dwattr $C$DW$39, DW_AT_low_pc(0x00)
     483                      .dwattr $C$DW$39, DW_AT_TI_return
     484 0000000b 0006          LRETR     ; [CPU_] 
     485                      ; return occurs ; [] 
     486                      .dwattr $C$DW$32, DW_AT_TI_end_file("C:/Users/a0221343/Git/bootROM/f28004x_bootrom/F28004x_ROM_dev_PG
     487                      .dwattr $C$DW$32, DW_AT_TI_end_line(0x78)
     488                      .dwattr $C$DW$32, DW_AT_TI_end_column(0x01)
     489                      .dwendentry
     490                      .dwendtag $C$DW$32
     491              
     492 00000000               .sect   ".text:_EQEP_setCompareConfig"
     493                      .clink
     494                      .global _EQEP_setCompareConfig
     495              
     496              $C$DW$40        .dwtag  DW_TAG_subprogram, DW_AT_name("EQEP_setCompareConfig")
     497                      .dwattr $C$DW$40, DW_AT_low_pc(_EQEP_setCompareConfig)
     498                      .dwattr $C$DW$40, DW_AT_high_pc(0x00)
     499                      .dwattr $C$DW$40, DW_AT_TI_symbol_name("_EQEP_setCompareConfig")
     500                      .dwattr $C$DW$40, DW_AT_external
     501                      .dwattr $C$DW$40, DW_AT_TI_begin_file("C:/Users/a0221343/Git/bootROM/f28004x_bootrom/F28004x_ROM_dev_
     502                      .dwattr $C$DW$40, DW_AT_TI_begin_line(0x80)
     503                      .dwattr $C$DW$40, DW_AT_TI_begin_column(0x01)
     504                      .dwattr $C$DW$40, DW_AT_TI_max_frame_size(-8)
     505                      .dwpsn  file "C:/Users/a0221343/Git/bootROM/f28004x_bootrom/F28004x_ROM_dev_PG2.0/F28004x_ROM/driverl
     506              
     507                      .dwfde $C$DW$CIE, _EQEP_setCompareConfig
     508              $C$DW$41        .dwtag  DW_TAG_formal_parameter, DW_AT_name("base")
     509                      .dwattr $C$DW$41, DW_AT_TI_symbol_name("_base")
     510                      .dwattr $C$DW$41, DW_AT_type(*$C$DW$T$21)
     511                      .dwattr $C$DW$41, DW_AT_location[DW_OP_reg0]
     512              $C$DW$42        .dwtag  DW_TAG_formal_parameter, DW_AT_name("config")
     513                      .dwattr $C$DW$42, DW_AT_TI_symbol_name("_config")
     514                      .dwattr $C$DW$42, DW_AT_type(*$C$DW$T$26)
     515                      .dwattr $C$DW$42, DW_AT_location[DW_OP_reg12]
     516              $C$DW$43        .dwtag  DW_TAG_formal_parameter, DW_AT_name("compareValue")
     517                      .dwattr $C$DW$43, DW_AT_TI_symbol_name("_compareValue")
     518                      .dwattr $C$DW$43, DW_AT_type(*$C$DW$T$21)
     519                      .dwattr $C$DW$43, DW_AT_location[DW_OP_breg20 -10]
     520              $C$DW$44        .dwtag  DW_TAG_formal_parameter, DW_AT_name("cycles")
     521                      .dwattr $C$DW$44, DW_AT_TI_symbol_name("_cycles")
     522                      .dwattr $C$DW$44, DW_AT_type(*$C$DW$T$26)
     523                      .dwattr $C$DW$44, DW_AT_location[DW_OP_reg14]
     524              
     525              ;***************************************************************
     526              ;* FNAME: _EQEP_setCompareConfig        FR SIZE:   6           *
     527              ;*                                                             *
     528              ;* FUNCTION ENVIRONMENT                                        *
     529              ;*                                                             *
     530              ;* FUNCTION PROPERTIES                                         *
     531              ;*                            0 Parameter,  5 Auto,  0 SOE     *
     532              ;***************************************************************
     533              
     534 00000000       _EQEP_setCompareConfig:
     535                      .dwcfi  cfa_offset, -2
     536                      .dwcfi  save_reg_to_mem, 26, 0
TMS320C2000 Assembler PC v6.4.4 Tue Feb 14 14:43:04 2017

Tools Copyright (c) 1996-2015 Texas Instruments Incorporated
C:\Users\a0221343\AppData\Local\Temp\0977610                         PAGE   11

     537 00000000 FE06          ADDB      SP,#6                 ; [CPU_U] 
     538                      .dwcfi  cfa_offset, -8
     539              $C$DW$45        .dwtag  DW_TAG_variable, DW_AT_name("base")
     540                      .dwattr $C$DW$45, DW_AT_TI_symbol_name("_base")
     541                      .dwattr $C$DW$45, DW_AT_type(*$C$DW$T$21)
     542                      .dwattr $C$DW$45, DW_AT_location[DW_OP_breg20 -2]
     543              $C$DW$46        .dwtag  DW_TAG_variable, DW_AT_name("config")
     544                      .dwattr $C$DW$46, DW_AT_TI_symbol_name("_config")
     545                      .dwattr $C$DW$46, DW_AT_type(*$C$DW$T$26)
     546                      .dwattr $C$DW$46, DW_AT_location[DW_OP_breg20 -3]
     547              $C$DW$47        .dwtag  DW_TAG_variable, DW_AT_name("cycles")
     548                      .dwattr $C$DW$47, DW_AT_TI_symbol_name("_cycles")
     549                      .dwattr $C$DW$47, DW_AT_type(*$C$DW$T$26)
     550                      .dwattr $C$DW$47, DW_AT_location[DW_OP_breg20 -4]
     551              $C$DW$48        .dwtag  DW_TAG_variable, DW_AT_name("regValue")
     552                      .dwattr $C$DW$48, DW_AT_TI_symbol_name("_regValue")
     553                      .dwattr $C$DW$48, DW_AT_type(*$C$DW$T$26)
     554                      .dwattr $C$DW$48, DW_AT_location[DW_OP_breg20 -5]
     555 00000001 7D44          MOV       *-SP[4],AR5           ; [CPU_] |130| 
     556 00000002 7C43          MOV       *-SP[3],AR4           ; [CPU_] |130| 
     557 00000003 1E42          MOVL      *-SP[2],ACC           ; [CPU_] |130| 
     558                      .dwpsn  file "C:/Users/a0221343/Git/bootROM/f28004x_bootrom/F28004x_ROM_dev_PG2.0/F28004x_ROM/driverl
     559 00000004 0206          MOVB      ACC,#6                ; [CPU_] |142| 
     560 00000005 0742          ADDL      ACC,*-SP[2]           ; [CPU_] |142| 
     561 00000006 8AA9          MOVL      XAR4,ACC              ; [CPU_] |142| 
     562 00000007 064A          MOVL      ACC,*-SP[10]          ; [CPU_] |142| 
     563 00000008 98C4          OR        *+XAR4[0],AL          ; [CPU_] |142| 
     564 00000009 99CC          OR        *+XAR4[1],AH          ; [CPU_] |142| 
     565                      .dwpsn  file "C:/Users/a0221343/Git/bootROM/f28004x_bootrom/F28004x_ROM_dev_PG2.0/F28004x_ROM/driverl
     566 0000000a 9344          MOV       AH,*-SP[4]            ; [CPU_] |147| 
     567 0000000b CC43          AND       AL,*-SP[3],#0xc000    ; [CPU_] |147| 
         0000000c C000 
     568 0000000d 9DFF          ADDB      AH,#-1                ; [CPU_] |147| 
     569 0000000e CBA9          OR        AH,AL                 ; [CPU_] |147| 
     570 0000000f 9745          MOV       *-SP[5],AH            ; [CPU_] |147| 
     571                      .dwpsn  file "C:/Users/a0221343/Git/bootROM/f28004x_bootrom/F28004x_ROM_dev_PG2.0/F28004x_ROM/driverl
     572 00000010 0217          MOVB      ACC,#23               ; [CPU_] |150| 
     573 00000011 0742          ADDL      ACC,*-SP[2]           ; [CPU_] |150| 
     574 00000012 8AA9          MOVL      XAR4,ACC              ; [CPU_] |150| 
     575 00000013 CCC4          AND       AL,*+XAR4[0],#0x3000  ; [CPU_] |150| 
         00000014 3000 
     576 00000015 CA45          OR        AL,*-SP[5]            ; [CPU_] |150| 
     577 00000016 88A9          MOVZ      AR6,AL                ; [CPU_] |150| 
     578 00000017 0217          MOVB      ACC,#23               ; [CPU_] |150| 
     579 00000018 0742          ADDL      ACC,*-SP[2]           ; [CPU_] |150| 
     580 00000019 8AA9          MOVL      XAR4,ACC              ; [CPU_] |150| 
     581 0000001a 7EC4          MOV       *+XAR4[0],AR6         ; [CPU_] |150| 
     582                      .dwpsn  file "C:/Users/a0221343/Git/bootROM/f28004x_bootrom/F28004x_ROM_dev_PG2.0/F28004x_ROM/driverl
     583 0000001b CC43          AND       AL,*-SP[3],#0x3000    ; [CPU_] |158| 
         0000001c 3000 
     584 0000001d 9645          MOV       *-SP[5],AL            ; [CPU_] |158| 
     585                      .dwpsn  file "C:/Users/a0221343/Git/bootROM/f28004x_bootrom/F28004x_ROM_dev_PG2.0/F28004x_ROM/driverl
     586 0000001e 0214          MOVB      ACC,#20               ; [CPU_] |160| 
     587 0000001f 0742          ADDL      ACC,*-SP[2]           ; [CPU_] |160| 
     588 00000020 8AA9          MOVL      XAR4,ACC              ; [CPU_] |160| 
TMS320C2000 Assembler PC v6.4.4 Tue Feb 14 14:43:04 2017

Tools Copyright (c) 1996-2015 Texas Instruments Incorporated
C:\Users\a0221343\AppData\Local\Temp\0977610                         PAGE   12

     589 00000021 CCC4          AND       AL,*+XAR4[0],#0xcfff  ; [CPU_] |160| 
         00000022 CFFF 
     590 00000023 CA45          OR        AL,*-SP[5]            ; [CPU_] |160| 
     591 00000024 88A9          MOVZ      AR6,AL                ; [CPU_] |160| 
     592 00000025 0214          MOVB      ACC,#20               ; [CPU_] |160| 
     593 00000026 0742          ADDL      ACC,*-SP[2]           ; [CPU_] |160| 
     594 00000027 8AA9          MOVL      XAR4,ACC              ; [CPU_] |160| 
     595 00000028 7EC4          MOV       *+XAR4[0],AR6         ; [CPU_] |160| 
     596                      .dwpsn  file "C:/Users/a0221343/Git/bootROM/f28004x_bootrom/F28004x_ROM_dev_PG2.0/F28004x_ROM/driverl
     597 00000029 FE86          SUBB      SP,#6                 ; [CPU_U] 
     598                      .dwcfi  cfa_offset, -2
     599              $C$DW$49        .dwtag  DW_TAG_TI_branch
     600                      .dwattr $C$DW$49, DW_AT_low_pc(0x00)
     601                      .dwattr $C$DW$49, DW_AT_TI_return
     602 0000002a 0006          LRETR     ; [CPU_] 
     603                      ; return occurs ; [] 
     604                      .dwattr $C$DW$40, DW_AT_TI_end_file("C:/Users/a0221343/Git/bootROM/f28004x_bootrom/F28004x_ROM_dev_PG
     605                      .dwattr $C$DW$40, DW_AT_TI_end_line(0xa3)
     606                      .dwattr $C$DW$40, DW_AT_TI_end_column(0x01)
     607                      .dwendentry
     608                      .dwendtag $C$DW$40
     609              
     610 00000000               .sect   ".text:_EQEP_setInputPolarity"
     611                      .clink
     612                      .global _EQEP_setInputPolarity
     613              
     614              $C$DW$50        .dwtag  DW_TAG_subprogram, DW_AT_name("EQEP_setInputPolarity")
     615                      .dwattr $C$DW$50, DW_AT_low_pc(_EQEP_setInputPolarity)
     616                      .dwattr $C$DW$50, DW_AT_high_pc(0x00)
     617                      .dwattr $C$DW$50, DW_AT_TI_symbol_name("_EQEP_setInputPolarity")
     618                      .dwattr $C$DW$50, DW_AT_external
     619                      .dwattr $C$DW$50, DW_AT_TI_begin_file("C:/Users/a0221343/Git/bootROM/f28004x_bootrom/F28004x_ROM_dev_
     620                      .dwattr $C$DW$50, DW_AT_TI_begin_line(0xab)
     621                      .dwattr $C$DW$50, DW_AT_TI_begin_column(0x01)
     622                      .dwattr $C$DW$50, DW_AT_TI_max_frame_size(-6)
     623                      .dwpsn  file "C:/Users/a0221343/Git/bootROM/f28004x_bootrom/F28004x_ROM_dev_PG2.0/F28004x_ROM/driverl
     624              
     625                      .dwfde $C$DW$CIE, _EQEP_setInputPolarity
     626              $C$DW$51        .dwtag  DW_TAG_formal_parameter, DW_AT_name("base")
     627                      .dwattr $C$DW$51, DW_AT_TI_symbol_name("_base")
     628                      .dwattr $C$DW$51, DW_AT_type(*$C$DW$T$21)
     629                      .dwattr $C$DW$51, DW_AT_location[DW_OP_reg0]
     630              $C$DW$52        .dwtag  DW_TAG_formal_parameter, DW_AT_name("invertQEPA")
     631                      .dwattr $C$DW$52, DW_AT_TI_symbol_name("_invertQEPA")
     632                      .dwattr $C$DW$52, DW_AT_type(*$C$DW$T$28)
     633                      .dwattr $C$DW$52, DW_AT_location[DW_OP_reg12]
     634              $C$DW$53        .dwtag  DW_TAG_formal_parameter, DW_AT_name("invertQEPB")
     635                      .dwattr $C$DW$53, DW_AT_TI_symbol_name("_invertQEPB")
     636                      .dwattr $C$DW$53, DW_AT_type(*$C$DW$T$28)
     637                      .dwattr $C$DW$53, DW_AT_location[DW_OP_reg14]
     638              $C$DW$54        .dwtag  DW_TAG_formal_parameter, DW_AT_name("invertIndex")
     639                      .dwattr $C$DW$54, DW_AT_TI_symbol_name("_invertIndex")
     640                      .dwattr $C$DW$54, DW_AT_type(*$C$DW$T$28)
     641                      .dwattr $C$DW$54, DW_AT_location[DW_OP_breg20 -7]
     642              $C$DW$55        .dwtag  DW_TAG_formal_parameter, DW_AT_name("invertStrobe")
TMS320C2000 Assembler PC v6.4.4 Tue Feb 14 14:43:04 2017

Tools Copyright (c) 1996-2015 Texas Instruments Incorporated
C:\Users\a0221343\AppData\Local\Temp\0977610                         PAGE   13

     643                      .dwattr $C$DW$55, DW_AT_TI_symbol_name("_invertStrobe")
     644                      .dwattr $C$DW$55, DW_AT_type(*$C$DW$T$28)
     645                      .dwattr $C$DW$55, DW_AT_location[DW_OP_breg20 -8]
     646              
     647              ;***************************************************************
     648              ;* FNAME: _EQEP_setInputPolarity        FR SIZE:   4           *
     649              ;*                                                             *
     650              ;* FUNCTION ENVIRONMENT                                        *
     651              ;*                                                             *
     652              ;* FUNCTION PROPERTIES                                         *
     653              ;*                            0 Parameter,  4 Auto,  0 SOE     *
     654              ;***************************************************************
     655              
     656 00000000       _EQEP_setInputPolarity:
     657                      .dwcfi  cfa_offset, -2
     658                      .dwcfi  save_reg_to_mem, 26, 0
     659 00000000 FE04          ADDB      SP,#4                 ; [CPU_U] 
     660                      .dwcfi  cfa_offset, -6
     661              $C$DW$56        .dwtag  DW_TAG_variable, DW_AT_name("base")
     662                      .dwattr $C$DW$56, DW_AT_TI_symbol_name("_base")
     663                      .dwattr $C$DW$56, DW_AT_type(*$C$DW$T$21)
     664                      .dwattr $C$DW$56, DW_AT_location[DW_OP_breg20 -2]
     665              $C$DW$57        .dwtag  DW_TAG_variable, DW_AT_name("invertQEPA")
     666                      .dwattr $C$DW$57, DW_AT_TI_symbol_name("_invertQEPA")
     667                      .dwattr $C$DW$57, DW_AT_type(*$C$DW$T$28)
     668                      .dwattr $C$DW$57, DW_AT_location[DW_OP_breg20 -3]
     669              $C$DW$58        .dwtag  DW_TAG_variable, DW_AT_name("invertQEPB")
     670                      .dwattr $C$DW$58, DW_AT_TI_symbol_name("_invertQEPB")
     671                      .dwattr $C$DW$58, DW_AT_type(*$C$DW$T$28)
     672                      .dwattr $C$DW$58, DW_AT_location[DW_OP_breg20 -4]
     673 00000001 7D44          MOV       *-SP[4],AR5           ; [CPU_] |173| 
     674 00000002 7C43          MOV       *-SP[3],AR4           ; [CPU_] |173| 
     675 00000003 1E42          MOVL      *-SP[2],ACC           ; [CPU_] |173| 
     676                      .dwpsn  file "C:/Users/a0221343/Git/bootROM/f28004x_bootrom/F28004x_ROM_dev_PG2.0/F28004x_ROM/driverl
     677 00000004 9243          MOV       AL,*-SP[3]            ; [CPU_] |182| 
     678 00000005 EC07          BF        $C$L7,EQ              ; [CPU_] |182| 
     679                      ; branchcc occurs ; [] |182| 
     680                      .dwpsn  file "C:/Users/a0221343/Git/bootROM/f28004x_bootrom/F28004x_ROM_dev_PG2.0/F28004x_ROM/driverl
     681 00000006 0214          MOVB      ACC,#20               ; [CPU_] |184| 
     682 00000007 0742          ADDL      ACC,*-SP[2]           ; [CPU_] |184| 
     683 00000008 8AA9          MOVL      XAR4,ACC              ; [CPU_] |184| 
     684 00000009 1AC4          OR        *+XAR4[0],#0x0100     ; [CPU_] |184| 
         0000000a 0100 
     685                      .dwpsn  file "C:/Users/a0221343/Git/bootROM/f28004x_bootrom/F28004x_ROM_dev_PG2.0/F28004x_ROM/driverl
     686 0000000b 6F06          B         $C$L8,UNC             ; [CPU_] |185| 
     687                      ; branch occurs ; [] |185| 
     688 0000000c       $C$L7:    
     689                      .dwpsn  file "C:/Users/a0221343/Git/bootROM/f28004x_bootrom/F28004x_ROM_dev_PG2.0/F28004x_ROM/driverl
     690 0000000c 0214          MOVB      ACC,#20               ; [CPU_] |188| 
     691 0000000d 0742          ADDL      ACC,*-SP[2]           ; [CPU_] |188| 
     692 0000000e 8AA9          MOVL      XAR4,ACC              ; [CPU_] |188| 
     693 0000000f 18C4          AND       *+XAR4[0],#0xfeff     ; [CPU_] |188| 
         00000010 FEFF 
     694 00000011       $C$L8:    
     695                      .dwpsn  file "C:/Users/a0221343/Git/bootROM/f28004x_bootrom/F28004x_ROM_dev_PG2.0/F28004x_ROM/driverl
TMS320C2000 Assembler PC v6.4.4 Tue Feb 14 14:43:04 2017

Tools Copyright (c) 1996-2015 Texas Instruments Incorporated
C:\Users\a0221343\AppData\Local\Temp\0977610                         PAGE   14

     696 00000011 9244          MOV       AL,*-SP[4]            ; [CPU_] |194| 
     697 00000012 EC07          BF        $C$L9,EQ              ; [CPU_] |194| 
     698                      ; branchcc occurs ; [] |194| 
     699                      .dwpsn  file "C:/Users/a0221343/Git/bootROM/f28004x_bootrom/F28004x_ROM_dev_PG2.0/F28004x_ROM/driverl
     700 00000013 0214          MOVB      ACC,#20               ; [CPU_] |196| 
     701 00000014 0742          ADDL      ACC,*-SP[2]           ; [CPU_] |196| 
     702 00000015 8AA9          MOVL      XAR4,ACC              ; [CPU_] |196| 
     703 00000016 1AC4          OR        *+XAR4[0],#0x0080     ; [CPU_] |196| 
         00000017 0080 
     704                      .dwpsn  file "C:/Users/a0221343/Git/bootROM/f28004x_bootrom/F28004x_ROM_dev_PG2.0/F28004x_ROM/driverl
     705 00000018 6F06          B         $C$L10,UNC            ; [CPU_] |197| 
     706                      ; branch occurs ; [] |197| 
     707 00000019       $C$L9:    
     708                      .dwpsn  file "C:/Users/a0221343/Git/bootROM/f28004x_bootrom/F28004x_ROM_dev_PG2.0/F28004x_ROM/driverl
     709 00000019 0214          MOVB      ACC,#20               ; [CPU_] |200| 
     710 0000001a 0742          ADDL      ACC,*-SP[2]           ; [CPU_] |200| 
     711 0000001b 8AA9          MOVL      XAR4,ACC              ; [CPU_] |200| 
     712 0000001c 18C4          AND       *+XAR4[0],#0xff7f     ; [CPU_] |200| 
         0000001d FF7F 
     713 0000001e       $C$L10:    
     714                      .dwpsn  file "C:/Users/a0221343/Git/bootROM/f28004x_bootrom/F28004x_ROM_dev_PG2.0/F28004x_ROM/driverl
     715 0000001e 9247          MOV       AL,*-SP[7]            ; [CPU_] |206| 
     716 0000001f EC07          BF        $C$L11,EQ             ; [CPU_] |206| 
     717                      ; branchcc occurs ; [] |206| 
     718                      .dwpsn  file "C:/Users/a0221343/Git/bootROM/f28004x_bootrom/F28004x_ROM_dev_PG2.0/F28004x_ROM/driverl
     719 00000020 0214          MOVB      ACC,#20               ; [CPU_] |208| 
     720 00000021 0742          ADDL      ACC,*-SP[2]           ; [CPU_] |208| 
     721 00000022 8AA9          MOVL      XAR4,ACC              ; [CPU_] |208| 
     722 00000023 1AC4          OR        *+XAR4[0],#0x0040     ; [CPU_] |208| 
         00000024 0040 
     723                      .dwpsn  file "C:/Users/a0221343/Git/bootROM/f28004x_bootrom/F28004x_ROM_dev_PG2.0/F28004x_ROM/driverl
     724 00000025 6F06          B         $C$L12,UNC            ; [CPU_] |209| 
     725                      ; branch occurs ; [] |209| 
     726 00000026       $C$L11:    
     727                      .dwpsn  file "C:/Users/a0221343/Git/bootROM/f28004x_bootrom/F28004x_ROM_dev_PG2.0/F28004x_ROM/driverl
     728 00000026 0214          MOVB      ACC,#20               ; [CPU_] |212| 
     729 00000027 0742          ADDL      ACC,*-SP[2]           ; [CPU_] |212| 
     730 00000028 8AA9          MOVL      XAR4,ACC              ; [CPU_] |212| 
     731 00000029 18C4          AND       *+XAR4[0],#0xffbf     ; [CPU_] |212| 
         0000002a FFBF 
     732 0000002b       $C$L12:    
     733                      .dwpsn  file "C:/Users/a0221343/Git/bootROM/f28004x_bootrom/F28004x_ROM_dev_PG2.0/F28004x_ROM/driverl
     734 0000002b 9248          MOV       AL,*-SP[8]            ; [CPU_] |218| 
     735 0000002c EC07          BF        $C$L13,EQ             ; [CPU_] |218| 
     736                      ; branchcc occurs ; [] |218| 
     737                      .dwpsn  file "C:/Users/a0221343/Git/bootROM/f28004x_bootrom/F28004x_ROM_dev_PG2.0/F28004x_ROM/driverl
     738 0000002d 0214          MOVB      ACC,#20               ; [CPU_] |220| 
     739 0000002e 0742          ADDL      ACC,*-SP[2]           ; [CPU_] |220| 
     740 0000002f 8AA9          MOVL      XAR4,ACC              ; [CPU_] |220| 
     741 00000030 1AC4          OR        *+XAR4[0],#0x0020     ; [CPU_] |220| 
         00000031 0020 
     742                      .dwpsn  file "C:/Users/a0221343/Git/bootROM/f28004x_bootrom/F28004x_ROM_dev_PG2.0/F28004x_ROM/driverl
     743 00000032 6F06          B         $C$L14,UNC            ; [CPU_] |221| 
     744                      ; branch occurs ; [] |221| 
     745 00000033       $C$L13:    
TMS320C2000 Assembler PC v6.4.4 Tue Feb 14 14:43:04 2017

Tools Copyright (c) 1996-2015 Texas Instruments Incorporated
C:\Users\a0221343\AppData\Local\Temp\0977610                         PAGE   15

     746                      .dwpsn  file "C:/Users/a0221343/Git/bootROM/f28004x_bootrom/F28004x_ROM_dev_PG2.0/F28004x_ROM/driverl
     747 00000033 0214          MOVB      ACC,#20               ; [CPU_] |224| 
     748 00000034 0742          ADDL      ACC,*-SP[2]           ; [CPU_] |224| 
     749 00000035 8AA9          MOVL      XAR4,ACC              ; [CPU_] |224| 
     750 00000036 18C4          AND       *+XAR4[0],#0xffdf     ; [CPU_] |224| 
         00000037 FFDF 
     751                      .dwpsn  file "C:/Users/a0221343/Git/bootROM/f28004x_bootrom/F28004x_ROM_dev_PG2.0/F28004x_ROM/driverl
     752 00000038       $C$L14:    
     753 00000038 FE84          SUBB      SP,#4                 ; [CPU_U] 
     754                      .dwcfi  cfa_offset, -2
     755              $C$DW$59        .dwtag  DW_TAG_TI_branch
     756                      .dwattr $C$DW$59, DW_AT_low_pc(0x00)
     757                      .dwattr $C$DW$59, DW_AT_TI_return
     758 00000039 0006          LRETR     ; [CPU_] 
     759                      ; return occurs ; [] 
     760                      .dwattr $C$DW$50, DW_AT_TI_end_file("C:/Users/a0221343/Git/bootROM/f28004x_bootrom/F28004x_ROM_dev_PG
     761                      .dwattr $C$DW$50, DW_AT_TI_end_line(0xe2)
     762                      .dwattr $C$DW$50, DW_AT_TI_end_column(0x01)
     763                      .dwendentry
     764                      .dwendtag $C$DW$50
     765              
     766              ;**************************************************************
     767              ;* UNDEFINED EXTERNAL REFERENCES                              *
     768              ;**************************************************************
     769                      .global _Interrupt_disable
     770                      .global _Interrupt_enable
     771              
     772              ;***************************************************************
     773              ;* TYPE INFORMATION                                            *
     774              ;***************************************************************
     775              $C$DW$T$2       .dwtag  DW_TAG_unspecified_type
     776                      .dwattr $C$DW$T$2, DW_AT_name("void")
     777              
     778              $C$DW$T$19      .dwtag  DW_TAG_subroutine_type
     779                      .dwattr $C$DW$T$19, DW_AT_language(DW_LANG_C)
     780              $C$DW$T$20      .dwtag  DW_TAG_pointer_type
     781                      .dwattr $C$DW$T$20, DW_AT_type(*$C$DW$T$19)
     782                      .dwattr $C$DW$T$20, DW_AT_address_class(0x20)
     783              $C$DW$T$4       .dwtag  DW_TAG_base_type
     784                      .dwattr $C$DW$T$4, DW_AT_encoding(DW_ATE_boolean)
     785                      .dwattr $C$DW$T$4, DW_AT_name("bool")
     786                      .dwattr $C$DW$T$4, DW_AT_byte_size(0x01)
     787              $C$DW$T$5       .dwtag  DW_TAG_base_type
     788                      .dwattr $C$DW$T$5, DW_AT_encoding(DW_ATE_signed_char)
     789                      .dwattr $C$DW$T$5, DW_AT_name("signed char")
     790                      .dwattr $C$DW$T$5, DW_AT_byte_size(0x01)
     791              $C$DW$T$6       .dwtag  DW_TAG_base_type
     792                      .dwattr $C$DW$T$6, DW_AT_encoding(DW_ATE_unsigned_char)
     793                      .dwattr $C$DW$T$6, DW_AT_name("unsigned char")
     794                      .dwattr $C$DW$T$6, DW_AT_byte_size(0x01)
     795              $C$DW$T$7       .dwtag  DW_TAG_base_type
     796                      .dwattr $C$DW$T$7, DW_AT_encoding(DW_ATE_signed_char)
     797                      .dwattr $C$DW$T$7, DW_AT_name("wchar_t")
     798                      .dwattr $C$DW$T$7, DW_AT_byte_size(0x01)
     799              $C$DW$T$8       .dwtag  DW_TAG_base_type
TMS320C2000 Assembler PC v6.4.4 Tue Feb 14 14:43:04 2017

Tools Copyright (c) 1996-2015 Texas Instruments Incorporated
C:\Users\a0221343\AppData\Local\Temp\0977610                         PAGE   16

     800                      .dwattr $C$DW$T$8, DW_AT_encoding(DW_ATE_signed)
     801                      .dwattr $C$DW$T$8, DW_AT_name("short")
     802                      .dwattr $C$DW$T$8, DW_AT_byte_size(0x01)
     803              $C$DW$T$9       .dwtag  DW_TAG_base_type
     804                      .dwattr $C$DW$T$9, DW_AT_encoding(DW_ATE_unsigned)
     805                      .dwattr $C$DW$T$9, DW_AT_name("unsigned short")
     806                      .dwattr $C$DW$T$9, DW_AT_byte_size(0x01)
     807              $C$DW$T$10      .dwtag  DW_TAG_base_type
     808                      .dwattr $C$DW$T$10, DW_AT_encoding(DW_ATE_signed)
     809                      .dwattr $C$DW$T$10, DW_AT_name("int")
     810                      .dwattr $C$DW$T$10, DW_AT_byte_size(0x01)
     811              $C$DW$T$11      .dwtag  DW_TAG_base_type
     812                      .dwattr $C$DW$T$11, DW_AT_encoding(DW_ATE_unsigned)
     813                      .dwattr $C$DW$T$11, DW_AT_name("unsigned int")
     814                      .dwattr $C$DW$T$11, DW_AT_byte_size(0x01)
     815              $C$DW$T$26      .dwtag  DW_TAG_typedef, DW_AT_name("uint16_t")
     816                      .dwattr $C$DW$T$26, DW_AT_type(*$C$DW$T$11)
     817                      .dwattr $C$DW$T$26, DW_AT_language(DW_LANG_C)
     818              $C$DW$T$12      .dwtag  DW_TAG_base_type
     819                      .dwattr $C$DW$T$12, DW_AT_encoding(DW_ATE_signed)
     820                      .dwattr $C$DW$T$12, DW_AT_name("long")
     821                      .dwattr $C$DW$T$12, DW_AT_byte_size(0x02)
     822              $C$DW$T$13      .dwtag  DW_TAG_base_type
     823                      .dwattr $C$DW$T$13, DW_AT_encoding(DW_ATE_unsigned)
     824                      .dwattr $C$DW$T$13, DW_AT_name("unsigned long")
     825                      .dwattr $C$DW$T$13, DW_AT_byte_size(0x02)
     826              $C$DW$T$21      .dwtag  DW_TAG_typedef, DW_AT_name("uint32_t")
     827                      .dwattr $C$DW$T$21, DW_AT_type(*$C$DW$T$13)
     828                      .dwattr $C$DW$T$21, DW_AT_language(DW_LANG_C)
     829              $C$DW$T$14      .dwtag  DW_TAG_base_type
     830                      .dwattr $C$DW$T$14, DW_AT_encoding(DW_ATE_signed)
     831                      .dwattr $C$DW$T$14, DW_AT_name("long long")
     832                      .dwattr $C$DW$T$14, DW_AT_byte_size(0x04)
     833              $C$DW$T$15      .dwtag  DW_TAG_base_type
     834                      .dwattr $C$DW$T$15, DW_AT_encoding(DW_ATE_unsigned)
     835                      .dwattr $C$DW$T$15, DW_AT_name("unsigned long long")
     836                      .dwattr $C$DW$T$15, DW_AT_byte_size(0x04)
     837              $C$DW$T$16      .dwtag  DW_TAG_base_type
     838                      .dwattr $C$DW$T$16, DW_AT_encoding(DW_ATE_float)
     839                      .dwattr $C$DW$T$16, DW_AT_name("float")
     840                      .dwattr $C$DW$T$16, DW_AT_byte_size(0x02)
     841              $C$DW$T$17      .dwtag  DW_TAG_base_type
     842                      .dwattr $C$DW$T$17, DW_AT_encoding(DW_ATE_float)
     843                      .dwattr $C$DW$T$17, DW_AT_name("double")
     844                      .dwattr $C$DW$T$17, DW_AT_byte_size(0x02)
     845              $C$DW$T$18      .dwtag  DW_TAG_base_type
     846                      .dwattr $C$DW$T$18, DW_AT_encoding(DW_ATE_float)
     847                      .dwattr $C$DW$T$18, DW_AT_name("long double")
     848                      .dwattr $C$DW$T$18, DW_AT_byte_size(0x04)
     849              $C$DW$T$28      .dwtag  DW_TAG_base_type
     850                      .dwattr $C$DW$T$28, DW_AT_encoding(DW_ATE_unsigned_char)
     851                      .dwattr $C$DW$T$28, DW_AT_name("unsigned char")
     852                      .dwattr $C$DW$T$28, DW_AT_byte_size(0x01)
     853                      .dwattr $C$DW$CU, DW_AT_language(DW_LANG_C)
     854              
TMS320C2000 Assembler PC v6.4.4 Tue Feb 14 14:43:04 2017

Tools Copyright (c) 1996-2015 Texas Instruments Incorporated
C:\Users\a0221343\AppData\Local\Temp\0977610                         PAGE   17

     855              ;***************************************************************
     856              ;* DWARF CIE ENTRIES                                           *
     857              ;***************************************************************
     858              
     859              $C$DW$CIE       .dwcie 26
     860                      .dwcfi  cfa_register, 20
     861                      .dwcfi  cfa_offset, 0
     862                      .dwcfi  undefined, 0
     863                      .dwcfi  undefined, 1
     864                      .dwcfi  undefined, 2
     865                      .dwcfi  undefined, 3
     866                      .dwcfi  undefined, 20
     867                      .dwcfi  undefined, 21
     868                      .dwcfi  undefined, 22
     869                      .dwcfi  undefined, 23
     870                      .dwcfi  undefined, 24
     871                      .dwcfi  undefined, 25
     872                      .dwcfi  undefined, 26
     873                      .dwcfi  same_value, 28
     874                      .dwcfi  undefined, 29
     875                      .dwcfi  undefined, 30
     876                      .dwcfi  undefined, 31
     877                      .dwcfi  undefined, 32
     878                      .dwcfi  undefined, 33
     879                      .dwcfi  undefined, 34
     880                      .dwcfi  undefined, 35
     881                      .dwcfi  undefined, 36
     882                      .dwcfi  undefined, 37
     883                      .dwcfi  undefined, 38
     884                      .dwcfi  undefined, 75
     885                      .dwcfi  undefined, 76
     886                      .dwcfi  undefined, 77
     887                      .dwcfi  undefined, 4
     888                      .dwcfi  undefined, 5
     889                      .dwcfi  same_value, 6
     890                      .dwcfi  same_value, 7
     891                      .dwcfi  same_value, 8
     892                      .dwcfi  same_value, 9
     893                      .dwcfi  same_value, 10
     894                      .dwcfi  same_value, 11
     895                      .dwcfi  undefined, 12
     896                      .dwcfi  undefined, 13
     897                      .dwcfi  undefined, 14
     898                      .dwcfi  undefined, 15
     899                      .dwcfi  undefined, 16
     900                      .dwcfi  undefined, 17
     901                      .dwcfi  undefined, 18
     902                      .dwcfi  undefined, 19
     903                      .dwcfi  undefined, 43
     904                      .dwcfi  undefined, 44
     905                      .dwcfi  undefined, 47
     906                      .dwcfi  undefined, 48
     907                      .dwcfi  undefined, 51
     908                      .dwcfi  undefined, 52
     909                      .dwcfi  undefined, 55
TMS320C2000 Assembler PC v6.4.4 Tue Feb 14 14:43:04 2017

Tools Copyright (c) 1996-2015 Texas Instruments Incorporated
C:\Users\a0221343\AppData\Local\Temp\0977610                         PAGE   18

     910                      .dwcfi  undefined, 56
     911                      .dwcfi  same_value, 59
     912                      .dwcfi  same_value, 60
     913                      .dwcfi  same_value, 63
     914                      .dwcfi  same_value, 64
     915                      .dwcfi  same_value, 67
     916                      .dwcfi  same_value, 68
     917                      .dwcfi  same_value, 71
     918                      .dwcfi  same_value, 72
     919                      .dwcfi  undefined, 73
     920                      .dwcfi  undefined, 74
     921                      .dwcfi  undefined, 39
     922                      .dwcfi  undefined, 40
     923                      .dwcfi  undefined, 27
     924                      .dwendentry
     925              
     926              ;***************************************************************
     927              ;* DWARF REGISTER MAP                                          *
     928              ;***************************************************************
     929              
     930              $C$DW$60        .dwtag  DW_TAG_TI_assign_register, DW_AT_name("AL")
     931                      .dwattr $C$DW$60, DW_AT_location[DW_OP_reg0]
     932              $C$DW$61        .dwtag  DW_TAG_TI_assign_register, DW_AT_name("AH")
     933                      .dwattr $C$DW$61, DW_AT_location[DW_OP_reg1]
     934              $C$DW$62        .dwtag  DW_TAG_TI_assign_register, DW_AT_name("PL")
     935                      .dwattr $C$DW$62, DW_AT_location[DW_OP_reg2]
     936              $C$DW$63        .dwtag  DW_TAG_TI_assign_register, DW_AT_name("PH")
     937                      .dwattr $C$DW$63, DW_AT_location[DW_OP_reg3]
     938              $C$DW$64        .dwtag  DW_TAG_TI_assign_register, DW_AT_name("SP")
     939                      .dwattr $C$DW$64, DW_AT_location[DW_OP_reg20]
     940              $C$DW$65        .dwtag  DW_TAG_TI_assign_register, DW_AT_name("XT")
     941                      .dwattr $C$DW$65, DW_AT_location[DW_OP_reg21]
     942              $C$DW$66        .dwtag  DW_TAG_TI_assign_register, DW_AT_name("T")
     943                      .dwattr $C$DW$66, DW_AT_location[DW_OP_reg22]
     944              $C$DW$67        .dwtag  DW_TAG_TI_assign_register, DW_AT_name("ST0")
     945                      .dwattr $C$DW$67, DW_AT_location[DW_OP_reg23]
     946              $C$DW$68        .dwtag  DW_TAG_TI_assign_register, DW_AT_name("ST1")
     947                      .dwattr $C$DW$68, DW_AT_location[DW_OP_reg24]
     948              $C$DW$69        .dwtag  DW_TAG_TI_assign_register, DW_AT_name("PC")
     949                      .dwattr $C$DW$69, DW_AT_location[DW_OP_reg25]
     950              $C$DW$70        .dwtag  DW_TAG_TI_assign_register, DW_AT_name("RPC")
     951                      .dwattr $C$DW$70, DW_AT_location[DW_OP_reg26]
     952              $C$DW$71        .dwtag  DW_TAG_TI_assign_register, DW_AT_name("FP")
     953                      .dwattr $C$DW$71, DW_AT_location[DW_OP_reg28]
     954              $C$DW$72        .dwtag  DW_TAG_TI_assign_register, DW_AT_name("DP")
     955                      .dwattr $C$DW$72, DW_AT_location[DW_OP_reg29]
     956              $C$DW$73        .dwtag  DW_TAG_TI_assign_register, DW_AT_name("SXM")
     957                      .dwattr $C$DW$73, DW_AT_location[DW_OP_reg30]
     958              $C$DW$74        .dwtag  DW_TAG_TI_assign_register, DW_AT_name("PM")
     959                      .dwattr $C$DW$74, DW_AT_location[DW_OP_reg31]
     960              $C$DW$75        .dwtag  DW_TAG_TI_assign_register, DW_AT_name("OVM")
     961                      .dwattr $C$DW$75, DW_AT_location[DW_OP_regx 0x20]
     962              $C$DW$76        .dwtag  DW_TAG_TI_assign_register, DW_AT_name("PAGE0")
     963                      .dwattr $C$DW$76, DW_AT_location[DW_OP_regx 0x21]
     964              $C$DW$77        .dwtag  DW_TAG_TI_assign_register, DW_AT_name("AMODE")
TMS320C2000 Assembler PC v6.4.4 Tue Feb 14 14:43:04 2017

Tools Copyright (c) 1996-2015 Texas Instruments Incorporated
C:\Users\a0221343\AppData\Local\Temp\0977610                         PAGE   19

     965                      .dwattr $C$DW$77, DW_AT_location[DW_OP_regx 0x22]
     966              $C$DW$78        .dwtag  DW_TAG_TI_assign_register, DW_AT_name("INTM")
     967                      .dwattr $C$DW$78, DW_AT_location[DW_OP_regx 0x23]
     968              $C$DW$79        .dwtag  DW_TAG_TI_assign_register, DW_AT_name("IFR")
     969                      .dwattr $C$DW$79, DW_AT_location[DW_OP_regx 0x24]
     970              $C$DW$80        .dwtag  DW_TAG_TI_assign_register, DW_AT_name("IER")
     971                      .dwattr $C$DW$80, DW_AT_location[DW_OP_regx 0x25]
     972              $C$DW$81        .dwtag  DW_TAG_TI_assign_register, DW_AT_name("V")
     973                      .dwattr $C$DW$81, DW_AT_location[DW_OP_regx 0x26]
     974              $C$DW$82        .dwtag  DW_TAG_TI_assign_register, DW_AT_name("PSEUDOH")
     975                      .dwattr $C$DW$82, DW_AT_location[DW_OP_regx 0x4c]
     976              $C$DW$83        .dwtag  DW_TAG_TI_assign_register, DW_AT_name("VOL")
     977                      .dwattr $C$DW$83, DW_AT_location[DW_OP_regx 0x4d]
     978              $C$DW$84        .dwtag  DW_TAG_TI_assign_register, DW_AT_name("AR0")
     979                      .dwattr $C$DW$84, DW_AT_location[DW_OP_reg4]
     980              $C$DW$85        .dwtag  DW_TAG_TI_assign_register, DW_AT_name("XAR0")
     981                      .dwattr $C$DW$85, DW_AT_location[DW_OP_reg5]
     982              $C$DW$86        .dwtag  DW_TAG_TI_assign_register, DW_AT_name("AR1")
     983                      .dwattr $C$DW$86, DW_AT_location[DW_OP_reg6]
     984              $C$DW$87        .dwtag  DW_TAG_TI_assign_register, DW_AT_name("XAR1")
     985                      .dwattr $C$DW$87, DW_AT_location[DW_OP_reg7]
     986              $C$DW$88        .dwtag  DW_TAG_TI_assign_register, DW_AT_name("AR2")
     987                      .dwattr $C$DW$88, DW_AT_location[DW_OP_reg8]
     988              $C$DW$89        .dwtag  DW_TAG_TI_assign_register, DW_AT_name("XAR2")
     989                      .dwattr $C$DW$89, DW_AT_location[DW_OP_reg9]
     990              $C$DW$90        .dwtag  DW_TAG_TI_assign_register, DW_AT_name("AR3")
     991                      .dwattr $C$DW$90, DW_AT_location[DW_OP_reg10]
     992              $C$DW$91        .dwtag  DW_TAG_TI_assign_register, DW_AT_name("XAR3")
     993                      .dwattr $C$DW$91, DW_AT_location[DW_OP_reg11]
     994              $C$DW$92        .dwtag  DW_TAG_TI_assign_register, DW_AT_name("AR4")
     995                      .dwattr $C$DW$92, DW_AT_location[DW_OP_reg12]
     996              $C$DW$93        .dwtag  DW_TAG_TI_assign_register, DW_AT_name("XAR4")
     997                      .dwattr $C$DW$93, DW_AT_location[DW_OP_reg13]
     998              $C$DW$94        .dwtag  DW_TAG_TI_assign_register, DW_AT_name("AR5")
     999                      .dwattr $C$DW$94, DW_AT_location[DW_OP_reg14]
    1000              $C$DW$95        .dwtag  DW_TAG_TI_assign_register, DW_AT_name("XAR5")
    1001                      .dwattr $C$DW$95, DW_AT_location[DW_OP_reg15]
    1002              $C$DW$96        .dwtag  DW_TAG_TI_assign_register, DW_AT_name("AR6")
    1003                      .dwattr $C$DW$96, DW_AT_location[DW_OP_reg16]
    1004              $C$DW$97        .dwtag  DW_TAG_TI_assign_register, DW_AT_name("XAR6")
    1005                      .dwattr $C$DW$97, DW_AT_location[DW_OP_reg17]
    1006              $C$DW$98        .dwtag  DW_TAG_TI_assign_register, DW_AT_name("AR7")
    1007                      .dwattr $C$DW$98, DW_AT_location[DW_OP_reg18]
    1008              $C$DW$99        .dwtag  DW_TAG_TI_assign_register, DW_AT_name("XAR7")
    1009                      .dwattr $C$DW$99, DW_AT_location[DW_OP_reg19]
    1010              $C$DW$100       .dwtag  DW_TAG_TI_assign_register, DW_AT_name("R0HL")
    1011                      .dwattr $C$DW$100, DW_AT_location[DW_OP_regx 0x2b]
    1012              $C$DW$101       .dwtag  DW_TAG_TI_assign_register, DW_AT_name("R0H")
    1013                      .dwattr $C$DW$101, DW_AT_location[DW_OP_regx 0x2c]
    1014              $C$DW$102       .dwtag  DW_TAG_TI_assign_register, DW_AT_name("R1HL")
    1015                      .dwattr $C$DW$102, DW_AT_location[DW_OP_regx 0x2f]
    1016              $C$DW$103       .dwtag  DW_TAG_TI_assign_register, DW_AT_name("R1H")
    1017                      .dwattr $C$DW$103, DW_AT_location[DW_OP_regx 0x30]
    1018              $C$DW$104       .dwtag  DW_TAG_TI_assign_register, DW_AT_name("R2HL")
    1019                      .dwattr $C$DW$104, DW_AT_location[DW_OP_regx 0x33]
TMS320C2000 Assembler PC v6.4.4 Tue Feb 14 14:43:04 2017

Tools Copyright (c) 1996-2015 Texas Instruments Incorporated
C:\Users\a0221343\AppData\Local\Temp\0977610                         PAGE   20

    1020              $C$DW$105       .dwtag  DW_TAG_TI_assign_register, DW_AT_name("R2H")
    1021                      .dwattr $C$DW$105, DW_AT_location[DW_OP_regx 0x34]
    1022              $C$DW$106       .dwtag  DW_TAG_TI_assign_register, DW_AT_name("R3HL")
    1023                      .dwattr $C$DW$106, DW_AT_location[DW_OP_regx 0x37]
    1024              $C$DW$107       .dwtag  DW_TAG_TI_assign_register, DW_AT_name("R3H")
    1025                      .dwattr $C$DW$107, DW_AT_location[DW_OP_regx 0x38]
    1026              $C$DW$108       .dwtag  DW_TAG_TI_assign_register, DW_AT_name("R4HL")
    1027                      .dwattr $C$DW$108, DW_AT_location[DW_OP_regx 0x3b]
    1028              $C$DW$109       .dwtag  DW_TAG_TI_assign_register, DW_AT_name("R4H")
    1029                      .dwattr $C$DW$109, DW_AT_location[DW_OP_regx 0x3c]
    1030              $C$DW$110       .dwtag  DW_TAG_TI_assign_register, DW_AT_name("R5HL")
    1031                      .dwattr $C$DW$110, DW_AT_location[DW_OP_regx 0x3f]
    1032              $C$DW$111       .dwtag  DW_TAG_TI_assign_register, DW_AT_name("R5H")
    1033                      .dwattr $C$DW$111, DW_AT_location[DW_OP_regx 0x40]
    1034              $C$DW$112       .dwtag  DW_TAG_TI_assign_register, DW_AT_name("R6HL")
    1035                      .dwattr $C$DW$112, DW_AT_location[DW_OP_regx 0x43]
    1036              $C$DW$113       .dwtag  DW_TAG_TI_assign_register, DW_AT_name("R6H")
    1037                      .dwattr $C$DW$113, DW_AT_location[DW_OP_regx 0x44]
    1038              $C$DW$114       .dwtag  DW_TAG_TI_assign_register, DW_AT_name("R7HL")
    1039                      .dwattr $C$DW$114, DW_AT_location[DW_OP_regx 0x47]
    1040              $C$DW$115       .dwtag  DW_TAG_TI_assign_register, DW_AT_name("R7H")
    1041                      .dwattr $C$DW$115, DW_AT_location[DW_OP_regx 0x48]
    1042              $C$DW$116       .dwtag  DW_TAG_TI_assign_register, DW_AT_name("RBL")
    1043                      .dwattr $C$DW$116, DW_AT_location[DW_OP_regx 0x49]
    1044              $C$DW$117       .dwtag  DW_TAG_TI_assign_register, DW_AT_name("RB")
    1045                      .dwattr $C$DW$117, DW_AT_location[DW_OP_regx 0x4a]
    1046              $C$DW$118       .dwtag  DW_TAG_TI_assign_register, DW_AT_name("STFL")
    1047                      .dwattr $C$DW$118, DW_AT_location[DW_OP_regx 0x27]
    1048              $C$DW$119       .dwtag  DW_TAG_TI_assign_register, DW_AT_name("STF")
    1049                      .dwattr $C$DW$119, DW_AT_location[DW_OP_regx 0x28]
    1050              $C$DW$120       .dwtag  DW_TAG_TI_assign_register, DW_AT_name("FPUHAZ")
    1051                      .dwattr $C$DW$120, DW_AT_location[DW_OP_reg27]
    1052                      .dwendtag $C$DW$CU
    1053              

No Assembly Errors, No Assembly Warnings
