TMS320C2000 Assembler PC v6.2.9 Tue Apr 14 13:32:13 2015

Tools Copyright (c) 1996-2014 Texas Instruments Incorporated
C:\Users\a0272466\AppData\Local\Temp\0265210                         PAGE    1

       1              ;***************************************************************
       2              ;* TMS320C2000 C/C++ Codegen                         PC v6.2.9 *
       3              ;* Date/Time created: Tue Apr 14 13:32:12 2015                 *
       4              ;***************************************************************
       5                      .compiler_opts --cla_support=cla0 --float_support=fpu32 --hll_source=on --mem_model:code=flat --mem_m
       6        0002  FP      .set    XAR2
       7              
       8              $C$DW$CU        .dwtag  DW_TAG_compile_unit
       9                      .dwattr $C$DW$CU, DW_AT_name("C:/work/grepos/c2000_bootROM/f28004x_bootrom/F28004x_ROM_dev/F28004x_RO
      10                      .dwattr $C$DW$CU, DW_AT_producer("TMS320C2000 C/C++ Codegen PC v6.2.9 Copyright (c) 1996-2014 Texas I
      11                      .dwattr $C$DW$CU, DW_AT_TI_version(0x01)
      12                      .dwattr $C$DW$CU, DW_AT_comp_dir("C:\work\grepos\c2000_bootROM\f28004x_bootrom\F28004x_ROM_dev\ccs_fi
      13              
      14              $C$DW$1 .dwtag  DW_TAG_subprogram, DW_AT_name("Interrupt_enable")
      15                      .dwattr $C$DW$1, DW_AT_TI_symbol_name("_Interrupt_enable")
      16                      .dwattr $C$DW$1, DW_AT_declaration
      17                      .dwattr $C$DW$1, DW_AT_external
      18              $C$DW$2 .dwtag  DW_TAG_formal_parameter
      19                      .dwattr $C$DW$2, DW_AT_type(*$C$DW$T$21)
      20                      .dwendtag $C$DW$1
      21              
      22              
      23              $C$DW$3 .dwtag  DW_TAG_subprogram, DW_AT_name("Interrupt_disable")
      24                      .dwattr $C$DW$3, DW_AT_TI_symbol_name("_Interrupt_disable")
      25                      .dwattr $C$DW$3, DW_AT_declaration
      26                      .dwattr $C$DW$3, DW_AT_external
      27              $C$DW$4 .dwtag  DW_TAG_formal_parameter
      28                      .dwattr $C$DW$4, DW_AT_type(*$C$DW$T$21)
      29                      .dwendtag $C$DW$3
      30              
      31              ;       c:\ti\ccsv6\tools\compiler\c2000_6.2.9\bin\ac2000.exe -@C:\\Users\\a0272466\\AppData\\Local\\Temp\\02
      32 00000000               .sect   ".text"
      33                      .clink
      34              
      35              $C$DW$5 .dwtag  DW_TAG_subprogram, DW_AT_name("Interrupt_register")
      36                      .dwattr $C$DW$5, DW_AT_low_pc(_Interrupt_register)
      37                      .dwattr $C$DW$5, DW_AT_high_pc(0x00)
      38                      .dwattr $C$DW$5, DW_AT_TI_symbol_name("_Interrupt_register")
      39                      .dwattr $C$DW$5, DW_AT_TI_begin_file("C:/work/grepos/c2000_bootROM/f28004x_bootrom/F28004x_ROM_dev/F2
      40                      .dwattr $C$DW$5, DW_AT_TI_begin_line(0xa0)
      41                      .dwattr $C$DW$5, DW_AT_TI_begin_column(0x01)
      42                      .dwattr $C$DW$5, DW_AT_TI_max_frame_size(-6)
      43                      .dwpsn  file "C:/work/grepos/c2000_bootROM/f28004x_bootrom/F28004x_ROM_dev/F28004x_ROM/driverlib/inte
      44              
      45                      .dwfde $C$DW$CIE, _Interrupt_register
      46              $C$DW$6 .dwtag  DW_TAG_formal_parameter, DW_AT_name("interruptNumber")
      47                      .dwattr $C$DW$6, DW_AT_TI_symbol_name("_interruptNumber")
      48                      .dwattr $C$DW$6, DW_AT_type(*$C$DW$T$21)
      49                      .dwattr $C$DW$6, DW_AT_location[DW_OP_reg0]
      50              $C$DW$7 .dwtag  DW_TAG_formal_parameter, DW_AT_name("handler")
      51                      .dwattr $C$DW$7, DW_AT_TI_symbol_name("_handler")
      52                      .dwattr $C$DW$7, DW_AT_type(*$C$DW$T$20)
      53                      .dwattr $C$DW$7, DW_AT_location[DW_OP_reg12]
      54              
      55              ;***************************************************************
TMS320C2000 Assembler PC v6.2.9 Tue Apr 14 13:32:13 2015

Tools Copyright (c) 1996-2014 Texas Instruments Incorporated
C:\Users\a0272466\AppData\Local\Temp\0265210                         PAGE    2

      56              ;* FNAME: _Interrupt_register           FR SIZE:   4           *
      57              ;*                                                             *
      58              ;* FUNCTION ENVIRONMENT                                        *
      59              ;*                                                             *
      60              ;* FUNCTION PROPERTIES                                         *
      61              ;*                            0 Parameter,  4 Auto,  0 SOE     *
      62              ;***************************************************************
      63              
      64 00000000       _Interrupt_register:
      65                      .dwcfi  cfa_offset, -2
      66                      .dwcfi  save_reg_to_mem, 26, 0
      67                      .dwcfi  save_reg_to_reg, 78, 26
      68 00000000 FE04          ADDB      SP,#4                 ; [CPU_U] 
      69                      .dwcfi  cfa_offset, -6
      70              $C$DW$8 .dwtag  DW_TAG_variable, DW_AT_name("interruptNumber")
      71                      .dwattr $C$DW$8, DW_AT_TI_symbol_name("_interruptNumber")
      72                      .dwattr $C$DW$8, DW_AT_type(*$C$DW$T$21)
      73                      .dwattr $C$DW$8, DW_AT_location[DW_OP_breg20 -2]
      74              $C$DW$9 .dwtag  DW_TAG_variable, DW_AT_name("handler")
      75                      .dwattr $C$DW$9, DW_AT_TI_symbol_name("_handler")
      76                      .dwattr $C$DW$9, DW_AT_type(*$C$DW$T$20)
      77                      .dwattr $C$DW$9, DW_AT_location[DW_OP_breg20 -4]
      78 00000001 A844          MOVL      *-SP[4],XAR4          ; [CPU_] |161| 
      79 00000002 1E42          MOVL      *-SP[2],ACC           ; [CPU_] |161| 
      80                      .dwpsn  file "C:/work/grepos/c2000_bootROM/f28004x_bootrom/F28004x_ROM_dev/F28004x_ROM/driverlib/inte
      81 00000003 7622   EALLOW
      82                      .dwpsn  file "C:/work/grepos/c2000_bootROM/f28004x_bootrom/F28004x_ROM_dev/F28004x_ROM/driverlib/inte
      83 00000004 0642          MOVL      ACC,*-SP[2]           ; [CPU_] |164| 
      84 00000005 C444          MOVL      XAR6,*-SP[4]          ; [CPU_] |164| 
      85 00000006 0EA8          MOVU      ACC,AH                ; [CPU_] |164| 
      86 00000007 FF30          LSL       ACC,1                 ; [CPU_] |164| 
      87 00000008 FF18          ADD       ACC,#13 << 8          ; [CPU_] |164| 
         00000009 000D 
      88 0000000a 8AA9          MOVL      XAR4,ACC              ; [CPU_] |164| 
      89 0000000b C2C4          MOVL      *+XAR4[0],XAR6        ; [CPU_] |164| 
      90                      .dwpsn  file "C:/work/grepos/c2000_bootROM/f28004x_bootrom/F28004x_ROM_dev/F28004x_ROM/driverlib/inte
      91 0000000c 761A   EDIS
      92                      .dwpsn  file "C:/work/grepos/c2000_bootROM/f28004x_bootrom/F28004x_ROM_dev/F28004x_ROM/driverlib/inte
      93 0000000d FF69          SPM       #0                    ; [CPU_] 
      94 0000000e FE84          SUBB      SP,#4                 ; [CPU_U] 
      95                      .dwcfi  cfa_offset, -2
      96              $C$DW$10        .dwtag  DW_TAG_TI_branch
      97                      .dwattr $C$DW$10, DW_AT_low_pc(0x00)
      98                      .dwattr $C$DW$10, DW_AT_TI_return
      99 0000000f 0006          LRETR     ; [CPU_] 
     100                      ; return occurs ; [] 
     101                      .dwattr $C$DW$5, DW_AT_TI_end_file("C:/work/grepos/c2000_bootROM/f28004x_bootrom/F28004x_ROM_dev/F280
     102                      .dwattr $C$DW$5, DW_AT_TI_end_line(0xa7)
     103                      .dwattr $C$DW$5, DW_AT_TI_end_column(0x01)
     104                      .dwendentry
     105                      .dwendtag $C$DW$5
     106              
     107 00000010               .sect   ".text"
     108                      .clink
     109              
TMS320C2000 Assembler PC v6.2.9 Tue Apr 14 13:32:13 2015

Tools Copyright (c) 1996-2014 Texas Instruments Incorporated
C:\Users\a0272466\AppData\Local\Temp\0265210                         PAGE    3

     110              $C$DW$11        .dwtag  DW_TAG_subprogram, DW_AT_name("Interrupt_unregister")
     111                      .dwattr $C$DW$11, DW_AT_low_pc(_Interrupt_unregister)
     112                      .dwattr $C$DW$11, DW_AT_high_pc(0x00)
     113                      .dwattr $C$DW$11, DW_AT_TI_symbol_name("_Interrupt_unregister")
     114                      .dwattr $C$DW$11, DW_AT_TI_begin_file("C:/work/grepos/c2000_bootROM/f28004x_bootrom/F28004x_ROM_dev/F
     115                      .dwattr $C$DW$11, DW_AT_TI_begin_line(0xba)
     116                      .dwattr $C$DW$11, DW_AT_TI_begin_column(0x01)
     117                      .dwattr $C$DW$11, DW_AT_TI_max_frame_size(-4)
     118                      .dwpsn  file "C:/work/grepos/c2000_bootROM/f28004x_bootrom/F28004x_ROM_dev/F28004x_ROM/driverlib/inte
     119              
     120                      .dwfde $C$DW$CIE, _Interrupt_unregister
     121              $C$DW$12        .dwtag  DW_TAG_formal_parameter, DW_AT_name("interruptNumber")
     122                      .dwattr $C$DW$12, DW_AT_TI_symbol_name("_interruptNumber")
     123                      .dwattr $C$DW$12, DW_AT_type(*$C$DW$T$21)
     124                      .dwattr $C$DW$12, DW_AT_location[DW_OP_reg0]
     125              
     126              ;***************************************************************
     127              ;* FNAME: _Interrupt_unregister         FR SIZE:   2           *
     128              ;*                                                             *
     129              ;* FUNCTION ENVIRONMENT                                        *
     130              ;*                                                             *
     131              ;* FUNCTION PROPERTIES                                         *
     132              ;*                            0 Parameter,  2 Auto,  0 SOE     *
     133              ;***************************************************************
     134              
     135 00000010       _Interrupt_unregister:
     136                      .dwcfi  cfa_offset, -2
     137                      .dwcfi  save_reg_to_mem, 26, 0
     138                      .dwcfi  save_reg_to_reg, 78, 26
     139 00000010 FE02          ADDB      SP,#2                 ; [CPU_U] 
     140                      .dwcfi  cfa_offset, -4
     141              $C$DW$13        .dwtag  DW_TAG_variable, DW_AT_name("interruptNumber")
     142                      .dwattr $C$DW$13, DW_AT_TI_symbol_name("_interruptNumber")
     143                      .dwattr $C$DW$13, DW_AT_type(*$C$DW$T$21)
     144                      .dwattr $C$DW$13, DW_AT_location[DW_OP_breg20 -2]
     145 00000011 1E42          MOVL      *-SP[2],ACC           ; [CPU_] |187| 
     146                      .dwpsn  file "C:/work/grepos/c2000_bootROM/f28004x_bootrom/F28004x_ROM_dev/F28004x_ROM/driverlib/inte
     147 00000012 7622   EALLOW
     148                      .dwpsn  file "C:/work/grepos/c2000_bootROM/f28004x_bootrom/F28004x_ROM_dev/F28004x_ROM/driverlib/inte
     149 00000013 8F40'         MOVL      XAR5,#_Interrupt_defaultHandler ; [CPU_U] |190| 
         00000014 0020 
     150 00000015 0642          MOVL      ACC,*-SP[2]           ; [CPU_] |190| 
     151 00000016 0EA8          MOVU      ACC,AH                ; [CPU_] |190| 
     152 00000017 FF30          LSL       ACC,1                 ; [CPU_] |190| 
     153 00000018 FF18          ADD       ACC,#13 << 8          ; [CPU_] |190| 
         00000019 000D 
     154 0000001a 8AA9          MOVL      XAR4,ACC              ; [CPU_] |190| 
     155 0000001b A0C4          MOVL      *+XAR4[0],XAR5        ; [CPU_] |190| 
     156                      .dwpsn  file "C:/work/grepos/c2000_bootROM/f28004x_bootrom/F28004x_ROM_dev/F28004x_ROM/driverlib/inte
     157 0000001c 761A   EDIS
     158                      .dwpsn  file "C:/work/grepos/c2000_bootROM/f28004x_bootrom/F28004x_ROM_dev/F28004x_ROM/driverlib/inte
     159 0000001d FF69          SPM       #0                    ; [CPU_] 
     160 0000001e FE82          SUBB      SP,#2                 ; [CPU_U] 
     161                      .dwcfi  cfa_offset, -2
     162              $C$DW$14        .dwtag  DW_TAG_TI_branch
TMS320C2000 Assembler PC v6.2.9 Tue Apr 14 13:32:13 2015

Tools Copyright (c) 1996-2014 Texas Instruments Incorporated
C:\Users\a0272466\AppData\Local\Temp\0265210                         PAGE    4

     163                      .dwattr $C$DW$14, DW_AT_low_pc(0x00)
     164                      .dwattr $C$DW$14, DW_AT_TI_return
     165 0000001f 0006          LRETR     ; [CPU_] 
     166                      ; return occurs ; [] 
     167                      .dwattr $C$DW$11, DW_AT_TI_end_file("C:/work/grepos/c2000_bootROM/f28004x_bootrom/F28004x_ROM_dev/F28
     168                      .dwattr $C$DW$11, DW_AT_TI_end_line(0xc1)
     169                      .dwattr $C$DW$11, DW_AT_TI_end_column(0x01)
     170                      .dwendentry
     171                      .dwendtag $C$DW$11
     172              
     173 00000020               .sect   ".text"
     174                      .clink
     175              
     176              $C$DW$15        .dwtag  DW_TAG_subprogram, DW_AT_name("Interrupt_defaultHandler")
     177                      .dwattr $C$DW$15, DW_AT_low_pc(_Interrupt_defaultHandler)
     178                      .dwattr $C$DW$15, DW_AT_high_pc(0x00)
     179                      .dwattr $C$DW$15, DW_AT_TI_symbol_name("_Interrupt_defaultHandler")
     180                      .dwattr $C$DW$15, DW_AT_TI_begin_file("C:/work/grepos/c2000_bootROM/f28004x_bootrom/F28004x_ROM_dev/F
     181                      .dwattr $C$DW$15, DW_AT_TI_begin_line(0x51)
     182                      .dwattr $C$DW$15, DW_AT_TI_begin_column(0x0d)
     183                      .dwattr $C$DW$15, DW_AT_TI_max_frame_size(-2)
     184                      .dwpsn  file "C:/work/grepos/c2000_bootROM/f28004x_bootrom/F28004x_ROM_dev/F28004x_ROM/driverlib/inte
     185              
     186                      .dwfde $C$DW$CIE, _Interrupt_defaultHandler
     187              
     188              ;***************************************************************
     189              ;* FNAME: _Interrupt_defaultHandler     FR SIZE:   0           *
     190              ;*                                                             *
     191              ;* FUNCTION ENVIRONMENT                                        *
     192              ;*                                                             *
     193              ;* FUNCTION PROPERTIES                                         *
     194              ;*                            0 Parameter,  0 Auto,  0 SOE     *
     195              ;***************************************************************
     196              
     197 00000020       _Interrupt_defaultHandler:
     198                      .dwcfi  cfa_offset, -2
     199                      .dwcfi  save_reg_to_mem, 26, 0
     200                      .dwcfi  save_reg_to_reg, 78, 26
     201                      .dwpsn  file "C:/work/grepos/c2000_bootROM/f28004x_bootrom/F28004x_ROM_dev/F28004x_ROM/driverlib/inte
     202 00000020 7625   ESTOP0
     203                      .dwpsn  file "C:/work/grepos/c2000_bootROM/f28004x_bootrom/F28004x_ROM_dev/F28004x_ROM/driverlib/inte
     204                      .dwpsn  file "C:/work/grepos/c2000_bootROM/f28004x_bootrom/F28004x_ROM_dev/F28004x_ROM/driverlib/inte
     205 00000021 FF69          SPM       #0                    ; [CPU_] 
     206              $C$DW$16        .dwtag  DW_TAG_TI_branch
     207                      .dwattr $C$DW$16, DW_AT_low_pc(0x00)
     208                      .dwattr $C$DW$16, DW_AT_TI_return
     209 00000022 0006          LRETR     ; [CPU_] 
     210                      ; return occurs ; [] 
     211                      .dwattr $C$DW$15, DW_AT_TI_end_file("C:/work/grepos/c2000_bootROM/f28004x_bootrom/F28004x_ROM_dev/F28
     212                      .dwattr $C$DW$15, DW_AT_TI_end_line(0x57)
     213                      .dwattr $C$DW$15, DW_AT_TI_end_column(0x01)
     214                      .dwendentry
     215                      .dwendtag $C$DW$15
     216              
     217 00000023               .sect   ".text"
TMS320C2000 Assembler PC v6.2.9 Tue Apr 14 13:32:13 2015

Tools Copyright (c) 1996-2014 Texas Instruments Incorporated
C:\Users\a0272466\AppData\Local\Temp\0265210                         PAGE    5

     218                      .clink
     219              
     220              $C$DW$17        .dwtag  DW_TAG_subprogram, DW_AT_name("EQEP_getIntNumber")
     221                      .dwattr $C$DW$17, DW_AT_low_pc(_EQEP_getIntNumber)
     222                      .dwattr $C$DW$17, DW_AT_high_pc(0x00)
     223                      .dwattr $C$DW$17, DW_AT_TI_symbol_name("_EQEP_getIntNumber")
     224                      .dwattr $C$DW$17, DW_AT_type(*$C$DW$T$21)
     225                      .dwattr $C$DW$17, DW_AT_TI_begin_file("C:/work/grepos/c2000_bootROM/f28004x_bootrom/F28004x_ROM_dev/F
     226                      .dwattr $C$DW$17, DW_AT_TI_begin_line(0x1e)
     227                      .dwattr $C$DW$17, DW_AT_TI_begin_column(0x01)
     228                      .dwattr $C$DW$17, DW_AT_TI_max_frame_size(-6)
     229                      .dwpsn  file "C:/work/grepos/c2000_bootROM/f28004x_bootrom/F28004x_ROM_dev/F28004x_ROM/driverlib/eqep
     230              
     231                      .dwfde $C$DW$CIE, _EQEP_getIntNumber
     232              $C$DW$18        .dwtag  DW_TAG_formal_parameter, DW_AT_name("base")
     233                      .dwattr $C$DW$18, DW_AT_TI_symbol_name("_base")
     234                      .dwattr $C$DW$18, DW_AT_type(*$C$DW$T$21)
     235                      .dwattr $C$DW$18, DW_AT_location[DW_OP_reg0]
     236              
     237              ;***************************************************************
     238              ;* FNAME: _EQEP_getIntNumber            FR SIZE:   4           *
     239              ;*                                                             *
     240              ;* FUNCTION ENVIRONMENT                                        *
     241              ;*                                                             *
     242              ;* FUNCTION PROPERTIES                                         *
     243              ;*                            0 Parameter,  4 Auto,  0 SOE     *
     244              ;***************************************************************
     245              
     246 00000023       _EQEP_getIntNumber:
     247                      .dwcfi  cfa_offset, -2
     248                      .dwcfi  save_reg_to_mem, 26, 0
     249                      .dwcfi  save_reg_to_reg, 78, 26
     250 00000023 FE04          ADDB      SP,#4                 ; [CPU_U] 
     251                      .dwcfi  cfa_offset, -6
     252              $C$DW$19        .dwtag  DW_TAG_variable, DW_AT_name("base")
     253                      .dwattr $C$DW$19, DW_AT_TI_symbol_name("_base")
     254                      .dwattr $C$DW$19, DW_AT_type(*$C$DW$T$21)
     255                      .dwattr $C$DW$19, DW_AT_location[DW_OP_breg20 -2]
     256              $C$DW$20        .dwtag  DW_TAG_variable, DW_AT_name("intNumber")
     257                      .dwattr $C$DW$20, DW_AT_TI_symbol_name("_intNumber")
     258                      .dwattr $C$DW$20, DW_AT_type(*$C$DW$T$21)
     259                      .dwattr $C$DW$20, DW_AT_location[DW_OP_breg20 -4]
     260 00000024 1E42          MOVL      *-SP[2],ACC           ; [CPU_] |31| 
     261                      .dwpsn  file "C:/work/grepos/c2000_bootROM/f28004x_bootrom/F28004x_ROM_dev/F28004x_ROM/driverlib/eqep
     262 00000025 6F0E          B         $C$L4,UNC             ; [CPU_] |37| 
     263                      ; branch occurs ; [] |37| 
     264 00000026       $C$L1:    
     265                      .dwpsn  file "C:/work/grepos/c2000_bootROM/f28004x_bootrom/F28004x_ROM_dev/F28004x_ROM/driverlib/eqep
     266 00000026 28A9          MOV       AL,#1281              ; [CPU_] |40| 
         00000027 0501 
     267 00000028 9B40          MOV       AH,#64                ; [CPU_] |40| 
     268 00000029 1E44          MOVL      *-SP[4],ACC           ; [CPU_] |40| 
     269                      .dwpsn  file "C:/work/grepos/c2000_bootROM/f28004x_bootrom/F28004x_ROM_dev/F28004x_ROM/driverlib/eqep
     270 0000002a 6F13          B         $C$L5,UNC             ; [CPU_] |41| 
     271                      ; branch occurs ; [] |41| 
TMS320C2000 Assembler PC v6.2.9 Tue Apr 14 13:32:13 2015

Tools Copyright (c) 1996-2014 Texas Instruments Incorporated
C:\Users\a0272466\AppData\Local\Temp\0265210                         PAGE    6

     272 0000002b       $C$L2:    
     273                      .dwpsn  file "C:/work/grepos/c2000_bootROM/f28004x_bootrom/F28004x_ROM_dev/F28004x_ROM/driverlib/eqep
     274 0000002b 28A9          MOV       AL,#1282              ; [CPU_] |44| 
         0000002c 0502 
     275 0000002d 9B41          MOV       AH,#65                ; [CPU_] |44| 
     276 0000002e 1E44          MOVL      *-SP[4],ACC           ; [CPU_] |44| 
     277                      .dwpsn  file "C:/work/grepos/c2000_bootROM/f28004x_bootrom/F28004x_ROM_dev/F28004x_ROM/driverlib/eqep
     278 0000002f 6F0E          B         $C$L5,UNC             ; [CPU_] |45| 
     279                      ; branch occurs ; [] |45| 
     280 00000030       $C$L3:    
     281                      .dwpsn  file "C:/work/grepos/c2000_bootROM/f28004x_bootrom/F28004x_ROM_dev/F28004x_ROM/driverlib/eqep
     282 00000030 0200          MOVB      ACC,#0                ; [CPU_] |49| 
     283 00000031 1E44          MOVL      *-SP[4],ACC           ; [CPU_] |49| 
     284                      .dwpsn  file "C:/work/grepos/c2000_bootROM/f28004x_bootrom/F28004x_ROM_dev/F28004x_ROM/driverlib/eqep
     285 00000032 6F0B          B         $C$L5,UNC             ; [CPU_] |50| 
     286                      ; branch occurs ; [] |50| 
     287 00000033       $C$L4:    
     288                      .dwpsn  file "C:/work/grepos/c2000_bootROM/f28004x_bootrom/F28004x_ROM_dev/F28004x_ROM/driverlib/eqep
     289 00000033 C442          MOVL      XAR6,*-SP[2]          ; [CPU_] |37| 
     290 00000034 FF20          MOV       ACC,#20736            ; [CPU_] |37| 
         00000035 5100 
     291 00000036 0FA6          CMPL      ACC,XAR6              ; [CPU_] |37| 
     292 00000037 ECEF          BF        $C$L1,EQ              ; [CPU_] |37| 
     293                      ; branchcc occurs ; [] |37| 
     294 00000038 FF20          MOV       ACC,#20800            ; [CPU_] |37| 
         00000039 5140 
     295 0000003a 0FA6          CMPL      ACC,XAR6              ; [CPU_] |37| 
     296 0000003b ECF0          BF        $C$L2,EQ              ; [CPU_] |37| 
     297                      ; branchcc occurs ; [] |37| 
     298 0000003c 6FF4          B         $C$L3,UNC             ; [CPU_] |37| 
     299                      ; branch occurs ; [] |37| 
     300 0000003d       $C$L5:    
     301                      .dwpsn  file "C:/work/grepos/c2000_bootROM/f28004x_bootrom/F28004x_ROM_dev/F28004x_ROM/driverlib/eqep
     302 0000003d 0644          MOVL      ACC,*-SP[4]           ; [CPU_] |53| 
     303                      .dwpsn  file "C:/work/grepos/c2000_bootROM/f28004x_bootrom/F28004x_ROM_dev/F28004x_ROM/driverlib/eqep
     304 0000003e FE84          SUBB      SP,#4                 ; [CPU_U] 
     305                      .dwcfi  cfa_offset, -2
     306              $C$DW$21        .dwtag  DW_TAG_TI_branch
     307                      .dwattr $C$DW$21, DW_AT_low_pc(0x00)
     308                      .dwattr $C$DW$21, DW_AT_TI_return
     309 0000003f 0006          LRETR     ; [CPU_] 
     310                      ; return occurs ; [] 
     311                      .dwattr $C$DW$17, DW_AT_TI_end_file("C:/work/grepos/c2000_bootROM/f28004x_bootrom/F28004x_ROM_dev/F28
     312                      .dwattr $C$DW$17, DW_AT_TI_end_line(0x36)
     313                      .dwattr $C$DW$17, DW_AT_TI_end_column(0x01)
     314                      .dwendentry
     315                      .dwendtag $C$DW$17
     316              
     317 00000040               .sect   ".text"
     318                      .clink
     319                      .global _EQEP_setConfig
     320              
     321              $C$DW$22        .dwtag  DW_TAG_subprogram, DW_AT_name("EQEP_setConfig")
     322                      .dwattr $C$DW$22, DW_AT_low_pc(_EQEP_setConfig)
     323                      .dwattr $C$DW$22, DW_AT_high_pc(0x00)
TMS320C2000 Assembler PC v6.2.9 Tue Apr 14 13:32:13 2015

Tools Copyright (c) 1996-2014 Texas Instruments Incorporated
C:\Users\a0272466\AppData\Local\Temp\0265210                         PAGE    7

     324                      .dwattr $C$DW$22, DW_AT_TI_symbol_name("_EQEP_setConfig")
     325                      .dwattr $C$DW$22, DW_AT_external
     326                      .dwattr $C$DW$22, DW_AT_TI_begin_file("C:/work/grepos/c2000_bootROM/f28004x_bootrom/F28004x_ROM_dev/F
     327                      .dwattr $C$DW$22, DW_AT_TI_begin_line(0x3e)
     328                      .dwattr $C$DW$22, DW_AT_TI_begin_column(0x01)
     329                      .dwattr $C$DW$22, DW_AT_TI_max_frame_size(-6)
     330                      .dwpsn  file "C:/work/grepos/c2000_bootROM/f28004x_bootrom/F28004x_ROM_dev/F28004x_ROM/driverlib/eqep
     331              
     332                      .dwfde $C$DW$CIE, _EQEP_setConfig
     333              $C$DW$23        .dwtag  DW_TAG_formal_parameter, DW_AT_name("base")
     334                      .dwattr $C$DW$23, DW_AT_TI_symbol_name("_base")
     335                      .dwattr $C$DW$23, DW_AT_type(*$C$DW$T$21)
     336                      .dwattr $C$DW$23, DW_AT_location[DW_OP_reg0]
     337              $C$DW$24        .dwtag  DW_TAG_formal_parameter, DW_AT_name("config")
     338                      .dwattr $C$DW$24, DW_AT_TI_symbol_name("_config")
     339                      .dwattr $C$DW$24, DW_AT_type(*$C$DW$T$26)
     340                      .dwattr $C$DW$24, DW_AT_location[DW_OP_reg12]
     341              $C$DW$25        .dwtag  DW_TAG_formal_parameter, DW_AT_name("maxPosition")
     342                      .dwattr $C$DW$25, DW_AT_TI_symbol_name("_maxPosition")
     343                      .dwattr $C$DW$25, DW_AT_type(*$C$DW$T$21)
     344                      .dwattr $C$DW$25, DW_AT_location[DW_OP_breg20 -8]
     345              
     346              ;***************************************************************
     347              ;* FNAME: _EQEP_setConfig               FR SIZE:   4           *
     348              ;*                                                             *
     349              ;* FUNCTION ENVIRONMENT                                        *
     350              ;*                                                             *
     351              ;* FUNCTION PROPERTIES                                         *
     352              ;*                            0 Parameter,  4 Auto,  0 SOE     *
     353              ;***************************************************************
     354              
     355 00000040       _EQEP_setConfig:
     356                      .dwcfi  cfa_offset, -2
     357                      .dwcfi  save_reg_to_mem, 26, 0
     358                      .dwcfi  save_reg_to_reg, 78, 26
     359 00000040 FE04          ADDB      SP,#4                 ; [CPU_U] 
     360                      .dwcfi  cfa_offset, -6
     361              $C$DW$26        .dwtag  DW_TAG_variable, DW_AT_name("base")
     362                      .dwattr $C$DW$26, DW_AT_TI_symbol_name("_base")
     363                      .dwattr $C$DW$26, DW_AT_type(*$C$DW$T$21)
     364                      .dwattr $C$DW$26, DW_AT_location[DW_OP_breg20 -2]
     365              $C$DW$27        .dwtag  DW_TAG_variable, DW_AT_name("config")
     366                      .dwattr $C$DW$27, DW_AT_TI_symbol_name("_config")
     367                      .dwattr $C$DW$27, DW_AT_type(*$C$DW$T$26)
     368                      .dwattr $C$DW$27, DW_AT_location[DW_OP_breg20 -3]
     369              $C$DW$28        .dwtag  DW_TAG_variable, DW_AT_name("regValue")
     370                      .dwattr $C$DW$28, DW_AT_TI_symbol_name("_regValue")
     371                      .dwattr $C$DW$28, DW_AT_type(*$C$DW$T$26)
     372                      .dwattr $C$DW$28, DW_AT_location[DW_OP_breg20 -4]
     373 00000041 7C43          MOV       *-SP[3],AR4           ; [CPU_] |63| 
     374 00000042 1E42          MOVL      *-SP[2],ACC           ; [CPU_] |63| 
     375                      .dwpsn  file "C:/work/grepos/c2000_bootROM/f28004x_bootrom/F28004x_ROM_dev/F28004x_ROM/driverlib/eqep
     376 00000043 CC43          AND       AL,*-SP[3],#0xcc00    ; [CPU_] |74| 
         00000044 CC00 
     377 00000045 9644          MOV       *-SP[4],AL            ; [CPU_] |74| 
TMS320C2000 Assembler PC v6.2.9 Tue Apr 14 13:32:13 2015

Tools Copyright (c) 1996-2014 Texas Instruments Incorporated
C:\Users\a0272466\AppData\Local\Temp\0265210                         PAGE    8

     378                      .dwpsn  file "C:/work/grepos/c2000_bootROM/f28004x_bootrom/F28004x_ROM_dev/F28004x_ROM/driverlib/eqep
     379 00000046 0214          MOVB      ACC,#20               ; [CPU_] |77| 
     380 00000047 0742          ADDL      ACC,*-SP[2]           ; [CPU_] |77| 
     381 00000048 8AA9          MOVL      XAR4,ACC              ; [CPU_] |77| 
     382 00000049 CCC4          AND       AL,*+XAR4[0],#0x33ff  ; [CPU_] |77| 
         0000004a 33FF 
     383 0000004b CA44          OR        AL,*-SP[4]            ; [CPU_] |77| 
     384 0000004c 88A9          MOVZ      AR6,AL                ; [CPU_] |77| 
     385 0000004d 0214          MOVB      ACC,#20               ; [CPU_] |77| 
     386 0000004e 0742          ADDL      ACC,*-SP[2]           ; [CPU_] |77| 
     387 0000004f 8AA9          MOVL      XAR4,ACC              ; [CPU_] |77| 
     388 00000050 7EC4          MOV       *+XAR4[0],AR6         ; [CPU_] |77| 
     389                      .dwpsn  file "C:/work/grepos/c2000_bootROM/f28004x_bootrom/F28004x_ROM_dev/F28004x_ROM/driverlib/eqep
     390 00000051 0215          MOVB      ACC,#21               ; [CPU_] |85| 
     391 00000052 0742          ADDL      ACC,*-SP[2]           ; [CPU_] |85| 
     392 00000053 8AA9          MOVL      XAR4,ACC              ; [CPU_] |85| 
     393 00000054 CC43          AND       AL,*-SP[3],#0x3000    ; [CPU_] |85| 
         00000055 3000 
     394 00000056 88A9          MOVZ      AR6,AL                ; [CPU_] |85| 
     395 00000057 CDC4          AND       AH,*+XAR4[0],#0xcfff  ; [CPU_] |85| 
         00000058 CFFF 
     396 00000059 99A6          OR        AR6,AH                ; [CPU_] |85| 
     397 0000005a 0215          MOVB      ACC,#21               ; [CPU_] |85| 
     398 0000005b 0742          ADDL      ACC,*-SP[2]           ; [CPU_] |85| 
     399 0000005c 8AA9          MOVL      XAR4,ACC              ; [CPU_] |85| 
     400 0000005d 7EC4          MOV       *+XAR4[0],AR6         ; [CPU_] |85| 
     401                      .dwpsn  file "C:/work/grepos/c2000_bootROM/f28004x_bootrom/F28004x_ROM_dev/F28004x_ROM/driverlib/eqep
     402 0000005e C448          MOVL      XAR6,*-SP[8]          ; [CPU_] |92| 
     403 0000005f 0204          MOVB      ACC,#4                ; [CPU_] |92| 
     404 00000060 0742          ADDL      ACC,*-SP[2]           ; [CPU_] |92| 
     405 00000061 8AA9          MOVL      XAR4,ACC              ; [CPU_] |92| 
     406 00000062 C2C4          MOVL      *+XAR4[0],XAR6        ; [CPU_] |92| 
     407                      .dwpsn  file "C:/work/grepos/c2000_bootROM/f28004x_bootrom/F28004x_ROM_dev/F28004x_ROM/driverlib/eqep
     408 00000063 FE84          SUBB      SP,#4                 ; [CPU_U] 
     409                      .dwcfi  cfa_offset, -2
     410              $C$DW$29        .dwtag  DW_TAG_TI_branch
     411                      .dwattr $C$DW$29, DW_AT_low_pc(0x00)
     412                      .dwattr $C$DW$29, DW_AT_TI_return
     413 00000064 0006          LRETR     ; [CPU_] 
     414                      ; return occurs ; [] 
     415                      .dwattr $C$DW$22, DW_AT_TI_end_file("C:/work/grepos/c2000_bootROM/f28004x_bootrom/F28004x_ROM_dev/F28
     416                      .dwattr $C$DW$22, DW_AT_TI_end_line(0x5d)
     417                      .dwattr $C$DW$22, DW_AT_TI_end_column(0x01)
     418                      .dwendentry
     419                      .dwendtag $C$DW$22
     420              
     421 00000065               .sect   ".text"
     422                      .clink
     423                      .global _EQEP_registerInterrupt
     424              
     425              $C$DW$30        .dwtag  DW_TAG_subprogram, DW_AT_name("EQEP_registerInterrupt")
     426                      .dwattr $C$DW$30, DW_AT_low_pc(_EQEP_registerInterrupt)
     427                      .dwattr $C$DW$30, DW_AT_high_pc(0x00)
     428                      .dwattr $C$DW$30, DW_AT_TI_symbol_name("_EQEP_registerInterrupt")
     429                      .dwattr $C$DW$30, DW_AT_external
TMS320C2000 Assembler PC v6.2.9 Tue Apr 14 13:32:13 2015

Tools Copyright (c) 1996-2014 Texas Instruments Incorporated
C:\Users\a0272466\AppData\Local\Temp\0265210                         PAGE    9

     430                      .dwattr $C$DW$30, DW_AT_TI_begin_file("C:/work/grepos/c2000_bootROM/f28004x_bootrom/F28004x_ROM_dev/F
     431                      .dwattr $C$DW$30, DW_AT_TI_begin_line(0x65)
     432                      .dwattr $C$DW$30, DW_AT_TI_begin_column(0x01)
     433                      .dwattr $C$DW$30, DW_AT_TI_max_frame_size(-8)
     434                      .dwpsn  file "C:/work/grepos/c2000_bootROM/f28004x_bootrom/F28004x_ROM_dev/F28004x_ROM/driverlib/eqep
     435              
     436                      .dwfde $C$DW$CIE, _EQEP_registerInterrupt
     437              $C$DW$31        .dwtag  DW_TAG_formal_parameter, DW_AT_name("base")
     438                      .dwattr $C$DW$31, DW_AT_TI_symbol_name("_base")
     439                      .dwattr $C$DW$31, DW_AT_type(*$C$DW$T$21)
     440                      .dwattr $C$DW$31, DW_AT_location[DW_OP_reg0]
     441              $C$DW$32        .dwtag  DW_TAG_formal_parameter, DW_AT_name("handler")
     442                      .dwattr $C$DW$32, DW_AT_TI_symbol_name("_handler")
     443                      .dwattr $C$DW$32, DW_AT_type(*$C$DW$T$20)
     444                      .dwattr $C$DW$32, DW_AT_location[DW_OP_reg12]
     445              
     446              ;***************************************************************
     447              ;* FNAME: _EQEP_registerInterrupt       FR SIZE:   6           *
     448              ;*                                                             *
     449              ;* FUNCTION ENVIRONMENT                                        *
     450              ;*                                                             *
     451              ;* FUNCTION PROPERTIES                                         *
     452              ;*                            0 Parameter,  6 Auto,  0 SOE     *
     453              ;***************************************************************
     454              
     455 00000065       _EQEP_registerInterrupt:
     456                      .dwcfi  cfa_offset, -2
     457                      .dwcfi  save_reg_to_mem, 26, 0
     458                      .dwcfi  save_reg_to_reg, 78, 26
     459 00000065 FE06          ADDB      SP,#6                 ; [CPU_U] 
     460                      .dwcfi  cfa_offset, -8
     461              $C$DW$33        .dwtag  DW_TAG_variable, DW_AT_name("base")
     462                      .dwattr $C$DW$33, DW_AT_TI_symbol_name("_base")
     463                      .dwattr $C$DW$33, DW_AT_type(*$C$DW$T$21)
     464                      .dwattr $C$DW$33, DW_AT_location[DW_OP_breg20 -2]
     465              $C$DW$34        .dwtag  DW_TAG_variable, DW_AT_name("handler")
     466                      .dwattr $C$DW$34, DW_AT_TI_symbol_name("_handler")
     467                      .dwattr $C$DW$34, DW_AT_type(*$C$DW$T$20)
     468                      .dwattr $C$DW$34, DW_AT_location[DW_OP_breg20 -4]
     469              $C$DW$35        .dwtag  DW_TAG_variable, DW_AT_name("intNumber")
     470                      .dwattr $C$DW$35, DW_AT_TI_symbol_name("_intNumber")
     471                      .dwattr $C$DW$35, DW_AT_type(*$C$DW$T$21)
     472                      .dwattr $C$DW$35, DW_AT_location[DW_OP_breg20 -6]
     473 00000066 A844          MOVL      *-SP[4],XAR4          ; [CPU_] |102| 
     474 00000067 1E42          MOVL      *-SP[2],ACC           ; [CPU_] |102| 
     475                      .dwpsn  file "C:/work/grepos/c2000_bootROM/f28004x_bootrom/F28004x_ROM_dev/F28004x_ROM/driverlib/eqep
     476 00000068 0642          MOVL      ACC,*-SP[2]           ; [CPU_] |113| 
     477              $C$DW$36        .dwtag  DW_TAG_TI_branch
     478                      .dwattr $C$DW$36, DW_AT_low_pc(0x00)
     479                      .dwattr $C$DW$36, DW_AT_name("_EQEP_getIntNumber")
     480                      .dwattr $C$DW$36, DW_AT_TI_call
     481 00000069 7640'         LCR       #_EQEP_getIntNumber   ; [CPU_] |113| 
         0000006a 0023 
     482                      ; call occurs [#_EQEP_getIntNumber] ; [] |113| 
     483 0000006b 1E46          MOVL      *-SP[6],ACC           ; [CPU_] |113| 
TMS320C2000 Assembler PC v6.2.9 Tue Apr 14 13:32:13 2015

Tools Copyright (c) 1996-2014 Texas Instruments Incorporated
C:\Users\a0272466\AppData\Local\Temp\0265210                         PAGE   10

     484                      .dwpsn  file "C:/work/grepos/c2000_bootROM/f28004x_bootrom/F28004x_ROM_dev/F28004x_ROM/driverlib/eqep
     485 0000006c 8A44          MOVL      XAR4,*-SP[4]          ; [CPU_] |120| 
     486 0000006d 0646          MOVL      ACC,*-SP[6]           ; [CPU_] |120| 
     487              $C$DW$37        .dwtag  DW_TAG_TI_branch
     488                      .dwattr $C$DW$37, DW_AT_low_pc(0x00)
     489                      .dwattr $C$DW$37, DW_AT_name("_Interrupt_register")
     490                      .dwattr $C$DW$37, DW_AT_TI_call
     491 0000006e 7640'         LCR       #_Interrupt_register  ; [CPU_] |120| 
         0000006f 0000 
     492                      ; call occurs [#_Interrupt_register] ; [] |120| 
     493                      .dwpsn  file "C:/work/grepos/c2000_bootROM/f28004x_bootrom/F28004x_ROM_dev/F28004x_ROM/driverlib/eqep
     494 00000070 0646          MOVL      ACC,*-SP[6]           ; [CPU_] |125| 
     495              $C$DW$38        .dwtag  DW_TAG_TI_branch
     496                      .dwattr $C$DW$38, DW_AT_low_pc(0x00)
     497                      .dwattr $C$DW$38, DW_AT_name("_Interrupt_enable")
     498                      .dwattr $C$DW$38, DW_AT_TI_call
     499 00000071 7640!         LCR       #_Interrupt_enable    ; [CPU_] |125| 
         00000072 0000 
     500                      ; call occurs [#_Interrupt_enable] ; [] |125| 
     501                      .dwpsn  file "C:/work/grepos/c2000_bootROM/f28004x_bootrom/F28004x_ROM_dev/F28004x_ROM/driverlib/eqep
     502 00000073 FE86          SUBB      SP,#6                 ; [CPU_U] 
     503                      .dwcfi  cfa_offset, -2
     504              $C$DW$39        .dwtag  DW_TAG_TI_branch
     505                      .dwattr $C$DW$39, DW_AT_low_pc(0x00)
     506                      .dwattr $C$DW$39, DW_AT_TI_return
     507 00000074 0006          LRETR     ; [CPU_] 
     508                      ; return occurs ; [] 
     509                      .dwattr $C$DW$30, DW_AT_TI_end_file("C:/work/grepos/c2000_bootROM/f28004x_bootrom/F28004x_ROM_dev/F28
     510                      .dwattr $C$DW$30, DW_AT_TI_end_line(0x7e)
     511                      .dwattr $C$DW$30, DW_AT_TI_end_column(0x01)
     512                      .dwendentry
     513                      .dwendtag $C$DW$30
     514              
     515 00000075               .sect   ".text"
     516                      .clink
     517                      .global _EQEP_unregisterInterrupt
     518              
     519              $C$DW$40        .dwtag  DW_TAG_subprogram, DW_AT_name("EQEP_unregisterInterrupt")
     520                      .dwattr $C$DW$40, DW_AT_low_pc(_EQEP_unregisterInterrupt)
     521                      .dwattr $C$DW$40, DW_AT_high_pc(0x00)
     522                      .dwattr $C$DW$40, DW_AT_TI_symbol_name("_EQEP_unregisterInterrupt")
     523                      .dwattr $C$DW$40, DW_AT_external
     524                      .dwattr $C$DW$40, DW_AT_TI_begin_file("C:/work/grepos/c2000_bootROM/f28004x_bootrom/F28004x_ROM_dev/F
     525                      .dwattr $C$DW$40, DW_AT_TI_begin_line(0x86)
     526                      .dwattr $C$DW$40, DW_AT_TI_begin_column(0x01)
     527                      .dwattr $C$DW$40, DW_AT_TI_max_frame_size(-6)
     528                      .dwpsn  file "C:/work/grepos/c2000_bootROM/f28004x_bootrom/F28004x_ROM_dev/F28004x_ROM/driverlib/eqep
     529              
     530                      .dwfde $C$DW$CIE, _EQEP_unregisterInterrupt
     531              $C$DW$41        .dwtag  DW_TAG_formal_parameter, DW_AT_name("base")
     532                      .dwattr $C$DW$41, DW_AT_TI_symbol_name("_base")
     533                      .dwattr $C$DW$41, DW_AT_type(*$C$DW$T$21)
     534                      .dwattr $C$DW$41, DW_AT_location[DW_OP_reg0]
     535              
     536              ;***************************************************************
TMS320C2000 Assembler PC v6.2.9 Tue Apr 14 13:32:13 2015

Tools Copyright (c) 1996-2014 Texas Instruments Incorporated
C:\Users\a0272466\AppData\Local\Temp\0265210                         PAGE   11

     537              ;* FNAME: _EQEP_unregisterInterrupt     FR SIZE:   4           *
     538              ;*                                                             *
     539              ;* FUNCTION ENVIRONMENT                                        *
     540              ;*                                                             *
     541              ;* FUNCTION PROPERTIES                                         *
     542              ;*                            0 Parameter,  4 Auto,  0 SOE     *
     543              ;***************************************************************
     544              
     545 00000075       _EQEP_unregisterInterrupt:
     546                      .dwcfi  cfa_offset, -2
     547                      .dwcfi  save_reg_to_mem, 26, 0
     548                      .dwcfi  save_reg_to_reg, 78, 26
     549 00000075 FE04          ADDB      SP,#4                 ; [CPU_U] 
     550                      .dwcfi  cfa_offset, -6
     551              $C$DW$42        .dwtag  DW_TAG_variable, DW_AT_name("base")
     552                      .dwattr $C$DW$42, DW_AT_TI_symbol_name("_base")
     553                      .dwattr $C$DW$42, DW_AT_type(*$C$DW$T$21)
     554                      .dwattr $C$DW$42, DW_AT_location[DW_OP_breg20 -2]
     555              $C$DW$43        .dwtag  DW_TAG_variable, DW_AT_name("intNumber")
     556                      .dwattr $C$DW$43, DW_AT_TI_symbol_name("_intNumber")
     557                      .dwattr $C$DW$43, DW_AT_type(*$C$DW$T$21)
     558                      .dwattr $C$DW$43, DW_AT_location[DW_OP_breg20 -4]
     559 00000076 1E42          MOVL      *-SP[2],ACC           ; [CPU_] |135| 
     560                      .dwpsn  file "C:/work/grepos/c2000_bootROM/f28004x_bootrom/F28004x_ROM_dev/F28004x_ROM/driverlib/eqep
     561 00000077 0642          MOVL      ACC,*-SP[2]           ; [CPU_] |146| 
     562              $C$DW$44        .dwtag  DW_TAG_TI_branch
     563                      .dwattr $C$DW$44, DW_AT_low_pc(0x00)
     564                      .dwattr $C$DW$44, DW_AT_name("_EQEP_getIntNumber")
     565                      .dwattr $C$DW$44, DW_AT_TI_call
     566 00000078 7640'         LCR       #_EQEP_getIntNumber   ; [CPU_] |146| 
         00000079 0023 
     567                      ; call occurs [#_EQEP_getIntNumber] ; [] |146| 
     568 0000007a 1E44          MOVL      *-SP[4],ACC           ; [CPU_] |146| 
     569                      .dwpsn  file "C:/work/grepos/c2000_bootROM/f28004x_bootrom/F28004x_ROM_dev/F28004x_ROM/driverlib/eqep
     570 0000007b 0644          MOVL      ACC,*-SP[4]           ; [CPU_] |153| 
     571              $C$DW$45        .dwtag  DW_TAG_TI_branch
     572                      .dwattr $C$DW$45, DW_AT_low_pc(0x00)
     573                      .dwattr $C$DW$45, DW_AT_name("_Interrupt_disable")
     574                      .dwattr $C$DW$45, DW_AT_TI_call
     575 0000007c 7640!         LCR       #_Interrupt_disable   ; [CPU_] |153| 
         0000007d 0000 
     576                      ; call occurs [#_Interrupt_disable] ; [] |153| 
     577                      .dwpsn  file "C:/work/grepos/c2000_bootROM/f28004x_bootrom/F28004x_ROM_dev/F28004x_ROM/driverlib/eqep
     578 0000007e 0644          MOVL      ACC,*-SP[4]           ; [CPU_] |158| 
     579              $C$DW$46        .dwtag  DW_TAG_TI_branch
     580                      .dwattr $C$DW$46, DW_AT_low_pc(0x00)
     581                      .dwattr $C$DW$46, DW_AT_name("_Interrupt_unregister")
     582                      .dwattr $C$DW$46, DW_AT_TI_call
     583 0000007f 7640'         LCR       #_Interrupt_unregister ; [CPU_] |158| 
         00000080 0010 
     584                      ; call occurs [#_Interrupt_unregister] ; [] |158| 
     585                      .dwpsn  file "C:/work/grepos/c2000_bootROM/f28004x_bootrom/F28004x_ROM_dev/F28004x_ROM/driverlib/eqep
     586 00000081 FE84          SUBB      SP,#4                 ; [CPU_U] 
     587                      .dwcfi  cfa_offset, -2
     588              $C$DW$47        .dwtag  DW_TAG_TI_branch
TMS320C2000 Assembler PC v6.2.9 Tue Apr 14 13:32:13 2015

Tools Copyright (c) 1996-2014 Texas Instruments Incorporated
C:\Users\a0272466\AppData\Local\Temp\0265210                         PAGE   12

     589                      .dwattr $C$DW$47, DW_AT_low_pc(0x00)
     590                      .dwattr $C$DW$47, DW_AT_TI_return
     591 00000082 0006          LRETR     ; [CPU_] 
     592                      ; return occurs ; [] 
     593                      .dwattr $C$DW$40, DW_AT_TI_end_file("C:/work/grepos/c2000_bootROM/f28004x_bootrom/F28004x_ROM_dev/F28
     594                      .dwattr $C$DW$40, DW_AT_TI_end_line(0x9f)
     595                      .dwattr $C$DW$40, DW_AT_TI_end_column(0x01)
     596                      .dwendentry
     597                      .dwendtag $C$DW$40
     598              
     599 00000083               .sect   ".text"
     600                      .clink
     601                      .global _EQEP_setCompareConfig
     602              
     603              $C$DW$48        .dwtag  DW_TAG_subprogram, DW_AT_name("EQEP_setCompareConfig")
     604                      .dwattr $C$DW$48, DW_AT_low_pc(_EQEP_setCompareConfig)
     605                      .dwattr $C$DW$48, DW_AT_high_pc(0x00)
     606                      .dwattr $C$DW$48, DW_AT_TI_symbol_name("_EQEP_setCompareConfig")
     607                      .dwattr $C$DW$48, DW_AT_external
     608                      .dwattr $C$DW$48, DW_AT_TI_begin_file("C:/work/grepos/c2000_bootROM/f28004x_bootrom/F28004x_ROM_dev/F
     609                      .dwattr $C$DW$48, DW_AT_TI_begin_line(0xa7)
     610                      .dwattr $C$DW$48, DW_AT_TI_begin_column(0x01)
     611                      .dwattr $C$DW$48, DW_AT_TI_max_frame_size(-8)
     612                      .dwpsn  file "C:/work/grepos/c2000_bootROM/f28004x_bootrom/F28004x_ROM_dev/F28004x_ROM/driverlib/eqep
     613              
     614                      .dwfde $C$DW$CIE, _EQEP_setCompareConfig
     615              $C$DW$49        .dwtag  DW_TAG_formal_parameter, DW_AT_name("base")
     616                      .dwattr $C$DW$49, DW_AT_TI_symbol_name("_base")
     617                      .dwattr $C$DW$49, DW_AT_type(*$C$DW$T$21)
     618                      .dwattr $C$DW$49, DW_AT_location[DW_OP_reg0]
     619              $C$DW$50        .dwtag  DW_TAG_formal_parameter, DW_AT_name("config")
     620                      .dwattr $C$DW$50, DW_AT_TI_symbol_name("_config")
     621                      .dwattr $C$DW$50, DW_AT_type(*$C$DW$T$26)
     622                      .dwattr $C$DW$50, DW_AT_location[DW_OP_reg12]
     623              $C$DW$51        .dwtag  DW_TAG_formal_parameter, DW_AT_name("compareValue")
     624                      .dwattr $C$DW$51, DW_AT_TI_symbol_name("_compareValue")
     625                      .dwattr $C$DW$51, DW_AT_type(*$C$DW$T$21)
     626                      .dwattr $C$DW$51, DW_AT_location[DW_OP_breg20 -10]
     627              $C$DW$52        .dwtag  DW_TAG_formal_parameter, DW_AT_name("cycles")
     628                      .dwattr $C$DW$52, DW_AT_TI_symbol_name("_cycles")
     629                      .dwattr $C$DW$52, DW_AT_type(*$C$DW$T$26)
     630                      .dwattr $C$DW$52, DW_AT_location[DW_OP_reg14]
     631              
     632              ;***************************************************************
     633              ;* FNAME: _EQEP_setCompareConfig        FR SIZE:   6           *
     634              ;*                                                             *
     635              ;* FUNCTION ENVIRONMENT                                        *
     636              ;*                                                             *
     637              ;* FUNCTION PROPERTIES                                         *
     638              ;*                            0 Parameter,  5 Auto,  0 SOE     *
     639              ;***************************************************************
     640              
     641 00000083       _EQEP_setCompareConfig:
     642                      .dwcfi  cfa_offset, -2
     643                      .dwcfi  save_reg_to_mem, 26, 0
TMS320C2000 Assembler PC v6.2.9 Tue Apr 14 13:32:13 2015

Tools Copyright (c) 1996-2014 Texas Instruments Incorporated
C:\Users\a0272466\AppData\Local\Temp\0265210                         PAGE   13

     644                      .dwcfi  save_reg_to_reg, 78, 26
     645 00000083 FE06          ADDB      SP,#6                 ; [CPU_U] 
     646                      .dwcfi  cfa_offset, -8
     647              $C$DW$53        .dwtag  DW_TAG_variable, DW_AT_name("base")
     648                      .dwattr $C$DW$53, DW_AT_TI_symbol_name("_base")
     649                      .dwattr $C$DW$53, DW_AT_type(*$C$DW$T$21)
     650                      .dwattr $C$DW$53, DW_AT_location[DW_OP_breg20 -2]
     651              $C$DW$54        .dwtag  DW_TAG_variable, DW_AT_name("config")
     652                      .dwattr $C$DW$54, DW_AT_TI_symbol_name("_config")
     653                      .dwattr $C$DW$54, DW_AT_type(*$C$DW$T$26)
     654                      .dwattr $C$DW$54, DW_AT_location[DW_OP_breg20 -3]
     655              $C$DW$55        .dwtag  DW_TAG_variable, DW_AT_name("cycles")
     656                      .dwattr $C$DW$55, DW_AT_TI_symbol_name("_cycles")
     657                      .dwattr $C$DW$55, DW_AT_type(*$C$DW$T$26)
     658                      .dwattr $C$DW$55, DW_AT_location[DW_OP_breg20 -4]
     659              $C$DW$56        .dwtag  DW_TAG_variable, DW_AT_name("regValue")
     660                      .dwattr $C$DW$56, DW_AT_TI_symbol_name("_regValue")
     661                      .dwattr $C$DW$56, DW_AT_type(*$C$DW$T$26)
     662                      .dwattr $C$DW$56, DW_AT_location[DW_OP_breg20 -5]
     663 00000084 7D44          MOV       *-SP[4],AR5           ; [CPU_] |169| 
     664 00000085 7C43          MOV       *-SP[3],AR4           ; [CPU_] |169| 
     665 00000086 1E42          MOVL      *-SP[2],ACC           ; [CPU_] |169| 
     666                      .dwpsn  file "C:/work/grepos/c2000_bootROM/f28004x_bootrom/F28004x_ROM_dev/F28004x_ROM/driverlib/eqep
     667 00000087 0206          MOVB      ACC,#6                ; [CPU_] |181| 
     668 00000088 0742          ADDL      ACC,*-SP[2]           ; [CPU_] |181| 
     669 00000089 8AA9          MOVL      XAR4,ACC              ; [CPU_] |181| 
     670 0000008a 064A          MOVL      ACC,*-SP[10]          ; [CPU_] |181| 
     671 0000008b 98C4          OR        *+XAR4[0],AL          ; [CPU_] |181| 
     672 0000008c 99CC          OR        *+XAR4[1],AH          ; [CPU_] |181| 
     673                      .dwpsn  file "C:/work/grepos/c2000_bootROM/f28004x_bootrom/F28004x_ROM_dev/F28004x_ROM/driverlib/eqep
     674 0000008d 9244          MOV       AL,*-SP[4]            ; [CPU_] |186| 
     675 0000008e CD43          AND       AH,*-SP[3],#0xc000    ; [CPU_] |186| 
         0000008f C000 
     676 00000090 9CFF          ADDB      AL,#-1                ; [CPU_] |186| 
     677 00000091 CAA8          OR        AL,AH                 ; [CPU_] |186| 
     678 00000092 9645          MOV       *-SP[5],AL            ; [CPU_] |186| 
     679                      .dwpsn  file "C:/work/grepos/c2000_bootROM/f28004x_bootrom/F28004x_ROM_dev/F28004x_ROM/driverlib/eqep
     680 00000093 0217          MOVB      ACC,#23               ; [CPU_] |189| 
     681 00000094 0742          ADDL      ACC,*-SP[2]           ; [CPU_] |189| 
     682 00000095 8AA9          MOVL      XAR4,ACC              ; [CPU_] |189| 
     683 00000096 CCC4          AND       AL,*+XAR4[0],#0x3000  ; [CPU_] |189| 
         00000097 3000 
     684 00000098 CA45          OR        AL,*-SP[5]            ; [CPU_] |189| 
     685 00000099 88A9          MOVZ      AR6,AL                ; [CPU_] |189| 
     686 0000009a 0217          MOVB      ACC,#23               ; [CPU_] |189| 
     687 0000009b 0742          ADDL      ACC,*-SP[2]           ; [CPU_] |189| 
     688 0000009c 8AA9          MOVL      XAR4,ACC              ; [CPU_] |189| 
     689 0000009d 7EC4          MOV       *+XAR4[0],AR6         ; [CPU_] |189| 
     690                      .dwpsn  file "C:/work/grepos/c2000_bootROM/f28004x_bootrom/F28004x_ROM_dev/F28004x_ROM/driverlib/eqep
     691 0000009e CC43          AND       AL,*-SP[3],#0x3000    ; [CPU_] |197| 
         0000009f 3000 
     692 000000a0 9645          MOV       *-SP[5],AL            ; [CPU_] |197| 
     693                      .dwpsn  file "C:/work/grepos/c2000_bootROM/f28004x_bootrom/F28004x_ROM_dev/F28004x_ROM/driverlib/eqep
     694 000000a1 0214          MOVB      ACC,#20               ; [CPU_] |199| 
     695 000000a2 0742          ADDL      ACC,*-SP[2]           ; [CPU_] |199| 
TMS320C2000 Assembler PC v6.2.9 Tue Apr 14 13:32:13 2015

Tools Copyright (c) 1996-2014 Texas Instruments Incorporated
C:\Users\a0272466\AppData\Local\Temp\0265210                         PAGE   14

     696 000000a3 8AA9          MOVL      XAR4,ACC              ; [CPU_] |199| 
     697 000000a4 CCC4          AND       AL,*+XAR4[0],#0xcfff  ; [CPU_] |199| 
         000000a5 CFFF 
     698 000000a6 CA45          OR        AL,*-SP[5]            ; [CPU_] |199| 
     699 000000a7 88A9          MOVZ      AR6,AL                ; [CPU_] |199| 
     700 000000a8 0214          MOVB      ACC,#20               ; [CPU_] |199| 
     701 000000a9 0742          ADDL      ACC,*-SP[2]           ; [CPU_] |199| 
     702 000000aa 8AA9          MOVL      XAR4,ACC              ; [CPU_] |199| 
     703 000000ab 7EC4          MOV       *+XAR4[0],AR6         ; [CPU_] |199| 
     704                      .dwpsn  file "C:/work/grepos/c2000_bootROM/f28004x_bootrom/F28004x_ROM_dev/F28004x_ROM/driverlib/eqep
     705 000000ac FE86          SUBB      SP,#6                 ; [CPU_U] 
     706                      .dwcfi  cfa_offset, -2
     707              $C$DW$57        .dwtag  DW_TAG_TI_branch
     708                      .dwattr $C$DW$57, DW_AT_low_pc(0x00)
     709                      .dwattr $C$DW$57, DW_AT_TI_return
     710 000000ad 0006          LRETR     ; [CPU_] 
     711                      ; return occurs ; [] 
     712                      .dwattr $C$DW$48, DW_AT_TI_end_file("C:/work/grepos/c2000_bootROM/f28004x_bootrom/F28004x_ROM_dev/F28
     713                      .dwattr $C$DW$48, DW_AT_TI_end_line(0xca)
     714                      .dwattr $C$DW$48, DW_AT_TI_end_column(0x01)
     715                      .dwendentry
     716                      .dwendtag $C$DW$48
     717              
     718 000000ae               .sect   ".text"
     719                      .clink
     720                      .global _EQEP_setInputPolarity
     721              
     722              $C$DW$58        .dwtag  DW_TAG_subprogram, DW_AT_name("EQEP_setInputPolarity")
     723                      .dwattr $C$DW$58, DW_AT_low_pc(_EQEP_setInputPolarity)
     724                      .dwattr $C$DW$58, DW_AT_high_pc(0x00)
     725                      .dwattr $C$DW$58, DW_AT_TI_symbol_name("_EQEP_setInputPolarity")
     726                      .dwattr $C$DW$58, DW_AT_external
     727                      .dwattr $C$DW$58, DW_AT_TI_begin_file("C:/work/grepos/c2000_bootROM/f28004x_bootrom/F28004x_ROM_dev/F
     728                      .dwattr $C$DW$58, DW_AT_TI_begin_line(0xd2)
     729                      .dwattr $C$DW$58, DW_AT_TI_begin_column(0x01)
     730                      .dwattr $C$DW$58, DW_AT_TI_max_frame_size(-6)
     731                      .dwpsn  file "C:/work/grepos/c2000_bootROM/f28004x_bootrom/F28004x_ROM_dev/F28004x_ROM/driverlib/eqep
     732              
     733                      .dwfde $C$DW$CIE, _EQEP_setInputPolarity
     734              $C$DW$59        .dwtag  DW_TAG_formal_parameter, DW_AT_name("base")
     735                      .dwattr $C$DW$59, DW_AT_TI_symbol_name("_base")
     736                      .dwattr $C$DW$59, DW_AT_type(*$C$DW$T$21)
     737                      .dwattr $C$DW$59, DW_AT_location[DW_OP_reg0]
     738              $C$DW$60        .dwtag  DW_TAG_formal_parameter, DW_AT_name("invertQEPA")
     739                      .dwattr $C$DW$60, DW_AT_TI_symbol_name("_invertQEPA")
     740                      .dwattr $C$DW$60, DW_AT_type(*$C$DW$T$29)
     741                      .dwattr $C$DW$60, DW_AT_location[DW_OP_reg12]
     742              $C$DW$61        .dwtag  DW_TAG_formal_parameter, DW_AT_name("invertQEPB")
     743                      .dwattr $C$DW$61, DW_AT_TI_symbol_name("_invertQEPB")
     744                      .dwattr $C$DW$61, DW_AT_type(*$C$DW$T$29)
     745                      .dwattr $C$DW$61, DW_AT_location[DW_OP_reg14]
     746              $C$DW$62        .dwtag  DW_TAG_formal_parameter, DW_AT_name("invertIndex")
     747                      .dwattr $C$DW$62, DW_AT_TI_symbol_name("_invertIndex")
     748                      .dwattr $C$DW$62, DW_AT_type(*$C$DW$T$29)
     749                      .dwattr $C$DW$62, DW_AT_location[DW_OP_breg20 -7]
TMS320C2000 Assembler PC v6.2.9 Tue Apr 14 13:32:13 2015

Tools Copyright (c) 1996-2014 Texas Instruments Incorporated
C:\Users\a0272466\AppData\Local\Temp\0265210                         PAGE   15

     750              $C$DW$63        .dwtag  DW_TAG_formal_parameter, DW_AT_name("invertStrobe")
     751                      .dwattr $C$DW$63, DW_AT_TI_symbol_name("_invertStrobe")
     752                      .dwattr $C$DW$63, DW_AT_type(*$C$DW$T$29)
     753                      .dwattr $C$DW$63, DW_AT_location[DW_OP_breg20 -8]
     754              
     755              ;***************************************************************
     756              ;* FNAME: _EQEP_setInputPolarity        FR SIZE:   4           *
     757              ;*                                                             *
     758              ;* FUNCTION ENVIRONMENT                                        *
     759              ;*                                                             *
     760              ;* FUNCTION PROPERTIES                                         *
     761              ;*                            0 Parameter,  4 Auto,  0 SOE     *
     762              ;***************************************************************
     763              
     764 000000ae       _EQEP_setInputPolarity:
     765                      .dwcfi  cfa_offset, -2
     766                      .dwcfi  save_reg_to_mem, 26, 0
     767                      .dwcfi  save_reg_to_reg, 78, 26
     768 000000ae FE04          ADDB      SP,#4                 ; [CPU_U] 
     769                      .dwcfi  cfa_offset, -6
     770              $C$DW$64        .dwtag  DW_TAG_variable, DW_AT_name("base")
     771                      .dwattr $C$DW$64, DW_AT_TI_symbol_name("_base")
     772                      .dwattr $C$DW$64, DW_AT_type(*$C$DW$T$21)
     773                      .dwattr $C$DW$64, DW_AT_location[DW_OP_breg20 -2]
     774              $C$DW$65        .dwtag  DW_TAG_variable, DW_AT_name("invertQEPA")
     775                      .dwattr $C$DW$65, DW_AT_TI_symbol_name("_invertQEPA")
     776                      .dwattr $C$DW$65, DW_AT_type(*$C$DW$T$29)
     777                      .dwattr $C$DW$65, DW_AT_location[DW_OP_breg20 -3]
     778              $C$DW$66        .dwtag  DW_TAG_variable, DW_AT_name("invertQEPB")
     779                      .dwattr $C$DW$66, DW_AT_TI_symbol_name("_invertQEPB")
     780                      .dwattr $C$DW$66, DW_AT_type(*$C$DW$T$29)
     781                      .dwattr $C$DW$66, DW_AT_location[DW_OP_breg20 -4]
     782 000000af 7D44          MOV       *-SP[4],AR5           ; [CPU_] |212| 
     783 000000b0 7C43          MOV       *-SP[3],AR4           ; [CPU_] |212| 
     784 000000b1 1E42          MOVL      *-SP[2],ACC           ; [CPU_] |212| 
     785                      .dwpsn  file "C:/work/grepos/c2000_bootROM/f28004x_bootrom/F28004x_ROM_dev/F28004x_ROM/driverlib/eqep
     786 000000b2 9243          MOV       AL,*-SP[3]            ; [CPU_] |221| 
     787 000000b3 EC07          BF        $C$L6,EQ              ; [CPU_] |221| 
     788                      ; branchcc occurs ; [] |221| 
     789                      .dwpsn  file "C:/work/grepos/c2000_bootROM/f28004x_bootrom/F28004x_ROM_dev/F28004x_ROM/driverlib/eqep
     790 000000b4 0214          MOVB      ACC,#20               ; [CPU_] |223| 
     791 000000b5 0742          ADDL      ACC,*-SP[2]           ; [CPU_] |223| 
     792 000000b6 8AA9          MOVL      XAR4,ACC              ; [CPU_] |223| 
     793 000000b7 1AC4          OR        *+XAR4[0],#0x0100     ; [CPU_] |223| 
         000000b8 0100 
     794                      .dwpsn  file "C:/work/grepos/c2000_bootROM/f28004x_bootrom/F28004x_ROM_dev/F28004x_ROM/driverlib/eqep
     795 000000b9 6F06          B         $C$L7,UNC             ; [CPU_] |224| 
     796                      ; branch occurs ; [] |224| 
     797 000000ba       $C$L6:    
     798                      .dwpsn  file "C:/work/grepos/c2000_bootROM/f28004x_bootrom/F28004x_ROM_dev/F28004x_ROM/driverlib/eqep
     799 000000ba 0214          MOVB      ACC,#20               ; [CPU_] |227| 
     800 000000bb 0742          ADDL      ACC,*-SP[2]           ; [CPU_] |227| 
     801 000000bc 8AA9          MOVL      XAR4,ACC              ; [CPU_] |227| 
     802 000000bd 18C4          AND       *+XAR4[0],#0xfeff     ; [CPU_] |227| 
         000000be FEFF 
TMS320C2000 Assembler PC v6.2.9 Tue Apr 14 13:32:13 2015

Tools Copyright (c) 1996-2014 Texas Instruments Incorporated
C:\Users\a0272466\AppData\Local\Temp\0265210                         PAGE   16

     803 000000bf       $C$L7:    
     804                      .dwpsn  file "C:/work/grepos/c2000_bootROM/f28004x_bootrom/F28004x_ROM_dev/F28004x_ROM/driverlib/eqep
     805 000000bf 9244          MOV       AL,*-SP[4]            ; [CPU_] |233| 
     806 000000c0 EC07          BF        $C$L8,EQ              ; [CPU_] |233| 
     807                      ; branchcc occurs ; [] |233| 
     808                      .dwpsn  file "C:/work/grepos/c2000_bootROM/f28004x_bootrom/F28004x_ROM_dev/F28004x_ROM/driverlib/eqep
     809 000000c1 0214          MOVB      ACC,#20               ; [CPU_] |235| 
     810 000000c2 0742          ADDL      ACC,*-SP[2]           ; [CPU_] |235| 
     811 000000c3 8AA9          MOVL      XAR4,ACC              ; [CPU_] |235| 
     812 000000c4 1AC4          OR        *+XAR4[0],#0x0080     ; [CPU_] |235| 
         000000c5 0080 
     813                      .dwpsn  file "C:/work/grepos/c2000_bootROM/f28004x_bootrom/F28004x_ROM_dev/F28004x_ROM/driverlib/eqep
     814 000000c6 6F06          B         $C$L9,UNC             ; [CPU_] |236| 
     815                      ; branch occurs ; [] |236| 
     816 000000c7       $C$L8:    
     817                      .dwpsn  file "C:/work/grepos/c2000_bootROM/f28004x_bootrom/F28004x_ROM_dev/F28004x_ROM/driverlib/eqep
     818 000000c7 0214          MOVB      ACC,#20               ; [CPU_] |239| 
     819 000000c8 0742          ADDL      ACC,*-SP[2]           ; [CPU_] |239| 
     820 000000c9 8AA9          MOVL      XAR4,ACC              ; [CPU_] |239| 
     821 000000ca 18C4          AND       *+XAR4[0],#0xff7f     ; [CPU_] |239| 
         000000cb FF7F 
     822 000000cc       $C$L9:    
     823                      .dwpsn  file "C:/work/grepos/c2000_bootROM/f28004x_bootrom/F28004x_ROM_dev/F28004x_ROM/driverlib/eqep
     824 000000cc 9247          MOV       AL,*-SP[7]            ; [CPU_] |245| 
     825 000000cd EC07          BF        $C$L10,EQ             ; [CPU_] |245| 
     826                      ; branchcc occurs ; [] |245| 
     827                      .dwpsn  file "C:/work/grepos/c2000_bootROM/f28004x_bootrom/F28004x_ROM_dev/F28004x_ROM/driverlib/eqep
     828 000000ce 0214          MOVB      ACC,#20               ; [CPU_] |247| 
     829 000000cf 0742          ADDL      ACC,*-SP[2]           ; [CPU_] |247| 
     830 000000d0 8AA9          MOVL      XAR4,ACC              ; [CPU_] |247| 
     831 000000d1 1AC4          OR        *+XAR4[0],#0x0040     ; [CPU_] |247| 
         000000d2 0040 
     832                      .dwpsn  file "C:/work/grepos/c2000_bootROM/f28004x_bootrom/F28004x_ROM_dev/F28004x_ROM/driverlib/eqep
     833 000000d3 6F06          B         $C$L11,UNC            ; [CPU_] |248| 
     834                      ; branch occurs ; [] |248| 
     835 000000d4       $C$L10:    
     836                      .dwpsn  file "C:/work/grepos/c2000_bootROM/f28004x_bootrom/F28004x_ROM_dev/F28004x_ROM/driverlib/eqep
     837 000000d4 0214          MOVB      ACC,#20               ; [CPU_] |251| 
     838 000000d5 0742          ADDL      ACC,*-SP[2]           ; [CPU_] |251| 
     839 000000d6 8AA9          MOVL      XAR4,ACC              ; [CPU_] |251| 
     840 000000d7 18C4          AND       *+XAR4[0],#0xffbf     ; [CPU_] |251| 
         000000d8 FFBF 
     841 000000d9       $C$L11:    
     842                      .dwpsn  file "C:/work/grepos/c2000_bootROM/f28004x_bootrom/F28004x_ROM_dev/F28004x_ROM/driverlib/eqep
     843 000000d9 9248          MOV       AL,*-SP[8]            ; [CPU_] |257| 
     844 000000da EC07          BF        $C$L12,EQ             ; [CPU_] |257| 
     845                      ; branchcc occurs ; [] |257| 
     846                      .dwpsn  file "C:/work/grepos/c2000_bootROM/f28004x_bootrom/F28004x_ROM_dev/F28004x_ROM/driverlib/eqep
     847 000000db 0214          MOVB      ACC,#20               ; [CPU_] |259| 
     848 000000dc 0742          ADDL      ACC,*-SP[2]           ; [CPU_] |259| 
     849 000000dd 8AA9          MOVL      XAR4,ACC              ; [CPU_] |259| 
     850 000000de 1AC4          OR        *+XAR4[0],#0x0020     ; [CPU_] |259| 
         000000df 0020 
     851                      .dwpsn  file "C:/work/grepos/c2000_bootROM/f28004x_bootrom/F28004x_ROM_dev/F28004x_ROM/driverlib/eqep
     852 000000e0 6F06          B         $C$L13,UNC            ; [CPU_] |260| 
TMS320C2000 Assembler PC v6.2.9 Tue Apr 14 13:32:13 2015

Tools Copyright (c) 1996-2014 Texas Instruments Incorporated
C:\Users\a0272466\AppData\Local\Temp\0265210                         PAGE   17

     853                      ; branch occurs ; [] |260| 
     854 000000e1       $C$L12:    
     855                      .dwpsn  file "C:/work/grepos/c2000_bootROM/f28004x_bootrom/F28004x_ROM_dev/F28004x_ROM/driverlib/eqep
     856 000000e1 0214          MOVB      ACC,#20               ; [CPU_] |263| 
     857 000000e2 0742          ADDL      ACC,*-SP[2]           ; [CPU_] |263| 
     858 000000e3 8AA9          MOVL      XAR4,ACC              ; [CPU_] |263| 
     859 000000e4 18C4          AND       *+XAR4[0],#0xffdf     ; [CPU_] |263| 
         000000e5 FFDF 
     860                      .dwpsn  file "C:/work/grepos/c2000_bootROM/f28004x_bootrom/F28004x_ROM_dev/F28004x_ROM/driverlib/eqep
     861 000000e6       $C$L13:    
     862 000000e6 FE84          SUBB      SP,#4                 ; [CPU_U] 
     863                      .dwcfi  cfa_offset, -2
     864              $C$DW$67        .dwtag  DW_TAG_TI_branch
     865                      .dwattr $C$DW$67, DW_AT_low_pc(0x00)
     866                      .dwattr $C$DW$67, DW_AT_TI_return
     867 000000e7 0006          LRETR     ; [CPU_] 
     868                      ; return occurs ; [] 
     869                      .dwattr $C$DW$58, DW_AT_TI_end_file("C:/work/grepos/c2000_bootROM/f28004x_bootrom/F28004x_ROM_dev/F28
     870                      .dwattr $C$DW$58, DW_AT_TI_end_line(0x109)
     871                      .dwattr $C$DW$58, DW_AT_TI_end_column(0x01)
     872                      .dwendentry
     873                      .dwendtag $C$DW$58
     874              
     875              ;**************************************************************
     876              ;* UNDEFINED EXTERNAL REFERENCES                              *
     877              ;**************************************************************
     878                      .global _Interrupt_enable
     879                      .global _Interrupt_disable
     880              
     881              ;***************************************************************
     882              ;* TYPE INFORMATION                                            *
     883              ;***************************************************************
     884              
     885              $C$DW$T$19      .dwtag  DW_TAG_subroutine_type
     886                      .dwattr $C$DW$T$19, DW_AT_language(DW_LANG_C)
     887              $C$DW$T$20      .dwtag  DW_TAG_pointer_type
     888                      .dwattr $C$DW$T$20, DW_AT_type(*$C$DW$T$19)
     889                      .dwattr $C$DW$T$20, DW_AT_address_class(0x16)
     890              $C$DW$T$4       .dwtag  DW_TAG_base_type
     891                      .dwattr $C$DW$T$4, DW_AT_encoding(DW_ATE_boolean)
     892                      .dwattr $C$DW$T$4, DW_AT_name("bool")
     893                      .dwattr $C$DW$T$4, DW_AT_byte_size(0x01)
     894              $C$DW$T$5       .dwtag  DW_TAG_base_type
     895                      .dwattr $C$DW$T$5, DW_AT_encoding(DW_ATE_signed_char)
     896                      .dwattr $C$DW$T$5, DW_AT_name("signed char")
     897                      .dwattr $C$DW$T$5, DW_AT_byte_size(0x01)
     898              $C$DW$T$6       .dwtag  DW_TAG_base_type
     899                      .dwattr $C$DW$T$6, DW_AT_encoding(DW_ATE_unsigned_char)
     900                      .dwattr $C$DW$T$6, DW_AT_name("unsigned char")
     901                      .dwattr $C$DW$T$6, DW_AT_byte_size(0x01)
     902              $C$DW$T$7       .dwtag  DW_TAG_base_type
     903                      .dwattr $C$DW$T$7, DW_AT_encoding(DW_ATE_signed_char)
     904                      .dwattr $C$DW$T$7, DW_AT_name("wchar_t")
     905                      .dwattr $C$DW$T$7, DW_AT_byte_size(0x01)
     906              $C$DW$T$8       .dwtag  DW_TAG_base_type
TMS320C2000 Assembler PC v6.2.9 Tue Apr 14 13:32:13 2015

Tools Copyright (c) 1996-2014 Texas Instruments Incorporated
C:\Users\a0272466\AppData\Local\Temp\0265210                         PAGE   18

     907                      .dwattr $C$DW$T$8, DW_AT_encoding(DW_ATE_signed)
     908                      .dwattr $C$DW$T$8, DW_AT_name("short")
     909                      .dwattr $C$DW$T$8, DW_AT_byte_size(0x01)
     910              $C$DW$T$9       .dwtag  DW_TAG_base_type
     911                      .dwattr $C$DW$T$9, DW_AT_encoding(DW_ATE_unsigned)
     912                      .dwattr $C$DW$T$9, DW_AT_name("unsigned short")
     913                      .dwattr $C$DW$T$9, DW_AT_byte_size(0x01)
     914              $C$DW$T$26      .dwtag  DW_TAG_typedef, DW_AT_name("uint16_t")
     915                      .dwattr $C$DW$T$26, DW_AT_type(*$C$DW$T$9)
     916                      .dwattr $C$DW$T$26, DW_AT_language(DW_LANG_C)
     917              $C$DW$T$10      .dwtag  DW_TAG_base_type
     918                      .dwattr $C$DW$T$10, DW_AT_encoding(DW_ATE_signed)
     919                      .dwattr $C$DW$T$10, DW_AT_name("int")
     920                      .dwattr $C$DW$T$10, DW_AT_byte_size(0x01)
     921              $C$DW$T$11      .dwtag  DW_TAG_base_type
     922                      .dwattr $C$DW$T$11, DW_AT_encoding(DW_ATE_unsigned)
     923                      .dwattr $C$DW$T$11, DW_AT_name("unsigned int")
     924                      .dwattr $C$DW$T$11, DW_AT_byte_size(0x01)
     925              $C$DW$T$12      .dwtag  DW_TAG_base_type
     926                      .dwattr $C$DW$T$12, DW_AT_encoding(DW_ATE_signed)
     927                      .dwattr $C$DW$T$12, DW_AT_name("long")
     928                      .dwattr $C$DW$T$12, DW_AT_byte_size(0x02)
     929              $C$DW$T$13      .dwtag  DW_TAG_base_type
     930                      .dwattr $C$DW$T$13, DW_AT_encoding(DW_ATE_unsigned)
     931                      .dwattr $C$DW$T$13, DW_AT_name("unsigned long")
     932                      .dwattr $C$DW$T$13, DW_AT_byte_size(0x02)
     933              $C$DW$T$21      .dwtag  DW_TAG_typedef, DW_AT_name("uint32_t")
     934                      .dwattr $C$DW$T$21, DW_AT_type(*$C$DW$T$13)
     935                      .dwattr $C$DW$T$21, DW_AT_language(DW_LANG_C)
     936              $C$DW$T$14      .dwtag  DW_TAG_base_type
     937                      .dwattr $C$DW$T$14, DW_AT_encoding(DW_ATE_signed)
     938                      .dwattr $C$DW$T$14, DW_AT_name("long long")
     939                      .dwattr $C$DW$T$14, DW_AT_byte_size(0x04)
     940              $C$DW$T$15      .dwtag  DW_TAG_base_type
     941                      .dwattr $C$DW$T$15, DW_AT_encoding(DW_ATE_unsigned)
     942                      .dwattr $C$DW$T$15, DW_AT_name("unsigned long long")
     943                      .dwattr $C$DW$T$15, DW_AT_byte_size(0x04)
     944              $C$DW$T$16      .dwtag  DW_TAG_base_type
     945                      .dwattr $C$DW$T$16, DW_AT_encoding(DW_ATE_float)
     946                      .dwattr $C$DW$T$16, DW_AT_name("float")
     947                      .dwattr $C$DW$T$16, DW_AT_byte_size(0x02)
     948              $C$DW$T$17      .dwtag  DW_TAG_base_type
     949                      .dwattr $C$DW$T$17, DW_AT_encoding(DW_ATE_float)
     950                      .dwattr $C$DW$T$17, DW_AT_name("double")
     951                      .dwattr $C$DW$T$17, DW_AT_byte_size(0x02)
     952              $C$DW$T$18      .dwtag  DW_TAG_base_type
     953                      .dwattr $C$DW$T$18, DW_AT_encoding(DW_ATE_float)
     954                      .dwattr $C$DW$T$18, DW_AT_name("long double")
     955                      .dwattr $C$DW$T$18, DW_AT_byte_size(0x04)
     956              $C$DW$T$29      .dwtag  DW_TAG_base_type
     957                      .dwattr $C$DW$T$29, DW_AT_encoding(DW_ATE_unsigned_char)
     958                      .dwattr $C$DW$T$29, DW_AT_name("unsigned char")
     959                      .dwattr $C$DW$T$29, DW_AT_byte_size(0x01)
     960                      .dwattr $C$DW$CU, DW_AT_language(DW_LANG_C)
     961              
TMS320C2000 Assembler PC v6.2.9 Tue Apr 14 13:32:13 2015

Tools Copyright (c) 1996-2014 Texas Instruments Incorporated
C:\Users\a0272466\AppData\Local\Temp\0265210                         PAGE   19

     962              ;***************************************************************
     963              ;* DWARF CIE ENTRIES                                           *
     964              ;***************************************************************
     965              
     966              $C$DW$CIE       .dwcie 78
     967                      .dwcfi  cfa_register, 20
     968                      .dwcfi  cfa_offset, 0
     969                      .dwcfi  undefined, 0
     970                      .dwcfi  undefined, 1
     971                      .dwcfi  undefined, 2
     972                      .dwcfi  undefined, 3
     973                      .dwcfi  undefined, 20
     974                      .dwcfi  undefined, 21
     975                      .dwcfi  undefined, 22
     976                      .dwcfi  undefined, 23
     977                      .dwcfi  undefined, 24
     978                      .dwcfi  undefined, 25
     979                      .dwcfi  undefined, 26
     980                      .dwcfi  same_value, 28
     981                      .dwcfi  undefined, 29
     982                      .dwcfi  undefined, 30
     983                      .dwcfi  undefined, 31
     984                      .dwcfi  undefined, 32
     985                      .dwcfi  undefined, 33
     986                      .dwcfi  undefined, 34
     987                      .dwcfi  undefined, 35
     988                      .dwcfi  undefined, 36
     989                      .dwcfi  undefined, 37
     990                      .dwcfi  undefined, 38
     991                      .dwcfi  undefined, 75
     992                      .dwcfi  undefined, 76
     993                      .dwcfi  undefined, 77
     994                      .dwcfi  undefined, 4
     995                      .dwcfi  same_value, 6
     996                      .dwcfi  same_value, 8
     997                      .dwcfi  same_value, 10
     998                      .dwcfi  undefined, 12
     999                      .dwcfi  undefined, 14
    1000                      .dwcfi  undefined, 16
    1001                      .dwcfi  undefined, 17
    1002                      .dwcfi  undefined, 18
    1003                      .dwcfi  undefined, 19
    1004                      .dwcfi  undefined, 5
    1005                      .dwcfi  same_value, 7
    1006                      .dwcfi  same_value, 9
    1007                      .dwcfi  same_value, 11
    1008                      .dwcfi  undefined, 13
    1009                      .dwcfi  undefined, 15
    1010                      .dwcfi  undefined, 43
    1011                      .dwcfi  undefined, 44
    1012                      .dwcfi  undefined, 47
    1013                      .dwcfi  undefined, 48
    1014                      .dwcfi  undefined, 51
    1015                      .dwcfi  undefined, 52
    1016                      .dwcfi  undefined, 55
TMS320C2000 Assembler PC v6.2.9 Tue Apr 14 13:32:13 2015

Tools Copyright (c) 1996-2014 Texas Instruments Incorporated
C:\Users\a0272466\AppData\Local\Temp\0265210                         PAGE   20

    1017                      .dwcfi  undefined, 56
    1018                      .dwcfi  same_value, 59
    1019                      .dwcfi  same_value, 60
    1020                      .dwcfi  same_value, 63
    1021                      .dwcfi  same_value, 64
    1022                      .dwcfi  same_value, 67
    1023                      .dwcfi  same_value, 68
    1024                      .dwcfi  same_value, 71
    1025                      .dwcfi  same_value, 72
    1026                      .dwcfi  undefined, 73
    1027                      .dwcfi  undefined, 74
    1028                      .dwcfi  undefined, 39
    1029                      .dwcfi  undefined, 40
    1030                      .dwcfi  undefined, 27
    1031                      .dwcfi  undefined, 78
    1032                      .dwendentry
    1033              
    1034              ;***************************************************************
    1035              ;* DWARF REGISTER MAP                                          *
    1036              ;***************************************************************
    1037              
    1038              $C$DW$68        .dwtag  DW_TAG_TI_assign_register, DW_AT_name("AL")
    1039                      .dwattr $C$DW$68, DW_AT_location[DW_OP_reg0]
    1040              $C$DW$69        .dwtag  DW_TAG_TI_assign_register, DW_AT_name("AH")
    1041                      .dwattr $C$DW$69, DW_AT_location[DW_OP_reg1]
    1042              $C$DW$70        .dwtag  DW_TAG_TI_assign_register, DW_AT_name("PL")
    1043                      .dwattr $C$DW$70, DW_AT_location[DW_OP_reg2]
    1044              $C$DW$71        .dwtag  DW_TAG_TI_assign_register, DW_AT_name("PH")
    1045                      .dwattr $C$DW$71, DW_AT_location[DW_OP_reg3]
    1046              $C$DW$72        .dwtag  DW_TAG_TI_assign_register, DW_AT_name("SP")
    1047                      .dwattr $C$DW$72, DW_AT_location[DW_OP_reg20]
    1048              $C$DW$73        .dwtag  DW_TAG_TI_assign_register, DW_AT_name("XT")
    1049                      .dwattr $C$DW$73, DW_AT_location[DW_OP_reg21]
    1050              $C$DW$74        .dwtag  DW_TAG_TI_assign_register, DW_AT_name("T")
    1051                      .dwattr $C$DW$74, DW_AT_location[DW_OP_reg22]
    1052              $C$DW$75        .dwtag  DW_TAG_TI_assign_register, DW_AT_name("ST0")
    1053                      .dwattr $C$DW$75, DW_AT_location[DW_OP_reg23]
    1054              $C$DW$76        .dwtag  DW_TAG_TI_assign_register, DW_AT_name("ST1")
    1055                      .dwattr $C$DW$76, DW_AT_location[DW_OP_reg24]
    1056              $C$DW$77        .dwtag  DW_TAG_TI_assign_register, DW_AT_name("PC")
    1057                      .dwattr $C$DW$77, DW_AT_location[DW_OP_reg25]
    1058              $C$DW$78        .dwtag  DW_TAG_TI_assign_register, DW_AT_name("RPC")
    1059                      .dwattr $C$DW$78, DW_AT_location[DW_OP_reg26]
    1060              $C$DW$79        .dwtag  DW_TAG_TI_assign_register, DW_AT_name("FP")
    1061                      .dwattr $C$DW$79, DW_AT_location[DW_OP_reg28]
    1062              $C$DW$80        .dwtag  DW_TAG_TI_assign_register, DW_AT_name("DP")
    1063                      .dwattr $C$DW$80, DW_AT_location[DW_OP_reg29]
    1064              $C$DW$81        .dwtag  DW_TAG_TI_assign_register, DW_AT_name("SXM")
    1065                      .dwattr $C$DW$81, DW_AT_location[DW_OP_reg30]
    1066              $C$DW$82        .dwtag  DW_TAG_TI_assign_register, DW_AT_name("PM")
    1067                      .dwattr $C$DW$82, DW_AT_location[DW_OP_reg31]
    1068              $C$DW$83        .dwtag  DW_TAG_TI_assign_register, DW_AT_name("OVM")
    1069                      .dwattr $C$DW$83, DW_AT_location[DW_OP_regx 0x20]
    1070              $C$DW$84        .dwtag  DW_TAG_TI_assign_register, DW_AT_name("PAGE0")
    1071                      .dwattr $C$DW$84, DW_AT_location[DW_OP_regx 0x21]
TMS320C2000 Assembler PC v6.2.9 Tue Apr 14 13:32:13 2015

Tools Copyright (c) 1996-2014 Texas Instruments Incorporated
C:\Users\a0272466\AppData\Local\Temp\0265210                         PAGE   21

    1072              $C$DW$85        .dwtag  DW_TAG_TI_assign_register, DW_AT_name("AMODE")
    1073                      .dwattr $C$DW$85, DW_AT_location[DW_OP_regx 0x22]
    1074              $C$DW$86        .dwtag  DW_TAG_TI_assign_register, DW_AT_name("INTM")
    1075                      .dwattr $C$DW$86, DW_AT_location[DW_OP_regx 0x23]
    1076              $C$DW$87        .dwtag  DW_TAG_TI_assign_register, DW_AT_name("IFR")
    1077                      .dwattr $C$DW$87, DW_AT_location[DW_OP_regx 0x24]
    1078              $C$DW$88        .dwtag  DW_TAG_TI_assign_register, DW_AT_name("IER")
    1079                      .dwattr $C$DW$88, DW_AT_location[DW_OP_regx 0x25]
    1080              $C$DW$89        .dwtag  DW_TAG_TI_assign_register, DW_AT_name("V")
    1081                      .dwattr $C$DW$89, DW_AT_location[DW_OP_regx 0x26]
    1082              $C$DW$90        .dwtag  DW_TAG_TI_assign_register, DW_AT_name("PSEUDOH")
    1083                      .dwattr $C$DW$90, DW_AT_location[DW_OP_regx 0x4c]
    1084              $C$DW$91        .dwtag  DW_TAG_TI_assign_register, DW_AT_name("VOL")
    1085                      .dwattr $C$DW$91, DW_AT_location[DW_OP_regx 0x4d]
    1086              $C$DW$92        .dwtag  DW_TAG_TI_assign_register, DW_AT_name("AR0")
    1087                      .dwattr $C$DW$92, DW_AT_location[DW_OP_reg4]
    1088              $C$DW$93        .dwtag  DW_TAG_TI_assign_register, DW_AT_name("AR1")
    1089                      .dwattr $C$DW$93, DW_AT_location[DW_OP_reg6]
    1090              $C$DW$94        .dwtag  DW_TAG_TI_assign_register, DW_AT_name("AR2")
    1091                      .dwattr $C$DW$94, DW_AT_location[DW_OP_reg8]
    1092              $C$DW$95        .dwtag  DW_TAG_TI_assign_register, DW_AT_name("AR3")
    1093                      .dwattr $C$DW$95, DW_AT_location[DW_OP_reg10]
    1094              $C$DW$96        .dwtag  DW_TAG_TI_assign_register, DW_AT_name("AR4")
    1095                      .dwattr $C$DW$96, DW_AT_location[DW_OP_reg12]
    1096              $C$DW$97        .dwtag  DW_TAG_TI_assign_register, DW_AT_name("AR5")
    1097                      .dwattr $C$DW$97, DW_AT_location[DW_OP_reg14]
    1098              $C$DW$98        .dwtag  DW_TAG_TI_assign_register, DW_AT_name("AR6")
    1099                      .dwattr $C$DW$98, DW_AT_location[DW_OP_reg16]
    1100              $C$DW$99        .dwtag  DW_TAG_TI_assign_register, DW_AT_name("XAR6")
    1101                      .dwattr $C$DW$99, DW_AT_location[DW_OP_reg17]
    1102              $C$DW$100       .dwtag  DW_TAG_TI_assign_register, DW_AT_name("AR7")
    1103                      .dwattr $C$DW$100, DW_AT_location[DW_OP_reg18]
    1104              $C$DW$101       .dwtag  DW_TAG_TI_assign_register, DW_AT_name("XAR7")
    1105                      .dwattr $C$DW$101, DW_AT_location[DW_OP_reg19]
    1106              $C$DW$102       .dwtag  DW_TAG_TI_assign_register, DW_AT_name("XAR0")
    1107                      .dwattr $C$DW$102, DW_AT_location[DW_OP_reg5]
    1108              $C$DW$103       .dwtag  DW_TAG_TI_assign_register, DW_AT_name("XAR1")
    1109                      .dwattr $C$DW$103, DW_AT_location[DW_OP_reg7]
    1110              $C$DW$104       .dwtag  DW_TAG_TI_assign_register, DW_AT_name("XAR2")
    1111                      .dwattr $C$DW$104, DW_AT_location[DW_OP_reg9]
    1112              $C$DW$105       .dwtag  DW_TAG_TI_assign_register, DW_AT_name("XAR3")
    1113                      .dwattr $C$DW$105, DW_AT_location[DW_OP_reg11]
    1114              $C$DW$106       .dwtag  DW_TAG_TI_assign_register, DW_AT_name("XAR4")
    1115                      .dwattr $C$DW$106, DW_AT_location[DW_OP_reg13]
    1116              $C$DW$107       .dwtag  DW_TAG_TI_assign_register, DW_AT_name("XAR5")
    1117                      .dwattr $C$DW$107, DW_AT_location[DW_OP_reg15]
    1118              $C$DW$108       .dwtag  DW_TAG_TI_assign_register, DW_AT_name("R0HL")
    1119                      .dwattr $C$DW$108, DW_AT_location[DW_OP_regx 0x2b]
    1120              $C$DW$109       .dwtag  DW_TAG_TI_assign_register, DW_AT_name("R0H")
    1121                      .dwattr $C$DW$109, DW_AT_location[DW_OP_regx 0x2c]
    1122              $C$DW$110       .dwtag  DW_TAG_TI_assign_register, DW_AT_name("R1HL")
    1123                      .dwattr $C$DW$110, DW_AT_location[DW_OP_regx 0x2f]
    1124              $C$DW$111       .dwtag  DW_TAG_TI_assign_register, DW_AT_name("R1H")
    1125                      .dwattr $C$DW$111, DW_AT_location[DW_OP_regx 0x30]
    1126              $C$DW$112       .dwtag  DW_TAG_TI_assign_register, DW_AT_name("R2HL")
TMS320C2000 Assembler PC v6.2.9 Tue Apr 14 13:32:13 2015

Tools Copyright (c) 1996-2014 Texas Instruments Incorporated
C:\Users\a0272466\AppData\Local\Temp\0265210                         PAGE   22

    1127                      .dwattr $C$DW$112, DW_AT_location[DW_OP_regx 0x33]
    1128              $C$DW$113       .dwtag  DW_TAG_TI_assign_register, DW_AT_name("R2H")
    1129                      .dwattr $C$DW$113, DW_AT_location[DW_OP_regx 0x34]
    1130              $C$DW$114       .dwtag  DW_TAG_TI_assign_register, DW_AT_name("R3HL")
    1131                      .dwattr $C$DW$114, DW_AT_location[DW_OP_regx 0x37]
    1132              $C$DW$115       .dwtag  DW_TAG_TI_assign_register, DW_AT_name("R3H")
    1133                      .dwattr $C$DW$115, DW_AT_location[DW_OP_regx 0x38]
    1134              $C$DW$116       .dwtag  DW_TAG_TI_assign_register, DW_AT_name("R4HL")
    1135                      .dwattr $C$DW$116, DW_AT_location[DW_OP_regx 0x3b]
    1136              $C$DW$117       .dwtag  DW_TAG_TI_assign_register, DW_AT_name("R4H")
    1137                      .dwattr $C$DW$117, DW_AT_location[DW_OP_regx 0x3c]
    1138              $C$DW$118       .dwtag  DW_TAG_TI_assign_register, DW_AT_name("R5HL")
    1139                      .dwattr $C$DW$118, DW_AT_location[DW_OP_regx 0x3f]
    1140              $C$DW$119       .dwtag  DW_TAG_TI_assign_register, DW_AT_name("R5H")
    1141                      .dwattr $C$DW$119, DW_AT_location[DW_OP_regx 0x40]
    1142              $C$DW$120       .dwtag  DW_TAG_TI_assign_register, DW_AT_name("R6HL")
    1143                      .dwattr $C$DW$120, DW_AT_location[DW_OP_regx 0x43]
    1144              $C$DW$121       .dwtag  DW_TAG_TI_assign_register, DW_AT_name("R6H")
    1145                      .dwattr $C$DW$121, DW_AT_location[DW_OP_regx 0x44]
    1146              $C$DW$122       .dwtag  DW_TAG_TI_assign_register, DW_AT_name("R7HL")
    1147                      .dwattr $C$DW$122, DW_AT_location[DW_OP_regx 0x47]
    1148              $C$DW$123       .dwtag  DW_TAG_TI_assign_register, DW_AT_name("R7H")
    1149                      .dwattr $C$DW$123, DW_AT_location[DW_OP_regx 0x48]
    1150              $C$DW$124       .dwtag  DW_TAG_TI_assign_register, DW_AT_name("RBL")
    1151                      .dwattr $C$DW$124, DW_AT_location[DW_OP_regx 0x49]
    1152              $C$DW$125       .dwtag  DW_TAG_TI_assign_register, DW_AT_name("RB")
    1153                      .dwattr $C$DW$125, DW_AT_location[DW_OP_regx 0x4a]
    1154              $C$DW$126       .dwtag  DW_TAG_TI_assign_register, DW_AT_name("STFL")
    1155                      .dwattr $C$DW$126, DW_AT_location[DW_OP_regx 0x27]
    1156              $C$DW$127       .dwtag  DW_TAG_TI_assign_register, DW_AT_name("STF")
    1157                      .dwattr $C$DW$127, DW_AT_location[DW_OP_regx 0x28]
    1158              $C$DW$128       .dwtag  DW_TAG_TI_assign_register, DW_AT_name("FPUHAZ")
    1159                      .dwattr $C$DW$128, DW_AT_location[DW_OP_reg27]
    1160              $C$DW$129       .dwtag  DW_TAG_TI_assign_register, DW_AT_name("CIE_RETA")
    1161                      .dwattr $C$DW$129, DW_AT_location[DW_OP_regx 0x4e]
    1162                      .dwendtag $C$DW$CU
    1163              

No Assembly Errors, No Assembly Warnings
