TMS320C2000 Assembler PC v6.4.4 Tue Feb 14 14:43:07 2017

Tools Copyright (c) 1996-2015 Texas Instruments Incorporated
C:\Users\a0221343\AppData\Local\Temp\0937210                         PAGE    1

       1              ;***************************************************************
       2              ;* TMS320C2000 C/C++ Codegen                         PC v6.4.4 *
       3              ;* Date/Time created: Tue Feb 14 14:43:07 2017                 *
       4              ;***************************************************************
       5                      .compiler_opts --cla_support=cla0 --float_support=fpu32 --hll_source=on --mem_model:code=flat --mem_m
       6        0002  FP      .set    XAR2
       7              
       8              $C$DW$CU        .dwtag  DW_TAG_compile_unit
       9                      .dwattr $C$DW$CU, DW_AT_name("C:/Users/a0221343/Git/bootROM/f28004x_bootrom/F28004x_ROM_dev_PG2.0/F28
      10                      .dwattr $C$DW$CU, DW_AT_producer("TI TMS320C2000 C/C++ Codegen PC v6.4.4 Copyright (c) 1996-2015 Texa
      11                      .dwattr $C$DW$CU, DW_AT_TI_version(0x01)
      12                      .dwattr $C$DW$CU, DW_AT_comp_dir("C:\Users\a0221343\Git\bootROM\f28004x_bootrom\F28004x_ROM_dev_PG2.0
      13              
      14              $C$DW$1 .dwtag  DW_TAG_subprogram, DW_AT_name("Interrupt_disable")
      15                      .dwattr $C$DW$1, DW_AT_TI_symbol_name("_Interrupt_disable")
      16                      .dwattr $C$DW$1, DW_AT_declaration
      17                      .dwattr $C$DW$1, DW_AT_external
      18              $C$DW$2 .dwtag  DW_TAG_formal_parameter
      19                      .dwattr $C$DW$2, DW_AT_type(*$C$DW$T$21)
      20                      .dwendtag $C$DW$1
      21              
      22              
      23              $C$DW$3 .dwtag  DW_TAG_subprogram, DW_AT_name("Interrupt_enable")
      24                      .dwattr $C$DW$3, DW_AT_TI_symbol_name("_Interrupt_enable")
      25                      .dwattr $C$DW$3, DW_AT_declaration
      26                      .dwattr $C$DW$3, DW_AT_external
      27              $C$DW$4 .dwtag  DW_TAG_formal_parameter
      28                      .dwattr $C$DW$4, DW_AT_type(*$C$DW$T$21)
      29                      .dwendtag $C$DW$3
      30              
      31              ;       C:\ti\ccsv6\tools\compiler\ti-cgt-c2000_6.4.4\bin\ac2000.exe -@C:\\Users\\a0221343\\AppData\\Local\\T
      32 00000000               .sect   ".text:_Interrupt_defaultHandler"
      33                      .clink
      34              
      35              $C$DW$5 .dwtag  DW_TAG_subprogram, DW_AT_name("Interrupt_defaultHandler")
      36                      .dwattr $C$DW$5, DW_AT_low_pc(_Interrupt_defaultHandler)
      37                      .dwattr $C$DW$5, DW_AT_high_pc(0x00)
      38                      .dwattr $C$DW$5, DW_AT_TI_symbol_name("_Interrupt_defaultHandler")
      39                      .dwattr $C$DW$5, DW_AT_TI_begin_file("C:\Users\a0221343\Git\bootROM\f28004x_bootrom\F28004x_ROM_dev_P
      40                      .dwattr $C$DW$5, DW_AT_TI_begin_line(0x69)
      41                      .dwattr $C$DW$5, DW_AT_TI_begin_column(0x0d)
      42                      .dwattr $C$DW$5, DW_AT_TI_max_frame_size(-4)
      43                      .dwpsn  file "C:\Users\a0221343\Git\bootROM\f28004x_bootrom\F28004x_ROM_dev_PG2.0\F28004x_ROM\driverl
      44              
      45                      .dwfde $C$DW$CIE, _Interrupt_defaultHandler
      46              
      47              ;***************************************************************
      48              ;* FNAME: _Interrupt_defaultHandler     FR SIZE:   2           *
      49              ;*                                                             *
      50              ;* FUNCTION ENVIRONMENT                                        *
      51              ;*                                                             *
      52              ;* FUNCTION PROPERTIES                                         *
      53              ;*                            0 Parameter,  1 Auto,  0 SOE     *
      54              ;***************************************************************
      55              
TMS320C2000 Assembler PC v6.4.4 Tue Feb 14 14:43:07 2017

Tools Copyright (c) 1996-2015 Texas Instruments Incorporated
C:\Users\a0221343\AppData\Local\Temp\0937210                         PAGE    2

      56 00000000       _Interrupt_defaultHandler:
      57                      .dwcfi  cfa_offset, -2
      58                      .dwcfi  save_reg_to_mem, 26, 0
      59 00000000 FE02          ADDB      SP,#2                 ; [CPU_U] 
      60                      .dwcfi  cfa_offset, -4
      61              $C$DW$6 .dwtag  DW_TAG_variable, DW_AT_name("vectID")
      62                      .dwattr $C$DW$6, DW_AT_TI_symbol_name("_vectID")
      63                      .dwattr $C$DW$6, DW_AT_type(*$C$DW$T$26)
      64                      .dwattr $C$DW$6, DW_AT_location[DW_OP_breg20 -1]
      65                      .dwpsn  file "C:\Users\a0221343\Git\bootROM\f28004x_bootrom\F28004x_ROM_dev_PG2.0\F28004x_ROM\driverl
      66 00000001 F5A9          MOV       AL,*(0:0x0ce0)        ; [CPU_] |111| 
         00000002 0CE0 
      67 00000003 90FE          ANDB      AL,#0xfe              ; [CPU_] |111| 
      68 00000004 FFC0          LSR       AL,1                  ; [CPU_] |111| 
      69 00000005 9641          MOV       *-SP[1],AL            ; [CPU_] |111| 
      70                      .dwpsn  file "C:\Users\a0221343\Git\bootROM\f28004x_bootrom\F28004x_ROM_dev_PG2.0\F28004x_ROM\driverl
      71                      .dwpsn  file "C:\Users\a0221343\Git\bootROM\f28004x_bootrom\F28004x_ROM_dev_PG2.0\F28004x_ROM\driverl
      72 00000006 7625   ESTOP0
      73 00000007       $C$L1:    
      74                      .dwpsn  file "C:\Users\a0221343\Git\bootROM\f28004x_bootrom\F28004x_ROM_dev_PG2.0\F28004x_ROM\driverl
      75 00000007 6F00          B         $C$L1,UNC             ; [CPU_] |120| 
      76                      ; branch occurs ; [] |120| 
      77                      .dwattr $C$DW$5, DW_AT_TI_end_file("C:\Users\a0221343\Git\bootROM\f28004x_bootrom\F28004x_ROM_dev_PG2
      78                      .dwattr $C$DW$5, DW_AT_TI_end_line(0x79)
      79                      .dwattr $C$DW$5, DW_AT_TI_end_column(0x01)
      80                      .dwendentry
      81                      .dwendtag $C$DW$5
      82              
      83 00000000               .sect   ".text:_Interrupt_register"
      84                      .clink
      85              
      86              $C$DW$7 .dwtag  DW_TAG_subprogram, DW_AT_name("Interrupt_register")
      87                      .dwattr $C$DW$7, DW_AT_low_pc(_Interrupt_register)
      88                      .dwattr $C$DW$7, DW_AT_high_pc(0x00)
      89                      .dwattr $C$DW$7, DW_AT_TI_symbol_name("_Interrupt_register")
      90                      .dwattr $C$DW$7, DW_AT_TI_begin_file("C:\Users\a0221343\Git\bootROM\f28004x_bootrom\F28004x_ROM_dev_P
      91                      .dwattr $C$DW$7, DW_AT_TI_begin_line(0xe6)
      92                      .dwattr $C$DW$7, DW_AT_TI_begin_column(0x01)
      93                      .dwattr $C$DW$7, DW_AT_TI_max_frame_size(-6)
      94                      .dwpsn  file "C:\Users\a0221343\Git\bootROM\f28004x_bootrom\F28004x_ROM_dev_PG2.0\F28004x_ROM\driverl
      95              
      96                      .dwfde $C$DW$CIE, _Interrupt_register
      97              $C$DW$8 .dwtag  DW_TAG_formal_parameter, DW_AT_name("interruptNumber")
      98                      .dwattr $C$DW$8, DW_AT_TI_symbol_name("_interruptNumber")
      99                      .dwattr $C$DW$8, DW_AT_type(*$C$DW$T$21)
     100                      .dwattr $C$DW$8, DW_AT_location[DW_OP_reg0]
     101              $C$DW$9 .dwtag  DW_TAG_formal_parameter, DW_AT_name("handler")
     102                      .dwattr $C$DW$9, DW_AT_TI_symbol_name("_handler")
     103                      .dwattr $C$DW$9, DW_AT_type(*$C$DW$T$20)
     104                      .dwattr $C$DW$9, DW_AT_location[DW_OP_reg12]
     105              
     106              ;***************************************************************
     107              ;* FNAME: _Interrupt_register           FR SIZE:   4           *
     108              ;*                                                             *
     109              ;* FUNCTION ENVIRONMENT                                        *
TMS320C2000 Assembler PC v6.4.4 Tue Feb 14 14:43:07 2017

Tools Copyright (c) 1996-2015 Texas Instruments Incorporated
C:\Users\a0221343\AppData\Local\Temp\0937210                         PAGE    3

     110              ;*                                                             *
     111              ;* FUNCTION PROPERTIES                                         *
     112              ;*                            0 Parameter,  4 Auto,  0 SOE     *
     113              ;***************************************************************
     114              
     115 00000000       _Interrupt_register:
     116                      .dwcfi  cfa_offset, -2
     117                      .dwcfi  save_reg_to_mem, 26, 0
     118 00000000 FE04          ADDB      SP,#4                 ; [CPU_U] 
     119                      .dwcfi  cfa_offset, -6
     120              $C$DW$10        .dwtag  DW_TAG_variable, DW_AT_name("interruptNumber")
     121                      .dwattr $C$DW$10, DW_AT_TI_symbol_name("_interruptNumber")
     122                      .dwattr $C$DW$10, DW_AT_type(*$C$DW$T$21)
     123                      .dwattr $C$DW$10, DW_AT_location[DW_OP_breg20 -2]
     124              $C$DW$11        .dwtag  DW_TAG_variable, DW_AT_name("handler")
     125                      .dwattr $C$DW$11, DW_AT_TI_symbol_name("_handler")
     126                      .dwattr $C$DW$11, DW_AT_type(*$C$DW$T$20)
     127                      .dwattr $C$DW$11, DW_AT_location[DW_OP_breg20 -4]
     128 00000001 A844          MOVL      *-SP[4],XAR4          ; [CPU_] |231| 
     129 00000002 1E42          MOVL      *-SP[2],ACC           ; [CPU_] |231| 
     130                      .dwpsn  file "C:\Users\a0221343\Git\bootROM\f28004x_bootrom\F28004x_ROM_dev_PG2.0\F28004x_ROM\driverl
     131 00000003 7622   EALLOW
     132                      .dwpsn  file "C:\Users\a0221343\Git\bootROM\f28004x_bootrom\F28004x_ROM_dev_PG2.0\F28004x_ROM\driverl
     133 00000004 0EA8          MOVU      ACC,AH                ; [CPU_] |234| 
     134 00000005 C444          MOVL      XAR6,*-SP[4]          ; [CPU_] |234| 
     135 00000006 FF30          LSL       ACC,1                 ; [CPU_] |234| 
     136 00000007 FF18          ADD       ACC,#13 << 8          ; [CPU_] |234| 
         00000008 000D 
     137 00000009 8AA9          MOVL      XAR4,ACC              ; [CPU_] |234| 
     138 0000000a C2C4          MOVL      *+XAR4[0],XAR6        ; [CPU_] |234| 
     139                      .dwpsn  file "C:\Users\a0221343\Git\bootROM\f28004x_bootrom\F28004x_ROM_dev_PG2.0\F28004x_ROM\driverl
     140 0000000b 761A   EDIS
     141                      .dwpsn  file "C:\Users\a0221343\Git\bootROM\f28004x_bootrom\F28004x_ROM_dev_PG2.0\F28004x_ROM\driverl
     142 0000000c FF69          SPM       #0                    ; [CPU_] 
     143 0000000d FE84          SUBB      SP,#4                 ; [CPU_U] 
     144                      .dwcfi  cfa_offset, -2
     145              $C$DW$12        .dwtag  DW_TAG_TI_branch
     146                      .dwattr $C$DW$12, DW_AT_low_pc(0x00)
     147                      .dwattr $C$DW$12, DW_AT_TI_return
     148 0000000e 0006          LRETR     ; [CPU_] 
     149                      ; return occurs ; [] 
     150                      .dwattr $C$DW$7, DW_AT_TI_end_file("C:\Users\a0221343\Git\bootROM\f28004x_bootrom\F28004x_ROM_dev_PG2
     151                      .dwattr $C$DW$7, DW_AT_TI_end_line(0xed)
     152                      .dwattr $C$DW$7, DW_AT_TI_end_column(0x01)
     153                      .dwendentry
     154                      .dwendtag $C$DW$7
     155              
     156 00000000               .sect   ".text:_Interrupt_unregister"
     157                      .clink
     158              
     159              $C$DW$13        .dwtag  DW_TAG_subprogram, DW_AT_name("Interrupt_unregister")
     160                      .dwattr $C$DW$13, DW_AT_low_pc(_Interrupt_unregister)
     161                      .dwattr $C$DW$13, DW_AT_high_pc(0x00)
     162                      .dwattr $C$DW$13, DW_AT_TI_symbol_name("_Interrupt_unregister")
     163                      .dwattr $C$DW$13, DW_AT_TI_begin_file("C:\Users\a0221343\Git\bootROM\f28004x_bootrom\F28004x_ROM_dev_
TMS320C2000 Assembler PC v6.4.4 Tue Feb 14 14:43:07 2017

Tools Copyright (c) 1996-2015 Texas Instruments Incorporated
C:\Users\a0221343\AppData\Local\Temp\0937210                         PAGE    4

     164                      .dwattr $C$DW$13, DW_AT_TI_begin_line(0x104)
     165                      .dwattr $C$DW$13, DW_AT_TI_begin_column(0x01)
     166                      .dwattr $C$DW$13, DW_AT_TI_max_frame_size(-4)
     167                      .dwpsn  file "C:\Users\a0221343\Git\bootROM\f28004x_bootrom\F28004x_ROM_dev_PG2.0\F28004x_ROM\driverl
     168              
     169                      .dwfde $C$DW$CIE, _Interrupt_unregister
     170              $C$DW$14        .dwtag  DW_TAG_formal_parameter, DW_AT_name("interruptNumber")
     171                      .dwattr $C$DW$14, DW_AT_TI_symbol_name("_interruptNumber")
     172                      .dwattr $C$DW$14, DW_AT_type(*$C$DW$T$21)
     173                      .dwattr $C$DW$14, DW_AT_location[DW_OP_reg0]
     174              
     175              ;***************************************************************
     176              ;* FNAME: _Interrupt_unregister         FR SIZE:   2           *
     177              ;*                                                             *
     178              ;* FUNCTION ENVIRONMENT                                        *
     179              ;*                                                             *
     180              ;* FUNCTION PROPERTIES                                         *
     181              ;*                            0 Parameter,  2 Auto,  0 SOE     *
     182              ;***************************************************************
     183              
     184 00000000       _Interrupt_unregister:
     185                      .dwcfi  cfa_offset, -2
     186                      .dwcfi  save_reg_to_mem, 26, 0
     187 00000000 FE02          ADDB      SP,#2                 ; [CPU_U] 
     188                      .dwcfi  cfa_offset, -4
     189              $C$DW$15        .dwtag  DW_TAG_variable, DW_AT_name("interruptNumber")
     190                      .dwattr $C$DW$15, DW_AT_TI_symbol_name("_interruptNumber")
     191                      .dwattr $C$DW$15, DW_AT_type(*$C$DW$T$21)
     192                      .dwattr $C$DW$15, DW_AT_location[DW_OP_breg20 -2]
     193 00000001 1E42          MOVL      *-SP[2],ACC           ; [CPU_] |261| 
     194                      .dwpsn  file "C:\Users\a0221343\Git\bootROM\f28004x_bootrom\F28004x_ROM_dev_PG2.0\F28004x_ROM\driverl
     195 00000002 7622   EALLOW
     196                      .dwpsn  file "C:\Users\a0221343\Git\bootROM\f28004x_bootrom\F28004x_ROM_dev_PG2.0\F28004x_ROM\driverl
     197 00000003 0EA8          MOVU      ACC,AH                ; [CPU_] |264| 
     198 00000004 FF30          LSL       ACC,1                 ; [CPU_] |264| 
     199 00000005 FF18          ADD       ACC,#13 << 8          ; [CPU_] |264| 
         00000006 000D 
     200 00000007 8AA9          MOVL      XAR4,ACC              ; [CPU_] |264| 
     201 00000008 8F40+         MOVL      XAR5,#_Interrupt_defaultHandler ; [CPU_U] |264| 
         00000009 0000 
     202 0000000a A0C4          MOVL      *+XAR4[0],XAR5        ; [CPU_] |264| 
     203                      .dwpsn  file "C:\Users\a0221343\Git\bootROM\f28004x_bootrom\F28004x_ROM_dev_PG2.0\F28004x_ROM\driverl
     204 0000000b 761A   EDIS
     205                      .dwpsn  file "C:\Users\a0221343\Git\bootROM\f28004x_bootrom\F28004x_ROM_dev_PG2.0\F28004x_ROM\driverl
     206 0000000c FF69          SPM       #0                    ; [CPU_] 
     207 0000000d FE82          SUBB      SP,#2                 ; [CPU_U] 
     208                      .dwcfi  cfa_offset, -2
     209              $C$DW$16        .dwtag  DW_TAG_TI_branch
     210                      .dwattr $C$DW$16, DW_AT_low_pc(0x00)
     211                      .dwattr $C$DW$16, DW_AT_TI_return
     212 0000000e 0006          LRETR     ; [CPU_] 
     213                      ; return occurs ; [] 
     214                      .dwattr $C$DW$13, DW_AT_TI_end_file("C:\Users\a0221343\Git\bootROM\f28004x_bootrom\F28004x_ROM_dev_PG
     215                      .dwattr $C$DW$13, DW_AT_TI_end_line(0x10b)
     216                      .dwattr $C$DW$13, DW_AT_TI_end_column(0x01)
TMS320C2000 Assembler PC v6.4.4 Tue Feb 14 14:43:07 2017

Tools Copyright (c) 1996-2015 Texas Instruments Incorporated
C:\Users\a0221343\AppData\Local\Temp\0937210                         PAGE    5

     217                      .dwendentry
     218                      .dwendtag $C$DW$13
     219              
     220 00000000               .sect   ".text:_HRCAP_getCalibrationIntNumber"
     221                      .clink
     222              
     223              $C$DW$17        .dwtag  DW_TAG_subprogram, DW_AT_name("HRCAP_getCalibrationIntNumber")
     224                      .dwattr $C$DW$17, DW_AT_low_pc(_HRCAP_getCalibrationIntNumber)
     225                      .dwattr $C$DW$17, DW_AT_high_pc(0x00)
     226                      .dwattr $C$DW$17, DW_AT_TI_symbol_name("_HRCAP_getCalibrationIntNumber")
     227                      .dwattr $C$DW$17, DW_AT_type(*$C$DW$T$21)
     228                      .dwattr $C$DW$17, DW_AT_TI_begin_file("C:/Users/a0221343/Git/bootROM/f28004x_bootrom/F28004x_ROM_dev_
     229                      .dwattr $C$DW$17, DW_AT_TI_begin_line(0x1d)
     230                      .dwattr $C$DW$17, DW_AT_TI_begin_column(0x11)
     231                      .dwattr $C$DW$17, DW_AT_TI_max_frame_size(-6)
     232                      .dwpsn  file "C:/Users/a0221343/Git/bootROM/f28004x_bootrom/F28004x_ROM_dev_PG2.0/F28004x_ROM/driverl
     233              
     234                      .dwfde $C$DW$CIE, _HRCAP_getCalibrationIntNumber
     235              $C$DW$18        .dwtag  DW_TAG_formal_parameter, DW_AT_name("base")
     236                      .dwattr $C$DW$18, DW_AT_TI_symbol_name("_base")
     237                      .dwattr $C$DW$18, DW_AT_type(*$C$DW$T$21)
     238                      .dwattr $C$DW$18, DW_AT_location[DW_OP_reg0]
     239              
     240              ;***************************************************************
     241              ;* FNAME: _HRCAP_getCalibrationIntNumber FR SIZE:   4           *
     242              ;*                                                             *
     243              ;* FUNCTION ENVIRONMENT                                        *
     244              ;*                                                             *
     245              ;* FUNCTION PROPERTIES                                         *
     246              ;*                            0 Parameter,  4 Auto,  0 SOE     *
     247              ;***************************************************************
     248              
     249 00000000       _HRCAP_getCalibrationIntNumber:
     250                      .dwcfi  cfa_offset, -2
     251                      .dwcfi  save_reg_to_mem, 26, 0
     252 00000000 FE04          ADDB      SP,#4                 ; [CPU_U] 
     253                      .dwcfi  cfa_offset, -6
     254              $C$DW$19        .dwtag  DW_TAG_variable, DW_AT_name("base")
     255                      .dwattr $C$DW$19, DW_AT_TI_symbol_name("_base")
     256                      .dwattr $C$DW$19, DW_AT_type(*$C$DW$T$21)
     257                      .dwattr $C$DW$19, DW_AT_location[DW_OP_breg20 -2]
     258              $C$DW$20        .dwtag  DW_TAG_variable, DW_AT_name("intNumber")
     259                      .dwattr $C$DW$20, DW_AT_TI_symbol_name("_intNumber")
     260                      .dwattr $C$DW$20, DW_AT_type(*$C$DW$T$21)
     261                      .dwattr $C$DW$20, DW_AT_location[DW_OP_breg20 -4]
     262 00000001 1E42          MOVL      *-SP[2],ACC           ; [CPU_] |30| 
     263                      .dwpsn  file "C:/Users/a0221343/Git/bootROM/f28004x_bootrom/F28004x_ROM_dev_PG2.0/F28004x_ROM/driverl
     264 00000002 6F0E          B         $C$L5,UNC             ; [CPU_] |36| 
     265                      ; branch occurs ; [] |36| 
     266 00000003       $C$L2:    
     267                      .dwpsn  file "C:/Users/a0221343/Git/bootROM/f28004x_bootrom/F28004x_ROM_dev_PG2.0/F28004x_ROM/driverl
     268 00000003 28A9          MOV       AL,#1038              ; [CPU_] |40| 
         00000004 040E 
     269 00000005 9B9D          MOV       AH,#157               ; [CPU_] |40| 
     270 00000006 1E44          MOVL      *-SP[4],ACC           ; [CPU_] |40| 
TMS320C2000 Assembler PC v6.4.4 Tue Feb 14 14:43:07 2017

Tools Copyright (c) 1996-2015 Texas Instruments Incorporated
C:\Users\a0221343\AppData\Local\Temp\0937210                         PAGE    6

     271                      .dwpsn  file "C:/Users/a0221343/Git/bootROM/f28004x_bootrom/F28004x_ROM_dev_PG2.0/F28004x_ROM/driverl
     272 00000007 6F15          B         $C$L6,UNC             ; [CPU_] |41| 
     273                      ; branch occurs ; [] |41| 
     274 00000008       $C$L3:    
     275                      .dwpsn  file "C:/Users/a0221343/Git/bootROM/f28004x_bootrom/F28004x_ROM_dev_PG2.0/F28004x_ROM/driverl
     276 00000008 28A9          MOV       AL,#1039              ; [CPU_] |44| 
         00000009 040F 
     277 0000000a 9B9E          MOV       AH,#158               ; [CPU_] |44| 
     278 0000000b 1E44          MOVL      *-SP[4],ACC           ; [CPU_] |44| 
     279                      .dwpsn  file "C:/Users/a0221343/Git/bootROM/f28004x_bootrom/F28004x_ROM_dev_PG2.0/F28004x_ROM/driverl
     280 0000000c 6F10          B         $C$L6,UNC             ; [CPU_] |45| 
     281                      ; branch occurs ; [] |45| 
     282 0000000d       $C$L4:    
     283                      .dwpsn  file "C:/Users/a0221343/Git/bootROM/f28004x_bootrom/F28004x_ROM_dev_PG2.0/F28004x_ROM/driverl
     284 0000000d 0200          MOVB      ACC,#0                ; [CPU_] |48| 
     285 0000000e 1E44          MOVL      *-SP[4],ACC           ; [CPU_] |48| 
     286                      .dwpsn  file "C:/Users/a0221343/Git/bootROM/f28004x_bootrom/F28004x_ROM_dev_PG2.0/F28004x_ROM/driverl
     287 0000000f 6F0D          B         $C$L6,UNC             ; [CPU_] |49| 
     288                      ; branch occurs ; [] |49| 
     289 00000010       $C$L5:    
     290                      .dwpsn  file "C:/Users/a0221343/Git/bootROM/f28004x_bootrom/F28004x_ROM_dev_PG2.0/F28004x_ROM/driverl
     291 00000010 C442          MOVL      XAR6,*-SP[2]          ; [CPU_] |36| 
     292 00000011 8F00          MOVL      XAR4,#21312           ; [CPU_U] |36| 
         00000012 5340 
     293 00000013 A8A9          MOVL      ACC,XAR4              ; [CPU_] |36| 
     294 00000014 0FA6          CMPL      ACC,XAR6              ; [CPU_] |36| 
     295 00000015 ECEE          BF        $C$L2,EQ              ; [CPU_] |36| 
     296                      ; branchcc occurs ; [] |36| 
     297 00000016 8F00          MOVL      XAR4,#21376           ; [CPU_U] |36| 
         00000017 5380 
     298 00000018 A8A9          MOVL      ACC,XAR4              ; [CPU_] |36| 
     299 00000019 0FA6          CMPL      ACC,XAR6              ; [CPU_] |36| 
     300 0000001a ECEE          BF        $C$L3,EQ              ; [CPU_] |36| 
     301                      ; branchcc occurs ; [] |36| 
     302 0000001b 6FF2          B         $C$L4,UNC             ; [CPU_] |36| 
     303                      ; branch occurs ; [] |36| 
     304 0000001c       $C$L6:    
     305                      .dwpsn  file "C:/Users/a0221343/Git/bootROM/f28004x_bootrom/F28004x_ROM_dev_PG2.0/F28004x_ROM/driverl
     306                      .dwpsn  file "C:/Users/a0221343/Git/bootROM/f28004x_bootrom/F28004x_ROM_dev_PG2.0/F28004x_ROM/driverl
     307 0000001c FE84          SUBB      SP,#4                 ; [CPU_U] 
     308                      .dwcfi  cfa_offset, -2
     309              $C$DW$21        .dwtag  DW_TAG_TI_branch
     310                      .dwattr $C$DW$21, DW_AT_low_pc(0x00)
     311                      .dwattr $C$DW$21, DW_AT_TI_return
     312 0000001d 0006          LRETR     ; [CPU_] 
     313                      ; return occurs ; [] 
     314                      .dwattr $C$DW$17, DW_AT_TI_end_file("C:/Users/a0221343/Git/bootROM/f28004x_bootrom/F28004x_ROM_dev_PG
     315                      .dwattr $C$DW$17, DW_AT_TI_end_line(0x35)
     316                      .dwattr $C$DW$17, DW_AT_TI_end_column(0x01)
     317                      .dwendentry
     318                      .dwendtag $C$DW$17
     319              
     320 00000000               .sect   ".text:_HRCAP_registerCalibrationInterrupt"
     321                      .clink
     322                      .global _HRCAP_registerCalibrationInterrupt
TMS320C2000 Assembler PC v6.4.4 Tue Feb 14 14:43:07 2017

Tools Copyright (c) 1996-2015 Texas Instruments Incorporated
C:\Users\a0221343\AppData\Local\Temp\0937210                         PAGE    7

     323              
     324              $C$DW$22        .dwtag  DW_TAG_subprogram, DW_AT_name("HRCAP_registerCalibrationInterrupt")
     325                      .dwattr $C$DW$22, DW_AT_low_pc(_HRCAP_registerCalibrationInterrupt)
     326                      .dwattr $C$DW$22, DW_AT_high_pc(0x00)
     327                      .dwattr $C$DW$22, DW_AT_TI_symbol_name("_HRCAP_registerCalibrationInterrupt")
     328                      .dwattr $C$DW$22, DW_AT_external
     329                      .dwattr $C$DW$22, DW_AT_TI_begin_file("C:/Users/a0221343/Git/bootROM/f28004x_bootrom/F28004x_ROM_dev_
     330                      .dwattr $C$DW$22, DW_AT_TI_begin_line(0x3c)
     331                      .dwattr $C$DW$22, DW_AT_TI_begin_column(0x06)
     332                      .dwattr $C$DW$22, DW_AT_TI_max_frame_size(-8)
     333                      .dwpsn  file "C:/Users/a0221343/Git/bootROM/f28004x_bootrom/F28004x_ROM_dev_PG2.0/F28004x_ROM/driverl
     334              
     335                      .dwfde $C$DW$CIE, _HRCAP_registerCalibrationInterrupt
     336              $C$DW$23        .dwtag  DW_TAG_formal_parameter, DW_AT_name("base")
     337                      .dwattr $C$DW$23, DW_AT_TI_symbol_name("_base")
     338                      .dwattr $C$DW$23, DW_AT_type(*$C$DW$T$21)
     339                      .dwattr $C$DW$23, DW_AT_location[DW_OP_reg0]
     340              $C$DW$24        .dwtag  DW_TAG_formal_parameter, DW_AT_name("handler")
     341                      .dwattr $C$DW$24, DW_AT_TI_symbol_name("_handler")
     342                      .dwattr $C$DW$24, DW_AT_type(*$C$DW$T$20)
     343                      .dwattr $C$DW$24, DW_AT_location[DW_OP_reg12]
     344              
     345              ;***************************************************************
     346              ;* FNAME: _HRCAP_registerCalibrationInterrupt FR SIZE:   6           *
     347              ;*                                                             *
     348              ;* FUNCTION ENVIRONMENT                                        *
     349              ;*                                                             *
     350              ;* FUNCTION PROPERTIES                                         *
     351              ;*                            0 Parameter,  6 Auto,  0 SOE     *
     352              ;***************************************************************
     353              
     354 00000000       _HRCAP_registerCalibrationInterrupt:
     355                      .dwcfi  cfa_offset, -2
     356                      .dwcfi  save_reg_to_mem, 26, 0
     357 00000000 FE06          ADDB      SP,#6                 ; [CPU_U] 
     358                      .dwcfi  cfa_offset, -8
     359              $C$DW$25        .dwtag  DW_TAG_variable, DW_AT_name("base")
     360                      .dwattr $C$DW$25, DW_AT_TI_symbol_name("_base")
     361                      .dwattr $C$DW$25, DW_AT_type(*$C$DW$T$21)
     362                      .dwattr $C$DW$25, DW_AT_location[DW_OP_breg20 -2]
     363              $C$DW$26        .dwtag  DW_TAG_variable, DW_AT_name("handler")
     364                      .dwattr $C$DW$26, DW_AT_TI_symbol_name("_handler")
     365                      .dwattr $C$DW$26, DW_AT_type(*$C$DW$T$20)
     366                      .dwattr $C$DW$26, DW_AT_location[DW_OP_breg20 -4]
     367              $C$DW$27        .dwtag  DW_TAG_variable, DW_AT_name("intNumber")
     368                      .dwattr $C$DW$27, DW_AT_TI_symbol_name("_intNumber")
     369                      .dwattr $C$DW$27, DW_AT_type(*$C$DW$T$21)
     370                      .dwattr $C$DW$27, DW_AT_location[DW_OP_breg20 -6]
     371 00000001 A844          MOVL      *-SP[4],XAR4          ; [CPU_] |61| 
     372 00000002 1E42          MOVL      *-SP[2],ACC           ; [CPU_] |61| 
     373                      .dwpsn  file "C:/Users/a0221343/Git/bootROM/f28004x_bootrom/F28004x_ROM_dev_PG2.0/F28004x_ROM/driverl
     374              $C$DW$28        .dwtag  DW_TAG_TI_branch
     375                      .dwattr $C$DW$28, DW_AT_low_pc(0x00)
     376                      .dwattr $C$DW$28, DW_AT_name("_HRCAP_getCalibrationIntNumber")
     377                      .dwattr $C$DW$28, DW_AT_TI_call
TMS320C2000 Assembler PC v6.4.4 Tue Feb 14 14:43:07 2017

Tools Copyright (c) 1996-2015 Texas Instruments Incorporated
C:\Users\a0221343\AppData\Local\Temp\0937210                         PAGE    8

     378 00000003 7640+         LCR       #_HRCAP_getCalibrationIntNumber ; [CPU_] |67| 
         00000004 0000 
     379                      ; call occurs [#_HRCAP_getCalibrationIntNumber] ; [] |67| 
     380 00000005 1E46          MOVL      *-SP[6],ACC           ; [CPU_] |67| 
     381                      .dwpsn  file "C:/Users/a0221343/Git/bootROM/f28004x_bootrom/F28004x_ROM_dev_PG2.0/F28004x_ROM/driverl
     382 00000006 8A44          MOVL      XAR4,*-SP[4]          ; [CPU_] |74| 
     383              $C$DW$29        .dwtag  DW_TAG_TI_branch
     384                      .dwattr $C$DW$29, DW_AT_low_pc(0x00)
     385                      .dwattr $C$DW$29, DW_AT_name("_Interrupt_register")
     386                      .dwattr $C$DW$29, DW_AT_TI_call
     387 00000007 7640+         LCR       #_Interrupt_register  ; [CPU_] |74| 
         00000008 0000 
     388                      ; call occurs [#_Interrupt_register] ; [] |74| 
     389                      .dwpsn  file "C:/Users/a0221343/Git/bootROM/f28004x_bootrom/F28004x_ROM_dev_PG2.0/F28004x_ROM/driverl
     390 00000009 0646          MOVL      ACC,*-SP[6]           ; [CPU_] |79| 
     391              $C$DW$30        .dwtag  DW_TAG_TI_branch
     392                      .dwattr $C$DW$30, DW_AT_low_pc(0x00)
     393                      .dwattr $C$DW$30, DW_AT_name("_Interrupt_enable")
     394                      .dwattr $C$DW$30, DW_AT_TI_call
     395 0000000a 7640!         LCR       #_Interrupt_enable    ; [CPU_] |79| 
         0000000b 0000 
     396                      ; call occurs [#_Interrupt_enable] ; [] |79| 
     397                      .dwpsn  file "C:/Users/a0221343/Git/bootROM/f28004x_bootrom/F28004x_ROM_dev_PG2.0/F28004x_ROM/driverl
     398 0000000c FE86          SUBB      SP,#6                 ; [CPU_U] 
     399                      .dwcfi  cfa_offset, -2
     400              $C$DW$31        .dwtag  DW_TAG_TI_branch
     401                      .dwattr $C$DW$31, DW_AT_low_pc(0x00)
     402                      .dwattr $C$DW$31, DW_AT_TI_return
     403 0000000d 0006          LRETR     ; [CPU_] 
     404                      ; return occurs ; [] 
     405                      .dwattr $C$DW$22, DW_AT_TI_end_file("C:/Users/a0221343/Git/bootROM/f28004x_bootrom/F28004x_ROM_dev_PG
     406                      .dwattr $C$DW$22, DW_AT_TI_end_line(0x50)
     407                      .dwattr $C$DW$22, DW_AT_TI_end_column(0x01)
     408                      .dwendentry
     409                      .dwendtag $C$DW$22
     410              
     411 00000000               .sect   ".text:_HRCAP_unregisterCalibrationInterrupt"
     412                      .clink
     413                      .global _HRCAP_unregisterCalibrationInterrupt
     414              
     415              $C$DW$32        .dwtag  DW_TAG_subprogram, DW_AT_name("HRCAP_unregisterCalibrationInterrupt")
     416                      .dwattr $C$DW$32, DW_AT_low_pc(_HRCAP_unregisterCalibrationInterrupt)
     417                      .dwattr $C$DW$32, DW_AT_high_pc(0x00)
     418                      .dwattr $C$DW$32, DW_AT_TI_symbol_name("_HRCAP_unregisterCalibrationInterrupt")
     419                      .dwattr $C$DW$32, DW_AT_external
     420                      .dwattr $C$DW$32, DW_AT_TI_begin_file("C:/Users/a0221343/Git/bootROM/f28004x_bootrom/F28004x_ROM_dev_
     421                      .dwattr $C$DW$32, DW_AT_TI_begin_line(0x57)
     422                      .dwattr $C$DW$32, DW_AT_TI_begin_column(0x06)
     423                      .dwattr $C$DW$32, DW_AT_TI_max_frame_size(-6)
     424                      .dwpsn  file "C:/Users/a0221343/Git/bootROM/f28004x_bootrom/F28004x_ROM_dev_PG2.0/F28004x_ROM/driverl
     425              
     426                      .dwfde $C$DW$CIE, _HRCAP_unregisterCalibrationInterrupt
     427              $C$DW$33        .dwtag  DW_TAG_formal_parameter, DW_AT_name("base")
     428                      .dwattr $C$DW$33, DW_AT_TI_symbol_name("_base")
     429                      .dwattr $C$DW$33, DW_AT_type(*$C$DW$T$21)
TMS320C2000 Assembler PC v6.4.4 Tue Feb 14 14:43:07 2017

Tools Copyright (c) 1996-2015 Texas Instruments Incorporated
C:\Users\a0221343\AppData\Local\Temp\0937210                         PAGE    9

     430                      .dwattr $C$DW$33, DW_AT_location[DW_OP_reg0]
     431              
     432              ;***************************************************************
     433              ;* FNAME: _HRCAP_unregisterCalibrationInterrupt FR SIZE:   4           *
     434              ;*                                                             *
     435              ;* FUNCTION ENVIRONMENT                                        *
     436              ;*                                                             *
     437              ;* FUNCTION PROPERTIES                                         *
     438              ;*                            0 Parameter,  4 Auto,  0 SOE     *
     439              ;***************************************************************
     440              
     441 00000000       _HRCAP_unregisterCalibrationInterrupt:
     442                      .dwcfi  cfa_offset, -2
     443                      .dwcfi  save_reg_to_mem, 26, 0
     444 00000000 FE04          ADDB      SP,#4                 ; [CPU_U] 
     445                      .dwcfi  cfa_offset, -6
     446              $C$DW$34        .dwtag  DW_TAG_variable, DW_AT_name("base")
     447                      .dwattr $C$DW$34, DW_AT_TI_symbol_name("_base")
     448                      .dwattr $C$DW$34, DW_AT_type(*$C$DW$T$21)
     449                      .dwattr $C$DW$34, DW_AT_location[DW_OP_breg20 -2]
     450              $C$DW$35        .dwtag  DW_TAG_variable, DW_AT_name("intNumber")
     451                      .dwattr $C$DW$35, DW_AT_TI_symbol_name("_intNumber")
     452                      .dwattr $C$DW$35, DW_AT_type(*$C$DW$T$21)
     453                      .dwattr $C$DW$35, DW_AT_location[DW_OP_breg20 -4]
     454 00000001 1E42          MOVL      *-SP[2],ACC           ; [CPU_] |88| 
     455                      .dwpsn  file "C:/Users/a0221343/Git/bootROM/f28004x_bootrom/F28004x_ROM_dev_PG2.0/F28004x_ROM/driverl
     456              $C$DW$36        .dwtag  DW_TAG_TI_branch
     457                      .dwattr $C$DW$36, DW_AT_low_pc(0x00)
     458                      .dwattr $C$DW$36, DW_AT_name("_HRCAP_getCalibrationIntNumber")
     459                      .dwattr $C$DW$36, DW_AT_TI_call
     460 00000002 7640+         LCR       #_HRCAP_getCalibrationIntNumber ; [CPU_] |96| 
         00000003 0000 
     461                      ; call occurs [#_HRCAP_getCalibrationIntNumber] ; [] |96| 
     462 00000004 1E44          MOVL      *-SP[4],ACC           ; [CPU_] |96| 
     463                      .dwpsn  file "C:/Users/a0221343/Git/bootROM/f28004x_bootrom/F28004x_ROM_dev_PG2.0/F28004x_ROM/driverl
     464              $C$DW$37        .dwtag  DW_TAG_TI_branch
     465                      .dwattr $C$DW$37, DW_AT_low_pc(0x00)
     466                      .dwattr $C$DW$37, DW_AT_name("_Interrupt_disable")
     467                      .dwattr $C$DW$37, DW_AT_TI_call
     468 00000005 7640!         LCR       #_Interrupt_disable   ; [CPU_] |103| 
         00000006 0000 
     469                      ; call occurs [#_Interrupt_disable] ; [] |103| 
     470                      .dwpsn  file "C:/Users/a0221343/Git/bootROM/f28004x_bootrom/F28004x_ROM_dev_PG2.0/F28004x_ROM/driverl
     471 00000007 0644          MOVL      ACC,*-SP[4]           ; [CPU_] |108| 
     472              $C$DW$38        .dwtag  DW_TAG_TI_branch
     473                      .dwattr $C$DW$38, DW_AT_low_pc(0x00)
     474                      .dwattr $C$DW$38, DW_AT_name("_Interrupt_unregister")
     475                      .dwattr $C$DW$38, DW_AT_TI_call
     476 00000008 7640+         LCR       #_Interrupt_unregister ; [CPU_] |108| 
         00000009 0000 
     477                      ; call occurs [#_Interrupt_unregister] ; [] |108| 
     478                      .dwpsn  file "C:/Users/a0221343/Git/bootROM/f28004x_bootrom/F28004x_ROM_dev_PG2.0/F28004x_ROM/driverl
     479 0000000a FE84          SUBB      SP,#4                 ; [CPU_U] 
     480                      .dwcfi  cfa_offset, -2
     481              $C$DW$39        .dwtag  DW_TAG_TI_branch
TMS320C2000 Assembler PC v6.4.4 Tue Feb 14 14:43:07 2017

Tools Copyright (c) 1996-2015 Texas Instruments Incorporated
C:\Users\a0221343\AppData\Local\Temp\0937210                         PAGE   10

     482                      .dwattr $C$DW$39, DW_AT_low_pc(0x00)
     483                      .dwattr $C$DW$39, DW_AT_TI_return
     484 0000000b 0006          LRETR     ; [CPU_] 
     485                      ; return occurs ; [] 
     486                      .dwattr $C$DW$32, DW_AT_TI_end_file("C:/Users/a0221343/Git/bootROM/f28004x_bootrom/F28004x_ROM_dev_PG
     487                      .dwattr $C$DW$32, DW_AT_TI_end_line(0x6d)
     488                      .dwattr $C$DW$32, DW_AT_TI_end_column(0x01)
     489                      .dwendentry
     490                      .dwendtag $C$DW$32
     491              
     492              ;**************************************************************
     493              ;* UNDEFINED EXTERNAL REFERENCES                              *
     494              ;**************************************************************
     495                      .global _Interrupt_disable
     496                      .global _Interrupt_enable
     497              
     498              ;***************************************************************
     499              ;* TYPE INFORMATION                                            *
     500              ;***************************************************************
     501              $C$DW$T$2       .dwtag  DW_TAG_unspecified_type
     502                      .dwattr $C$DW$T$2, DW_AT_name("void")
     503              
     504              $C$DW$T$19      .dwtag  DW_TAG_subroutine_type
     505                      .dwattr $C$DW$T$19, DW_AT_language(DW_LANG_C)
     506              $C$DW$T$20      .dwtag  DW_TAG_pointer_type
     507                      .dwattr $C$DW$T$20, DW_AT_type(*$C$DW$T$19)
     508                      .dwattr $C$DW$T$20, DW_AT_address_class(0x20)
     509              $C$DW$T$4       .dwtag  DW_TAG_base_type
     510                      .dwattr $C$DW$T$4, DW_AT_encoding(DW_ATE_boolean)
     511                      .dwattr $C$DW$T$4, DW_AT_name("bool")
     512                      .dwattr $C$DW$T$4, DW_AT_byte_size(0x01)
     513              $C$DW$T$5       .dwtag  DW_TAG_base_type
     514                      .dwattr $C$DW$T$5, DW_AT_encoding(DW_ATE_signed_char)
     515                      .dwattr $C$DW$T$5, DW_AT_name("signed char")
     516                      .dwattr $C$DW$T$5, DW_AT_byte_size(0x01)
     517              $C$DW$T$6       .dwtag  DW_TAG_base_type
     518                      .dwattr $C$DW$T$6, DW_AT_encoding(DW_ATE_unsigned_char)
     519                      .dwattr $C$DW$T$6, DW_AT_name("unsigned char")
     520                      .dwattr $C$DW$T$6, DW_AT_byte_size(0x01)
     521              $C$DW$T$7       .dwtag  DW_TAG_base_type
     522                      .dwattr $C$DW$T$7, DW_AT_encoding(DW_ATE_signed_char)
     523                      .dwattr $C$DW$T$7, DW_AT_name("wchar_t")
     524                      .dwattr $C$DW$T$7, DW_AT_byte_size(0x01)
     525              $C$DW$T$8       .dwtag  DW_TAG_base_type
     526                      .dwattr $C$DW$T$8, DW_AT_encoding(DW_ATE_signed)
     527                      .dwattr $C$DW$T$8, DW_AT_name("short")
     528                      .dwattr $C$DW$T$8, DW_AT_byte_size(0x01)
     529              $C$DW$T$9       .dwtag  DW_TAG_base_type
     530                      .dwattr $C$DW$T$9, DW_AT_encoding(DW_ATE_unsigned)
     531                      .dwattr $C$DW$T$9, DW_AT_name("unsigned short")
     532                      .dwattr $C$DW$T$9, DW_AT_byte_size(0x01)
     533              $C$DW$T$10      .dwtag  DW_TAG_base_type
     534                      .dwattr $C$DW$T$10, DW_AT_encoding(DW_ATE_signed)
     535                      .dwattr $C$DW$T$10, DW_AT_name("int")
     536                      .dwattr $C$DW$T$10, DW_AT_byte_size(0x01)
TMS320C2000 Assembler PC v6.4.4 Tue Feb 14 14:43:07 2017

Tools Copyright (c) 1996-2015 Texas Instruments Incorporated
C:\Users\a0221343\AppData\Local\Temp\0937210                         PAGE   11

     537              $C$DW$T$11      .dwtag  DW_TAG_base_type
     538                      .dwattr $C$DW$T$11, DW_AT_encoding(DW_ATE_unsigned)
     539                      .dwattr $C$DW$T$11, DW_AT_name("unsigned int")
     540                      .dwattr $C$DW$T$11, DW_AT_byte_size(0x01)
     541              $C$DW$T$26      .dwtag  DW_TAG_typedef, DW_AT_name("uint16_t")
     542                      .dwattr $C$DW$T$26, DW_AT_type(*$C$DW$T$11)
     543                      .dwattr $C$DW$T$26, DW_AT_language(DW_LANG_C)
     544              $C$DW$T$12      .dwtag  DW_TAG_base_type
     545                      .dwattr $C$DW$T$12, DW_AT_encoding(DW_ATE_signed)
     546                      .dwattr $C$DW$T$12, DW_AT_name("long")
     547                      .dwattr $C$DW$T$12, DW_AT_byte_size(0x02)
     548              $C$DW$T$13      .dwtag  DW_TAG_base_type
     549                      .dwattr $C$DW$T$13, DW_AT_encoding(DW_ATE_unsigned)
     550                      .dwattr $C$DW$T$13, DW_AT_name("unsigned long")
     551                      .dwattr $C$DW$T$13, DW_AT_byte_size(0x02)
     552              $C$DW$T$21      .dwtag  DW_TAG_typedef, DW_AT_name("uint32_t")
     553                      .dwattr $C$DW$T$21, DW_AT_type(*$C$DW$T$13)
     554                      .dwattr $C$DW$T$21, DW_AT_language(DW_LANG_C)
     555              $C$DW$T$14      .dwtag  DW_TAG_base_type
     556                      .dwattr $C$DW$T$14, DW_AT_encoding(DW_ATE_signed)
     557                      .dwattr $C$DW$T$14, DW_AT_name("long long")
     558                      .dwattr $C$DW$T$14, DW_AT_byte_size(0x04)
     559              $C$DW$T$15      .dwtag  DW_TAG_base_type
     560                      .dwattr $C$DW$T$15, DW_AT_encoding(DW_ATE_unsigned)
     561                      .dwattr $C$DW$T$15, DW_AT_name("unsigned long long")
     562                      .dwattr $C$DW$T$15, DW_AT_byte_size(0x04)
     563              $C$DW$T$16      .dwtag  DW_TAG_base_type
     564                      .dwattr $C$DW$T$16, DW_AT_encoding(DW_ATE_float)
     565                      .dwattr $C$DW$T$16, DW_AT_name("float")
     566                      .dwattr $C$DW$T$16, DW_AT_byte_size(0x02)
     567              $C$DW$T$17      .dwtag  DW_TAG_base_type
     568                      .dwattr $C$DW$T$17, DW_AT_encoding(DW_ATE_float)
     569                      .dwattr $C$DW$T$17, DW_AT_name("double")
     570                      .dwattr $C$DW$T$17, DW_AT_byte_size(0x02)
     571              $C$DW$T$18      .dwtag  DW_TAG_base_type
     572                      .dwattr $C$DW$T$18, DW_AT_encoding(DW_ATE_float)
     573                      .dwattr $C$DW$T$18, DW_AT_name("long double")
     574                      .dwattr $C$DW$T$18, DW_AT_byte_size(0x04)
     575                      .dwattr $C$DW$CU, DW_AT_language(DW_LANG_C)
     576              
     577              ;***************************************************************
     578              ;* DWARF CIE ENTRIES                                           *
     579              ;***************************************************************
     580              
     581              $C$DW$CIE       .dwcie 26
     582                      .dwcfi  cfa_register, 20
     583                      .dwcfi  cfa_offset, 0
     584                      .dwcfi  undefined, 0
     585                      .dwcfi  undefined, 1
     586                      .dwcfi  undefined, 2
     587                      .dwcfi  undefined, 3
     588                      .dwcfi  undefined, 20
     589                      .dwcfi  undefined, 21
     590                      .dwcfi  undefined, 22
     591                      .dwcfi  undefined, 23
TMS320C2000 Assembler PC v6.4.4 Tue Feb 14 14:43:07 2017

Tools Copyright (c) 1996-2015 Texas Instruments Incorporated
C:\Users\a0221343\AppData\Local\Temp\0937210                         PAGE   12

     592                      .dwcfi  undefined, 24
     593                      .dwcfi  undefined, 25
     594                      .dwcfi  undefined, 26
     595                      .dwcfi  same_value, 28
     596                      .dwcfi  undefined, 29
     597                      .dwcfi  undefined, 30
     598                      .dwcfi  undefined, 31
     599                      .dwcfi  undefined, 32
     600                      .dwcfi  undefined, 33
     601                      .dwcfi  undefined, 34
     602                      .dwcfi  undefined, 35
     603                      .dwcfi  undefined, 36
     604                      .dwcfi  undefined, 37
     605                      .dwcfi  undefined, 38
     606                      .dwcfi  undefined, 75
     607                      .dwcfi  undefined, 76
     608                      .dwcfi  undefined, 77
     609                      .dwcfi  undefined, 4
     610                      .dwcfi  undefined, 5
     611                      .dwcfi  same_value, 6
     612                      .dwcfi  same_value, 7
     613                      .dwcfi  same_value, 8
     614                      .dwcfi  same_value, 9
     615                      .dwcfi  same_value, 10
     616                      .dwcfi  same_value, 11
     617                      .dwcfi  undefined, 12
     618                      .dwcfi  undefined, 13
     619                      .dwcfi  undefined, 14
     620                      .dwcfi  undefined, 15
     621                      .dwcfi  undefined, 16
     622                      .dwcfi  undefined, 17
     623                      .dwcfi  undefined, 18
     624                      .dwcfi  undefined, 19
     625                      .dwcfi  undefined, 43
     626                      .dwcfi  undefined, 44
     627                      .dwcfi  undefined, 47
     628                      .dwcfi  undefined, 48
     629                      .dwcfi  undefined, 51
     630                      .dwcfi  undefined, 52
     631                      .dwcfi  undefined, 55
     632                      .dwcfi  undefined, 56
     633                      .dwcfi  same_value, 59
     634                      .dwcfi  same_value, 60
     635                      .dwcfi  same_value, 63
     636                      .dwcfi  same_value, 64
     637                      .dwcfi  same_value, 67
     638                      .dwcfi  same_value, 68
     639                      .dwcfi  same_value, 71
     640                      .dwcfi  same_value, 72
     641                      .dwcfi  undefined, 73
     642                      .dwcfi  undefined, 74
     643                      .dwcfi  undefined, 39
     644                      .dwcfi  undefined, 40
     645                      .dwcfi  undefined, 27
     646                      .dwendentry
TMS320C2000 Assembler PC v6.4.4 Tue Feb 14 14:43:07 2017

Tools Copyright (c) 1996-2015 Texas Instruments Incorporated
C:\Users\a0221343\AppData\Local\Temp\0937210                         PAGE   13

     647              
     648              ;***************************************************************
     649              ;* DWARF REGISTER MAP                                          *
     650              ;***************************************************************
     651              
     652              $C$DW$40        .dwtag  DW_TAG_TI_assign_register, DW_AT_name("AL")
     653                      .dwattr $C$DW$40, DW_AT_location[DW_OP_reg0]
     654              $C$DW$41        .dwtag  DW_TAG_TI_assign_register, DW_AT_name("AH")
     655                      .dwattr $C$DW$41, DW_AT_location[DW_OP_reg1]
     656              $C$DW$42        .dwtag  DW_TAG_TI_assign_register, DW_AT_name("PL")
     657                      .dwattr $C$DW$42, DW_AT_location[DW_OP_reg2]
     658              $C$DW$43        .dwtag  DW_TAG_TI_assign_register, DW_AT_name("PH")
     659                      .dwattr $C$DW$43, DW_AT_location[DW_OP_reg3]
     660              $C$DW$44        .dwtag  DW_TAG_TI_assign_register, DW_AT_name("SP")
     661                      .dwattr $C$DW$44, DW_AT_location[DW_OP_reg20]
     662              $C$DW$45        .dwtag  DW_TAG_TI_assign_register, DW_AT_name("XT")
     663                      .dwattr $C$DW$45, DW_AT_location[DW_OP_reg21]
     664              $C$DW$46        .dwtag  DW_TAG_TI_assign_register, DW_AT_name("T")
     665                      .dwattr $C$DW$46, DW_AT_location[DW_OP_reg22]
     666              $C$DW$47        .dwtag  DW_TAG_TI_assign_register, DW_AT_name("ST0")
     667                      .dwattr $C$DW$47, DW_AT_location[DW_OP_reg23]
     668              $C$DW$48        .dwtag  DW_TAG_TI_assign_register, DW_AT_name("ST1")
     669                      .dwattr $C$DW$48, DW_AT_location[DW_OP_reg24]
     670              $C$DW$49        .dwtag  DW_TAG_TI_assign_register, DW_AT_name("PC")
     671                      .dwattr $C$DW$49, DW_AT_location[DW_OP_reg25]
     672              $C$DW$50        .dwtag  DW_TAG_TI_assign_register, DW_AT_name("RPC")
     673                      .dwattr $C$DW$50, DW_AT_location[DW_OP_reg26]
     674              $C$DW$51        .dwtag  DW_TAG_TI_assign_register, DW_AT_name("FP")
     675                      .dwattr $C$DW$51, DW_AT_location[DW_OP_reg28]
     676              $C$DW$52        .dwtag  DW_TAG_TI_assign_register, DW_AT_name("DP")
     677                      .dwattr $C$DW$52, DW_AT_location[DW_OP_reg29]
     678              $C$DW$53        .dwtag  DW_TAG_TI_assign_register, DW_AT_name("SXM")
     679                      .dwattr $C$DW$53, DW_AT_location[DW_OP_reg30]
     680              $C$DW$54        .dwtag  DW_TAG_TI_assign_register, DW_AT_name("PM")
     681                      .dwattr $C$DW$54, DW_AT_location[DW_OP_reg31]
     682              $C$DW$55        .dwtag  DW_TAG_TI_assign_register, DW_AT_name("OVM")
     683                      .dwattr $C$DW$55, DW_AT_location[DW_OP_regx 0x20]
     684              $C$DW$56        .dwtag  DW_TAG_TI_assign_register, DW_AT_name("PAGE0")
     685                      .dwattr $C$DW$56, DW_AT_location[DW_OP_regx 0x21]
     686              $C$DW$57        .dwtag  DW_TAG_TI_assign_register, DW_AT_name("AMODE")
     687                      .dwattr $C$DW$57, DW_AT_location[DW_OP_regx 0x22]
     688              $C$DW$58        .dwtag  DW_TAG_TI_assign_register, DW_AT_name("INTM")
     689                      .dwattr $C$DW$58, DW_AT_location[DW_OP_regx 0x23]
     690              $C$DW$59        .dwtag  DW_TAG_TI_assign_register, DW_AT_name("IFR")
     691                      .dwattr $C$DW$59, DW_AT_location[DW_OP_regx 0x24]
     692              $C$DW$60        .dwtag  DW_TAG_TI_assign_register, DW_AT_name("IER")
     693                      .dwattr $C$DW$60, DW_AT_location[DW_OP_regx 0x25]
     694              $C$DW$61        .dwtag  DW_TAG_TI_assign_register, DW_AT_name("V")
     695                      .dwattr $C$DW$61, DW_AT_location[DW_OP_regx 0x26]
     696              $C$DW$62        .dwtag  DW_TAG_TI_assign_register, DW_AT_name("PSEUDOH")
     697                      .dwattr $C$DW$62, DW_AT_location[DW_OP_regx 0x4c]
     698              $C$DW$63        .dwtag  DW_TAG_TI_assign_register, DW_AT_name("VOL")
     699                      .dwattr $C$DW$63, DW_AT_location[DW_OP_regx 0x4d]
     700              $C$DW$64        .dwtag  DW_TAG_TI_assign_register, DW_AT_name("AR0")
     701                      .dwattr $C$DW$64, DW_AT_location[DW_OP_reg4]
TMS320C2000 Assembler PC v6.4.4 Tue Feb 14 14:43:07 2017

Tools Copyright (c) 1996-2015 Texas Instruments Incorporated
C:\Users\a0221343\AppData\Local\Temp\0937210                         PAGE   14

     702              $C$DW$65        .dwtag  DW_TAG_TI_assign_register, DW_AT_name("XAR0")
     703                      .dwattr $C$DW$65, DW_AT_location[DW_OP_reg5]
     704              $C$DW$66        .dwtag  DW_TAG_TI_assign_register, DW_AT_name("AR1")
     705                      .dwattr $C$DW$66, DW_AT_location[DW_OP_reg6]
     706              $C$DW$67        .dwtag  DW_TAG_TI_assign_register, DW_AT_name("XAR1")
     707                      .dwattr $C$DW$67, DW_AT_location[DW_OP_reg7]
     708              $C$DW$68        .dwtag  DW_TAG_TI_assign_register, DW_AT_name("AR2")
     709                      .dwattr $C$DW$68, DW_AT_location[DW_OP_reg8]
     710              $C$DW$69        .dwtag  DW_TAG_TI_assign_register, DW_AT_name("XAR2")
     711                      .dwattr $C$DW$69, DW_AT_location[DW_OP_reg9]
     712              $C$DW$70        .dwtag  DW_TAG_TI_assign_register, DW_AT_name("AR3")
     713                      .dwattr $C$DW$70, DW_AT_location[DW_OP_reg10]
     714              $C$DW$71        .dwtag  DW_TAG_TI_assign_register, DW_AT_name("XAR3")
     715                      .dwattr $C$DW$71, DW_AT_location[DW_OP_reg11]
     716              $C$DW$72        .dwtag  DW_TAG_TI_assign_register, DW_AT_name("AR4")
     717                      .dwattr $C$DW$72, DW_AT_location[DW_OP_reg12]
     718              $C$DW$73        .dwtag  DW_TAG_TI_assign_register, DW_AT_name("XAR4")
     719                      .dwattr $C$DW$73, DW_AT_location[DW_OP_reg13]
     720              $C$DW$74        .dwtag  DW_TAG_TI_assign_register, DW_AT_name("AR5")
     721                      .dwattr $C$DW$74, DW_AT_location[DW_OP_reg14]
     722              $C$DW$75        .dwtag  DW_TAG_TI_assign_register, DW_AT_name("XAR5")
     723                      .dwattr $C$DW$75, DW_AT_location[DW_OP_reg15]
     724              $C$DW$76        .dwtag  DW_TAG_TI_assign_register, DW_AT_name("AR6")
     725                      .dwattr $C$DW$76, DW_AT_location[DW_OP_reg16]
     726              $C$DW$77        .dwtag  DW_TAG_TI_assign_register, DW_AT_name("XAR6")
     727                      .dwattr $C$DW$77, DW_AT_location[DW_OP_reg17]
     728              $C$DW$78        .dwtag  DW_TAG_TI_assign_register, DW_AT_name("AR7")
     729                      .dwattr $C$DW$78, DW_AT_location[DW_OP_reg18]
     730              $C$DW$79        .dwtag  DW_TAG_TI_assign_register, DW_AT_name("XAR7")
     731                      .dwattr $C$DW$79, DW_AT_location[DW_OP_reg19]
     732              $C$DW$80        .dwtag  DW_TAG_TI_assign_register, DW_AT_name("R0HL")
     733                      .dwattr $C$DW$80, DW_AT_location[DW_OP_regx 0x2b]
     734              $C$DW$81        .dwtag  DW_TAG_TI_assign_register, DW_AT_name("R0H")
     735                      .dwattr $C$DW$81, DW_AT_location[DW_OP_regx 0x2c]
     736              $C$DW$82        .dwtag  DW_TAG_TI_assign_register, DW_AT_name("R1HL")
     737                      .dwattr $C$DW$82, DW_AT_location[DW_OP_regx 0x2f]
     738              $C$DW$83        .dwtag  DW_TAG_TI_assign_register, DW_AT_name("R1H")
     739                      .dwattr $C$DW$83, DW_AT_location[DW_OP_regx 0x30]
     740              $C$DW$84        .dwtag  DW_TAG_TI_assign_register, DW_AT_name("R2HL")
     741                      .dwattr $C$DW$84, DW_AT_location[DW_OP_regx 0x33]
     742              $C$DW$85        .dwtag  DW_TAG_TI_assign_register, DW_AT_name("R2H")
     743                      .dwattr $C$DW$85, DW_AT_location[DW_OP_regx 0x34]
     744              $C$DW$86        .dwtag  DW_TAG_TI_assign_register, DW_AT_name("R3HL")
     745                      .dwattr $C$DW$86, DW_AT_location[DW_OP_regx 0x37]
     746              $C$DW$87        .dwtag  DW_TAG_TI_assign_register, DW_AT_name("R3H")
     747                      .dwattr $C$DW$87, DW_AT_location[DW_OP_regx 0x38]
     748              $C$DW$88        .dwtag  DW_TAG_TI_assign_register, DW_AT_name("R4HL")
     749                      .dwattr $C$DW$88, DW_AT_location[DW_OP_regx 0x3b]
     750              $C$DW$89        .dwtag  DW_TAG_TI_assign_register, DW_AT_name("R4H")
     751                      .dwattr $C$DW$89, DW_AT_location[DW_OP_regx 0x3c]
     752              $C$DW$90        .dwtag  DW_TAG_TI_assign_register, DW_AT_name("R5HL")
     753                      .dwattr $C$DW$90, DW_AT_location[DW_OP_regx 0x3f]
     754              $C$DW$91        .dwtag  DW_TAG_TI_assign_register, DW_AT_name("R5H")
     755                      .dwattr $C$DW$91, DW_AT_location[DW_OP_regx 0x40]
     756              $C$DW$92        .dwtag  DW_TAG_TI_assign_register, DW_AT_name("R6HL")
TMS320C2000 Assembler PC v6.4.4 Tue Feb 14 14:43:07 2017

Tools Copyright (c) 1996-2015 Texas Instruments Incorporated
C:\Users\a0221343\AppData\Local\Temp\0937210                         PAGE   15

     757                      .dwattr $C$DW$92, DW_AT_location[DW_OP_regx 0x43]
     758              $C$DW$93        .dwtag  DW_TAG_TI_assign_register, DW_AT_name("R6H")
     759                      .dwattr $C$DW$93, DW_AT_location[DW_OP_regx 0x44]
     760              $C$DW$94        .dwtag  DW_TAG_TI_assign_register, DW_AT_name("R7HL")
     761                      .dwattr $C$DW$94, DW_AT_location[DW_OP_regx 0x47]
     762              $C$DW$95        .dwtag  DW_TAG_TI_assign_register, DW_AT_name("R7H")
     763                      .dwattr $C$DW$95, DW_AT_location[DW_OP_regx 0x48]
     764              $C$DW$96        .dwtag  DW_TAG_TI_assign_register, DW_AT_name("RBL")
     765                      .dwattr $C$DW$96, DW_AT_location[DW_OP_regx 0x49]
     766              $C$DW$97        .dwtag  DW_TAG_TI_assign_register, DW_AT_name("RB")
     767                      .dwattr $C$DW$97, DW_AT_location[DW_OP_regx 0x4a]
     768              $C$DW$98        .dwtag  DW_TAG_TI_assign_register, DW_AT_name("STFL")
     769                      .dwattr $C$DW$98, DW_AT_location[DW_OP_regx 0x27]
     770              $C$DW$99        .dwtag  DW_TAG_TI_assign_register, DW_AT_name("STF")
     771                      .dwattr $C$DW$99, DW_AT_location[DW_OP_regx 0x28]
     772              $C$DW$100       .dwtag  DW_TAG_TI_assign_register, DW_AT_name("FPUHAZ")
     773                      .dwattr $C$DW$100, DW_AT_location[DW_OP_reg27]
     774                      .dwendtag $C$DW$CU
     775              

No Assembly Errors, No Assembly Warnings
