TMS320C2000 Assembler PC v6.2.9 Tue Apr 14 13:32:28 2015

Tools Copyright (c) 1996-2014 Texas Instruments Incorporated
C:\Users\a0272466\AppData\Local\Temp\0182810                         PAGE    1

       1              ;***************************************************************
       2              ;* TMS320C2000 C/C++ Codegen                         PC v6.2.9 *
       3              ;* Date/Time created: Tue Apr 14 13:32:27 2015                 *
       4              ;***************************************************************
       5                      .compiler_opts --cla_support=cla0 --float_support=fpu32 --hll_source=on --mem_model:code=flat --mem_m
       6        0002  FP      .set    XAR2
       7              
       8              $C$DW$CU        .dwtag  DW_TAG_compile_unit
       9                      .dwattr $C$DW$CU, DW_AT_name("C:/work/grepos/c2000_bootROM/f28004x_bootrom/F28004x_ROM_dev/F28004x_RO
      10                      .dwattr $C$DW$CU, DW_AT_producer("TMS320C2000 C/C++ Codegen PC v6.2.9 Copyright (c) 1996-2014 Texas I
      11                      .dwattr $C$DW$CU, DW_AT_TI_version(0x01)
      12                      .dwattr $C$DW$CU, DW_AT_comp_dir("C:\work\grepos\c2000_bootROM\f28004x_bootrom\F28004x_ROM_dev\ccs_fi
      13              
      14              $C$DW$1 .dwtag  DW_TAG_subprogram, DW_AT_name("Interrupt_disable")
      15                      .dwattr $C$DW$1, DW_AT_TI_symbol_name("_Interrupt_disable")
      16                      .dwattr $C$DW$1, DW_AT_declaration
      17                      .dwattr $C$DW$1, DW_AT_external
      18              $C$DW$2 .dwtag  DW_TAG_formal_parameter
      19                      .dwattr $C$DW$2, DW_AT_type(*$C$DW$T$21)
      20                      .dwendtag $C$DW$1
      21              
      22              
      23              $C$DW$3 .dwtag  DW_TAG_subprogram, DW_AT_name("Interrupt_enable")
      24                      .dwattr $C$DW$3, DW_AT_TI_symbol_name("_Interrupt_enable")
      25                      .dwattr $C$DW$3, DW_AT_declaration
      26                      .dwattr $C$DW$3, DW_AT_external
      27              $C$DW$4 .dwtag  DW_TAG_formal_parameter
      28                      .dwattr $C$DW$4, DW_AT_type(*$C$DW$T$21)
      29                      .dwendtag $C$DW$3
      30              
      31              ;       c:\ti\ccsv6\tools\compiler\c2000_6.2.9\bin\ac2000.exe -@C:\\Users\\a0272466\\AppData\\Local\\Temp\\01
      32 00000000               .sect   ".text"
      33                      .clink
      34              
      35              $C$DW$5 .dwtag  DW_TAG_subprogram, DW_AT_name("Interrupt_register")
      36                      .dwattr $C$DW$5, DW_AT_low_pc(_Interrupt_register)
      37                      .dwattr $C$DW$5, DW_AT_high_pc(0x00)
      38                      .dwattr $C$DW$5, DW_AT_TI_symbol_name("_Interrupt_register")
      39                      .dwattr $C$DW$5, DW_AT_TI_begin_file("C:/work/grepos/c2000_bootROM/f28004x_bootrom/F28004x_ROM_dev/F2
      40                      .dwattr $C$DW$5, DW_AT_TI_begin_line(0xa0)
      41                      .dwattr $C$DW$5, DW_AT_TI_begin_column(0x01)
      42                      .dwattr $C$DW$5, DW_AT_TI_max_frame_size(-6)
      43                      .dwpsn  file "C:/work/grepos/c2000_bootROM/f28004x_bootrom/F28004x_ROM_dev/F28004x_ROM/driverlib/inte
      44              
      45                      .dwfde $C$DW$CIE, _Interrupt_register
      46              $C$DW$6 .dwtag  DW_TAG_formal_parameter, DW_AT_name("interruptNumber")
      47                      .dwattr $C$DW$6, DW_AT_TI_symbol_name("_interruptNumber")
      48                      .dwattr $C$DW$6, DW_AT_type(*$C$DW$T$21)
      49                      .dwattr $C$DW$6, DW_AT_location[DW_OP_reg0]
      50              $C$DW$7 .dwtag  DW_TAG_formal_parameter, DW_AT_name("handler")
      51                      .dwattr $C$DW$7, DW_AT_TI_symbol_name("_handler")
      52                      .dwattr $C$DW$7, DW_AT_type(*$C$DW$T$20)
      53                      .dwattr $C$DW$7, DW_AT_location[DW_OP_reg12]
      54              
      55              ;***************************************************************
TMS320C2000 Assembler PC v6.2.9 Tue Apr 14 13:32:28 2015

Tools Copyright (c) 1996-2014 Texas Instruments Incorporated
C:\Users\a0272466\AppData\Local\Temp\0182810                         PAGE    2

      56              ;* FNAME: _Interrupt_register           FR SIZE:   4           *
      57              ;*                                                             *
      58              ;* FUNCTION ENVIRONMENT                                        *
      59              ;*                                                             *
      60              ;* FUNCTION PROPERTIES                                         *
      61              ;*                            0 Parameter,  4 Auto,  0 SOE     *
      62              ;***************************************************************
      63              
      64 00000000       _Interrupt_register:
      65                      .dwcfi  cfa_offset, -2
      66                      .dwcfi  save_reg_to_mem, 26, 0
      67                      .dwcfi  save_reg_to_reg, 78, 26
      68 00000000 FE04          ADDB      SP,#4                 ; [CPU_U] 
      69                      .dwcfi  cfa_offset, -6
      70              $C$DW$8 .dwtag  DW_TAG_variable, DW_AT_name("interruptNumber")
      71                      .dwattr $C$DW$8, DW_AT_TI_symbol_name("_interruptNumber")
      72                      .dwattr $C$DW$8, DW_AT_type(*$C$DW$T$21)
      73                      .dwattr $C$DW$8, DW_AT_location[DW_OP_breg20 -2]
      74              $C$DW$9 .dwtag  DW_TAG_variable, DW_AT_name("handler")
      75                      .dwattr $C$DW$9, DW_AT_TI_symbol_name("_handler")
      76                      .dwattr $C$DW$9, DW_AT_type(*$C$DW$T$20)
      77                      .dwattr $C$DW$9, DW_AT_location[DW_OP_breg20 -4]
      78 00000001 A844          MOVL      *-SP[4],XAR4          ; [CPU_] |161| 
      79 00000002 1E42          MOVL      *-SP[2],ACC           ; [CPU_] |161| 
      80                      .dwpsn  file "C:/work/grepos/c2000_bootROM/f28004x_bootrom/F28004x_ROM_dev/F28004x_ROM/driverlib/inte
      81 00000003 7622   EALLOW
      82                      .dwpsn  file "C:/work/grepos/c2000_bootROM/f28004x_bootrom/F28004x_ROM_dev/F28004x_ROM/driverlib/inte
      83 00000004 0642          MOVL      ACC,*-SP[2]           ; [CPU_] |164| 
      84 00000005 C444          MOVL      XAR6,*-SP[4]          ; [CPU_] |164| 
      85 00000006 0EA8          MOVU      ACC,AH                ; [CPU_] |164| 
      86 00000007 FF30          LSL       ACC,1                 ; [CPU_] |164| 
      87 00000008 FF18          ADD       ACC,#13 << 8          ; [CPU_] |164| 
         00000009 000D 
      88 0000000a 8AA9          MOVL      XAR4,ACC              ; [CPU_] |164| 
      89 0000000b C2C4          MOVL      *+XAR4[0],XAR6        ; [CPU_] |164| 
      90                      .dwpsn  file "C:/work/grepos/c2000_bootROM/f28004x_bootrom/F28004x_ROM_dev/F28004x_ROM/driverlib/inte
      91 0000000c 761A   EDIS
      92                      .dwpsn  file "C:/work/grepos/c2000_bootROM/f28004x_bootrom/F28004x_ROM_dev/F28004x_ROM/driverlib/inte
      93 0000000d FF69          SPM       #0                    ; [CPU_] 
      94 0000000e FE84          SUBB      SP,#4                 ; [CPU_U] 
      95                      .dwcfi  cfa_offset, -2
      96              $C$DW$10        .dwtag  DW_TAG_TI_branch
      97                      .dwattr $C$DW$10, DW_AT_low_pc(0x00)
      98                      .dwattr $C$DW$10, DW_AT_TI_return
      99 0000000f 0006          LRETR     ; [CPU_] 
     100                      ; return occurs ; [] 
     101                      .dwattr $C$DW$5, DW_AT_TI_end_file("C:/work/grepos/c2000_bootROM/f28004x_bootrom/F28004x_ROM_dev/F280
     102                      .dwattr $C$DW$5, DW_AT_TI_end_line(0xa7)
     103                      .dwattr $C$DW$5, DW_AT_TI_end_column(0x01)
     104                      .dwendentry
     105                      .dwendtag $C$DW$5
     106              
     107 00000010               .sect   ".text"
     108                      .clink
     109              
TMS320C2000 Assembler PC v6.2.9 Tue Apr 14 13:32:28 2015

Tools Copyright (c) 1996-2014 Texas Instruments Incorporated
C:\Users\a0272466\AppData\Local\Temp\0182810                         PAGE    3

     110              $C$DW$11        .dwtag  DW_TAG_subprogram, DW_AT_name("Interrupt_unregister")
     111                      .dwattr $C$DW$11, DW_AT_low_pc(_Interrupt_unregister)
     112                      .dwattr $C$DW$11, DW_AT_high_pc(0x00)
     113                      .dwattr $C$DW$11, DW_AT_TI_symbol_name("_Interrupt_unregister")
     114                      .dwattr $C$DW$11, DW_AT_TI_begin_file("C:/work/grepos/c2000_bootROM/f28004x_bootrom/F28004x_ROM_dev/F
     115                      .dwattr $C$DW$11, DW_AT_TI_begin_line(0xba)
     116                      .dwattr $C$DW$11, DW_AT_TI_begin_column(0x01)
     117                      .dwattr $C$DW$11, DW_AT_TI_max_frame_size(-4)
     118                      .dwpsn  file "C:/work/grepos/c2000_bootROM/f28004x_bootrom/F28004x_ROM_dev/F28004x_ROM/driverlib/inte
     119              
     120                      .dwfde $C$DW$CIE, _Interrupt_unregister
     121              $C$DW$12        .dwtag  DW_TAG_formal_parameter, DW_AT_name("interruptNumber")
     122                      .dwattr $C$DW$12, DW_AT_TI_symbol_name("_interruptNumber")
     123                      .dwattr $C$DW$12, DW_AT_type(*$C$DW$T$21)
     124                      .dwattr $C$DW$12, DW_AT_location[DW_OP_reg0]
     125              
     126              ;***************************************************************
     127              ;* FNAME: _Interrupt_unregister         FR SIZE:   2           *
     128              ;*                                                             *
     129              ;* FUNCTION ENVIRONMENT                                        *
     130              ;*                                                             *
     131              ;* FUNCTION PROPERTIES                                         *
     132              ;*                            0 Parameter,  2 Auto,  0 SOE     *
     133              ;***************************************************************
     134              
     135 00000010       _Interrupt_unregister:
     136                      .dwcfi  cfa_offset, -2
     137                      .dwcfi  save_reg_to_mem, 26, 0
     138                      .dwcfi  save_reg_to_reg, 78, 26
     139 00000010 FE02          ADDB      SP,#2                 ; [CPU_U] 
     140                      .dwcfi  cfa_offset, -4
     141              $C$DW$13        .dwtag  DW_TAG_variable, DW_AT_name("interruptNumber")
     142                      .dwattr $C$DW$13, DW_AT_TI_symbol_name("_interruptNumber")
     143                      .dwattr $C$DW$13, DW_AT_type(*$C$DW$T$21)
     144                      .dwattr $C$DW$13, DW_AT_location[DW_OP_breg20 -2]
     145 00000011 1E42          MOVL      *-SP[2],ACC           ; [CPU_] |187| 
     146                      .dwpsn  file "C:/work/grepos/c2000_bootROM/f28004x_bootrom/F28004x_ROM_dev/F28004x_ROM/driverlib/inte
     147 00000012 7622   EALLOW
     148                      .dwpsn  file "C:/work/grepos/c2000_bootROM/f28004x_bootrom/F28004x_ROM_dev/F28004x_ROM/driverlib/inte
     149 00000013 8F40'         MOVL      XAR5,#_Interrupt_defaultHandler ; [CPU_U] |190| 
         00000014 0020 
     150 00000015 0642          MOVL      ACC,*-SP[2]           ; [CPU_] |190| 
     151 00000016 0EA8          MOVU      ACC,AH                ; [CPU_] |190| 
     152 00000017 FF30          LSL       ACC,1                 ; [CPU_] |190| 
     153 00000018 FF18          ADD       ACC,#13 << 8          ; [CPU_] |190| 
         00000019 000D 
     154 0000001a 8AA9          MOVL      XAR4,ACC              ; [CPU_] |190| 
     155 0000001b A0C4          MOVL      *+XAR4[0],XAR5        ; [CPU_] |190| 
     156                      .dwpsn  file "C:/work/grepos/c2000_bootROM/f28004x_bootrom/F28004x_ROM_dev/F28004x_ROM/driverlib/inte
     157 0000001c 761A   EDIS
     158                      .dwpsn  file "C:/work/grepos/c2000_bootROM/f28004x_bootrom/F28004x_ROM_dev/F28004x_ROM/driverlib/inte
     159 0000001d FF69          SPM       #0                    ; [CPU_] 
     160 0000001e FE82          SUBB      SP,#2                 ; [CPU_U] 
     161                      .dwcfi  cfa_offset, -2
     162              $C$DW$14        .dwtag  DW_TAG_TI_branch
TMS320C2000 Assembler PC v6.2.9 Tue Apr 14 13:32:28 2015

Tools Copyright (c) 1996-2014 Texas Instruments Incorporated
C:\Users\a0272466\AppData\Local\Temp\0182810                         PAGE    4

     163                      .dwattr $C$DW$14, DW_AT_low_pc(0x00)
     164                      .dwattr $C$DW$14, DW_AT_TI_return
     165 0000001f 0006          LRETR     ; [CPU_] 
     166                      ; return occurs ; [] 
     167                      .dwattr $C$DW$11, DW_AT_TI_end_file("C:/work/grepos/c2000_bootROM/f28004x_bootrom/F28004x_ROM_dev/F28
     168                      .dwattr $C$DW$11, DW_AT_TI_end_line(0xc1)
     169                      .dwattr $C$DW$11, DW_AT_TI_end_column(0x01)
     170                      .dwendentry
     171                      .dwendtag $C$DW$11
     172              
     173 00000020               .sect   ".text"
     174                      .clink
     175              
     176              $C$DW$15        .dwtag  DW_TAG_subprogram, DW_AT_name("Interrupt_defaultHandler")
     177                      .dwattr $C$DW$15, DW_AT_low_pc(_Interrupt_defaultHandler)
     178                      .dwattr $C$DW$15, DW_AT_high_pc(0x00)
     179                      .dwattr $C$DW$15, DW_AT_TI_symbol_name("_Interrupt_defaultHandler")
     180                      .dwattr $C$DW$15, DW_AT_TI_begin_file("C:/work/grepos/c2000_bootROM/f28004x_bootrom/F28004x_ROM_dev/F
     181                      .dwattr $C$DW$15, DW_AT_TI_begin_line(0x51)
     182                      .dwattr $C$DW$15, DW_AT_TI_begin_column(0x0d)
     183                      .dwattr $C$DW$15, DW_AT_TI_max_frame_size(-2)
     184                      .dwpsn  file "C:/work/grepos/c2000_bootROM/f28004x_bootrom/F28004x_ROM_dev/F28004x_ROM/driverlib/inte
     185              
     186                      .dwfde $C$DW$CIE, _Interrupt_defaultHandler
     187              
     188              ;***************************************************************
     189              ;* FNAME: _Interrupt_defaultHandler     FR SIZE:   0           *
     190              ;*                                                             *
     191              ;* FUNCTION ENVIRONMENT                                        *
     192              ;*                                                             *
     193              ;* FUNCTION PROPERTIES                                         *
     194              ;*                            0 Parameter,  0 Auto,  0 SOE     *
     195              ;***************************************************************
     196              
     197 00000020       _Interrupt_defaultHandler:
     198                      .dwcfi  cfa_offset, -2
     199                      .dwcfi  save_reg_to_mem, 26, 0
     200                      .dwcfi  save_reg_to_reg, 78, 26
     201                      .dwpsn  file "C:/work/grepos/c2000_bootROM/f28004x_bootrom/F28004x_ROM_dev/F28004x_ROM/driverlib/inte
     202 00000020 7625   ESTOP0
     203                      .dwpsn  file "C:/work/grepos/c2000_bootROM/f28004x_bootrom/F28004x_ROM_dev/F28004x_ROM/driverlib/inte
     204                      .dwpsn  file "C:/work/grepos/c2000_bootROM/f28004x_bootrom/F28004x_ROM_dev/F28004x_ROM/driverlib/inte
     205 00000021 FF69          SPM       #0                    ; [CPU_] 
     206              $C$DW$16        .dwtag  DW_TAG_TI_branch
     207                      .dwattr $C$DW$16, DW_AT_low_pc(0x00)
     208                      .dwattr $C$DW$16, DW_AT_TI_return
     209 00000022 0006          LRETR     ; [CPU_] 
     210                      ; return occurs ; [] 
     211                      .dwattr $C$DW$15, DW_AT_TI_end_file("C:/work/grepos/c2000_bootROM/f28004x_bootrom/F28004x_ROM_dev/F28
     212                      .dwattr $C$DW$15, DW_AT_TI_end_line(0x57)
     213                      .dwattr $C$DW$15, DW_AT_TI_end_column(0x01)
     214                      .dwendentry
     215                      .dwendtag $C$DW$15
     216              
     217 00000023               .sect   ".text"
TMS320C2000 Assembler PC v6.2.9 Tue Apr 14 13:32:28 2015

Tools Copyright (c) 1996-2014 Texas Instruments Incorporated
C:\Users\a0272466\AppData\Local\Temp\0182810                         PAGE    5

     218                      .clink
     219              
     220              $C$DW$17        .dwtag  DW_TAG_subprogram, DW_AT_name("HRCAP_getCalibrationIntNumber")
     221                      .dwattr $C$DW$17, DW_AT_low_pc(_HRCAP_getCalibrationIntNumber)
     222                      .dwattr $C$DW$17, DW_AT_high_pc(0x00)
     223                      .dwattr $C$DW$17, DW_AT_TI_symbol_name("_HRCAP_getCalibrationIntNumber")
     224                      .dwattr $C$DW$17, DW_AT_type(*$C$DW$T$21)
     225                      .dwattr $C$DW$17, DW_AT_TI_begin_file("C:/work/grepos/c2000_bootROM/f28004x_bootrom/F28004x_ROM_dev/F
     226                      .dwattr $C$DW$17, DW_AT_TI_begin_line(0x1d)
     227                      .dwattr $C$DW$17, DW_AT_TI_begin_column(0x11)
     228                      .dwattr $C$DW$17, DW_AT_TI_max_frame_size(-6)
     229                      .dwpsn  file "C:/work/grepos/c2000_bootROM/f28004x_bootrom/F28004x_ROM_dev/F28004x_ROM/driverlib/hrca
     230              
     231                      .dwfde $C$DW$CIE, _HRCAP_getCalibrationIntNumber
     232              $C$DW$18        .dwtag  DW_TAG_formal_parameter, DW_AT_name("base")
     233                      .dwattr $C$DW$18, DW_AT_TI_symbol_name("_base")
     234                      .dwattr $C$DW$18, DW_AT_type(*$C$DW$T$21)
     235                      .dwattr $C$DW$18, DW_AT_location[DW_OP_reg0]
     236              
     237              ;***************************************************************
     238              ;* FNAME: _HRCAP_getCalibrationIntNumber FR SIZE:   4           *
     239              ;*                                                             *
     240              ;* FUNCTION ENVIRONMENT                                        *
     241              ;*                                                             *
     242              ;* FUNCTION PROPERTIES                                         *
     243              ;*                            0 Parameter,  4 Auto,  0 SOE     *
     244              ;***************************************************************
     245              
     246 00000023       _HRCAP_getCalibrationIntNumber:
     247                      .dwcfi  cfa_offset, -2
     248                      .dwcfi  save_reg_to_mem, 26, 0
     249                      .dwcfi  save_reg_to_reg, 78, 26
     250 00000023 FE04          ADDB      SP,#4                 ; [CPU_U] 
     251                      .dwcfi  cfa_offset, -6
     252              $C$DW$19        .dwtag  DW_TAG_variable, DW_AT_name("base")
     253                      .dwattr $C$DW$19, DW_AT_TI_symbol_name("_base")
     254                      .dwattr $C$DW$19, DW_AT_type(*$C$DW$T$21)
     255                      .dwattr $C$DW$19, DW_AT_location[DW_OP_breg20 -2]
     256              $C$DW$20        .dwtag  DW_TAG_variable, DW_AT_name("intNumber")
     257                      .dwattr $C$DW$20, DW_AT_TI_symbol_name("_intNumber")
     258                      .dwattr $C$DW$20, DW_AT_type(*$C$DW$T$21)
     259                      .dwattr $C$DW$20, DW_AT_location[DW_OP_breg20 -4]
     260 00000024 1E42          MOVL      *-SP[2],ACC           ; [CPU_] |30| 
     261                      .dwpsn  file "C:/work/grepos/c2000_bootROM/f28004x_bootrom/F28004x_ROM_dev/F28004x_ROM/driverlib/hrca
     262 00000025 6F0E          B         $C$L4,UNC             ; [CPU_] |36| 
     263                      ; branch occurs ; [] |36| 
     264 00000026       $C$L1:    
     265                      .dwpsn  file "C:/work/grepos/c2000_bootROM/f28004x_bootrom/F28004x_ROM_dev/F28004x_ROM/driverlib/hrca
     266 00000026 28A9          MOV       AL,#1038              ; [CPU_] |40| 
         00000027 040E 
     267 00000028 9B9D          MOV       AH,#157               ; [CPU_] |40| 
     268 00000029 1E44          MOVL      *-SP[4],ACC           ; [CPU_] |40| 
     269                      .dwpsn  file "C:/work/grepos/c2000_bootROM/f28004x_bootrom/F28004x_ROM_dev/F28004x_ROM/driverlib/hrca
     270 0000002a 6F13          B         $C$L5,UNC             ; [CPU_] |41| 
     271                      ; branch occurs ; [] |41| 
TMS320C2000 Assembler PC v6.2.9 Tue Apr 14 13:32:28 2015

Tools Copyright (c) 1996-2014 Texas Instruments Incorporated
C:\Users\a0272466\AppData\Local\Temp\0182810                         PAGE    6

     272 0000002b       $C$L2:    
     273                      .dwpsn  file "C:/work/grepos/c2000_bootROM/f28004x_bootrom/F28004x_ROM_dev/F28004x_ROM/driverlib/hrca
     274 0000002b 28A9          MOV       AL,#1039              ; [CPU_] |44| 
         0000002c 040F 
     275 0000002d 9B9E          MOV       AH,#158               ; [CPU_] |44| 
     276 0000002e 1E44          MOVL      *-SP[4],ACC           ; [CPU_] |44| 
     277                      .dwpsn  file "C:/work/grepos/c2000_bootROM/f28004x_bootrom/F28004x_ROM_dev/F28004x_ROM/driverlib/hrca
     278 0000002f 6F0E          B         $C$L5,UNC             ; [CPU_] |45| 
     279                      ; branch occurs ; [] |45| 
     280 00000030       $C$L3:    
     281                      .dwpsn  file "C:/work/grepos/c2000_bootROM/f28004x_bootrom/F28004x_ROM_dev/F28004x_ROM/driverlib/hrca
     282 00000030 0200          MOVB      ACC,#0                ; [CPU_] |48| 
     283 00000031 1E44          MOVL      *-SP[4],ACC           ; [CPU_] |48| 
     284                      .dwpsn  file "C:/work/grepos/c2000_bootROM/f28004x_bootrom/F28004x_ROM_dev/F28004x_ROM/driverlib/hrca
     285 00000032 6F0B          B         $C$L5,UNC             ; [CPU_] |49| 
     286                      ; branch occurs ; [] |49| 
     287 00000033       $C$L4:    
     288                      .dwpsn  file "C:/work/grepos/c2000_bootROM/f28004x_bootrom/F28004x_ROM_dev/F28004x_ROM/driverlib/hrca
     289 00000033 C442          MOVL      XAR6,*-SP[2]          ; [CPU_] |36| 
     290 00000034 FF20          MOV       ACC,#21312            ; [CPU_] |36| 
         00000035 5340 
     291 00000036 0FA6          CMPL      ACC,XAR6              ; [CPU_] |36| 
     292 00000037 ECEF          BF        $C$L1,EQ              ; [CPU_] |36| 
     293                      ; branchcc occurs ; [] |36| 
     294 00000038 FF20          MOV       ACC,#21376            ; [CPU_] |36| 
         00000039 5380 
     295 0000003a 0FA6          CMPL      ACC,XAR6              ; [CPU_] |36| 
     296 0000003b ECF0          BF        $C$L2,EQ              ; [CPU_] |36| 
     297                      ; branchcc occurs ; [] |36| 
     298 0000003c 6FF4          B         $C$L3,UNC             ; [CPU_] |36| 
     299                      ; branch occurs ; [] |36| 
     300 0000003d       $C$L5:    
     301                      .dwpsn  file "C:/work/grepos/c2000_bootROM/f28004x_bootrom/F28004x_ROM_dev/F28004x_ROM/driverlib/hrca
     302 0000003d 0644          MOVL      ACC,*-SP[4]           ; [CPU_] |52| 
     303                      .dwpsn  file "C:/work/grepos/c2000_bootROM/f28004x_bootrom/F28004x_ROM_dev/F28004x_ROM/driverlib/hrca
     304 0000003e FE84          SUBB      SP,#4                 ; [CPU_U] 
     305                      .dwcfi  cfa_offset, -2
     306              $C$DW$21        .dwtag  DW_TAG_TI_branch
     307                      .dwattr $C$DW$21, DW_AT_low_pc(0x00)
     308                      .dwattr $C$DW$21, DW_AT_TI_return
     309 0000003f 0006          LRETR     ; [CPU_] 
     310                      ; return occurs ; [] 
     311                      .dwattr $C$DW$17, DW_AT_TI_end_file("C:/work/grepos/c2000_bootROM/f28004x_bootrom/F28004x_ROM_dev/F28
     312                      .dwattr $C$DW$17, DW_AT_TI_end_line(0x35)
     313                      .dwattr $C$DW$17, DW_AT_TI_end_column(0x01)
     314                      .dwendentry
     315                      .dwendtag $C$DW$17
     316              
     317 00000040               .sect   ".text"
     318                      .clink
     319                      .global _HRCAP_registerCalibrationInterrupt
     320              
     321              $C$DW$22        .dwtag  DW_TAG_subprogram, DW_AT_name("HRCAP_registerCalibrationInterrupt")
     322                      .dwattr $C$DW$22, DW_AT_low_pc(_HRCAP_registerCalibrationInterrupt)
     323                      .dwattr $C$DW$22, DW_AT_high_pc(0x00)
TMS320C2000 Assembler PC v6.2.9 Tue Apr 14 13:32:28 2015

Tools Copyright (c) 1996-2014 Texas Instruments Incorporated
C:\Users\a0272466\AppData\Local\Temp\0182810                         PAGE    7

     324                      .dwattr $C$DW$22, DW_AT_TI_symbol_name("_HRCAP_registerCalibrationInterrupt")
     325                      .dwattr $C$DW$22, DW_AT_external
     326                      .dwattr $C$DW$22, DW_AT_TI_begin_file("C:/work/grepos/c2000_bootROM/f28004x_bootrom/F28004x_ROM_dev/F
     327                      .dwattr $C$DW$22, DW_AT_TI_begin_line(0x3b)
     328                      .dwattr $C$DW$22, DW_AT_TI_begin_column(0x06)
     329                      .dwattr $C$DW$22, DW_AT_TI_max_frame_size(-8)
     330                      .dwpsn  file "C:/work/grepos/c2000_bootROM/f28004x_bootrom/F28004x_ROM_dev/F28004x_ROM/driverlib/hrca
     331              
     332                      .dwfde $C$DW$CIE, _HRCAP_registerCalibrationInterrupt
     333              $C$DW$23        .dwtag  DW_TAG_formal_parameter, DW_AT_name("base")
     334                      .dwattr $C$DW$23, DW_AT_TI_symbol_name("_base")
     335                      .dwattr $C$DW$23, DW_AT_type(*$C$DW$T$21)
     336                      .dwattr $C$DW$23, DW_AT_location[DW_OP_reg0]
     337              $C$DW$24        .dwtag  DW_TAG_formal_parameter, DW_AT_name("handler")
     338                      .dwattr $C$DW$24, DW_AT_TI_symbol_name("_handler")
     339                      .dwattr $C$DW$24, DW_AT_type(*$C$DW$T$20)
     340                      .dwattr $C$DW$24, DW_AT_location[DW_OP_reg12]
     341              
     342              ;***************************************************************
     343              ;* FNAME: _HRCAP_registerCalibrationInterrupt FR SIZE:   6           *
     344              ;*                                                             *
     345              ;* FUNCTION ENVIRONMENT                                        *
     346              ;*                                                             *
     347              ;* FUNCTION PROPERTIES                                         *
     348              ;*                            0 Parameter,  6 Auto,  0 SOE     *
     349              ;***************************************************************
     350              
     351 00000040       _HRCAP_registerCalibrationInterrupt:
     352                      .dwcfi  cfa_offset, -2
     353                      .dwcfi  save_reg_to_mem, 26, 0
     354                      .dwcfi  save_reg_to_reg, 78, 26
     355 00000040 FE06          ADDB      SP,#6                 ; [CPU_U] 
     356                      .dwcfi  cfa_offset, -8
     357              $C$DW$25        .dwtag  DW_TAG_variable, DW_AT_name("base")
     358                      .dwattr $C$DW$25, DW_AT_TI_symbol_name("_base")
     359                      .dwattr $C$DW$25, DW_AT_type(*$C$DW$T$21)
     360                      .dwattr $C$DW$25, DW_AT_location[DW_OP_breg20 -2]
     361              $C$DW$26        .dwtag  DW_TAG_variable, DW_AT_name("handler")
     362                      .dwattr $C$DW$26, DW_AT_TI_symbol_name("_handler")
     363                      .dwattr $C$DW$26, DW_AT_type(*$C$DW$T$20)
     364                      .dwattr $C$DW$26, DW_AT_location[DW_OP_breg20 -4]
     365              $C$DW$27        .dwtag  DW_TAG_variable, DW_AT_name("intNumber")
     366                      .dwattr $C$DW$27, DW_AT_TI_symbol_name("_intNumber")
     367                      .dwattr $C$DW$27, DW_AT_type(*$C$DW$T$21)
     368                      .dwattr $C$DW$27, DW_AT_location[DW_OP_breg20 -6]
     369 00000041 A844          MOVL      *-SP[4],XAR4          ; [CPU_] |60| 
     370 00000042 1E42          MOVL      *-SP[2],ACC           ; [CPU_] |60| 
     371                      .dwpsn  file "C:/work/grepos/c2000_bootROM/f28004x_bootrom/F28004x_ROM_dev/F28004x_ROM/driverlib/hrca
     372 00000043 0642          MOVL      ACC,*-SP[2]           ; [CPU_] |66| 
     373              $C$DW$28        .dwtag  DW_TAG_TI_branch
     374                      .dwattr $C$DW$28, DW_AT_low_pc(0x00)
     375                      .dwattr $C$DW$28, DW_AT_name("_HRCAP_getCalibrationIntNumber")
     376                      .dwattr $C$DW$28, DW_AT_TI_call
     377 00000044 7640'         LCR       #_HRCAP_getCalibrationIntNumber ; [CPU_] |66| 
         00000045 0023 
TMS320C2000 Assembler PC v6.2.9 Tue Apr 14 13:32:28 2015

Tools Copyright (c) 1996-2014 Texas Instruments Incorporated
C:\Users\a0272466\AppData\Local\Temp\0182810                         PAGE    8

     378                      ; call occurs [#_HRCAP_getCalibrationIntNumber] ; [] |66| 
     379 00000046 1E46          MOVL      *-SP[6],ACC           ; [CPU_] |66| 
     380                      .dwpsn  file "C:/work/grepos/c2000_bootROM/f28004x_bootrom/F28004x_ROM_dev/F28004x_ROM/driverlib/hrca
     381 00000047 8A44          MOVL      XAR4,*-SP[4]          ; [CPU_] |73| 
     382 00000048 0646          MOVL      ACC,*-SP[6]           ; [CPU_] |73| 
     383              $C$DW$29        .dwtag  DW_TAG_TI_branch
     384                      .dwattr $C$DW$29, DW_AT_low_pc(0x00)
     385                      .dwattr $C$DW$29, DW_AT_name("_Interrupt_register")
     386                      .dwattr $C$DW$29, DW_AT_TI_call
     387 00000049 7640'         LCR       #_Interrupt_register  ; [CPU_] |73| 
         0000004a 0000 
     388                      ; call occurs [#_Interrupt_register] ; [] |73| 
     389                      .dwpsn  file "C:/work/grepos/c2000_bootROM/f28004x_bootrom/F28004x_ROM_dev/F28004x_ROM/driverlib/hrca
     390 0000004b 0646          MOVL      ACC,*-SP[6]           ; [CPU_] |78| 
     391              $C$DW$30        .dwtag  DW_TAG_TI_branch
     392                      .dwattr $C$DW$30, DW_AT_low_pc(0x00)
     393                      .dwattr $C$DW$30, DW_AT_name("_Interrupt_enable")
     394                      .dwattr $C$DW$30, DW_AT_TI_call
     395 0000004c 7640!         LCR       #_Interrupt_enable    ; [CPU_] |78| 
         0000004d 0000 
     396                      ; call occurs [#_Interrupt_enable] ; [] |78| 
     397                      .dwpsn  file "C:/work/grepos/c2000_bootROM/f28004x_bootrom/F28004x_ROM_dev/F28004x_ROM/driverlib/hrca
     398 0000004e FE86          SUBB      SP,#6                 ; [CPU_U] 
     399                      .dwcfi  cfa_offset, -2
     400              $C$DW$31        .dwtag  DW_TAG_TI_branch
     401                      .dwattr $C$DW$31, DW_AT_low_pc(0x00)
     402                      .dwattr $C$DW$31, DW_AT_TI_return
     403 0000004f 0006          LRETR     ; [CPU_] 
     404                      ; return occurs ; [] 
     405                      .dwattr $C$DW$22, DW_AT_TI_end_file("C:/work/grepos/c2000_bootROM/f28004x_bootrom/F28004x_ROM_dev/F28
     406                      .dwattr $C$DW$22, DW_AT_TI_end_line(0x4f)
     407                      .dwattr $C$DW$22, DW_AT_TI_end_column(0x01)
     408                      .dwendentry
     409                      .dwendtag $C$DW$22
     410              
     411 00000050               .sect   ".text"
     412                      .clink
     413                      .global _HRCAP_unregisterCalibrationInterrupt
     414              
     415              $C$DW$32        .dwtag  DW_TAG_subprogram, DW_AT_name("HRCAP_unregisterCalibrationInterrupt")
     416                      .dwattr $C$DW$32, DW_AT_low_pc(_HRCAP_unregisterCalibrationInterrupt)
     417                      .dwattr $C$DW$32, DW_AT_high_pc(0x00)
     418                      .dwattr $C$DW$32, DW_AT_TI_symbol_name("_HRCAP_unregisterCalibrationInterrupt")
     419                      .dwattr $C$DW$32, DW_AT_external
     420                      .dwattr $C$DW$32, DW_AT_TI_begin_file("C:/work/grepos/c2000_bootROM/f28004x_bootrom/F28004x_ROM_dev/F
     421                      .dwattr $C$DW$32, DW_AT_TI_begin_line(0x55)
     422                      .dwattr $C$DW$32, DW_AT_TI_begin_column(0x06)
     423                      .dwattr $C$DW$32, DW_AT_TI_max_frame_size(-6)
     424                      .dwpsn  file "C:/work/grepos/c2000_bootROM/f28004x_bootrom/F28004x_ROM_dev/F28004x_ROM/driverlib/hrca
     425              
     426                      .dwfde $C$DW$CIE, _HRCAP_unregisterCalibrationInterrupt
     427              $C$DW$33        .dwtag  DW_TAG_formal_parameter, DW_AT_name("base")
     428                      .dwattr $C$DW$33, DW_AT_TI_symbol_name("_base")
     429                      .dwattr $C$DW$33, DW_AT_type(*$C$DW$T$21)
     430                      .dwattr $C$DW$33, DW_AT_location[DW_OP_reg0]
TMS320C2000 Assembler PC v6.2.9 Tue Apr 14 13:32:28 2015

Tools Copyright (c) 1996-2014 Texas Instruments Incorporated
C:\Users\a0272466\AppData\Local\Temp\0182810                         PAGE    9

     431              
     432              ;***************************************************************
     433              ;* FNAME: _HRCAP_unregisterCalibrationInterrupt FR SIZE:   4           *
     434              ;*                                                             *
     435              ;* FUNCTION ENVIRONMENT                                        *
     436              ;*                                                             *
     437              ;* FUNCTION PROPERTIES                                         *
     438              ;*                            0 Parameter,  4 Auto,  0 SOE     *
     439              ;***************************************************************
     440              
     441 00000050       _HRCAP_unregisterCalibrationInterrupt:
     442                      .dwcfi  cfa_offset, -2
     443                      .dwcfi  save_reg_to_mem, 26, 0
     444                      .dwcfi  save_reg_to_reg, 78, 26
     445 00000050 FE04          ADDB      SP,#4                 ; [CPU_U] 
     446                      .dwcfi  cfa_offset, -6
     447              $C$DW$34        .dwtag  DW_TAG_variable, DW_AT_name("base")
     448                      .dwattr $C$DW$34, DW_AT_TI_symbol_name("_base")
     449                      .dwattr $C$DW$34, DW_AT_type(*$C$DW$T$21)
     450                      .dwattr $C$DW$34, DW_AT_location[DW_OP_breg20 -2]
     451              $C$DW$35        .dwtag  DW_TAG_variable, DW_AT_name("intNumber")
     452                      .dwattr $C$DW$35, DW_AT_TI_symbol_name("_intNumber")
     453                      .dwattr $C$DW$35, DW_AT_type(*$C$DW$T$21)
     454                      .dwattr $C$DW$35, DW_AT_location[DW_OP_breg20 -4]
     455 00000051 1E42          MOVL      *-SP[2],ACC           ; [CPU_] |86| 
     456                      .dwpsn  file "C:/work/grepos/c2000_bootROM/f28004x_bootrom/F28004x_ROM_dev/F28004x_ROM/driverlib/hrca
     457 00000052 0642          MOVL      ACC,*-SP[2]           ; [CPU_] |94| 
     458              $C$DW$36        .dwtag  DW_TAG_TI_branch
     459                      .dwattr $C$DW$36, DW_AT_low_pc(0x00)
     460                      .dwattr $C$DW$36, DW_AT_name("_HRCAP_getCalibrationIntNumber")
     461                      .dwattr $C$DW$36, DW_AT_TI_call
     462 00000053 7640'         LCR       #_HRCAP_getCalibrationIntNumber ; [CPU_] |94| 
         00000054 0023 
     463                      ; call occurs [#_HRCAP_getCalibrationIntNumber] ; [] |94| 
     464 00000055 1E44          MOVL      *-SP[4],ACC           ; [CPU_] |94| 
     465                      .dwpsn  file "C:/work/grepos/c2000_bootROM/f28004x_bootrom/F28004x_ROM_dev/F28004x_ROM/driverlib/hrca
     466 00000056 0644          MOVL      ACC,*-SP[4]           ; [CPU_] |101| 
     467              $C$DW$37        .dwtag  DW_TAG_TI_branch
     468                      .dwattr $C$DW$37, DW_AT_low_pc(0x00)
     469                      .dwattr $C$DW$37, DW_AT_name("_Interrupt_disable")
     470                      .dwattr $C$DW$37, DW_AT_TI_call
     471 00000057 7640!         LCR       #_Interrupt_disable   ; [CPU_] |101| 
         00000058 0000 
     472                      ; call occurs [#_Interrupt_disable] ; [] |101| 
     473                      .dwpsn  file "C:/work/grepos/c2000_bootROM/f28004x_bootrom/F28004x_ROM_dev/F28004x_ROM/driverlib/hrca
     474 00000059 0644          MOVL      ACC,*-SP[4]           ; [CPU_] |106| 
     475              $C$DW$38        .dwtag  DW_TAG_TI_branch
     476                      .dwattr $C$DW$38, DW_AT_low_pc(0x00)
     477                      .dwattr $C$DW$38, DW_AT_name("_Interrupt_unregister")
     478                      .dwattr $C$DW$38, DW_AT_TI_call
     479 0000005a 7640'         LCR       #_Interrupt_unregister ; [CPU_] |106| 
         0000005b 0010 
     480                      ; call occurs [#_Interrupt_unregister] ; [] |106| 
     481                      .dwpsn  file "C:/work/grepos/c2000_bootROM/f28004x_bootrom/F28004x_ROM_dev/F28004x_ROM/driverlib/hrca
     482 0000005c FE84          SUBB      SP,#4                 ; [CPU_U] 
TMS320C2000 Assembler PC v6.2.9 Tue Apr 14 13:32:28 2015

Tools Copyright (c) 1996-2014 Texas Instruments Incorporated
C:\Users\a0272466\AppData\Local\Temp\0182810                         PAGE   10

     483                      .dwcfi  cfa_offset, -2
     484              $C$DW$39        .dwtag  DW_TAG_TI_branch
     485                      .dwattr $C$DW$39, DW_AT_low_pc(0x00)
     486                      .dwattr $C$DW$39, DW_AT_TI_return
     487 0000005d 0006          LRETR     ; [CPU_] 
     488                      ; return occurs ; [] 
     489                      .dwattr $C$DW$32, DW_AT_TI_end_file("C:/work/grepos/c2000_bootROM/f28004x_bootrom/F28004x_ROM_dev/F28
     490                      .dwattr $C$DW$32, DW_AT_TI_end_line(0x6b)
     491                      .dwattr $C$DW$32, DW_AT_TI_end_column(0x01)
     492                      .dwendentry
     493                      .dwendtag $C$DW$32
     494              
     495              ;**************************************************************
     496              ;* UNDEFINED EXTERNAL REFERENCES                              *
     497              ;**************************************************************
     498                      .global _Interrupt_disable
     499                      .global _Interrupt_enable
     500              
     501              ;***************************************************************
     502              ;* TYPE INFORMATION                                            *
     503              ;***************************************************************
     504              
     505              $C$DW$T$19      .dwtag  DW_TAG_subroutine_type
     506                      .dwattr $C$DW$T$19, DW_AT_language(DW_LANG_C)
     507              $C$DW$T$20      .dwtag  DW_TAG_pointer_type
     508                      .dwattr $C$DW$T$20, DW_AT_type(*$C$DW$T$19)
     509                      .dwattr $C$DW$T$20, DW_AT_address_class(0x16)
     510              $C$DW$T$4       .dwtag  DW_TAG_base_type
     511                      .dwattr $C$DW$T$4, DW_AT_encoding(DW_ATE_boolean)
     512                      .dwattr $C$DW$T$4, DW_AT_name("bool")
     513                      .dwattr $C$DW$T$4, DW_AT_byte_size(0x01)
     514              $C$DW$T$5       .dwtag  DW_TAG_base_type
     515                      .dwattr $C$DW$T$5, DW_AT_encoding(DW_ATE_signed_char)
     516                      .dwattr $C$DW$T$5, DW_AT_name("signed char")
     517                      .dwattr $C$DW$T$5, DW_AT_byte_size(0x01)
     518              $C$DW$T$6       .dwtag  DW_TAG_base_type
     519                      .dwattr $C$DW$T$6, DW_AT_encoding(DW_ATE_unsigned_char)
     520                      .dwattr $C$DW$T$6, DW_AT_name("unsigned char")
     521                      .dwattr $C$DW$T$6, DW_AT_byte_size(0x01)
     522              $C$DW$T$7       .dwtag  DW_TAG_base_type
     523                      .dwattr $C$DW$T$7, DW_AT_encoding(DW_ATE_signed_char)
     524                      .dwattr $C$DW$T$7, DW_AT_name("wchar_t")
     525                      .dwattr $C$DW$T$7, DW_AT_byte_size(0x01)
     526              $C$DW$T$8       .dwtag  DW_TAG_base_type
     527                      .dwattr $C$DW$T$8, DW_AT_encoding(DW_ATE_signed)
     528                      .dwattr $C$DW$T$8, DW_AT_name("short")
     529                      .dwattr $C$DW$T$8, DW_AT_byte_size(0x01)
     530              $C$DW$T$9       .dwtag  DW_TAG_base_type
     531                      .dwattr $C$DW$T$9, DW_AT_encoding(DW_ATE_unsigned)
     532                      .dwattr $C$DW$T$9, DW_AT_name("unsigned short")
     533                      .dwattr $C$DW$T$9, DW_AT_byte_size(0x01)
     534              $C$DW$T$10      .dwtag  DW_TAG_base_type
     535                      .dwattr $C$DW$T$10, DW_AT_encoding(DW_ATE_signed)
     536                      .dwattr $C$DW$T$10, DW_AT_name("int")
     537                      .dwattr $C$DW$T$10, DW_AT_byte_size(0x01)
TMS320C2000 Assembler PC v6.2.9 Tue Apr 14 13:32:28 2015

Tools Copyright (c) 1996-2014 Texas Instruments Incorporated
C:\Users\a0272466\AppData\Local\Temp\0182810                         PAGE   11

     538              $C$DW$T$11      .dwtag  DW_TAG_base_type
     539                      .dwattr $C$DW$T$11, DW_AT_encoding(DW_ATE_unsigned)
     540                      .dwattr $C$DW$T$11, DW_AT_name("unsigned int")
     541                      .dwattr $C$DW$T$11, DW_AT_byte_size(0x01)
     542              $C$DW$T$12      .dwtag  DW_TAG_base_type
     543                      .dwattr $C$DW$T$12, DW_AT_encoding(DW_ATE_signed)
     544                      .dwattr $C$DW$T$12, DW_AT_name("long")
     545                      .dwattr $C$DW$T$12, DW_AT_byte_size(0x02)
     546              $C$DW$T$13      .dwtag  DW_TAG_base_type
     547                      .dwattr $C$DW$T$13, DW_AT_encoding(DW_ATE_unsigned)
     548                      .dwattr $C$DW$T$13, DW_AT_name("unsigned long")
     549                      .dwattr $C$DW$T$13, DW_AT_byte_size(0x02)
     550              $C$DW$T$21      .dwtag  DW_TAG_typedef, DW_AT_name("uint32_t")
     551                      .dwattr $C$DW$T$21, DW_AT_type(*$C$DW$T$13)
     552                      .dwattr $C$DW$T$21, DW_AT_language(DW_LANG_C)
     553              $C$DW$T$14      .dwtag  DW_TAG_base_type
     554                      .dwattr $C$DW$T$14, DW_AT_encoding(DW_ATE_signed)
     555                      .dwattr $C$DW$T$14, DW_AT_name("long long")
     556                      .dwattr $C$DW$T$14, DW_AT_byte_size(0x04)
     557              $C$DW$T$15      .dwtag  DW_TAG_base_type
     558                      .dwattr $C$DW$T$15, DW_AT_encoding(DW_ATE_unsigned)
     559                      .dwattr $C$DW$T$15, DW_AT_name("unsigned long long")
     560                      .dwattr $C$DW$T$15, DW_AT_byte_size(0x04)
     561              $C$DW$T$16      .dwtag  DW_TAG_base_type
     562                      .dwattr $C$DW$T$16, DW_AT_encoding(DW_ATE_float)
     563                      .dwattr $C$DW$T$16, DW_AT_name("float")
     564                      .dwattr $C$DW$T$16, DW_AT_byte_size(0x02)
     565              $C$DW$T$17      .dwtag  DW_TAG_base_type
     566                      .dwattr $C$DW$T$17, DW_AT_encoding(DW_ATE_float)
     567                      .dwattr $C$DW$T$17, DW_AT_name("double")
     568                      .dwattr $C$DW$T$17, DW_AT_byte_size(0x02)
     569              $C$DW$T$18      .dwtag  DW_TAG_base_type
     570                      .dwattr $C$DW$T$18, DW_AT_encoding(DW_ATE_float)
     571                      .dwattr $C$DW$T$18, DW_AT_name("long double")
     572                      .dwattr $C$DW$T$18, DW_AT_byte_size(0x04)
     573                      .dwattr $C$DW$CU, DW_AT_language(DW_LANG_C)
     574              
     575              ;***************************************************************
     576              ;* DWARF CIE ENTRIES                                           *
     577              ;***************************************************************
     578              
     579              $C$DW$CIE       .dwcie 78
     580                      .dwcfi  cfa_register, 20
     581                      .dwcfi  cfa_offset, 0
     582                      .dwcfi  undefined, 0
     583                      .dwcfi  undefined, 1
     584                      .dwcfi  undefined, 2
     585                      .dwcfi  undefined, 3
     586                      .dwcfi  undefined, 20
     587                      .dwcfi  undefined, 21
     588                      .dwcfi  undefined, 22
     589                      .dwcfi  undefined, 23
     590                      .dwcfi  undefined, 24
     591                      .dwcfi  undefined, 25
     592                      .dwcfi  undefined, 26
TMS320C2000 Assembler PC v6.2.9 Tue Apr 14 13:32:28 2015

Tools Copyright (c) 1996-2014 Texas Instruments Incorporated
C:\Users\a0272466\AppData\Local\Temp\0182810                         PAGE   12

     593                      .dwcfi  same_value, 28
     594                      .dwcfi  undefined, 29
     595                      .dwcfi  undefined, 30
     596                      .dwcfi  undefined, 31
     597                      .dwcfi  undefined, 32
     598                      .dwcfi  undefined, 33
     599                      .dwcfi  undefined, 34
     600                      .dwcfi  undefined, 35
     601                      .dwcfi  undefined, 36
     602                      .dwcfi  undefined, 37
     603                      .dwcfi  undefined, 38
     604                      .dwcfi  undefined, 75
     605                      .dwcfi  undefined, 76
     606                      .dwcfi  undefined, 77
     607                      .dwcfi  undefined, 4
     608                      .dwcfi  same_value, 6
     609                      .dwcfi  same_value, 8
     610                      .dwcfi  same_value, 10
     611                      .dwcfi  undefined, 12
     612                      .dwcfi  undefined, 14
     613                      .dwcfi  undefined, 16
     614                      .dwcfi  undefined, 17
     615                      .dwcfi  undefined, 18
     616                      .dwcfi  undefined, 19
     617                      .dwcfi  undefined, 5
     618                      .dwcfi  same_value, 7
     619                      .dwcfi  same_value, 9
     620                      .dwcfi  same_value, 11
     621                      .dwcfi  undefined, 13
     622                      .dwcfi  undefined, 15
     623                      .dwcfi  undefined, 43
     624                      .dwcfi  undefined, 44
     625                      .dwcfi  undefined, 47
     626                      .dwcfi  undefined, 48
     627                      .dwcfi  undefined, 51
     628                      .dwcfi  undefined, 52
     629                      .dwcfi  undefined, 55
     630                      .dwcfi  undefined, 56
     631                      .dwcfi  same_value, 59
     632                      .dwcfi  same_value, 60
     633                      .dwcfi  same_value, 63
     634                      .dwcfi  same_value, 64
     635                      .dwcfi  same_value, 67
     636                      .dwcfi  same_value, 68
     637                      .dwcfi  same_value, 71
     638                      .dwcfi  same_value, 72
     639                      .dwcfi  undefined, 73
     640                      .dwcfi  undefined, 74
     641                      .dwcfi  undefined, 39
     642                      .dwcfi  undefined, 40
     643                      .dwcfi  undefined, 27
     644                      .dwcfi  undefined, 78
     645                      .dwendentry
     646              
     647              ;***************************************************************
TMS320C2000 Assembler PC v6.2.9 Tue Apr 14 13:32:28 2015

Tools Copyright (c) 1996-2014 Texas Instruments Incorporated
C:\Users\a0272466\AppData\Local\Temp\0182810                         PAGE   13

     648              ;* DWARF REGISTER MAP                                          *
     649              ;***************************************************************
     650              
     651              $C$DW$40        .dwtag  DW_TAG_TI_assign_register, DW_AT_name("AL")
     652                      .dwattr $C$DW$40, DW_AT_location[DW_OP_reg0]
     653              $C$DW$41        .dwtag  DW_TAG_TI_assign_register, DW_AT_name("AH")
     654                      .dwattr $C$DW$41, DW_AT_location[DW_OP_reg1]
     655              $C$DW$42        .dwtag  DW_TAG_TI_assign_register, DW_AT_name("PL")
     656                      .dwattr $C$DW$42, DW_AT_location[DW_OP_reg2]
     657              $C$DW$43        .dwtag  DW_TAG_TI_assign_register, DW_AT_name("PH")
     658                      .dwattr $C$DW$43, DW_AT_location[DW_OP_reg3]
     659              $C$DW$44        .dwtag  DW_TAG_TI_assign_register, DW_AT_name("SP")
     660                      .dwattr $C$DW$44, DW_AT_location[DW_OP_reg20]
     661              $C$DW$45        .dwtag  DW_TAG_TI_assign_register, DW_AT_name("XT")
     662                      .dwattr $C$DW$45, DW_AT_location[DW_OP_reg21]
     663              $C$DW$46        .dwtag  DW_TAG_TI_assign_register, DW_AT_name("T")
     664                      .dwattr $C$DW$46, DW_AT_location[DW_OP_reg22]
     665              $C$DW$47        .dwtag  DW_TAG_TI_assign_register, DW_AT_name("ST0")
     666                      .dwattr $C$DW$47, DW_AT_location[DW_OP_reg23]
     667              $C$DW$48        .dwtag  DW_TAG_TI_assign_register, DW_AT_name("ST1")
     668                      .dwattr $C$DW$48, DW_AT_location[DW_OP_reg24]
     669              $C$DW$49        .dwtag  DW_TAG_TI_assign_register, DW_AT_name("PC")
     670                      .dwattr $C$DW$49, DW_AT_location[DW_OP_reg25]
     671              $C$DW$50        .dwtag  DW_TAG_TI_assign_register, DW_AT_name("RPC")
     672                      .dwattr $C$DW$50, DW_AT_location[DW_OP_reg26]
     673              $C$DW$51        .dwtag  DW_TAG_TI_assign_register, DW_AT_name("FP")
     674                      .dwattr $C$DW$51, DW_AT_location[DW_OP_reg28]
     675              $C$DW$52        .dwtag  DW_TAG_TI_assign_register, DW_AT_name("DP")
     676                      .dwattr $C$DW$52, DW_AT_location[DW_OP_reg29]
     677              $C$DW$53        .dwtag  DW_TAG_TI_assign_register, DW_AT_name("SXM")
     678                      .dwattr $C$DW$53, DW_AT_location[DW_OP_reg30]
     679              $C$DW$54        .dwtag  DW_TAG_TI_assign_register, DW_AT_name("PM")
     680                      .dwattr $C$DW$54, DW_AT_location[DW_OP_reg31]
     681              $C$DW$55        .dwtag  DW_TAG_TI_assign_register, DW_AT_name("OVM")
     682                      .dwattr $C$DW$55, DW_AT_location[DW_OP_regx 0x20]
     683              $C$DW$56        .dwtag  DW_TAG_TI_assign_register, DW_AT_name("PAGE0")
     684                      .dwattr $C$DW$56, DW_AT_location[DW_OP_regx 0x21]
     685              $C$DW$57        .dwtag  DW_TAG_TI_assign_register, DW_AT_name("AMODE")
     686                      .dwattr $C$DW$57, DW_AT_location[DW_OP_regx 0x22]
     687              $C$DW$58        .dwtag  DW_TAG_TI_assign_register, DW_AT_name("INTM")
     688                      .dwattr $C$DW$58, DW_AT_location[DW_OP_regx 0x23]
     689              $C$DW$59        .dwtag  DW_TAG_TI_assign_register, DW_AT_name("IFR")
     690                      .dwattr $C$DW$59, DW_AT_location[DW_OP_regx 0x24]
     691              $C$DW$60        .dwtag  DW_TAG_TI_assign_register, DW_AT_name("IER")
     692                      .dwattr $C$DW$60, DW_AT_location[DW_OP_regx 0x25]
     693              $C$DW$61        .dwtag  DW_TAG_TI_assign_register, DW_AT_name("V")
     694                      .dwattr $C$DW$61, DW_AT_location[DW_OP_regx 0x26]
     695              $C$DW$62        .dwtag  DW_TAG_TI_assign_register, DW_AT_name("PSEUDOH")
     696                      .dwattr $C$DW$62, DW_AT_location[DW_OP_regx 0x4c]
     697              $C$DW$63        .dwtag  DW_TAG_TI_assign_register, DW_AT_name("VOL")
     698                      .dwattr $C$DW$63, DW_AT_location[DW_OP_regx 0x4d]
     699              $C$DW$64        .dwtag  DW_TAG_TI_assign_register, DW_AT_name("AR0")
     700                      .dwattr $C$DW$64, DW_AT_location[DW_OP_reg4]
     701              $C$DW$65        .dwtag  DW_TAG_TI_assign_register, DW_AT_name("AR1")
     702                      .dwattr $C$DW$65, DW_AT_location[DW_OP_reg6]
TMS320C2000 Assembler PC v6.2.9 Tue Apr 14 13:32:28 2015

Tools Copyright (c) 1996-2014 Texas Instruments Incorporated
C:\Users\a0272466\AppData\Local\Temp\0182810                         PAGE   14

     703              $C$DW$66        .dwtag  DW_TAG_TI_assign_register, DW_AT_name("AR2")
     704                      .dwattr $C$DW$66, DW_AT_location[DW_OP_reg8]
     705              $C$DW$67        .dwtag  DW_TAG_TI_assign_register, DW_AT_name("AR3")
     706                      .dwattr $C$DW$67, DW_AT_location[DW_OP_reg10]
     707              $C$DW$68        .dwtag  DW_TAG_TI_assign_register, DW_AT_name("AR4")
     708                      .dwattr $C$DW$68, DW_AT_location[DW_OP_reg12]
     709              $C$DW$69        .dwtag  DW_TAG_TI_assign_register, DW_AT_name("AR5")
     710                      .dwattr $C$DW$69, DW_AT_location[DW_OP_reg14]
     711              $C$DW$70        .dwtag  DW_TAG_TI_assign_register, DW_AT_name("AR6")
     712                      .dwattr $C$DW$70, DW_AT_location[DW_OP_reg16]
     713              $C$DW$71        .dwtag  DW_TAG_TI_assign_register, DW_AT_name("XAR6")
     714                      .dwattr $C$DW$71, DW_AT_location[DW_OP_reg17]
     715              $C$DW$72        .dwtag  DW_TAG_TI_assign_register, DW_AT_name("AR7")
     716                      .dwattr $C$DW$72, DW_AT_location[DW_OP_reg18]
     717              $C$DW$73        .dwtag  DW_TAG_TI_assign_register, DW_AT_name("XAR7")
     718                      .dwattr $C$DW$73, DW_AT_location[DW_OP_reg19]
     719              $C$DW$74        .dwtag  DW_TAG_TI_assign_register, DW_AT_name("XAR0")
     720                      .dwattr $C$DW$74, DW_AT_location[DW_OP_reg5]
     721              $C$DW$75        .dwtag  DW_TAG_TI_assign_register, DW_AT_name("XAR1")
     722                      .dwattr $C$DW$75, DW_AT_location[DW_OP_reg7]
     723              $C$DW$76        .dwtag  DW_TAG_TI_assign_register, DW_AT_name("XAR2")
     724                      .dwattr $C$DW$76, DW_AT_location[DW_OP_reg9]
     725              $C$DW$77        .dwtag  DW_TAG_TI_assign_register, DW_AT_name("XAR3")
     726                      .dwattr $C$DW$77, DW_AT_location[DW_OP_reg11]
     727              $C$DW$78        .dwtag  DW_TAG_TI_assign_register, DW_AT_name("XAR4")
     728                      .dwattr $C$DW$78, DW_AT_location[DW_OP_reg13]
     729              $C$DW$79        .dwtag  DW_TAG_TI_assign_register, DW_AT_name("XAR5")
     730                      .dwattr $C$DW$79, DW_AT_location[DW_OP_reg15]
     731              $C$DW$80        .dwtag  DW_TAG_TI_assign_register, DW_AT_name("R0HL")
     732                      .dwattr $C$DW$80, DW_AT_location[DW_OP_regx 0x2b]
     733              $C$DW$81        .dwtag  DW_TAG_TI_assign_register, DW_AT_name("R0H")
     734                      .dwattr $C$DW$81, DW_AT_location[DW_OP_regx 0x2c]
     735              $C$DW$82        .dwtag  DW_TAG_TI_assign_register, DW_AT_name("R1HL")
     736                      .dwattr $C$DW$82, DW_AT_location[DW_OP_regx 0x2f]
     737              $C$DW$83        .dwtag  DW_TAG_TI_assign_register, DW_AT_name("R1H")
     738                      .dwattr $C$DW$83, DW_AT_location[DW_OP_regx 0x30]
     739              $C$DW$84        .dwtag  DW_TAG_TI_assign_register, DW_AT_name("R2HL")
     740                      .dwattr $C$DW$84, DW_AT_location[DW_OP_regx 0x33]
     741              $C$DW$85        .dwtag  DW_TAG_TI_assign_register, DW_AT_name("R2H")
     742                      .dwattr $C$DW$85, DW_AT_location[DW_OP_regx 0x34]
     743              $C$DW$86        .dwtag  DW_TAG_TI_assign_register, DW_AT_name("R3HL")
     744                      .dwattr $C$DW$86, DW_AT_location[DW_OP_regx 0x37]
     745              $C$DW$87        .dwtag  DW_TAG_TI_assign_register, DW_AT_name("R3H")
     746                      .dwattr $C$DW$87, DW_AT_location[DW_OP_regx 0x38]
     747              $C$DW$88        .dwtag  DW_TAG_TI_assign_register, DW_AT_name("R4HL")
     748                      .dwattr $C$DW$88, DW_AT_location[DW_OP_regx 0x3b]
     749              $C$DW$89        .dwtag  DW_TAG_TI_assign_register, DW_AT_name("R4H")
     750                      .dwattr $C$DW$89, DW_AT_location[DW_OP_regx 0x3c]
     751              $C$DW$90        .dwtag  DW_TAG_TI_assign_register, DW_AT_name("R5HL")
     752                      .dwattr $C$DW$90, DW_AT_location[DW_OP_regx 0x3f]
     753              $C$DW$91        .dwtag  DW_TAG_TI_assign_register, DW_AT_name("R5H")
     754                      .dwattr $C$DW$91, DW_AT_location[DW_OP_regx 0x40]
     755              $C$DW$92        .dwtag  DW_TAG_TI_assign_register, DW_AT_name("R6HL")
     756                      .dwattr $C$DW$92, DW_AT_location[DW_OP_regx 0x43]
     757              $C$DW$93        .dwtag  DW_TAG_TI_assign_register, DW_AT_name("R6H")
TMS320C2000 Assembler PC v6.2.9 Tue Apr 14 13:32:28 2015

Tools Copyright (c) 1996-2014 Texas Instruments Incorporated
C:\Users\a0272466\AppData\Local\Temp\0182810                         PAGE   15

     758                      .dwattr $C$DW$93, DW_AT_location[DW_OP_regx 0x44]
     759              $C$DW$94        .dwtag  DW_TAG_TI_assign_register, DW_AT_name("R7HL")
     760                      .dwattr $C$DW$94, DW_AT_location[DW_OP_regx 0x47]
     761              $C$DW$95        .dwtag  DW_TAG_TI_assign_register, DW_AT_name("R7H")
     762                      .dwattr $C$DW$95, DW_AT_location[DW_OP_regx 0x48]
     763              $C$DW$96        .dwtag  DW_TAG_TI_assign_register, DW_AT_name("RBL")
     764                      .dwattr $C$DW$96, DW_AT_location[DW_OP_regx 0x49]
     765              $C$DW$97        .dwtag  DW_TAG_TI_assign_register, DW_AT_name("RB")
     766                      .dwattr $C$DW$97, DW_AT_location[DW_OP_regx 0x4a]
     767              $C$DW$98        .dwtag  DW_TAG_TI_assign_register, DW_AT_name("STFL")
     768                      .dwattr $C$DW$98, DW_AT_location[DW_OP_regx 0x27]
     769              $C$DW$99        .dwtag  DW_TAG_TI_assign_register, DW_AT_name("STF")
     770                      .dwattr $C$DW$99, DW_AT_location[DW_OP_regx 0x28]
     771              $C$DW$100       .dwtag  DW_TAG_TI_assign_register, DW_AT_name("FPUHAZ")
     772                      .dwattr $C$DW$100, DW_AT_location[DW_OP_reg27]
     773              $C$DW$101       .dwtag  DW_TAG_TI_assign_register, DW_AT_name("CIE_RETA")
     774                      .dwattr $C$DW$101, DW_AT_location[DW_OP_regx 0x4e]
     775                      .dwendtag $C$DW$CU
     776              

No Assembly Errors, No Assembly Warnings
