TMS320C2000 Assembler PC v6.4.4 Tue Feb 14 14:43:10 2017

Tools Copyright (c) 1996-2015 Texas Instruments Incorporated
C:\Users\a0221343\AppData\Local\Temp\0861211                         PAGE    1

       1              ;***************************************************************
       2              ;* TMS320C2000 C/C++ Codegen                         PC v6.4.4 *
       3              ;* Date/Time created: Tue Feb 14 14:43:10 2017                 *
       4              ;***************************************************************
       5                      .compiler_opts --cla_support=cla0 --float_support=fpu32 --hll_source=on --mem_model:code=flat --mem_m
       6        0002  FP      .set    XAR2
       7              
       8              $C$DW$CU        .dwtag  DW_TAG_compile_unit
       9                      .dwattr $C$DW$CU, DW_AT_name("C:/Users/a0221343/Git/bootROM/f28004x_bootrom/F28004x_ROM_dev_PG2.0/F28
      10                      .dwattr $C$DW$CU, DW_AT_producer("TI TMS320C2000 C/C++ Codegen PC v6.4.4 Copyright (c) 1996-2015 Texa
      11                      .dwattr $C$DW$CU, DW_AT_TI_version(0x01)
      12                      .dwattr $C$DW$CU, DW_AT_comp_dir("C:\Users\a0221343\Git\bootROM\f28004x_bootrom\F28004x_ROM_dev_PG2.0
      13              
      14              $C$DW$1 .dwtag  DW_TAG_subprogram, DW_AT_name("__enable_interrupts")
      15                      .dwattr $C$DW$1, DW_AT_TI_symbol_name("___enable_interrupts")
      16                      .dwattr $C$DW$1, DW_AT_type(*$C$DW$T$11)
      17                      .dwattr $C$DW$1, DW_AT_declaration
      18                      .dwattr $C$DW$1, DW_AT_external
      19              
      20              $C$DW$2 .dwtag  DW_TAG_subprogram, DW_AT_name("__disable_interrupts")
      21                      .dwattr $C$DW$2, DW_AT_TI_symbol_name("___disable_interrupts")
      22                      .dwattr $C$DW$2, DW_AT_type(*$C$DW$T$11)
      23                      .dwattr $C$DW$2, DW_AT_declaration
      24                      .dwattr $C$DW$2, DW_AT_external
      25              ;       C:\ti\ccsv6\tools\compiler\ti-cgt-c2000_6.4.4\bin\ac2000.exe -@C:\\Users\\a0221343\\AppData\\Local\\T
      26 00000000               .sect   ".text:_Interrupt_defaultHandler"
      27                      .clink
      28              
      29              $C$DW$3 .dwtag  DW_TAG_subprogram, DW_AT_name("Interrupt_defaultHandler")
      30                      .dwattr $C$DW$3, DW_AT_low_pc(_Interrupt_defaultHandler)
      31                      .dwattr $C$DW$3, DW_AT_high_pc(0x00)
      32                      .dwattr $C$DW$3, DW_AT_TI_symbol_name("_Interrupt_defaultHandler")
      33                      .dwattr $C$DW$3, DW_AT_TI_begin_file("C:\Users\a0221343\Git\bootROM\f28004x_bootrom\F28004x_ROM_dev_P
      34                      .dwattr $C$DW$3, DW_AT_TI_begin_line(0x69)
      35                      .dwattr $C$DW$3, DW_AT_TI_begin_column(0x0d)
      36                      .dwattr $C$DW$3, DW_AT_TI_max_frame_size(-4)
      37                      .dwpsn  file "C:\Users\a0221343\Git\bootROM\f28004x_bootrom\F28004x_ROM_dev_PG2.0\F28004x_ROM\driverl
      38              
      39                      .dwfde $C$DW$CIE, _Interrupt_defaultHandler
      40              
      41              ;***************************************************************
      42              ;* FNAME: _Interrupt_defaultHandler     FR SIZE:   2           *
      43              ;*                                                             *
      44              ;* FUNCTION ENVIRONMENT                                        *
      45              ;*                                                             *
      46              ;* FUNCTION PROPERTIES                                         *
      47              ;*                            0 Parameter,  1 Auto,  0 SOE     *
      48              ;***************************************************************
      49              
      50 00000000       _Interrupt_defaultHandler:
      51                      .dwcfi  cfa_offset, -2
      52                      .dwcfi  save_reg_to_mem, 26, 0
      53 00000000 FE02          ADDB      SP,#2                 ; [CPU_U] 
      54                      .dwcfi  cfa_offset, -4
      55              $C$DW$4 .dwtag  DW_TAG_variable, DW_AT_name("vectID")
TMS320C2000 Assembler PC v6.4.4 Tue Feb 14 14:43:10 2017

Tools Copyright (c) 1996-2015 Texas Instruments Incorporated
C:\Users\a0221343\AppData\Local\Temp\0861211                         PAGE    2

      56                      .dwattr $C$DW$4, DW_AT_TI_symbol_name("_vectID")
      57                      .dwattr $C$DW$4, DW_AT_type(*$C$DW$T$21)
      58                      .dwattr $C$DW$4, DW_AT_location[DW_OP_breg20 -1]
      59                      .dwpsn  file "C:\Users\a0221343\Git\bootROM\f28004x_bootrom\F28004x_ROM_dev_PG2.0\F28004x_ROM\driverl
      60 00000001 F5A9          MOV       AL,*(0:0x0ce0)        ; [CPU_] |111| 
         00000002 0CE0 
      61 00000003 90FE          ANDB      AL,#0xfe              ; [CPU_] |111| 
      62 00000004 FFC0          LSR       AL,1                  ; [CPU_] |111| 
      63 00000005 9641          MOV       *-SP[1],AL            ; [CPU_] |111| 
      64                      .dwpsn  file "C:\Users\a0221343\Git\bootROM\f28004x_bootrom\F28004x_ROM_dev_PG2.0\F28004x_ROM\driverl
      65                      .dwpsn  file "C:\Users\a0221343\Git\bootROM\f28004x_bootrom\F28004x_ROM_dev_PG2.0\F28004x_ROM\driverl
      66 00000006 7625   ESTOP0
      67 00000007       $C$L1:    
      68                      .dwpsn  file "C:\Users\a0221343\Git\bootROM\f28004x_bootrom\F28004x_ROM_dev_PG2.0\F28004x_ROM\driverl
      69 00000007 6F00          B         $C$L1,UNC             ; [CPU_] |120| 
      70                      ; branch occurs ; [] |120| 
      71                      .dwattr $C$DW$3, DW_AT_TI_end_file("C:\Users\a0221343\Git\bootROM\f28004x_bootrom\F28004x_ROM_dev_PG2
      72                      .dwattr $C$DW$3, DW_AT_TI_end_line(0x79)
      73                      .dwattr $C$DW$3, DW_AT_TI_end_column(0x01)
      74                      .dwendentry
      75                      .dwendtag $C$DW$3
      76              
      77 00000000               .sect   ".text:_Interrupt_illegalOperationHandler"
      78                      .clink
      79              
      80              $C$DW$5 .dwtag  DW_TAG_subprogram, DW_AT_name("Interrupt_illegalOperationHandler")
      81                      .dwattr $C$DW$5, DW_AT_low_pc(_Interrupt_illegalOperationHandler)
      82                      .dwattr $C$DW$5, DW_AT_high_pc(0x00)
      83                      .dwattr $C$DW$5, DW_AT_TI_symbol_name("_Interrupt_illegalOperationHandler")
      84                      .dwattr $C$DW$5, DW_AT_TI_begin_file("C:\Users\a0221343\Git\bootROM\f28004x_bootrom\F28004x_ROM_dev_P
      85                      .dwattr $C$DW$5, DW_AT_TI_begin_line(0x8b)
      86                      .dwattr $C$DW$5, DW_AT_TI_begin_column(0x0d)
      87                      .dwattr $C$DW$5, DW_AT_TI_max_frame_size(-2)
      88                      .dwpsn  file "C:\Users\a0221343\Git\bootROM\f28004x_bootrom\F28004x_ROM_dev_PG2.0\F28004x_ROM\driverl
      89              
      90                      .dwfde $C$DW$CIE, _Interrupt_illegalOperationHandler
      91              
      92              ;***************************************************************
      93              ;* FNAME: _Interrupt_illegalOperationHandler FR SIZE:   0           *
      94              ;*                                                             *
      95              ;* FUNCTION ENVIRONMENT                                        *
      96              ;*                                                             *
      97              ;* FUNCTION PROPERTIES                                         *
      98              ;*                            0 Parameter,  0 Auto,  0 SOE     *
      99              ;***************************************************************
     100              
     101 00000000       _Interrupt_illegalOperationHandler:
     102                      .dwcfi  cfa_offset, -2
     103                      .dwcfi  save_reg_to_mem, 26, 0
     104                      .dwpsn  file "C:\Users\a0221343\Git\bootROM\f28004x_bootrom\F28004x_ROM_dev_PG2.0\F28004x_ROM\driverl
     105 00000000 7625   ESTOP0
     106 00000001       $C$L2:    
     107                      .dwpsn  file "C:\Users\a0221343\Git\bootROM\f28004x_bootrom\F28004x_ROM_dev_PG2.0\F28004x_ROM\driverl
     108 00000001 6F00          B         $C$L2,UNC             ; [CPU_] |144| 
     109                      ; branch occurs ; [] |144| 
TMS320C2000 Assembler PC v6.4.4 Tue Feb 14 14:43:10 2017

Tools Copyright (c) 1996-2015 Texas Instruments Incorporated
C:\Users\a0221343\AppData\Local\Temp\0861211                         PAGE    3

     110                      .dwattr $C$DW$5, DW_AT_TI_end_file("C:\Users\a0221343\Git\bootROM\f28004x_bootrom\F28004x_ROM_dev_PG2
     111                      .dwattr $C$DW$5, DW_AT_TI_end_line(0x91)
     112                      .dwattr $C$DW$5, DW_AT_TI_end_column(0x01)
     113                      .dwendentry
     114                      .dwendtag $C$DW$5
     115              
     116 00000000               .sect   ".text:_Interrupt_nmiHandler"
     117                      .clink
     118              
     119              $C$DW$6 .dwtag  DW_TAG_subprogram, DW_AT_name("Interrupt_nmiHandler")
     120                      .dwattr $C$DW$6, DW_AT_low_pc(_Interrupt_nmiHandler)
     121                      .dwattr $C$DW$6, DW_AT_high_pc(0x00)
     122                      .dwattr $C$DW$6, DW_AT_TI_symbol_name("_Interrupt_nmiHandler")
     123                      .dwattr $C$DW$6, DW_AT_TI_begin_file("C:\Users\a0221343\Git\bootROM\f28004x_bootrom\F28004x_ROM_dev_P
     124                      .dwattr $C$DW$6, DW_AT_TI_begin_line(0xa2)
     125                      .dwattr $C$DW$6, DW_AT_TI_begin_column(0x0d)
     126                      .dwattr $C$DW$6, DW_AT_TI_max_frame_size(-2)
     127                      .dwpsn  file "C:\Users\a0221343\Git\bootROM\f28004x_bootrom\F28004x_ROM_dev_PG2.0\F28004x_ROM\driverl
     128              
     129                      .dwfde $C$DW$CIE, _Interrupt_nmiHandler
     130              
     131              ;***************************************************************
     132              ;* FNAME: _Interrupt_nmiHandler         FR SIZE:   0           *
     133              ;*                                                             *
     134              ;* FUNCTION ENVIRONMENT                                        *
     135              ;*                                                             *
     136              ;* FUNCTION PROPERTIES                                         *
     137              ;*                            0 Parameter,  0 Auto,  0 SOE     *
     138              ;***************************************************************
     139              
     140 00000000       _Interrupt_nmiHandler:
     141                      .dwcfi  cfa_offset, -2
     142                      .dwcfi  save_reg_to_mem, 26, 0
     143                      .dwpsn  file "C:\Users\a0221343\Git\bootROM\f28004x_bootrom\F28004x_ROM_dev_PG2.0\F28004x_ROM\driverl
     144 00000000 7625   ESTOP0
     145 00000001       $C$L3:    
     146                      .dwpsn  file "C:\Users\a0221343\Git\bootROM\f28004x_bootrom\F28004x_ROM_dev_PG2.0\F28004x_ROM\driverl
     147 00000001 6F00          B         $C$L3,UNC             ; [CPU_] |168| 
     148                      ; branch occurs ; [] |168| 
     149                      .dwattr $C$DW$6, DW_AT_TI_end_file("C:\Users\a0221343\Git\bootROM\f28004x_bootrom\F28004x_ROM_dev_PG2
     150                      .dwattr $C$DW$6, DW_AT_TI_end_line(0xa9)
     151                      .dwattr $C$DW$6, DW_AT_TI_end_column(0x01)
     152                      .dwendentry
     153                      .dwendtag $C$DW$6
     154              
     155 00000000               .sect   ".text:_Interrupt_enableMaster"
     156                      .clink
     157              
     158              $C$DW$7 .dwtag  DW_TAG_subprogram, DW_AT_name("Interrupt_enableMaster")
     159                      .dwattr $C$DW$7, DW_AT_low_pc(_Interrupt_enableMaster)
     160                      .dwattr $C$DW$7, DW_AT_high_pc(0x00)
     161                      .dwattr $C$DW$7, DW_AT_TI_symbol_name("_Interrupt_enableMaster")
     162                      .dwattr $C$DW$7, DW_AT_type(*$C$DW$T$32)
     163                      .dwattr $C$DW$7, DW_AT_TI_begin_file("C:\Users\a0221343\Git\bootROM\f28004x_bootrom\F28004x_ROM_dev_P
     164                      .dwattr $C$DW$7, DW_AT_TI_begin_line(0xb7)
TMS320C2000 Assembler PC v6.4.4 Tue Feb 14 14:43:10 2017

Tools Copyright (c) 1996-2015 Texas Instruments Incorporated
C:\Users\a0221343\AppData\Local\Temp\0861211                         PAGE    4

     165                      .dwattr $C$DW$7, DW_AT_TI_begin_column(0x01)
     166                      .dwattr $C$DW$7, DW_AT_TI_max_frame_size(-2)
     167                      .dwpsn  file "C:\Users\a0221343\Git\bootROM\f28004x_bootrom\F28004x_ROM_dev_PG2.0\F28004x_ROM\driverl
     168              
     169                      .dwfde $C$DW$CIE, _Interrupt_enableMaster
     170              
     171              ;***************************************************************
     172              ;* FNAME: _Interrupt_enableMaster       FR SIZE:   0           *
     173              ;*                                                             *
     174              ;* FUNCTION ENVIRONMENT                                        *
     175              ;*                                                             *
     176              ;* FUNCTION PROPERTIES                                         *
     177              ;*                            0 Parameter,  0 Auto,  0 SOE     *
     178              ;***************************************************************
     179              
     180 00000000       _Interrupt_enableMaster:
     181                      .dwcfi  cfa_offset, -2
     182                      .dwcfi  save_reg_to_mem, 26, 0
     183                      .dwpsn  file "C:\Users\a0221343\Git\bootROM\f28004x_bootrom\F28004x_ROM_dev_PG2.0\F28004x_ROM\driverl
     184 00000000 9A00          MOVB      AL,#0                 ; [CPU_] |186| 
     185 00000001 7608          PUSH      ST1                   ; [CPU_] |186| 
     186 00000002 2930          CLRC      INTM, DBGM            ; [CPU_] |186| 
     187 00000003 93BE          MOV       AH,*--SP              ; [CPU_] |186| 
     188 00000004 40A8          TBIT      AH,#0                 ; [CPU_] |186| 
     189 00000005 EF03          BF        $C$L4,NTC             ; [CPU_] |186| 
     190                      ; branchcc occurs ; [] |186| 
     191 00000006 9B01          MOVB      AH,#1                 ; [CPU_] |186| 
     192 00000007 6F02          B         $C$L5,UNC             ; [CPU_] |186| 
     193                      ; branch occurs ; [] |186| 
     194 00000008       $C$L4:    
     195 00000008 9B00          MOVB      AH,#0                 ; [CPU_] |186| 
     196 00000009       $C$L5:    
     197 00000009 5300          CMPB      AH,#0                 ; [CPU_] |186| 
     198 0000000a EC02          BF        $C$L6,EQ              ; [CPU_] |186| 
     199                      ; branchcc occurs ; [] |186| 
     200 0000000b 9A01          MOVB      AL,#1                 ; [CPU_] |186| 
     201 0000000c       $C$L6:    
     202                      .dwpsn  file "C:\Users\a0221343\Git\bootROM\f28004x_bootrom\F28004x_ROM_dev_PG2.0\F28004x_ROM\driverl
     203              $C$DW$8 .dwtag  DW_TAG_TI_branch
     204                      .dwattr $C$DW$8, DW_AT_low_pc(0x00)
     205                      .dwattr $C$DW$8, DW_AT_TI_return
     206 0000000c 0006          LRETR     ; [CPU_] 
     207                      ; return occurs ; [] 
     208                      .dwattr $C$DW$7, DW_AT_TI_end_file("C:\Users\a0221343\Git\bootROM\f28004x_bootrom\F28004x_ROM_dev_PG2
     209                      .dwattr $C$DW$7, DW_AT_TI_end_line(0xbb)
     210                      .dwattr $C$DW$7, DW_AT_TI_end_column(0x01)
     211                      .dwendentry
     212                      .dwendtag $C$DW$7
     213              
     214 00000000               .sect   ".text:_Interrupt_disableMaster"
     215                      .clink
     216              
     217              $C$DW$9 .dwtag  DW_TAG_subprogram, DW_AT_name("Interrupt_disableMaster")
     218                      .dwattr $C$DW$9, DW_AT_low_pc(_Interrupt_disableMaster)
     219                      .dwattr $C$DW$9, DW_AT_high_pc(0x00)
TMS320C2000 Assembler PC v6.4.4 Tue Feb 14 14:43:10 2017

Tools Copyright (c) 1996-2015 Texas Instruments Incorporated
C:\Users\a0221343\AppData\Local\Temp\0861211                         PAGE    5

     220                      .dwattr $C$DW$9, DW_AT_TI_symbol_name("_Interrupt_disableMaster")
     221                      .dwattr $C$DW$9, DW_AT_type(*$C$DW$T$32)
     222                      .dwattr $C$DW$9, DW_AT_TI_begin_file("C:\Users\a0221343\Git\bootROM\f28004x_bootrom\F28004x_ROM_dev_P
     223                      .dwattr $C$DW$9, DW_AT_TI_begin_line(0xc9)
     224                      .dwattr $C$DW$9, DW_AT_TI_begin_column(0x01)
     225                      .dwattr $C$DW$9, DW_AT_TI_max_frame_size(-2)
     226                      .dwpsn  file "C:\Users\a0221343\Git\bootROM\f28004x_bootrom\F28004x_ROM_dev_PG2.0\F28004x_ROM\driverl
     227              
     228                      .dwfde $C$DW$CIE, _Interrupt_disableMaster
     229              
     230              ;***************************************************************
     231              ;* FNAME: _Interrupt_disableMaster      FR SIZE:   0           *
     232              ;*                                                             *
     233              ;* FUNCTION ENVIRONMENT                                        *
     234              ;*                                                             *
     235              ;* FUNCTION PROPERTIES                                         *
     236              ;*                            0 Parameter,  0 Auto,  0 SOE     *
     237              ;***************************************************************
     238              
     239 00000000       _Interrupt_disableMaster:
     240                      .dwcfi  cfa_offset, -2
     241                      .dwcfi  save_reg_to_mem, 26, 0
     242                      .dwpsn  file "C:\Users\a0221343\Git\bootROM\f28004x_bootrom\F28004x_ROM_dev_PG2.0\F28004x_ROM\driverl
     243 00000000 9A00          MOVB      AL,#0                 ; [CPU_] |204| 
     244 00000001 7608          PUSH      ST1                   ; [CPU_] |204| 
     245 00000002 3B30          SETC      INTM, DBGM            ; [CPU_] |204| 
     246 00000003 93BE          MOV       AH,*--SP              ; [CPU_] |204| 
     247 00000004 40A8          TBIT      AH,#0                 ; [CPU_] |204| 
     248 00000005 EF03          BF        $C$L7,NTC             ; [CPU_] |204| 
     249                      ; branchcc occurs ; [] |204| 
     250 00000006 9B01          MOVB      AH,#1                 ; [CPU_] |204| 
     251 00000007 6F02          B         $C$L8,UNC             ; [CPU_] |204| 
     252                      ; branch occurs ; [] |204| 
     253 00000008       $C$L7:    
     254 00000008 9B00          MOVB      AH,#0                 ; [CPU_] |204| 
     255 00000009       $C$L8:    
     256 00000009 5300          CMPB      AH,#0                 ; [CPU_] |204| 
     257 0000000a EC02          BF        $C$L9,EQ              ; [CPU_] |204| 
     258                      ; branchcc occurs ; [] |204| 
     259 0000000b 9A01          MOVB      AL,#1                 ; [CPU_] |204| 
     260 0000000c       $C$L9:    
     261                      .dwpsn  file "C:\Users\a0221343\Git\bootROM\f28004x_bootrom\F28004x_ROM_dev_PG2.0\F28004x_ROM\driverl
     262              $C$DW$10        .dwtag  DW_TAG_TI_branch
     263                      .dwattr $C$DW$10, DW_AT_low_pc(0x00)
     264                      .dwattr $C$DW$10, DW_AT_TI_return
     265 0000000c 0006          LRETR     ; [CPU_] 
     266                      ; return occurs ; [] 
     267                      .dwattr $C$DW$9, DW_AT_TI_end_file("C:\Users\a0221343\Git\bootROM\f28004x_bootrom\F28004x_ROM_dev_PG2
     268                      .dwattr $C$DW$9, DW_AT_TI_end_line(0xcd)
     269                      .dwattr $C$DW$9, DW_AT_TI_end_column(0x01)
     270                      .dwendentry
     271                      .dwendtag $C$DW$9
     272              
     273 00000000               .sect   ".text:_Interrupt_clearIFR"
     274                      .clink
TMS320C2000 Assembler PC v6.4.4 Tue Feb 14 14:43:10 2017

Tools Copyright (c) 1996-2015 Texas Instruments Incorporated
C:\Users\a0221343\AppData\Local\Temp\0861211                         PAGE    6

     275              
     276              $C$DW$11        .dwtag  DW_TAG_subprogram, DW_AT_name("Interrupt_clearIFR")
     277                      .dwattr $C$DW$11, DW_AT_low_pc(_Interrupt_clearIFR)
     278                      .dwattr $C$DW$11, DW_AT_high_pc(0x00)
     279                      .dwattr $C$DW$11, DW_AT_TI_symbol_name("_Interrupt_clearIFR")
     280                      .dwattr $C$DW$11, DW_AT_TI_begin_file("C:/Users/a0221343/Git/bootROM/f28004x_bootrom/F28004x_ROM_dev_
     281                      .dwattr $C$DW$11, DW_AT_TI_begin_line(0x1a)
     282                      .dwattr $C$DW$11, DW_AT_TI_begin_column(0x0d)
     283                      .dwattr $C$DW$11, DW_AT_TI_max_frame_size(-4)
     284                      .dwpsn  file "C:/Users/a0221343/Git/bootROM/f28004x_bootrom/F28004x_ROM_dev_PG2.0/F28004x_ROM/driverl
     285              
     286                      .dwfde $C$DW$CIE, _Interrupt_clearIFR
     287              $C$DW$12        .dwtag  DW_TAG_formal_parameter, DW_AT_name("group")
     288                      .dwattr $C$DW$12, DW_AT_TI_symbol_name("_group")
     289                      .dwattr $C$DW$12, DW_AT_type(*$C$DW$T$21)
     290                      .dwattr $C$DW$12, DW_AT_location[DW_OP_reg0]
     291              
     292              ;***************************************************************
     293              ;* FNAME: _Interrupt_clearIFR           FR SIZE:   2           *
     294              ;*                                                             *
     295              ;* FUNCTION ENVIRONMENT                                        *
     296              ;*                                                             *
     297              ;* FUNCTION PROPERTIES                                         *
     298              ;*                            0 Parameter,  1 Auto,  0 SOE     *
     299              ;***************************************************************
     300              
     301 00000000       _Interrupt_clearIFR:
     302                      .dwcfi  cfa_offset, -2
     303                      .dwcfi  save_reg_to_mem, 26, 0
     304 00000000 FE02          ADDB      SP,#2                 ; [CPU_U] 
     305                      .dwcfi  cfa_offset, -4
     306              $C$DW$13        .dwtag  DW_TAG_variable, DW_AT_name("group")
     307                      .dwattr $C$DW$13, DW_AT_TI_symbol_name("_group")
     308                      .dwattr $C$DW$13, DW_AT_type(*$C$DW$T$21)
     309                      .dwattr $C$DW$13, DW_AT_location[DW_OP_breg20 -1]
     310 00000001 9641          MOV       *-SP[1],AL            ; [CPU_] |27| 
     311                      .dwpsn  file "C:/Users/a0221343/Git/bootROM/f28004x_bootrom/F28004x_ROM_dev_PG2.0/F28004x_ROM/driverl
     312 00000002 6F31          B         $C$L26,UNC            ; [CPU_] |28| 
     313                      ; branch occurs ; [] |28| 
     314 00000003       $C$L10:    
     315                      .dwpsn  file "C:/Users/a0221343/Git/bootROM/f28004x_bootrom/F28004x_ROM_dev_PG2.0/F28004x_ROM/driverl
     316 00000003 762F          AND       IFR,#0xfffe           ; [CPU_] |31| 
         00000004 FFFE 
     317                      .dwpsn  file "C:/Users/a0221343/Git/bootROM/f28004x_bootrom/F28004x_ROM_dev_PG2.0/F28004x_ROM/driverl
     318 00000005 6F7B          B         $C$L30,UNC            ; [CPU_] |32| 
     319                      ; branch occurs ; [] |32| 
     320 00000006       $C$L11:    
     321                      .dwpsn  file "C:/Users/a0221343/Git/bootROM/f28004x_bootrom/F28004x_ROM_dev_PG2.0/F28004x_ROM/driverl
     322 00000006 762F          AND       IFR,#0xfffd           ; [CPU_] |34| 
         00000007 FFFD 
     323                      .dwpsn  file "C:/Users/a0221343/Git/bootROM/f28004x_bootrom/F28004x_ROM_dev_PG2.0/F28004x_ROM/driverl
     324 00000008 6F78          B         $C$L30,UNC            ; [CPU_] |35| 
     325                      ; branch occurs ; [] |35| 
     326 00000009       $C$L12:    
     327                      .dwpsn  file "C:/Users/a0221343/Git/bootROM/f28004x_bootrom/F28004x_ROM_dev_PG2.0/F28004x_ROM/driverl
TMS320C2000 Assembler PC v6.4.4 Tue Feb 14 14:43:10 2017

Tools Copyright (c) 1996-2015 Texas Instruments Incorporated
C:\Users\a0221343\AppData\Local\Temp\0861211                         PAGE    7

     328 00000009 762F          AND       IFR,#0xfffb           ; [CPU_] |37| 
         0000000a FFFB 
     329                      .dwpsn  file "C:/Users/a0221343/Git/bootROM/f28004x_bootrom/F28004x_ROM_dev_PG2.0/F28004x_ROM/driverl
     330 0000000b 6F75          B         $C$L30,UNC            ; [CPU_] |38| 
     331                      ; branch occurs ; [] |38| 
     332 0000000c       $C$L13:    
     333                      .dwpsn  file "C:/Users/a0221343/Git/bootROM/f28004x_bootrom/F28004x_ROM_dev_PG2.0/F28004x_ROM/driverl
     334 0000000c 762F          AND       IFR,#0xfff7           ; [CPU_] |40| 
         0000000d FFF7 
     335                      .dwpsn  file "C:/Users/a0221343/Git/bootROM/f28004x_bootrom/F28004x_ROM_dev_PG2.0/F28004x_ROM/driverl
     336 0000000e 6F72          B         $C$L30,UNC            ; [CPU_] |41| 
     337                      ; branch occurs ; [] |41| 
     338 0000000f       $C$L14:    
     339                      .dwpsn  file "C:/Users/a0221343/Git/bootROM/f28004x_bootrom/F28004x_ROM_dev_PG2.0/F28004x_ROM/driverl
     340 0000000f 762F          AND       IFR,#0xffef           ; [CPU_] |43| 
         00000010 FFEF 
     341                      .dwpsn  file "C:/Users/a0221343/Git/bootROM/f28004x_bootrom/F28004x_ROM_dev_PG2.0/F28004x_ROM/driverl
     342 00000011 6F6F          B         $C$L30,UNC            ; [CPU_] |44| 
     343                      ; branch occurs ; [] |44| 
     344 00000012       $C$L15:    
     345                      .dwpsn  file "C:/Users/a0221343/Git/bootROM/f28004x_bootrom/F28004x_ROM_dev_PG2.0/F28004x_ROM/driverl
     346 00000012 762F          AND       IFR,#0xffdf           ; [CPU_] |46| 
         00000013 FFDF 
     347                      .dwpsn  file "C:/Users/a0221343/Git/bootROM/f28004x_bootrom/F28004x_ROM_dev_PG2.0/F28004x_ROM/driverl
     348 00000014 6F6C          B         $C$L30,UNC            ; [CPU_] |47| 
     349                      ; branch occurs ; [] |47| 
     350 00000015       $C$L16:    
     351                      .dwpsn  file "C:/Users/a0221343/Git/bootROM/f28004x_bootrom/F28004x_ROM_dev_PG2.0/F28004x_ROM/driverl
     352 00000015 762F          AND       IFR,#0xffbf           ; [CPU_] |49| 
         00000016 FFBF 
     353                      .dwpsn  file "C:/Users/a0221343/Git/bootROM/f28004x_bootrom/F28004x_ROM_dev_PG2.0/F28004x_ROM/driverl
     354 00000017 6F69          B         $C$L30,UNC            ; [CPU_] |50| 
     355                      ; branch occurs ; [] |50| 
     356 00000018       $C$L17:    
     357                      .dwpsn  file "C:/Users/a0221343/Git/bootROM/f28004x_bootrom/F28004x_ROM_dev_PG2.0/F28004x_ROM/driverl
     358 00000018 762F          AND       IFR,#0xff7f           ; [CPU_] |52| 
         00000019 FF7F 
     359                      .dwpsn  file "C:/Users/a0221343/Git/bootROM/f28004x_bootrom/F28004x_ROM_dev_PG2.0/F28004x_ROM/driverl
     360 0000001a 6F66          B         $C$L30,UNC            ; [CPU_] |53| 
     361                      ; branch occurs ; [] |53| 
     362 0000001b       $C$L18:    
     363                      .dwpsn  file "C:/Users/a0221343/Git/bootROM/f28004x_bootrom/F28004x_ROM_dev_PG2.0/F28004x_ROM/driverl
     364 0000001b 762F          AND       IFR,#0xfeff           ; [CPU_] |55| 
         0000001c FEFF 
     365                      .dwpsn  file "C:/Users/a0221343/Git/bootROM/f28004x_bootrom/F28004x_ROM_dev_PG2.0/F28004x_ROM/driverl
     366 0000001d 6F63          B         $C$L30,UNC            ; [CPU_] |56| 
     367                      ; branch occurs ; [] |56| 
     368 0000001e       $C$L19:    
     369                      .dwpsn  file "C:/Users/a0221343/Git/bootROM/f28004x_bootrom/F28004x_ROM_dev_PG2.0/F28004x_ROM/driverl
     370 0000001e 762F          AND       IFR,#0xfdff           ; [CPU_] |58| 
         0000001f FDFF 
     371                      .dwpsn  file "C:/Users/a0221343/Git/bootROM/f28004x_bootrom/F28004x_ROM_dev_PG2.0/F28004x_ROM/driverl
     372 00000020 6F60          B         $C$L30,UNC            ; [CPU_] |59| 
     373                      ; branch occurs ; [] |59| 
     374 00000021       $C$L20:    
TMS320C2000 Assembler PC v6.4.4 Tue Feb 14 14:43:10 2017

Tools Copyright (c) 1996-2015 Texas Instruments Incorporated
C:\Users\a0221343\AppData\Local\Temp\0861211                         PAGE    8

     375                      .dwpsn  file "C:/Users/a0221343/Git/bootROM/f28004x_bootrom/F28004x_ROM_dev_PG2.0/F28004x_ROM/driverl
     376 00000021 762F          AND       IFR,#0xfbff           ; [CPU_] |61| 
         00000022 FBFF 
     377                      .dwpsn  file "C:/Users/a0221343/Git/bootROM/f28004x_bootrom/F28004x_ROM_dev_PG2.0/F28004x_ROM/driverl
     378 00000023 6F5D          B         $C$L30,UNC            ; [CPU_] |62| 
     379                      ; branch occurs ; [] |62| 
     380 00000024       $C$L21:    
     381                      .dwpsn  file "C:/Users/a0221343/Git/bootROM/f28004x_bootrom/F28004x_ROM_dev_PG2.0/F28004x_ROM/driverl
     382 00000024 762F          AND       IFR,#0xf7ff           ; [CPU_] |64| 
         00000025 F7FF 
     383                      .dwpsn  file "C:/Users/a0221343/Git/bootROM/f28004x_bootrom/F28004x_ROM_dev_PG2.0/F28004x_ROM/driverl
     384 00000026 6F5A          B         $C$L30,UNC            ; [CPU_] |65| 
     385                      ; branch occurs ; [] |65| 
     386 00000027       $C$L22:    
     387                      .dwpsn  file "C:/Users/a0221343/Git/bootROM/f28004x_bootrom/F28004x_ROM_dev_PG2.0/F28004x_ROM/driverl
     388 00000027 762F          AND       IFR,#0xefff           ; [CPU_] |67| 
         00000028 EFFF 
     389                      .dwpsn  file "C:/Users/a0221343/Git/bootROM/f28004x_bootrom/F28004x_ROM_dev_PG2.0/F28004x_ROM/driverl
     390 00000029 6F57          B         $C$L30,UNC            ; [CPU_] |68| 
     391                      ; branch occurs ; [] |68| 
     392 0000002a       $C$L23:    
     393                      .dwpsn  file "C:/Users/a0221343/Git/bootROM/f28004x_bootrom/F28004x_ROM_dev_PG2.0/F28004x_ROM/driverl
     394 0000002a 762F          AND       IFR,#0xdfff           ; [CPU_] |70| 
         0000002b DFFF 
     395                      .dwpsn  file "C:/Users/a0221343/Git/bootROM/f28004x_bootrom/F28004x_ROM_dev_PG2.0/F28004x_ROM/driverl
     396 0000002c 6F54          B         $C$L30,UNC            ; [CPU_] |71| 
     397                      ; branch occurs ; [] |71| 
     398 0000002d       $C$L24:    
     399                      .dwpsn  file "C:/Users/a0221343/Git/bootROM/f28004x_bootrom/F28004x_ROM_dev_PG2.0/F28004x_ROM/driverl
     400 0000002d 762F          AND       IFR,#0xbfff           ; [CPU_] |73| 
         0000002e BFFF 
     401                      .dwpsn  file "C:/Users/a0221343/Git/bootROM/f28004x_bootrom/F28004x_ROM_dev_PG2.0/F28004x_ROM/driverl
     402 0000002f 6F51          B         $C$L30,UNC            ; [CPU_] |74| 
     403                      ; branch occurs ; [] |74| 
     404 00000030       $C$L25:    
     405                      .dwpsn  file "C:/Users/a0221343/Git/bootROM/f28004x_bootrom/F28004x_ROM_dev_PG2.0/F28004x_ROM/driverl
     406 00000030 762F          AND       IFR,#0x7fff           ; [CPU_] |76| 
         00000031 7FFF 
     407                      .dwpsn  file "C:/Users/a0221343/Git/bootROM/f28004x_bootrom/F28004x_ROM_dev_PG2.0/F28004x_ROM/driverl
     408 00000032 6F4E          B         $C$L30,UNC            ; [CPU_] |77| 
     409                      ; branch occurs ; [] |77| 
     410 00000033       $C$L26:    
     411                      .dwpsn  file "C:/Users/a0221343/Git/bootROM/f28004x_bootrom/F28004x_ROM_dev_PG2.0/F28004x_ROM/driverl
     412 00000033 5280          CMPB      AL,#128               ; [CPU_] |28| 
     413 00000034 8841          MOVZ      AR6,*-SP[1]           ; [CPU_] |28| 
     414 00000035 56C2          BF        $C$L28,GT             ; [CPU_] |28| 
         00000036 001E 
     415                      ; branchcc occurs ; [] |28| 
     416 00000037 5280          CMPB      AL,#128               ; [CPU_] |28| 
     417 00000038 ECE0          BF        $C$L17,EQ             ; [CPU_] |28| 
     418                      ; branchcc occurs ; [] |28| 
     419 00000039 5208          CMPB      AL,#8                 ; [CPU_] |28| 
     420 0000003a 56C2          BF        $C$L27,GT             ; [CPU_] |28| 
         0000003b 0012 
     421                      ; branchcc occurs ; [] |28| 
TMS320C2000 Assembler PC v6.4.4 Tue Feb 14 14:43:10 2017

Tools Copyright (c) 1996-2015 Texas Instruments Incorporated
C:\Users\a0221343\AppData\Local\Temp\0861211                         PAGE    9

     422 0000003c 5208          CMPB      AL,#8                 ; [CPU_] |28| 
     423 0000003d ECCF          BF        $C$L13,EQ             ; [CPU_] |28| 
     424                      ; branchcc occurs ; [] |28| 
     425 0000003e 80A6          MOVZ      AR7,AR6               ; [CPU_] |28| 
     426 0000003f 8F00          MOVL      XAR4,#32768           ; [CPU_U] |28| 
         00000040 8000 
     427 00000041 A8A9          MOVL      ACC,XAR4              ; [CPU_] |28| 
     428 00000042 0FA7          CMPL      ACC,XAR7              ; [CPU_] |28| 
     429 00000043 ECED          BF        $C$L25,EQ             ; [CPU_] |28| 
     430                      ; branchcc occurs ; [] |28| 
     431 00000044 92A6          MOV       AL,AR6                ; [CPU_] 
     432 00000045 5201          CMPB      AL,#1                 ; [CPU_] |28| 
     433 00000046 ECBD          BF        $C$L10,EQ             ; [CPU_] |28| 
     434                      ; branchcc occurs ; [] |28| 
     435 00000047 5202          CMPB      AL,#2                 ; [CPU_] |28| 
     436 00000048 ECBE          BF        $C$L11,EQ             ; [CPU_] |28| 
     437                      ; branchcc occurs ; [] |28| 
     438 00000049 5204          CMPB      AL,#4                 ; [CPU_] |28| 
     439 0000004a ECBF          BF        $C$L12,EQ             ; [CPU_] |28| 
     440                      ; branchcc occurs ; [] |28| 
     441 0000004b 6F35          B         $C$L30,UNC            ; [CPU_] |28| 
     442                      ; branch occurs ; [] |28| 
     443 0000004c       $C$L27:    
     444 0000004c 5210          CMPB      AL,#16                ; [CPU_] |28| 
     445 0000004d ECC2          BF        $C$L14,EQ             ; [CPU_] |28| 
     446                      ; branchcc occurs ; [] |28| 
     447 0000004e 5220          CMPB      AL,#32                ; [CPU_] |28| 
     448 0000004f ECC3          BF        $C$L15,EQ             ; [CPU_] |28| 
     449                      ; branchcc occurs ; [] |28| 
     450 00000050 5240          CMPB      AL,#64                ; [CPU_] |28| 
     451 00000051 ECC4          BF        $C$L16,EQ             ; [CPU_] |28| 
     452                      ; branchcc occurs ; [] |28| 
     453 00000052 6F2E          B         $C$L30,UNC            ; [CPU_] |28| 
     454                      ; branch occurs ; [] |28| 
     455 00000053       $C$L28:    
     456 00000053 1BA6          CMP       AR6,#2048             ; [CPU_] |28| 
         00000054 0800 
     457 00000055 56C2          BF        $C$L29,GT             ; [CPU_] |28| 
         00000056 0018 
     458                      ; branchcc occurs ; [] |28| 
     459 00000057 1BA6          CMP       AR6,#2048             ; [CPU_] |28| 
         00000058 0800 
     460 00000059 ECCB          BF        $C$L21,EQ             ; [CPU_] |28| 
     461                      ; branchcc occurs ; [] |28| 
     462 0000005a 80A6          MOVZ      AR7,AR6               ; [CPU_] |28| 
     463 0000005b 8F00          MOVL      XAR4,#256             ; [CPU_U] |28| 
         0000005c 0100 
     464 0000005d A8A9          MOVL      ACC,XAR4              ; [CPU_] |28| 
     465 0000005e 0FA7          CMPL      ACC,XAR7              ; [CPU_] |28| 
     466 0000005f ECBC          BF        $C$L18,EQ             ; [CPU_] |28| 
     467                      ; branchcc occurs ; [] |28| 
     468 00000060 80A6          MOVZ      AR7,AR6               ; [CPU_] |28| 
     469 00000061 8F00          MOVL      XAR4,#512             ; [CPU_U] |28| 
         00000062 0200 
     470 00000063 A8A9          MOVL      ACC,XAR4              ; [CPU_] |28| 
TMS320C2000 Assembler PC v6.4.4 Tue Feb 14 14:43:10 2017

Tools Copyright (c) 1996-2015 Texas Instruments Incorporated
C:\Users\a0221343\AppData\Local\Temp\0861211                         PAGE   10

     471 00000064 0FA7          CMPL      ACC,XAR7              ; [CPU_] |28| 
     472 00000065 ECB9          BF        $C$L19,EQ             ; [CPU_] |28| 
     473                      ; branchcc occurs ; [] |28| 
     474 00000066 88A6          MOVZ      AR6,AR6               ; [CPU_] |28| 
     475 00000067 8F00          MOVL      XAR4,#1024            ; [CPU_U] |28| 
         00000068 0400 
     476 00000069 A8A9          MOVL      ACC,XAR4              ; [CPU_] |28| 
     477 0000006a 0FA6          CMPL      ACC,XAR6              ; [CPU_] |28| 
     478 0000006b ECB6          BF        $C$L20,EQ             ; [CPU_] |28| 
     479                      ; branchcc occurs ; [] |28| 
     480 0000006c 6F14          B         $C$L30,UNC            ; [CPU_] |28| 
     481                      ; branch occurs ; [] |28| 
     482 0000006d       $C$L29:    
     483 0000006d 80A6          MOVZ      AR7,AR6               ; [CPU_] |28| 
     484 0000006e 8F00          MOVL      XAR4,#4096            ; [CPU_U] |28| 
         0000006f 1000 
     485 00000070 A8A9          MOVL      ACC,XAR4              ; [CPU_] |28| 
     486 00000071 0FA7          CMPL      ACC,XAR7              ; [CPU_] |28| 
     487 00000072 ECB5          BF        $C$L22,EQ             ; [CPU_] |28| 
     488                      ; branchcc occurs ; [] |28| 
     489 00000073 80A6          MOVZ      AR7,AR6               ; [CPU_] |28| 
     490 00000074 8F00          MOVL      XAR4,#8192            ; [CPU_U] |28| 
         00000075 2000 
     491 00000076 A8A9          MOVL      ACC,XAR4              ; [CPU_] |28| 
     492 00000077 0FA7          CMPL      ACC,XAR7              ; [CPU_] |28| 
     493 00000078 ECB2          BF        $C$L23,EQ             ; [CPU_] |28| 
     494                      ; branchcc occurs ; [] |28| 
     495 00000079 88A6          MOVZ      AR6,AR6               ; [CPU_] |28| 
     496 0000007a 8F00          MOVL      XAR4,#16384           ; [CPU_U] |28| 
         0000007b 4000 
     497 0000007c A8A9          MOVL      ACC,XAR4              ; [CPU_] |28| 
     498 0000007d 0FA6          CMPL      ACC,XAR6              ; [CPU_] |28| 
     499 0000007e ECAF          BF        $C$L24,EQ             ; [CPU_] |28| 
     500                      ; branchcc occurs ; [] |28| 
     501 0000007f 6F01          B         $C$L30,UNC            ; [CPU_] |28| 
     502                      ; branch occurs ; [] |28| 
     503 00000080       $C$L30:    
     504 00000080 FE82          SUBB      SP,#2                 ; [CPU_U] 
     505                      .dwcfi  cfa_offset, -2
     506              $C$DW$14        .dwtag  DW_TAG_TI_branch
     507                      .dwattr $C$DW$14, DW_AT_low_pc(0x00)
     508                      .dwattr $C$DW$14, DW_AT_TI_return
     509 00000081 0006          LRETR     ; [CPU_] 
     510                      ; return occurs ; [] 
     511                      .dwattr $C$DW$11, DW_AT_TI_end_file("C:/Users/a0221343/Git/bootROM/f28004x_bootrom/F28004x_ROM_dev_PG
     512                      .dwattr $C$DW$11, DW_AT_TI_end_line(0x52)
     513                      .dwattr $C$DW$11, DW_AT_TI_end_column(0x01)
     514                      .dwendentry
     515                      .dwendtag $C$DW$11
     516              
     517 00000000               .sect   ".text:_Interrupt_initVectorTable"
     518                      .clink
     519                      .global _Interrupt_initVectorTable
     520              
     521              $C$DW$15        .dwtag  DW_TAG_subprogram, DW_AT_name("Interrupt_initVectorTable")
TMS320C2000 Assembler PC v6.4.4 Tue Feb 14 14:43:10 2017

Tools Copyright (c) 1996-2015 Texas Instruments Incorporated
C:\Users\a0221343\AppData\Local\Temp\0861211                         PAGE   11

     522                      .dwattr $C$DW$15, DW_AT_low_pc(_Interrupt_initVectorTable)
     523                      .dwattr $C$DW$15, DW_AT_high_pc(0x00)
     524                      .dwattr $C$DW$15, DW_AT_TI_symbol_name("_Interrupt_initVectorTable")
     525                      .dwattr $C$DW$15, DW_AT_external
     526                      .dwattr $C$DW$15, DW_AT_TI_begin_file("C:/Users/a0221343/Git/bootROM/f28004x_bootrom/F28004x_ROM_dev_
     527                      .dwattr $C$DW$15, DW_AT_TI_begin_line(0x5a)
     528                      .dwattr $C$DW$15, DW_AT_TI_begin_column(0x01)
     529                      .dwattr $C$DW$15, DW_AT_TI_max_frame_size(-4)
     530                      .dwpsn  file "C:/Users/a0221343/Git/bootROM/f28004x_bootrom/F28004x_ROM_dev_PG2.0/F28004x_ROM/driverl
     531              
     532                      .dwfde $C$DW$CIE, _Interrupt_initVectorTable
     533              
     534              ;***************************************************************
     535              ;* FNAME: _Interrupt_initVectorTable    FR SIZE:   2           *
     536              ;*                                                             *
     537              ;* FUNCTION ENVIRONMENT                                        *
     538              ;*                                                             *
     539              ;* FUNCTION PROPERTIES                                         *
     540              ;*                            0 Parameter,  2 Auto,  0 SOE     *
     541              ;***************************************************************
     542              
     543 00000000       _Interrupt_initVectorTable:
     544                      .dwcfi  cfa_offset, -2
     545                      .dwcfi  save_reg_to_mem, 26, 0
     546 00000000 FE02          ADDB      SP,#2                 ; [CPU_U] 
     547                      .dwcfi  cfa_offset, -4
     548              $C$DW$16        .dwtag  DW_TAG_variable, DW_AT_name("i")
     549                      .dwattr $C$DW$16, DW_AT_TI_symbol_name("_i")
     550                      .dwattr $C$DW$16, DW_AT_type(*$C$DW$T$24)
     551                      .dwattr $C$DW$16, DW_AT_location[DW_OP_breg20 -2]
     552                      .dwpsn  file "C:/Users/a0221343/Git/bootROM/f28004x_bootrom/F28004x_ROM_dev_PG2.0/F28004x_ROM/driverl
     553 00000001 7622   EALLOW
     554                      .dwpsn  file "C:/Users/a0221343/Git/bootROM/f28004x_bootrom/F28004x_ROM_dev_PG2.0/F28004x_ROM/driverl
     555 00000002 0203          MOVB      ACC,#3                ; [CPU_] |97| 
     556 00000003 1E42          MOVL      *-SP[2],ACC           ; [CPU_] |97| 
     557                      .dwpsn  file "C:/Users/a0221343/Git/bootROM/f28004x_bootrom/F28004x_ROM_dev_PG2.0/F28004x_ROM/driverl
     558 00000004 02E0          MOVB      ACC,#224              ; [CPU_] |97| 
     559 00000005 0F42          CMPL      ACC,*-SP[2]           ; [CPU_] |97| 
     560 00000006 56C9          BF        $C$L32,LOS            ; [CPU_] |97| 
         00000007 0011 
     561                      ; branchcc occurs ; [] |97| 
     562 00000008 8F40+         MOVL      XAR5,#_Interrupt_defaultHandler ; [CPU_U] |99| 
         00000009 0000 
     563 0000000a       $C$L31:    
     564                      .dwpsn  file "C:/Users/a0221343/Git/bootROM/f28004x_bootrom/F28004x_ROM_dev_PG2.0/F28004x_ROM/driverl
     565 0000000a 0642          MOVL      ACC,*-SP[2]           ; [CPU_] |99| 
     566 0000000b FF30          LSL       ACC,1                 ; [CPU_] |99| 
     567 0000000c FF18          ADD       ACC,#13 << 8          ; [CPU_] |99| 
         0000000d 000D 
     568 0000000e 8AA9          MOVL      XAR4,ACC              ; [CPU_] |99| 
     569 0000000f A0C4          MOVL      *+XAR4[0],XAR5        ; [CPU_] |99| 
     570                      .dwpsn  file "C:/Users/a0221343/Git/bootROM/f28004x_bootrom/F28004x_ROM_dev_PG2.0/F28004x_ROM/driverl
     571 00000010 0201          MOVB      ACC,#1                ; [CPU_] |97| 
     572 00000011 0742          ADDL      ACC,*-SP[2]           ; [CPU_] |97| 
     573 00000012 1E42          MOVL      *-SP[2],ACC           ; [CPU_] |97| 
TMS320C2000 Assembler PC v6.4.4 Tue Feb 14 14:43:10 2017

Tools Copyright (c) 1996-2015 Texas Instruments Incorporated
C:\Users\a0221343\AppData\Local\Temp\0861211                         PAGE   12

     574                      .dwpsn  file "C:/Users/a0221343/Git/bootROM/f28004x_bootrom/F28004x_ROM_dev_PG2.0/F28004x_ROM/driverl
     575 00000013 02E0          MOVB      ACC,#224              ; [CPU_] |97| 
     576 00000014 0F42          CMPL      ACC,*-SP[2]           ; [CPU_] |97| 
     577 00000015 56C6          BF        $C$L31,HI             ; [CPU_] |97| 
         00000016 FFF5 
     578                      ; branchcc occurs ; [] |97| 
     579 00000017       $C$L32:    
     580                      .dwpsn  file "C:/Users/a0221343/Git/bootROM/f28004x_bootrom/F28004x_ROM_dev_PG2.0/F28004x_ROM/driverl
     581 00000017 8F00+         MOVL      XAR4,#_Interrupt_nmiHandler ; [CPU_U] |104| 
         00000018 0000 
     582 00000019 8F40          MOVL      XAR5,#3364            ; [CPU_U] |104| 
         0000001a 0D24 
     583 0000001b A8C5          MOVL      *+XAR5[0],XAR4        ; [CPU_] |104| 
     584                      .dwpsn  file "C:/Users/a0221343/Git/bootROM/f28004x_bootrom/F28004x_ROM_dev_PG2.0/F28004x_ROM/driverl
     585 0000001c 8F00+         MOVL      XAR4,#_Interrupt_illegalOperationHandler ; [CPU_U] |106| 
         0000001d 0000 
     586 0000001e 8F40          MOVL      XAR5,#3366            ; [CPU_U] |106| 
         0000001f 0D26 
     587 00000020 A8C5          MOVL      *+XAR5[0],XAR4        ; [CPU_] |106| 
     588                      .dwpsn  file "C:/Users/a0221343/Git/bootROM/f28004x_bootrom/F28004x_ROM_dev_PG2.0/F28004x_ROM/driverl
     589 00000021 761A   EDIS
     590                      .dwpsn  file "C:/Users/a0221343/Git/bootROM/f28004x_bootrom/F28004x_ROM_dev_PG2.0/F28004x_ROM/driverl
     591 00000022 FF69          SPM       #0                    ; [CPU_] 
     592 00000023 FE82          SUBB      SP,#2                 ; [CPU_U] 
     593                      .dwcfi  cfa_offset, -2
     594              $C$DW$17        .dwtag  DW_TAG_TI_branch
     595                      .dwattr $C$DW$17, DW_AT_low_pc(0x00)
     596                      .dwattr $C$DW$17, DW_AT_TI_return
     597 00000024 0006          LRETR     ; [CPU_] 
     598                      ; return occurs ; [] 
     599                      .dwattr $C$DW$15, DW_AT_TI_end_file("C:/Users/a0221343/Git/bootROM/f28004x_bootrom/F28004x_ROM_dev_PG
     600                      .dwattr $C$DW$15, DW_AT_TI_end_line(0x6e)
     601                      .dwattr $C$DW$15, DW_AT_TI_end_column(0x01)
     602                      .dwendentry
     603                      .dwendtag $C$DW$15
     604              
     605 00000000               .sect   ".text:_Interrupt_enable"
     606                      .clink
     607                      .global _Interrupt_enable
     608              
     609              $C$DW$18        .dwtag  DW_TAG_subprogram, DW_AT_name("Interrupt_enable")
     610                      .dwattr $C$DW$18, DW_AT_low_pc(_Interrupt_enable)
     611                      .dwattr $C$DW$18, DW_AT_high_pc(0x00)
     612                      .dwattr $C$DW$18, DW_AT_TI_symbol_name("_Interrupt_enable")
     613                      .dwattr $C$DW$18, DW_AT_external
     614                      .dwattr $C$DW$18, DW_AT_TI_begin_file("C:/Users/a0221343/Git/bootROM/f28004x_bootrom/F28004x_ROM_dev_
     615                      .dwattr $C$DW$18, DW_AT_TI_begin_line(0x76)
     616                      .dwattr $C$DW$18, DW_AT_TI_begin_column(0x01)
     617                      .dwattr $C$DW$18, DW_AT_TI_max_frame_size(-8)
     618                      .dwpsn  file "C:/Users/a0221343/Git/bootROM/f28004x_bootrom/F28004x_ROM_dev_PG2.0/F28004x_ROM/driverl
     619              
     620                      .dwfde $C$DW$CIE, _Interrupt_enable
     621              $C$DW$19        .dwtag  DW_TAG_formal_parameter, DW_AT_name("interruptNumber")
     622                      .dwattr $C$DW$19, DW_AT_TI_symbol_name("_interruptNumber")
     623                      .dwattr $C$DW$19, DW_AT_type(*$C$DW$T$24)
TMS320C2000 Assembler PC v6.4.4 Tue Feb 14 14:43:10 2017

Tools Copyright (c) 1996-2015 Texas Instruments Incorporated
C:\Users\a0221343\AppData\Local\Temp\0861211                         PAGE   13

     624                      .dwattr $C$DW$19, DW_AT_location[DW_OP_reg0]
     625              
     626              ;***************************************************************
     627              ;* FNAME: _Interrupt_enable             FR SIZE:   6           *
     628              ;*                                                             *
     629              ;* FUNCTION ENVIRONMENT                                        *
     630              ;*                                                             *
     631              ;* FUNCTION PROPERTIES                                         *
     632              ;*                            0 Parameter,  6 Auto,  0 SOE     *
     633              ;***************************************************************
     634              
     635 00000000       _Interrupt_enable:
     636                      .dwcfi  cfa_offset, -2
     637                      .dwcfi  save_reg_to_mem, 26, 0
     638 00000000 FE06          ADDB      SP,#6                 ; [CPU_U] 
     639                      .dwcfi  cfa_offset, -8
     640              $C$DW$20        .dwtag  DW_TAG_variable, DW_AT_name("interruptNumber")
     641                      .dwattr $C$DW$20, DW_AT_TI_symbol_name("_interruptNumber")
     642                      .dwattr $C$DW$20, DW_AT_type(*$C$DW$T$24)
     643                      .dwattr $C$DW$20, DW_AT_location[DW_OP_breg20 -2]
     644              $C$DW$21        .dwtag  DW_TAG_variable, DW_AT_name("intsEnabled")
     645                      .dwattr $C$DW$21, DW_AT_TI_symbol_name("_intsEnabled")
     646                      .dwattr $C$DW$21, DW_AT_type(*$C$DW$T$32)
     647                      .dwattr $C$DW$21, DW_AT_location[DW_OP_breg20 -3]
     648              $C$DW$22        .dwtag  DW_TAG_variable, DW_AT_name("intGroup")
     649                      .dwattr $C$DW$22, DW_AT_TI_symbol_name("_intGroup")
     650                      .dwattr $C$DW$22, DW_AT_type(*$C$DW$T$21)
     651                      .dwattr $C$DW$22, DW_AT_location[DW_OP_breg20 -4]
     652              $C$DW$23        .dwtag  DW_TAG_variable, DW_AT_name("groupMask")
     653                      .dwattr $C$DW$23, DW_AT_TI_symbol_name("_groupMask")
     654                      .dwattr $C$DW$23, DW_AT_type(*$C$DW$T$21)
     655                      .dwattr $C$DW$23, DW_AT_location[DW_OP_breg20 -5]
     656              $C$DW$24        .dwtag  DW_TAG_variable, DW_AT_name("vectID")
     657                      .dwattr $C$DW$24, DW_AT_TI_symbol_name("_vectID")
     658                      .dwattr $C$DW$24, DW_AT_type(*$C$DW$T$21)
     659                      .dwattr $C$DW$24, DW_AT_location[DW_OP_breg20 -6]
     660 00000001 1E42          MOVL      *-SP[2],ACC           ; [CPU_] |119| 
     661                      .dwpsn  file "C:/Users/a0221343/Git/bootROM/f28004x_bootrom/F28004x_ROM_dev_PG2.0/F28004x_ROM/driverl
     662 00000002 9746          MOVH      *-SP[6],ACC << 0      ; [CPU_] |125| 
     663                      .dwpsn  file "C:/Users/a0221343/Git/bootROM/f28004x_bootrom/F28004x_ROM_dev_PG2.0/F28004x_ROM/driverl
     664 00000003 7622   EALLOW
     665                      .dwpsn  file "C:/Users/a0221343/Git/bootROM/f28004x_bootrom/F28004x_ROM_dev_PG2.0/F28004x_ROM/driverl
     666 00000004 F5A9          MOV       AL,*(0:0x0ce0)        ; [CPU_] |130| 
         00000005 0CE0 
     667 00000006 5001          ORB       AL,#0x01              ; [CPU_] |130| 
     668 00000007 F4A9          MOV       *(0:0x0ce0),AL        ; [CPU_] |130| 
         00000008 0CE0 
     669                      .dwpsn  file "C:/Users/a0221343/Git/bootROM/f28004x_bootrom/F28004x_ROM_dev_PG2.0/F28004x_ROM/driverl
     670 00000009 FF69          SPM       #0                    ; [CPU_] 
     671              $C$DW$25        .dwtag  DW_TAG_TI_branch
     672                      .dwattr $C$DW$25, DW_AT_low_pc(0x00)
     673                      .dwattr $C$DW$25, DW_AT_name("_Interrupt_disableMaster")
     674                      .dwattr $C$DW$25, DW_AT_TI_call
     675 0000000a 7640+         LCR       #_Interrupt_disableMaster ; [CPU_] |132| 
         0000000b 0000 
TMS320C2000 Assembler PC v6.4.4 Tue Feb 14 14:43:10 2017

Tools Copyright (c) 1996-2015 Texas Instruments Incorporated
C:\Users\a0221343\AppData\Local\Temp\0861211                         PAGE   14

     676                      ; call occurs [#_Interrupt_disableMaster] ; [] |132| 
     677 0000000c 9643          MOV       *-SP[3],AL            ; [CPU_] |132| 
     678                      .dwpsn  file "C:/Users/a0221343/Git/bootROM/f28004x_bootrom/F28004x_ROM_dev_PG2.0/F28004x_ROM/driverl
     679 0000000d 9246          MOV       AL,*-SP[6]            ; [CPU_] |135| 
     680 0000000e 5220          CMPB      AL,#32                ; [CPU_] |135| 
     681 0000000f 56C8          BF        $C$L33,LO             ; [CPU_] |135| 
         00000010 001B 
     682                      ; branchcc occurs ; [] |135| 
     683                      .dwpsn  file "C:/Users/a0221343/Git/bootROM/f28004x_bootrom/F28004x_ROM_dev_PG2.0/F28004x_ROM/driverl
     684 00000011 CC42          AND       AL,*-SP[2],#0xff00    ; [CPU_] |137| 
         00000012 FF00 
     685 00000013 FFC7          LSR       AL,8                  ; [CPU_] |137| 
     686 00000014 9CFF          ADDB      AL,#-1                ; [CPU_] |137| 
     687 00000015 9644          MOV       *-SP[4],AL            ; [CPU_] |137| 
     688                      .dwpsn  file "C:/Users/a0221343/Git/bootROM/f28004x_bootrom/F28004x_ROM_dev_PG2.0/F28004x_ROM/driverl
     689 00000016 2D44          MOV       T,*-SP[4]             ; [CPU_] |138| 
     690 00000017 9A01          MOVB      AL,#1                 ; [CPU_] |138| 
     691 00000018 FF66          LSL       AL,T                  ; [CPU_] |138| 
     692 00000019 9645          MOV       *-SP[5],AL            ; [CPU_] |138| 
     693                      .dwpsn  file "C:/Users/a0221343/Git/bootROM/f28004x_bootrom/F28004x_ROM_dev_PG2.0/F28004x_ROM/driverl
     694 0000001a 5603          MOV       ACC,*-SP[4] << #1     ; [CPU_] |140| 
         0000001b 0144 
     695 0000001c 08A9          ADD       AL,#3298              ; [CPU_] |140| 
         0000001d 0CE2 
     696 0000001e 5CA9          MOVZ      AR4,AL                ; [CPU_] |140| 
     697 0000001f 9B01          MOVB      AH,#1                 ; [CPU_] |140| 
     698 00000020 9242          MOV       AL,*-SP[2]            ; [CPU_] |140| 
     699 00000021 90FF          ANDB      AL,#0xff              ; [CPU_] |140| 
     700 00000022 9CFF          ADDB      AL,#-1                ; [CPU_] |140| 
     701 00000023 2DA9          MOV       T,AL                  ; [CPU_] |140| 
     702 00000024 FF67          LSL       AH,T                  ; [CPU_] |140| 
     703 00000025 99C4          OR        *+XAR4[0],AH          ; [CPU_] |140| 
     704                      .dwpsn  file "C:/Users/a0221343/Git/bootROM/f28004x_bootrom/F28004x_ROM_dev_PG2.0/F28004x_ROM/driverl
     705 00000026 20A9          MOV       AL,IER                ; [CPU_] |144| 
     706 00000027 CA45          OR        AL,*-SP[5]            ; [CPU_] |144| 
     707 00000028 23A9          MOV       IER,AL                ; [CPU_] |144| 
     708                      .dwpsn  file "C:/Users/a0221343/Git/bootROM/f28004x_bootrom/F28004x_ROM_dev_PG2.0/F28004x_ROM/driverl
     709 00000029 6F0E          B         $C$L34,UNC            ; [CPU_] |145| 
     710                      ; branch occurs ; [] |145| 
     711 0000002a       $C$L33:    
     712                      .dwpsn  file "C:/Users/a0221343/Git/bootROM/f28004x_bootrom/F28004x_ROM_dev_PG2.0/F28004x_ROM/driverl
     713 0000002a 520D          CMPB      AL,#13                ; [CPU_] |147| 
     714 0000002b 56C8          BF        $C$L34,LO             ; [CPU_] |147| 
         0000002c 000C 
     715                      ; branchcc occurs ; [] |147| 
     716 0000002d 5210          CMPB      AL,#16                ; [CPU_] |147| 
     717 0000002e 56C6          BF        $C$L34,HI             ; [CPU_] |147| 
         0000002f 0009 
     718                      ; branchcc occurs ; [] |147| 
     719                      .dwpsn  file "C:/Users/a0221343/Git/bootROM/f28004x_bootrom/F28004x_ROM_dev_PG2.0/F28004x_ROM/driverl
     720 00000030 9CFF          ADDB      AL,#-1                ; [CPU_] |149| 
     721 00000031 2DA9          MOV       T,AL                  ; [CPU_] |149| 
     722 00000032 9A01          MOVB      AL,#1                 ; [CPU_] |149| 
     723 00000033 FF66          LSL       AL,T                  ; [CPU_] |149| 
     724 00000034 20A8          MOV       AH,IER                ; [CPU_] |149| 
TMS320C2000 Assembler PC v6.4.4 Tue Feb 14 14:43:10 2017

Tools Copyright (c) 1996-2015 Texas Instruments Incorporated
C:\Users\a0221343\AppData\Local\Temp\0861211                         PAGE   15

     725 00000035 CAA8          OR        AL,AH                 ; [CPU_] |149| 
     726 00000036 23A9          MOV       IER,AL                ; [CPU_] |149| 
     727                      .dwpsn  file "C:/Users/a0221343/Git/bootROM/f28004x_bootrom/F28004x_ROM_dev_PG2.0/F28004x_ROM/driverl
     728 00000037       $C$L34:    
     729                      .dwpsn  file "C:/Users/a0221343/Git/bootROM/f28004x_bootrom/F28004x_ROM_dev_PG2.0/F28004x_ROM/driverl
     730 00000037 761A   EDIS
     731                      .dwpsn  file "C:/Users/a0221343/Git/bootROM/f28004x_bootrom/F28004x_ROM_dev_PG2.0/F28004x_ROM/driverl
     732 00000038 9243          MOV       AL,*-SP[3]            ; [CPU_] |159| 
     733 00000039 ED04          BF        $C$L35,NEQ            ; [CPU_] |159| 
     734                      ; branchcc occurs ; [] |159| 
     735                      .dwpsn  file "C:/Users/a0221343/Git/bootROM/f28004x_bootrom/F28004x_ROM_dev_PG2.0/F28004x_ROM/driverl
     736 0000003a FF69          SPM       #0                    ; [CPU_] 
     737              $C$DW$26        .dwtag  DW_TAG_TI_branch
     738                      .dwattr $C$DW$26, DW_AT_low_pc(0x00)
     739                      .dwattr $C$DW$26, DW_AT_name("_Interrupt_enableMaster")
     740                      .dwattr $C$DW$26, DW_AT_TI_call
     741 0000003b 7640+         LCR       #_Interrupt_enableMaster ; [CPU_] |161| 
         0000003c 0000 
     742                      ; call occurs [#_Interrupt_enableMaster] ; [] |161| 
     743                      .dwpsn  file "C:/Users/a0221343/Git/bootROM/f28004x_bootrom/F28004x_ROM_dev_PG2.0/F28004x_ROM/driverl
     744 0000003d       $C$L35:    
     745 0000003d FE86          SUBB      SP,#6                 ; [CPU_U] 
     746                      .dwcfi  cfa_offset, -2
     747 0000003e FF69          SPM       #0                    ; [CPU_] 
     748              $C$DW$27        .dwtag  DW_TAG_TI_branch
     749                      .dwattr $C$DW$27, DW_AT_low_pc(0x00)
     750                      .dwattr $C$DW$27, DW_AT_TI_return
     751 0000003f 0006          LRETR     ; [CPU_] 
     752                      ; return occurs ; [] 
     753                      .dwattr $C$DW$18, DW_AT_TI_end_file("C:/Users/a0221343/Git/bootROM/f28004x_bootrom/F28004x_ROM_dev_PG
     754                      .dwattr $C$DW$18, DW_AT_TI_end_line(0xa3)
     755                      .dwattr $C$DW$18, DW_AT_TI_end_column(0x01)
     756                      .dwendentry
     757                      .dwendtag $C$DW$18
     758              
     759 00000000               .sect   ".text:_Interrupt_disable"
     760                      .clink
     761                      .global _Interrupt_disable
     762              
     763              $C$DW$28        .dwtag  DW_TAG_subprogram, DW_AT_name("Interrupt_disable")
     764                      .dwattr $C$DW$28, DW_AT_low_pc(_Interrupt_disable)
     765                      .dwattr $C$DW$28, DW_AT_high_pc(0x00)
     766                      .dwattr $C$DW$28, DW_AT_TI_symbol_name("_Interrupt_disable")
     767                      .dwattr $C$DW$28, DW_AT_external
     768                      .dwattr $C$DW$28, DW_AT_TI_begin_file("C:/Users/a0221343/Git/bootROM/f28004x_bootrom/F28004x_ROM_dev_
     769                      .dwattr $C$DW$28, DW_AT_TI_begin_line(0xab)
     770                      .dwattr $C$DW$28, DW_AT_TI_begin_column(0x01)
     771                      .dwattr $C$DW$28, DW_AT_TI_max_frame_size(-8)
     772                      .dwpsn  file "C:/Users/a0221343/Git/bootROM/f28004x_bootrom/F28004x_ROM_dev_PG2.0/F28004x_ROM/driverl
     773              
     774                      .dwfde $C$DW$CIE, _Interrupt_disable
     775              $C$DW$29        .dwtag  DW_TAG_formal_parameter, DW_AT_name("interruptNumber")
     776                      .dwattr $C$DW$29, DW_AT_TI_symbol_name("_interruptNumber")
     777                      .dwattr $C$DW$29, DW_AT_type(*$C$DW$T$24)
     778                      .dwattr $C$DW$29, DW_AT_location[DW_OP_reg0]
TMS320C2000 Assembler PC v6.4.4 Tue Feb 14 14:43:10 2017

Tools Copyright (c) 1996-2015 Texas Instruments Incorporated
C:\Users\a0221343\AppData\Local\Temp\0861211                         PAGE   16

     779              
     780              ;***************************************************************
     781              ;* FNAME: _Interrupt_disable            FR SIZE:   6           *
     782              ;*                                                             *
     783              ;* FUNCTION ENVIRONMENT                                        *
     784              ;*                                                             *
     785              ;* FUNCTION PROPERTIES                                         *
     786              ;*                            0 Parameter,  6 Auto,  0 SOE     *
     787              ;***************************************************************
     788              
     789 00000000       _Interrupt_disable:
     790                      .dwcfi  cfa_offset, -2
     791                      .dwcfi  save_reg_to_mem, 26, 0
     792 00000000 FE06          ADDB      SP,#6                 ; [CPU_U] 
     793                      .dwcfi  cfa_offset, -8
     794              $C$DW$30        .dwtag  DW_TAG_variable, DW_AT_name("interruptNumber")
     795                      .dwattr $C$DW$30, DW_AT_TI_symbol_name("_interruptNumber")
     796                      .dwattr $C$DW$30, DW_AT_type(*$C$DW$T$24)
     797                      .dwattr $C$DW$30, DW_AT_location[DW_OP_breg20 -2]
     798              $C$DW$31        .dwtag  DW_TAG_variable, DW_AT_name("intsEnabled")
     799                      .dwattr $C$DW$31, DW_AT_TI_symbol_name("_intsEnabled")
     800                      .dwattr $C$DW$31, DW_AT_type(*$C$DW$T$32)
     801                      .dwattr $C$DW$31, DW_AT_location[DW_OP_breg20 -3]
     802              $C$DW$32        .dwtag  DW_TAG_variable, DW_AT_name("intGroup")
     803                      .dwattr $C$DW$32, DW_AT_TI_symbol_name("_intGroup")
     804                      .dwattr $C$DW$32, DW_AT_type(*$C$DW$T$21)
     805                      .dwattr $C$DW$32, DW_AT_location[DW_OP_breg20 -4]
     806              $C$DW$33        .dwtag  DW_TAG_variable, DW_AT_name("groupMask")
     807                      .dwattr $C$DW$33, DW_AT_TI_symbol_name("_groupMask")
     808                      .dwattr $C$DW$33, DW_AT_type(*$C$DW$T$21)
     809                      .dwattr $C$DW$33, DW_AT_location[DW_OP_breg20 -5]
     810              $C$DW$34        .dwtag  DW_TAG_variable, DW_AT_name("vectID")
     811                      .dwattr $C$DW$34, DW_AT_TI_symbol_name("_vectID")
     812                      .dwattr $C$DW$34, DW_AT_type(*$C$DW$T$21)
     813                      .dwattr $C$DW$34, DW_AT_location[DW_OP_breg20 -6]
     814 00000001 1E42          MOVL      *-SP[2],ACC           ; [CPU_] |172| 
     815                      .dwpsn  file "C:/Users/a0221343/Git/bootROM/f28004x_bootrom/F28004x_ROM_dev_PG2.0/F28004x_ROM/driverl
     816 00000002 9746          MOVH      *-SP[6],ACC << 0      ; [CPU_] |178| 
     817                      .dwpsn  file "C:/Users/a0221343/Git/bootROM/f28004x_bootrom/F28004x_ROM_dev_PG2.0/F28004x_ROM/driverl
     818 00000003 7622   EALLOW
     819                      .dwpsn  file "C:/Users/a0221343/Git/bootROM/f28004x_bootrom/F28004x_ROM_dev_PG2.0/F28004x_ROM/driverl
     820 00000004 FF69          SPM       #0                    ; [CPU_] 
     821              $C$DW$35        .dwtag  DW_TAG_TI_branch
     822                      .dwattr $C$DW$35, DW_AT_low_pc(0x00)
     823                      .dwattr $C$DW$35, DW_AT_name("_Interrupt_disableMaster")
     824                      .dwattr $C$DW$35, DW_AT_TI_call
     825 00000005 7640+         LCR       #_Interrupt_disableMaster ; [CPU_] |182| 
         00000006 0000 
     826                      ; call occurs [#_Interrupt_disableMaster] ; [] |182| 
     827 00000007 9643          MOV       *-SP[3],AL            ; [CPU_] |182| 
     828                      .dwpsn  file "C:/Users/a0221343/Git/bootROM/f28004x_bootrom/F28004x_ROM_dev_PG2.0/F28004x_ROM/driverl
     829 00000008 9246          MOV       AL,*-SP[6]            ; [CPU_] |185| 
     830 00000009 5220          CMPB      AL,#32                ; [CPU_] |185| 
     831 0000000a 56C8          BF        $C$L36,LO             ; [CPU_] |185| 
         0000000b 0024 
TMS320C2000 Assembler PC v6.4.4 Tue Feb 14 14:43:10 2017

Tools Copyright (c) 1996-2015 Texas Instruments Incorporated
C:\Users\a0221343\AppData\Local\Temp\0861211                         PAGE   17

     832                      ; branchcc occurs ; [] |185| 
     833                      .dwpsn  file "C:/Users/a0221343/Git/bootROM/f28004x_bootrom/F28004x_ROM_dev_PG2.0/F28004x_ROM/driverl
     834 0000000c CC42          AND       AL,*-SP[2],#0xff00    ; [CPU_] |187| 
         0000000d FF00 
     835 0000000e FFC7          LSR       AL,8                  ; [CPU_] |187| 
     836 0000000f 9CFF          ADDB      AL,#-1                ; [CPU_] |187| 
     837 00000010 9644          MOV       *-SP[4],AL            ; [CPU_] |187| 
     838                      .dwpsn  file "C:/Users/a0221343/Git/bootROM/f28004x_bootrom/F28004x_ROM_dev_PG2.0/F28004x_ROM/driverl
     839 00000011 2D44          MOV       T,*-SP[4]             ; [CPU_] |188| 
     840 00000012 9A01          MOVB      AL,#1                 ; [CPU_] |188| 
     841 00000013 FF66          LSL       AL,T                  ; [CPU_] |188| 
     842 00000014 9645          MOV       *-SP[5],AL            ; [CPU_] |188| 
     843                      .dwpsn  file "C:/Users/a0221343/Git/bootROM/f28004x_bootrom/F28004x_ROM_dev_PG2.0/F28004x_ROM/driverl
     844 00000015 5603          MOV       ACC,*-SP[4] << #1     ; [CPU_] |191| 
         00000016 0144 
     845 00000017 08A9          ADD       AL,#3298              ; [CPU_] |191| 
         00000018 0CE2 
     846 00000019 5CA9          MOVZ      AR4,AL                ; [CPU_] |191| 
     847 0000001a 9B01          MOVB      AH,#1                 ; [CPU_] |191| 
     848 0000001b 9242          MOV       AL,*-SP[2]            ; [CPU_] |191| 
     849 0000001c 90FF          ANDB      AL,#0xff              ; [CPU_] |191| 
     850 0000001d 9CFF          ADDB      AL,#-1                ; [CPU_] |191| 
     851 0000001e 2DA9          MOV       T,AL                  ; [CPU_] |191| 
     852 0000001f FF67          LSL       AH,T                  ; [CPU_] |191| 
     853 00000020 FF5F          NOT       AH                    ; [CPU_] |191| 
     854 00000021 C1C4          AND       *+XAR4[0],AH          ; [CPU_] |191| 
     855                      .dwpsn  file "C:/Users/a0221343/Git/bootROM/f28004x_bootrom/F28004x_ROM_dev_PG2.0/F28004x_ROM/driverl
     856 00000022 7700   nop
     857                      .dwpsn  file "C:/Users/a0221343/Git/bootROM/f28004x_bootrom/F28004x_ROM_dev_PG2.0/F28004x_ROM/driverl
     858 00000023 7700   nop
     859                      .dwpsn  file "C:/Users/a0221343/Git/bootROM/f28004x_bootrom/F28004x_ROM_dev_PG2.0/F28004x_ROM/driverl
     860 00000024 7700   nop
     861                      .dwpsn  file "C:/Users/a0221343/Git/bootROM/f28004x_bootrom/F28004x_ROM_dev_PG2.0/F28004x_ROM/driverl
     862 00000025 7700   nop
     863                      .dwpsn  file "C:/Users/a0221343/Git/bootROM/f28004x_bootrom/F28004x_ROM_dev_PG2.0/F28004x_ROM/driverl
     864 00000026 7700   nop
     865                      .dwpsn  file "C:/Users/a0221343/Git/bootROM/f28004x_bootrom/F28004x_ROM_dev_PG2.0/F28004x_ROM/driverl
     866 00000027 9245          MOV       AL,*-SP[5]            ; [CPU_] |201| 
     867 00000028 FF69          SPM       #0                    ; [CPU_] 
     868              $C$DW$36        .dwtag  DW_TAG_TI_branch
     869                      .dwattr $C$DW$36, DW_AT_low_pc(0x00)
     870                      .dwattr $C$DW$36, DW_AT_name("_Interrupt_clearIFR")
     871                      .dwattr $C$DW$36, DW_AT_TI_call
     872 00000029 7640+         LCR       #_Interrupt_clearIFR  ; [CPU_] |201| 
         0000002a 0000 
     873                      ; call occurs [#_Interrupt_clearIFR] ; [] |201| 
     874                      .dwpsn  file "C:/Users/a0221343/Git/bootROM/f28004x_bootrom/F28004x_ROM_dev_PG2.0/F28004x_ROM/driverl
     875 0000002b F445          MOV       *(0:0x0ce1),*-SP[5]   ; [CPU_] |204| 
         0000002c 0CE1 
     876                      .dwpsn  file "C:/Users/a0221343/Git/bootROM/f28004x_bootrom/F28004x_ROM_dev_PG2.0/F28004x_ROM/driverl
     877 0000002d 6F0F          B         $C$L37,UNC            ; [CPU_] |205| 
     878                      ; branch occurs ; [] |205| 
     879 0000002e       $C$L36:    
     880                      .dwpsn  file "C:/Users/a0221343/Git/bootROM/f28004x_bootrom/F28004x_ROM_dev_PG2.0/F28004x_ROM/driverl
     881 0000002e 520D          CMPB      AL,#13                ; [CPU_] |207| 
TMS320C2000 Assembler PC v6.4.4 Tue Feb 14 14:43:10 2017

Tools Copyright (c) 1996-2015 Texas Instruments Incorporated
C:\Users\a0221343\AppData\Local\Temp\0861211                         PAGE   18

     882 0000002f 56C8          BF        $C$L37,LO             ; [CPU_] |207| 
         00000030 000D 
     883                      ; branchcc occurs ; [] |207| 
     884 00000031 5210          CMPB      AL,#16                ; [CPU_] |207| 
     885 00000032 56C6          BF        $C$L37,HI             ; [CPU_] |207| 
         00000033 000A 
     886                      ; branchcc occurs ; [] |207| 
     887                      .dwpsn  file "C:/Users/a0221343/Git/bootROM/f28004x_bootrom/F28004x_ROM_dev_PG2.0/F28004x_ROM/driverl
     888 00000034 9CFF          ADDB      AL,#-1                ; [CPU_] |209| 
     889 00000035 2DA9          MOV       T,AL                  ; [CPU_] |209| 
     890 00000036 9A01          MOVB      AL,#1                 ; [CPU_] |209| 
     891 00000037 FF66          LSL       AL,T                  ; [CPU_] |209| 
     892 00000038 FF5E          NOT       AL                    ; [CPU_] |209| 
     893 00000039 20A8          MOV       AH,IER                ; [CPU_] |209| 
     894 0000003a CEA8          AND       AL,AH                 ; [CPU_] |209| 
     895 0000003b 23A9          MOV       IER,AL                ; [CPU_] |209| 
     896                      .dwpsn  file "C:/Users/a0221343/Git/bootROM/f28004x_bootrom/F28004x_ROM_dev_PG2.0/F28004x_ROM/driverl
     897 0000003c       $C$L37:    
     898                      .dwpsn  file "C:/Users/a0221343/Git/bootROM/f28004x_bootrom/F28004x_ROM_dev_PG2.0/F28004x_ROM/driverl
     899 0000003c 761A   EDIS
     900                      .dwpsn  file "C:/Users/a0221343/Git/bootROM/f28004x_bootrom/F28004x_ROM_dev_PG2.0/F28004x_ROM/driverl
     901 0000003d 9243          MOV       AL,*-SP[3]            ; [CPU_] |219| 
     902 0000003e ED04          BF        $C$L38,NEQ            ; [CPU_] |219| 
     903                      ; branchcc occurs ; [] |219| 
     904                      .dwpsn  file "C:/Users/a0221343/Git/bootROM/f28004x_bootrom/F28004x_ROM_dev_PG2.0/F28004x_ROM/driverl
     905 0000003f FF69          SPM       #0                    ; [CPU_] 
     906              $C$DW$37        .dwtag  DW_TAG_TI_branch
     907                      .dwattr $C$DW$37, DW_AT_low_pc(0x00)
     908                      .dwattr $C$DW$37, DW_AT_name("_Interrupt_enableMaster")
     909                      .dwattr $C$DW$37, DW_AT_TI_call
     910 00000040 7640+         LCR       #_Interrupt_enableMaster ; [CPU_] |221| 
         00000041 0000 
     911                      ; call occurs [#_Interrupt_enableMaster] ; [] |221| 
     912                      .dwpsn  file "C:/Users/a0221343/Git/bootROM/f28004x_bootrom/F28004x_ROM_dev_PG2.0/F28004x_ROM/driverl
     913 00000042       $C$L38:    
     914 00000042 FE86          SUBB      SP,#6                 ; [CPU_U] 
     915                      .dwcfi  cfa_offset, -2
     916 00000043 FF69          SPM       #0                    ; [CPU_] 
     917              $C$DW$38        .dwtag  DW_TAG_TI_branch
     918                      .dwattr $C$DW$38, DW_AT_low_pc(0x00)
     919                      .dwattr $C$DW$38, DW_AT_TI_return
     920 00000044 0006          LRETR     ; [CPU_] 
     921                      ; return occurs ; [] 
     922                      .dwattr $C$DW$28, DW_AT_TI_end_file("C:/Users/a0221343/Git/bootROM/f28004x_bootrom/F28004x_ROM_dev_PG
     923                      .dwattr $C$DW$28, DW_AT_TI_end_line(0xdf)
     924                      .dwattr $C$DW$28, DW_AT_TI_end_column(0x01)
     925                      .dwendentry
     926                      .dwendtag $C$DW$28
     927              
     928              
     929              ;***************************************************************
     930              ;* TYPE INFORMATION                                            *
     931              ;***************************************************************
     932              $C$DW$T$2       .dwtag  DW_TAG_unspecified_type
     933                      .dwattr $C$DW$T$2, DW_AT_name("void")
TMS320C2000 Assembler PC v6.4.4 Tue Feb 14 14:43:10 2017

Tools Copyright (c) 1996-2015 Texas Instruments Incorporated
C:\Users\a0221343\AppData\Local\Temp\0861211                         PAGE   19

     934              $C$DW$T$4       .dwtag  DW_TAG_base_type
     935                      .dwattr $C$DW$T$4, DW_AT_encoding(DW_ATE_boolean)
     936                      .dwattr $C$DW$T$4, DW_AT_name("bool")
     937                      .dwattr $C$DW$T$4, DW_AT_byte_size(0x01)
     938              $C$DW$T$5       .dwtag  DW_TAG_base_type
     939                      .dwattr $C$DW$T$5, DW_AT_encoding(DW_ATE_signed_char)
     940                      .dwattr $C$DW$T$5, DW_AT_name("signed char")
     941                      .dwattr $C$DW$T$5, DW_AT_byte_size(0x01)
     942              $C$DW$T$6       .dwtag  DW_TAG_base_type
     943                      .dwattr $C$DW$T$6, DW_AT_encoding(DW_ATE_unsigned_char)
     944                      .dwattr $C$DW$T$6, DW_AT_name("unsigned char")
     945                      .dwattr $C$DW$T$6, DW_AT_byte_size(0x01)
     946              $C$DW$T$7       .dwtag  DW_TAG_base_type
     947                      .dwattr $C$DW$T$7, DW_AT_encoding(DW_ATE_signed_char)
     948                      .dwattr $C$DW$T$7, DW_AT_name("wchar_t")
     949                      .dwattr $C$DW$T$7, DW_AT_byte_size(0x01)
     950              $C$DW$T$8       .dwtag  DW_TAG_base_type
     951                      .dwattr $C$DW$T$8, DW_AT_encoding(DW_ATE_signed)
     952                      .dwattr $C$DW$T$8, DW_AT_name("short")
     953                      .dwattr $C$DW$T$8, DW_AT_byte_size(0x01)
     954              $C$DW$T$9       .dwtag  DW_TAG_base_type
     955                      .dwattr $C$DW$T$9, DW_AT_encoding(DW_ATE_unsigned)
     956                      .dwattr $C$DW$T$9, DW_AT_name("unsigned short")
     957                      .dwattr $C$DW$T$9, DW_AT_byte_size(0x01)
     958              $C$DW$T$10      .dwtag  DW_TAG_base_type
     959                      .dwattr $C$DW$T$10, DW_AT_encoding(DW_ATE_signed)
     960                      .dwattr $C$DW$T$10, DW_AT_name("int")
     961                      .dwattr $C$DW$T$10, DW_AT_byte_size(0x01)
     962              $C$DW$T$11      .dwtag  DW_TAG_base_type
     963                      .dwattr $C$DW$T$11, DW_AT_encoding(DW_ATE_unsigned)
     964                      .dwattr $C$DW$T$11, DW_AT_name("unsigned int")
     965                      .dwattr $C$DW$T$11, DW_AT_byte_size(0x01)
     966              $C$DW$T$21      .dwtag  DW_TAG_typedef, DW_AT_name("uint16_t")
     967                      .dwattr $C$DW$T$21, DW_AT_type(*$C$DW$T$11)
     968                      .dwattr $C$DW$T$21, DW_AT_language(DW_LANG_C)
     969              $C$DW$T$12      .dwtag  DW_TAG_base_type
     970                      .dwattr $C$DW$T$12, DW_AT_encoding(DW_ATE_signed)
     971                      .dwattr $C$DW$T$12, DW_AT_name("long")
     972                      .dwattr $C$DW$T$12, DW_AT_byte_size(0x02)
     973              $C$DW$T$13      .dwtag  DW_TAG_base_type
     974                      .dwattr $C$DW$T$13, DW_AT_encoding(DW_ATE_unsigned)
     975                      .dwattr $C$DW$T$13, DW_AT_name("unsigned long")
     976                      .dwattr $C$DW$T$13, DW_AT_byte_size(0x02)
     977              $C$DW$T$24      .dwtag  DW_TAG_typedef, DW_AT_name("uint32_t")
     978                      .dwattr $C$DW$T$24, DW_AT_type(*$C$DW$T$13)
     979                      .dwattr $C$DW$T$24, DW_AT_language(DW_LANG_C)
     980              $C$DW$T$14      .dwtag  DW_TAG_base_type
     981                      .dwattr $C$DW$T$14, DW_AT_encoding(DW_ATE_signed)
     982                      .dwattr $C$DW$T$14, DW_AT_name("long long")
     983                      .dwattr $C$DW$T$14, DW_AT_byte_size(0x04)
     984              $C$DW$T$15      .dwtag  DW_TAG_base_type
     985                      .dwattr $C$DW$T$15, DW_AT_encoding(DW_ATE_unsigned)
     986                      .dwattr $C$DW$T$15, DW_AT_name("unsigned long long")
     987                      .dwattr $C$DW$T$15, DW_AT_byte_size(0x04)
     988              $C$DW$T$16      .dwtag  DW_TAG_base_type
TMS320C2000 Assembler PC v6.4.4 Tue Feb 14 14:43:10 2017

Tools Copyright (c) 1996-2015 Texas Instruments Incorporated
C:\Users\a0221343\AppData\Local\Temp\0861211                         PAGE   20

     989                      .dwattr $C$DW$T$16, DW_AT_encoding(DW_ATE_float)
     990                      .dwattr $C$DW$T$16, DW_AT_name("float")
     991                      .dwattr $C$DW$T$16, DW_AT_byte_size(0x02)
     992              $C$DW$T$17      .dwtag  DW_TAG_base_type
     993                      .dwattr $C$DW$T$17, DW_AT_encoding(DW_ATE_float)
     994                      .dwattr $C$DW$T$17, DW_AT_name("double")
     995                      .dwattr $C$DW$T$17, DW_AT_byte_size(0x02)
     996              $C$DW$T$18      .dwtag  DW_TAG_base_type
     997                      .dwattr $C$DW$T$18, DW_AT_encoding(DW_ATE_float)
     998                      .dwattr $C$DW$T$18, DW_AT_name("long double")
     999                      .dwattr $C$DW$T$18, DW_AT_byte_size(0x04)
    1000              $C$DW$T$32      .dwtag  DW_TAG_base_type
    1001                      .dwattr $C$DW$T$32, DW_AT_encoding(DW_ATE_unsigned_char)
    1002                      .dwattr $C$DW$T$32, DW_AT_name("unsigned char")
    1003                      .dwattr $C$DW$T$32, DW_AT_byte_size(0x01)
    1004                      .dwattr $C$DW$CU, DW_AT_language(DW_LANG_C)
    1005              
    1006              ;***************************************************************
    1007              ;* DWARF CIE ENTRIES                                           *
    1008              ;***************************************************************
    1009              
    1010              $C$DW$CIE       .dwcie 26
    1011                      .dwcfi  cfa_register, 20
    1012                      .dwcfi  cfa_offset, 0
    1013                      .dwcfi  undefined, 0
    1014                      .dwcfi  undefined, 1
    1015                      .dwcfi  undefined, 2
    1016                      .dwcfi  undefined, 3
    1017                      .dwcfi  undefined, 20
    1018                      .dwcfi  undefined, 21
    1019                      .dwcfi  undefined, 22
    1020                      .dwcfi  undefined, 23
    1021                      .dwcfi  undefined, 24
    1022                      .dwcfi  undefined, 25
    1023                      .dwcfi  undefined, 26
    1024                      .dwcfi  same_value, 28
    1025                      .dwcfi  undefined, 29
    1026                      .dwcfi  undefined, 30
    1027                      .dwcfi  undefined, 31
    1028                      .dwcfi  undefined, 32
    1029                      .dwcfi  undefined, 33
    1030                      .dwcfi  undefined, 34
    1031                      .dwcfi  undefined, 35
    1032                      .dwcfi  undefined, 36
    1033                      .dwcfi  undefined, 37
    1034                      .dwcfi  undefined, 38
    1035                      .dwcfi  undefined, 75
    1036                      .dwcfi  undefined, 76
    1037                      .dwcfi  undefined, 77
    1038                      .dwcfi  undefined, 4
    1039                      .dwcfi  undefined, 5
    1040                      .dwcfi  same_value, 6
    1041                      .dwcfi  same_value, 7
    1042                      .dwcfi  same_value, 8
    1043                      .dwcfi  same_value, 9
TMS320C2000 Assembler PC v6.4.4 Tue Feb 14 14:43:10 2017

Tools Copyright (c) 1996-2015 Texas Instruments Incorporated
C:\Users\a0221343\AppData\Local\Temp\0861211                         PAGE   21

    1044                      .dwcfi  same_value, 10
    1045                      .dwcfi  same_value, 11
    1046                      .dwcfi  undefined, 12
    1047                      .dwcfi  undefined, 13
    1048                      .dwcfi  undefined, 14
    1049                      .dwcfi  undefined, 15
    1050                      .dwcfi  undefined, 16
    1051                      .dwcfi  undefined, 17
    1052                      .dwcfi  undefined, 18
    1053                      .dwcfi  undefined, 19
    1054                      .dwcfi  undefined, 43
    1055                      .dwcfi  undefined, 44
    1056                      .dwcfi  undefined, 47
    1057                      .dwcfi  undefined, 48
    1058                      .dwcfi  undefined, 51
    1059                      .dwcfi  undefined, 52
    1060                      .dwcfi  undefined, 55
    1061                      .dwcfi  undefined, 56
    1062                      .dwcfi  same_value, 59
    1063                      .dwcfi  same_value, 60
    1064                      .dwcfi  same_value, 63
    1065                      .dwcfi  same_value, 64
    1066                      .dwcfi  same_value, 67
    1067                      .dwcfi  same_value, 68
    1068                      .dwcfi  same_value, 71
    1069                      .dwcfi  same_value, 72
    1070                      .dwcfi  undefined, 73
    1071                      .dwcfi  undefined, 74
    1072                      .dwcfi  undefined, 39
    1073                      .dwcfi  undefined, 40
    1074                      .dwcfi  undefined, 27
    1075                      .dwendentry
    1076              
    1077              ;***************************************************************
    1078              ;* DWARF REGISTER MAP                                          *
    1079              ;***************************************************************
    1080              
    1081              $C$DW$39        .dwtag  DW_TAG_TI_assign_register, DW_AT_name("AL")
    1082                      .dwattr $C$DW$39, DW_AT_location[DW_OP_reg0]
    1083              $C$DW$40        .dwtag  DW_TAG_TI_assign_register, DW_AT_name("AH")
    1084                      .dwattr $C$DW$40, DW_AT_location[DW_OP_reg1]
    1085              $C$DW$41        .dwtag  DW_TAG_TI_assign_register, DW_AT_name("PL")
    1086                      .dwattr $C$DW$41, DW_AT_location[DW_OP_reg2]
    1087              $C$DW$42        .dwtag  DW_TAG_TI_assign_register, DW_AT_name("PH")
    1088                      .dwattr $C$DW$42, DW_AT_location[DW_OP_reg3]
    1089              $C$DW$43        .dwtag  DW_TAG_TI_assign_register, DW_AT_name("SP")
    1090                      .dwattr $C$DW$43, DW_AT_location[DW_OP_reg20]
    1091              $C$DW$44        .dwtag  DW_TAG_TI_assign_register, DW_AT_name("XT")
    1092                      .dwattr $C$DW$44, DW_AT_location[DW_OP_reg21]
    1093              $C$DW$45        .dwtag  DW_TAG_TI_assign_register, DW_AT_name("T")
    1094                      .dwattr $C$DW$45, DW_AT_location[DW_OP_reg22]
    1095              $C$DW$46        .dwtag  DW_TAG_TI_assign_register, DW_AT_name("ST0")
    1096                      .dwattr $C$DW$46, DW_AT_location[DW_OP_reg23]
    1097              $C$DW$47        .dwtag  DW_TAG_TI_assign_register, DW_AT_name("ST1")
    1098                      .dwattr $C$DW$47, DW_AT_location[DW_OP_reg24]
TMS320C2000 Assembler PC v6.4.4 Tue Feb 14 14:43:10 2017

Tools Copyright (c) 1996-2015 Texas Instruments Incorporated
C:\Users\a0221343\AppData\Local\Temp\0861211                         PAGE   22

    1099              $C$DW$48        .dwtag  DW_TAG_TI_assign_register, DW_AT_name("PC")
    1100                      .dwattr $C$DW$48, DW_AT_location[DW_OP_reg25]
    1101              $C$DW$49        .dwtag  DW_TAG_TI_assign_register, DW_AT_name("RPC")
    1102                      .dwattr $C$DW$49, DW_AT_location[DW_OP_reg26]
    1103              $C$DW$50        .dwtag  DW_TAG_TI_assign_register, DW_AT_name("FP")
    1104                      .dwattr $C$DW$50, DW_AT_location[DW_OP_reg28]
    1105              $C$DW$51        .dwtag  DW_TAG_TI_assign_register, DW_AT_name("DP")
    1106                      .dwattr $C$DW$51, DW_AT_location[DW_OP_reg29]
    1107              $C$DW$52        .dwtag  DW_TAG_TI_assign_register, DW_AT_name("SXM")
    1108                      .dwattr $C$DW$52, DW_AT_location[DW_OP_reg30]
    1109              $C$DW$53        .dwtag  DW_TAG_TI_assign_register, DW_AT_name("PM")
    1110                      .dwattr $C$DW$53, DW_AT_location[DW_OP_reg31]
    1111              $C$DW$54        .dwtag  DW_TAG_TI_assign_register, DW_AT_name("OVM")
    1112                      .dwattr $C$DW$54, DW_AT_location[DW_OP_regx 0x20]
    1113              $C$DW$55        .dwtag  DW_TAG_TI_assign_register, DW_AT_name("PAGE0")
    1114                      .dwattr $C$DW$55, DW_AT_location[DW_OP_regx 0x21]
    1115              $C$DW$56        .dwtag  DW_TAG_TI_assign_register, DW_AT_name("AMODE")
    1116                      .dwattr $C$DW$56, DW_AT_location[DW_OP_regx 0x22]
    1117              $C$DW$57        .dwtag  DW_TAG_TI_assign_register, DW_AT_name("INTM")
    1118                      .dwattr $C$DW$57, DW_AT_location[DW_OP_regx 0x23]
    1119              $C$DW$58        .dwtag  DW_TAG_TI_assign_register, DW_AT_name("IFR")
    1120                      .dwattr $C$DW$58, DW_AT_location[DW_OP_regx 0x24]
    1121              $C$DW$59        .dwtag  DW_TAG_TI_assign_register, DW_AT_name("IER")
    1122                      .dwattr $C$DW$59, DW_AT_location[DW_OP_regx 0x25]
    1123              $C$DW$60        .dwtag  DW_TAG_TI_assign_register, DW_AT_name("V")
    1124                      .dwattr $C$DW$60, DW_AT_location[DW_OP_regx 0x26]
    1125              $C$DW$61        .dwtag  DW_TAG_TI_assign_register, DW_AT_name("PSEUDOH")
    1126                      .dwattr $C$DW$61, DW_AT_location[DW_OP_regx 0x4c]
    1127              $C$DW$62        .dwtag  DW_TAG_TI_assign_register, DW_AT_name("VOL")
    1128                      .dwattr $C$DW$62, DW_AT_location[DW_OP_regx 0x4d]
    1129              $C$DW$63        .dwtag  DW_TAG_TI_assign_register, DW_AT_name("AR0")
    1130                      .dwattr $C$DW$63, DW_AT_location[DW_OP_reg4]
    1131              $C$DW$64        .dwtag  DW_TAG_TI_assign_register, DW_AT_name("XAR0")
    1132                      .dwattr $C$DW$64, DW_AT_location[DW_OP_reg5]
    1133              $C$DW$65        .dwtag  DW_TAG_TI_assign_register, DW_AT_name("AR1")
    1134                      .dwattr $C$DW$65, DW_AT_location[DW_OP_reg6]
    1135              $C$DW$66        .dwtag  DW_TAG_TI_assign_register, DW_AT_name("XAR1")
    1136                      .dwattr $C$DW$66, DW_AT_location[DW_OP_reg7]
    1137              $C$DW$67        .dwtag  DW_TAG_TI_assign_register, DW_AT_name("AR2")
    1138                      .dwattr $C$DW$67, DW_AT_location[DW_OP_reg8]
    1139              $C$DW$68        .dwtag  DW_TAG_TI_assign_register, DW_AT_name("XAR2")
    1140                      .dwattr $C$DW$68, DW_AT_location[DW_OP_reg9]
    1141              $C$DW$69        .dwtag  DW_TAG_TI_assign_register, DW_AT_name("AR3")
    1142                      .dwattr $C$DW$69, DW_AT_location[DW_OP_reg10]
    1143              $C$DW$70        .dwtag  DW_TAG_TI_assign_register, DW_AT_name("XAR3")
    1144                      .dwattr $C$DW$70, DW_AT_location[DW_OP_reg11]
    1145              $C$DW$71        .dwtag  DW_TAG_TI_assign_register, DW_AT_name("AR4")
    1146                      .dwattr $C$DW$71, DW_AT_location[DW_OP_reg12]
    1147              $C$DW$72        .dwtag  DW_TAG_TI_assign_register, DW_AT_name("XAR4")
    1148                      .dwattr $C$DW$72, DW_AT_location[DW_OP_reg13]
    1149              $C$DW$73        .dwtag  DW_TAG_TI_assign_register, DW_AT_name("AR5")
    1150                      .dwattr $C$DW$73, DW_AT_location[DW_OP_reg14]
    1151              $C$DW$74        .dwtag  DW_TAG_TI_assign_register, DW_AT_name("XAR5")
    1152                      .dwattr $C$DW$74, DW_AT_location[DW_OP_reg15]
    1153              $C$DW$75        .dwtag  DW_TAG_TI_assign_register, DW_AT_name("AR6")
TMS320C2000 Assembler PC v6.4.4 Tue Feb 14 14:43:10 2017

Tools Copyright (c) 1996-2015 Texas Instruments Incorporated
C:\Users\a0221343\AppData\Local\Temp\0861211                         PAGE   23

    1154                      .dwattr $C$DW$75, DW_AT_location[DW_OP_reg16]
    1155              $C$DW$76        .dwtag  DW_TAG_TI_assign_register, DW_AT_name("XAR6")
    1156                      .dwattr $C$DW$76, DW_AT_location[DW_OP_reg17]
    1157              $C$DW$77        .dwtag  DW_TAG_TI_assign_register, DW_AT_name("AR7")
    1158                      .dwattr $C$DW$77, DW_AT_location[DW_OP_reg18]
    1159              $C$DW$78        .dwtag  DW_TAG_TI_assign_register, DW_AT_name("XAR7")
    1160                      .dwattr $C$DW$78, DW_AT_location[DW_OP_reg19]
    1161              $C$DW$79        .dwtag  DW_TAG_TI_assign_register, DW_AT_name("R0HL")
    1162                      .dwattr $C$DW$79, DW_AT_location[DW_OP_regx 0x2b]
    1163              $C$DW$80        .dwtag  DW_TAG_TI_assign_register, DW_AT_name("R0H")
    1164                      .dwattr $C$DW$80, DW_AT_location[DW_OP_regx 0x2c]
    1165              $C$DW$81        .dwtag  DW_TAG_TI_assign_register, DW_AT_name("R1HL")
    1166                      .dwattr $C$DW$81, DW_AT_location[DW_OP_regx 0x2f]
    1167              $C$DW$82        .dwtag  DW_TAG_TI_assign_register, DW_AT_name("R1H")
    1168                      .dwattr $C$DW$82, DW_AT_location[DW_OP_regx 0x30]
    1169              $C$DW$83        .dwtag  DW_TAG_TI_assign_register, DW_AT_name("R2HL")
    1170                      .dwattr $C$DW$83, DW_AT_location[DW_OP_regx 0x33]
    1171              $C$DW$84        .dwtag  DW_TAG_TI_assign_register, DW_AT_name("R2H")
    1172                      .dwattr $C$DW$84, DW_AT_location[DW_OP_regx 0x34]
    1173              $C$DW$85        .dwtag  DW_TAG_TI_assign_register, DW_AT_name("R3HL")
    1174                      .dwattr $C$DW$85, DW_AT_location[DW_OP_regx 0x37]
    1175              $C$DW$86        .dwtag  DW_TAG_TI_assign_register, DW_AT_name("R3H")
    1176                      .dwattr $C$DW$86, DW_AT_location[DW_OP_regx 0x38]
    1177              $C$DW$87        .dwtag  DW_TAG_TI_assign_register, DW_AT_name("R4HL")
    1178                      .dwattr $C$DW$87, DW_AT_location[DW_OP_regx 0x3b]
    1179              $C$DW$88        .dwtag  DW_TAG_TI_assign_register, DW_AT_name("R4H")
    1180                      .dwattr $C$DW$88, DW_AT_location[DW_OP_regx 0x3c]
    1181              $C$DW$89        .dwtag  DW_TAG_TI_assign_register, DW_AT_name("R5HL")
    1182                      .dwattr $C$DW$89, DW_AT_location[DW_OP_regx 0x3f]
    1183              $C$DW$90        .dwtag  DW_TAG_TI_assign_register, DW_AT_name("R5H")
    1184                      .dwattr $C$DW$90, DW_AT_location[DW_OP_regx 0x40]
    1185              $C$DW$91        .dwtag  DW_TAG_TI_assign_register, DW_AT_name("R6HL")
    1186                      .dwattr $C$DW$91, DW_AT_location[DW_OP_regx 0x43]
    1187              $C$DW$92        .dwtag  DW_TAG_TI_assign_register, DW_AT_name("R6H")
    1188                      .dwattr $C$DW$92, DW_AT_location[DW_OP_regx 0x44]
    1189              $C$DW$93        .dwtag  DW_TAG_TI_assign_register, DW_AT_name("R7HL")
    1190                      .dwattr $C$DW$93, DW_AT_location[DW_OP_regx 0x47]
    1191              $C$DW$94        .dwtag  DW_TAG_TI_assign_register, DW_AT_name("R7H")
    1192                      .dwattr $C$DW$94, DW_AT_location[DW_OP_regx 0x48]
    1193              $C$DW$95        .dwtag  DW_TAG_TI_assign_register, DW_AT_name("RBL")
    1194                      .dwattr $C$DW$95, DW_AT_location[DW_OP_regx 0x49]
    1195              $C$DW$96        .dwtag  DW_TAG_TI_assign_register, DW_AT_name("RB")
    1196                      .dwattr $C$DW$96, DW_AT_location[DW_OP_regx 0x4a]
    1197              $C$DW$97        .dwtag  DW_TAG_TI_assign_register, DW_AT_name("STFL")
    1198                      .dwattr $C$DW$97, DW_AT_location[DW_OP_regx 0x27]
    1199              $C$DW$98        .dwtag  DW_TAG_TI_assign_register, DW_AT_name("STF")
    1200                      .dwattr $C$DW$98, DW_AT_location[DW_OP_regx 0x28]
    1201              $C$DW$99        .dwtag  DW_TAG_TI_assign_register, DW_AT_name("FPUHAZ")
    1202                      .dwattr $C$DW$99, DW_AT_location[DW_OP_reg27]
    1203                      .dwendtag $C$DW$CU
    1204              

No Assembly Errors, No Assembly Warnings
