TMS320C2000 Assembler PC v6.4.4 Tue Feb 14 14:43:18 2017

Tools Copyright (c) 1996-2015 Texas Instruments Incorporated
C:\Users\a0221343\AppData\Local\Temp\0986410                         PAGE    1

       1              ;***************************************************************
       2              ;* TMS320C2000 C/C++ Codegen                         PC v6.4.4 *
       3              ;* Date/Time created: Tue Feb 14 14:43:18 2017                 *
       4              ;***************************************************************
       5                      .compiler_opts --cla_support=cla0 --float_support=fpu32 --hll_source=on --mem_model:code=flat --mem_m
       6        0002  FP      .set    XAR2
       7              
       8              $C$DW$CU        .dwtag  DW_TAG_compile_unit
       9                      .dwattr $C$DW$CU, DW_AT_name("C:/Users/a0221343/Git/bootROM/f28004x_bootrom/F28004x_ROM_dev_PG2.0/F28
      10                      .dwattr $C$DW$CU, DW_AT_producer("TI TMS320C2000 C/C++ Codegen PC v6.4.4 Copyright (c) 1996-2015 Texa
      11                      .dwattr $C$DW$CU, DW_AT_TI_version(0x01)
      12                      .dwattr $C$DW$CU, DW_AT_comp_dir("C:\Users\a0221343\Git\bootROM\f28004x_bootrom\F28004x_ROM_dev_PG2.0
      13              
      14              $C$DW$1 .dwtag  DW_TAG_subprogram, DW_AT_name("SysCtl_delay")
      15                      .dwattr $C$DW$1, DW_AT_TI_symbol_name("_SysCtl_delay")
      16                      .dwattr $C$DW$1, DW_AT_declaration
      17                      .dwattr $C$DW$1, DW_AT_external
      18              $C$DW$2 .dwtag  DW_TAG_formal_parameter
      19                      .dwattr $C$DW$2, DW_AT_type(*$C$DW$T$21)
      20                      .dwendtag $C$DW$1
      21              
      22              ;       C:\ti\ccsv6\tools\compiler\ti-cgt-c2000_6.4.4\bin\ac2000.exe -@C:\\Users\\a0221343\\AppData\\Local\\T
      23 00000000               .sect   ".text"
      24               .def _SysCtl_delay
      25               .global  _SysCtl_delay
      26 00000000       _SysCtl_delay:
      27 00000000 1901   SUB    ACC,#1
      28 00000001 56C3   BF     _SysCtl_delay,GEQ
         00000002 FFFF 
      29 00000003 0006   LRETR
      30 00000000               .sect   ".text:_SysCtl_isMCDClockFailureDetected"
      31                      .clink
      32              
      33              $C$DW$3 .dwtag  DW_TAG_subprogram, DW_AT_name("SysCtl_isMCDClockFailureDetected")
      34                      .dwattr $C$DW$3, DW_AT_low_pc(_SysCtl_isMCDClockFailureDetected)
      35                      .dwattr $C$DW$3, DW_AT_high_pc(0x00)
      36                      .dwattr $C$DW$3, DW_AT_TI_symbol_name("_SysCtl_isMCDClockFailureDetected")
      37                      .dwattr $C$DW$3, DW_AT_type(*$C$DW$T$31)
      38                      .dwattr $C$DW$3, DW_AT_TI_begin_file("C:\Users\a0221343\Git\bootROM\f28004x_bootrom\F28004x_ROM_dev_P
      39                      .dwattr $C$DW$3, DW_AT_TI_begin_line(0x8eb)
      40                      .dwattr $C$DW$3, DW_AT_TI_begin_column(0x01)
      41                      .dwattr $C$DW$3, DW_AT_TI_max_frame_size(-4)
      42                      .dwpsn  file "C:\Users\a0221343\Git\bootROM\f28004x_bootrom\F28004x_ROM_dev_PG2.0\F28004x_ROM\driverl
      43              
      44                      .dwfde $C$DW$CIE, _SysCtl_isMCDClockFailureDetected
      45              
      46              ;***************************************************************
      47              ;* FNAME: _SysCtl_isMCDClockFailureDetected FR SIZE:   2           *
      48              ;*                                                             *
      49              ;* FUNCTION ENVIRONMENT                                        *
      50              ;*                                                             *
      51              ;* FUNCTION PROPERTIES                                         *
      52              ;*                            0 Parameter,  1 Auto,  0 SOE     *
      53              ;***************************************************************
      54              
TMS320C2000 Assembler PC v6.4.4 Tue Feb 14 14:43:18 2017

Tools Copyright (c) 1996-2015 Texas Instruments Incorporated
C:\Users\a0221343\AppData\Local\Temp\0986410                         PAGE    2

      55 00000000       _SysCtl_isMCDClockFailureDetected:
      56                      .dwcfi  cfa_offset, -2
      57                      .dwcfi  save_reg_to_mem, 26, 0
      58 00000000 FE02          ADDB      SP,#2                 ; [CPU_U] 
      59                      .dwcfi  cfa_offset, -4
      60              $C$DW$4 .dwtag  DW_TAG_variable, DW_AT_name("status")
      61                      .dwattr $C$DW$4, DW_AT_TI_symbol_name("_status")
      62                      .dwattr $C$DW$4, DW_AT_type(*$C$DW$T$31)
      63                      .dwattr $C$DW$4, DW_AT_location[DW_OP_breg20 -1]
      64                      .dwpsn  file "C:\Users\a0221343\Git\bootROM\f28004x_bootrom\F28004x_ROM_dev_PG2.0\F28004x_ROM\driverl
      65 00000001 2B41          MOV       *-SP[1],#0            ; [CPU_] |2285| 
      66                      .dwpsn  file "C:\Users\a0221343\Git\bootROM\f28004x_bootrom\F28004x_ROM_dev_PG2.0\F28004x_ROM\driverl
      67 00000002 8F05          MOVL      XAR4,#381486          ; [CPU_U] |2290| 
         00000003 D22E 
      68 00000004 40C4          TBIT      *+XAR4[0],#0          ; [CPU_] |2290| 
      69 00000005 EF03          BF        $C$L1,NTC             ; [CPU_] |2290| 
      70                      ; branchcc occurs ; [] |2290| 
      71                      .dwpsn  file "C:\Users\a0221343\Git\bootROM\f28004x_bootrom\F28004x_ROM_dev_PG2.0\F28004x_ROM\driverl
      72 00000006 56BF          MOVB      *-SP[1],#1,UNC        ; [CPU_] |2292| 
         00000007 0141 
      73 00000008       $C$L1:    
      74                      .dwpsn  file "C:\Users\a0221343\Git\bootROM\f28004x_bootrom\F28004x_ROM_dev_PG2.0\F28004x_ROM\driverl
      75 00000008 9241          MOV       AL,*-SP[1]            ; [CPU_] |2295| 
      76                      .dwpsn  file "C:\Users\a0221343\Git\bootROM\f28004x_bootrom\F28004x_ROM_dev_PG2.0\F28004x_ROM\driverl
      77 00000009 FE82          SUBB      SP,#2                 ; [CPU_U] 
      78                      .dwcfi  cfa_offset, -2
      79              $C$DW$5 .dwtag  DW_TAG_TI_branch
      80                      .dwattr $C$DW$5, DW_AT_low_pc(0x00)
      81                      .dwattr $C$DW$5, DW_AT_TI_return
      82 0000000a 0006          LRETR     ; [CPU_] 
      83                      ; return occurs ; [] 
      84                      .dwattr $C$DW$3, DW_AT_TI_end_file("C:\Users\a0221343\Git\bootROM\f28004x_bootrom\F28004x_ROM_dev_PG2
      85                      .dwattr $C$DW$3, DW_AT_TI_end_line(0x8f8)
      86                      .dwattr $C$DW$3, DW_AT_TI_end_column(0x01)
      87                      .dwendentry
      88                      .dwendtag $C$DW$3
      89              
      90 00000000               .sect   ".text:_SysCtl_resetMCD"
      91                      .clink
      92              
      93              $C$DW$6 .dwtag  DW_TAG_subprogram, DW_AT_name("SysCtl_resetMCD")
      94                      .dwattr $C$DW$6, DW_AT_low_pc(_SysCtl_resetMCD)
      95                      .dwattr $C$DW$6, DW_AT_high_pc(0x00)
      96                      .dwattr $C$DW$6, DW_AT_TI_symbol_name("_SysCtl_resetMCD")
      97                      .dwattr $C$DW$6, DW_AT_TI_begin_file("C:\Users\a0221343\Git\bootROM\f28004x_bootrom\F28004x_ROM_dev_P
      98                      .dwattr $C$DW$6, DW_AT_TI_begin_line(0x902)
      99                      .dwattr $C$DW$6, DW_AT_TI_begin_column(0x01)
     100                      .dwattr $C$DW$6, DW_AT_TI_max_frame_size(-2)
     101                      .dwpsn  file "C:\Users\a0221343\Git\bootROM\f28004x_bootrom\F28004x_ROM_dev_PG2.0\F28004x_ROM\driverl
     102              
     103                      .dwfde $C$DW$CIE, _SysCtl_resetMCD
     104              
     105              ;***************************************************************
     106              ;* FNAME: _SysCtl_resetMCD              FR SIZE:   0           *
     107              ;*                                                             *
TMS320C2000 Assembler PC v6.4.4 Tue Feb 14 14:43:18 2017

Tools Copyright (c) 1996-2015 Texas Instruments Incorporated
C:\Users\a0221343\AppData\Local\Temp\0986410                         PAGE    3

     108              ;* FUNCTION ENVIRONMENT                                        *
     109              ;*                                                             *
     110              ;* FUNCTION PROPERTIES                                         *
     111              ;*                            0 Parameter,  0 Auto,  0 SOE     *
     112              ;***************************************************************
     113              
     114 00000000       _SysCtl_resetMCD:
     115                      .dwcfi  cfa_offset, -2
     116                      .dwcfi  save_reg_to_mem, 26, 0
     117                      .dwpsn  file "C:\Users\a0221343\Git\bootROM\f28004x_bootrom\F28004x_ROM_dev_PG2.0\F28004x_ROM\driverl
     118 00000000 7622   EALLOW
     119                      .dwpsn  file "C:\Users\a0221343\Git\bootROM\f28004x_bootrom\F28004x_ROM_dev_PG2.0\F28004x_ROM\driverl
     120 00000001 8F05          MOVL      XAR4,#381486          ; [CPU_U] |2310| 
         00000002 D22E 
     121 00000003 1AC4          OR        *+XAR4[0],#0x0002     ; [CPU_] |2310| 
         00000004 0002 
     122                      .dwpsn  file "C:\Users\a0221343\Git\bootROM\f28004x_bootrom\F28004x_ROM_dev_PG2.0\F28004x_ROM\driverl
     123 00000005 761A   EDIS
     124                      .dwpsn  file "C:\Users\a0221343\Git\bootROM\f28004x_bootrom\F28004x_ROM_dev_PG2.0\F28004x_ROM\driverl
     125 00000006 FF69          SPM       #0                    ; [CPU_] 
     126              $C$DW$7 .dwtag  DW_TAG_TI_branch
     127                      .dwattr $C$DW$7, DW_AT_low_pc(0x00)
     128                      .dwattr $C$DW$7, DW_AT_TI_return
     129 00000007 0006          LRETR     ; [CPU_] 
     130                      ; return occurs ; [] 
     131                      .dwattr $C$DW$6, DW_AT_TI_end_file("C:\Users\a0221343\Git\bootROM\f28004x_bootrom\F28004x_ROM_dev_PG2
     132                      .dwattr $C$DW$6, DW_AT_TI_end_line(0x909)
     133                      .dwattr $C$DW$6, DW_AT_TI_end_column(0x01)
     134                      .dwendentry
     135                      .dwendtag $C$DW$6
     136              
     137 00000000               .sect   ".text:_SysCtl_getClock"
     138                      .clink
     139                      .global _SysCtl_getClock
     140              
     141              $C$DW$8 .dwtag  DW_TAG_subprogram, DW_AT_name("SysCtl_getClock")
     142                      .dwattr $C$DW$8, DW_AT_low_pc(_SysCtl_getClock)
     143                      .dwattr $C$DW$8, DW_AT_high_pc(0x00)
     144                      .dwattr $C$DW$8, DW_AT_TI_symbol_name("_SysCtl_getClock")
     145                      .dwattr $C$DW$8, DW_AT_external
     146                      .dwattr $C$DW$8, DW_AT_type(*$C$DW$T$21)
     147                      .dwattr $C$DW$8, DW_AT_TI_begin_file("C:/Users/a0221343/Git/bootROM/f28004x_bootrom/F28004x_ROM_dev_P
     148                      .dwattr $C$DW$8, DW_AT_TI_begin_line(0x22)
     149                      .dwattr $C$DW$8, DW_AT_TI_begin_column(0x01)
     150                      .dwattr $C$DW$8, DW_AT_TI_max_frame_size(-4)
     151                      .dwpsn  file "C:/Users/a0221343/Git/bootROM/f28004x_bootrom/F28004x_ROM_dev_PG2.0/F28004x_ROM/driverl
     152              
     153                      .dwfde $C$DW$CIE, _SysCtl_getClock
     154              $C$DW$9 .dwtag  DW_TAG_formal_parameter, DW_AT_name("clockInHz")
     155                      .dwattr $C$DW$9, DW_AT_TI_symbol_name("_clockInHz")
     156                      .dwattr $C$DW$9, DW_AT_type(*$C$DW$T$21)
     157                      .dwattr $C$DW$9, DW_AT_location[DW_OP_reg0]
     158              
     159              ;***************************************************************
     160              ;* FNAME: _SysCtl_getClock              FR SIZE:   2           *
TMS320C2000 Assembler PC v6.4.4 Tue Feb 14 14:43:18 2017

Tools Copyright (c) 1996-2015 Texas Instruments Incorporated
C:\Users\a0221343\AppData\Local\Temp\0986410                         PAGE    4

     161              ;*                                                             *
     162              ;* FUNCTION ENVIRONMENT                                        *
     163              ;*                                                             *
     164              ;* FUNCTION PROPERTIES                                         *
     165              ;*                            0 Parameter,  2 Auto,  0 SOE     *
     166              ;***************************************************************
     167              
     168 00000000       _SysCtl_getClock:
     169                      .dwcfi  cfa_offset, -2
     170                      .dwcfi  save_reg_to_mem, 26, 0
     171 00000000 FE02          ADDB      SP,#2                 ; [CPU_U] 
     172                      .dwcfi  cfa_offset, -4
     173              $C$DW$10        .dwtag  DW_TAG_variable, DW_AT_name("clockInHz")
     174                      .dwattr $C$DW$10, DW_AT_TI_symbol_name("_clockInHz")
     175                      .dwattr $C$DW$10, DW_AT_type(*$C$DW$T$21)
     176                      .dwattr $C$DW$10, DW_AT_location[DW_OP_breg20 -2]
     177 00000001 1E42          MOVL      *-SP[2],ACC           ; [CPU_] |35| 
     178                      .dwpsn  file "C:/Users/a0221343/Git/bootROM/f28004x_bootrom/F28004x_ROM_dev_PG2.0/F28004x_ROM/driverl
     179              $C$DW$11        .dwtag  DW_TAG_TI_branch
     180                      .dwattr $C$DW$11, DW_AT_low_pc(0x00)
     181                      .dwattr $C$DW$11, DW_AT_name("_SysCtl_isMCDClockFailureDetected")
     182                      .dwattr $C$DW$11, DW_AT_TI_call
     183 00000002 7640+         LCR       #_SysCtl_isMCDClockFailureDetected ; [CPU_] |39| 
         00000003 0000 
     184                      ; call occurs [#_SysCtl_isMCDClockFailureDetected] ; [] |39| 
     185 00000004 5200          CMPB      AL,#0                 ; [CPU_] |39| 
     186 00000005 EC05          BF        $C$L2,EQ              ; [CPU_] |39| 
     187                      ; branchcc occurs ; [] |39| 
     188                      .dwpsn  file "C:/Users/a0221343/Git/bootROM/f28004x_bootrom/F28004x_ROM_dev_PG2.0/F28004x_ROM/driverl
     189 00000006 28A9          MOV       AL,#38528             ; [CPU_] |45| 
         00000007 9680 
     190 00000008 9B98          MOV       AH,#152               ; [CPU_] |45| 
     191 00000009 6F5A          B         $C$L11,UNC            ; [CPU_] |45| 
     192                      ; branch occurs ; [] |45| 
     193 0000000a       $C$L2:    
     194                      .dwpsn  file "C:/Users/a0221343/Git/bootROM/f28004x_bootrom/F28004x_ROM_dev_PG2.0/F28004x_ROM/driverl
     195 0000000a 8F05          MOVL      XAR4,#381448          ; [CPU_U] |48| 
         0000000b D208 
     196 0000000c 06C4          MOVL      ACC,*+XAR4[0]         ; [CPU_] |48| 
     197 0000000d 9B00          MOVB      AH,#0                 ; [CPU_] |48| 
     198 0000000e 9003          ANDB      AL,#0x03              ; [CPU_] |48| 
     199 0000000f FF58          TEST      ACC                   ; [CPU_] |48| 
     200 00000010 EC07          BF        $C$L3,EQ              ; [CPU_] |48| 
     201                      ; branchcc occurs ; [] |48| 
     202 00000011 BE02          MOVB      XAR6,#2               ; [CPU_] |48| 
     203 00000012 06C4          MOVL      ACC,*+XAR4[0]         ; [CPU_] |48| 
     204 00000013 9B00          MOVB      AH,#0                 ; [CPU_] |48| 
     205 00000014 9003          ANDB      AL,#0x03              ; [CPU_] |48| 
     206 00000015 0FA6          CMPL      ACC,XAR6              ; [CPU_] |48| 
     207 00000016 ED05          BF        $C$L4,NEQ             ; [CPU_] |48| 
     208                      ; branchcc occurs ; [] |48| 
     209 00000017       $C$L3:    
     210                      .dwpsn  file "C:/Users/a0221343/Git/bootROM/f28004x_bootrom/F28004x_ROM_dev_PG2.0/F28004x_ROM/driverl
     211 00000017 28A9          MOV       AL,#38528             ; [CPU_] |56| 
         00000018 9680 
TMS320C2000 Assembler PC v6.4.4 Tue Feb 14 14:43:18 2017

Tools Copyright (c) 1996-2015 Texas Instruments Incorporated
C:\Users\a0221343\AppData\Local\Temp\0986410                         PAGE    5

     212 00000019 9B98          MOV       AH,#152               ; [CPU_] |56| 
     213 0000001a 1E42          MOVL      *-SP[2],ACC           ; [CPU_] |56| 
     214 0000001b       $C$L4:    
     215                      .dwpsn  file "C:/Users/a0221343/Git/bootROM/f28004x_bootrom/F28004x_ROM_dev_PG2.0/F28004x_ROM/driverl
     216 0000001b 8F05          MOVL      XAR4,#381454          ; [CPU_U] |62| 
         0000001c D20E 
     217 0000001d BE03          MOVB      XAR6,#3               ; [CPU_] |62| 
     218 0000001e 06C4          MOVL      ACC,*+XAR4[0]         ; [CPU_] |62| 
     219 0000001f 9B00          MOVB      AH,#0                 ; [CPU_] |62| 
     220 00000020 9003          ANDB      AL,#0x03              ; [CPU_] |62| 
     221 00000021 0FA6          CMPL      ACC,XAR6              ; [CPU_] |62| 
     222 00000022 ED2E          BF        $C$L9,NEQ             ; [CPU_] |62| 
     223                      ; branchcc occurs ; [] |62| 
     224                      .dwpsn  file "C:/Users/a0221343/Git/bootROM/f28004x_bootrom/F28004x_ROM_dev_PG2.0/F28004x_ROM/driverl
     225 00000023 8F05          MOVL      XAR4,#381460          ; [CPU_U] |68| 
         00000024 D214 
     226 00000025 06C4          MOVL      ACC,*+XAR4[0]         ; [CPU_] |68| 
     227 00000026 9B00          MOVB      AH,#0                 ; [CPU_] |68| 
     228 00000027 907F          ANDB      AL,#0x7f              ; [CPU_] |68| 
     229 00000028 1EAC          MOVL      XT,ACC                ; [CPU_] |68| 
     230 00000029 5665          IMPYXUL   P,XT,*-SP[2]          ; [CPU_] |68| 
         0000002a 0042 
     231 0000002b A942          MOVL      *-SP[2],P             ; [CPU_] |68| 
     232                      .dwpsn  file "C:/Users/a0221343/Git/bootROM/f28004x_bootrom/F28004x_ROM_dev_PG2.0/F28004x_ROM/driverl
     233 0000002c 6F13          B         $C$L8,UNC             ; [CPU_] |75| 
     234                      ; branch occurs ; [] |75| 
     235 0000002d       $C$L5:    
     236                      .dwpsn  file "C:/Users/a0221343/Git/bootROM/f28004x_bootrom/F28004x_ROM_dev_PG2.0/F28004x_ROM/driverl
     237 0000002d 0642          MOVL      ACC,*-SP[2]           ; [CPU_] |82| 
     238 0000002e FF41          SFR       ACC,2                 ; [CPU_] |82| 
     239 0000002f 0742          ADDL      ACC,*-SP[2]           ; [CPU_] |82| 
     240 00000030 1E42          MOVL      *-SP[2],ACC           ; [CPU_] |82| 
     241                      .dwpsn  file "C:/Users/a0221343/Git/bootROM/f28004x_bootrom/F28004x_ROM_dev_PG2.0/F28004x_ROM/driverl
     242 00000031 6F1F          B         $C$L9,UNC             ; [CPU_] |83| 
     243                      ; branch occurs ; [] |83| 
     244 00000032       $C$L6:    
     245                      .dwpsn  file "C:/Users/a0221343/Git/bootROM/f28004x_bootrom/F28004x_ROM_dev_PG2.0/F28004x_ROM/driverl
     246 00000032 0642          MOVL      ACC,*-SP[2]           ; [CPU_] |86| 
     247 00000033 FF40          SFR       ACC,1                 ; [CPU_] |86| 
     248 00000034 0742          ADDL      ACC,*-SP[2]           ; [CPU_] |86| 
     249 00000035 1E42          MOVL      *-SP[2],ACC           ; [CPU_] |86| 
     250                      .dwpsn  file "C:/Users/a0221343/Git/bootROM/f28004x_bootrom/F28004x_ROM_dev_PG2.0/F28004x_ROM/driverl
     251 00000036 6F1A          B         $C$L9,UNC             ; [CPU_] |87| 
     252                      ; branch occurs ; [] |87| 
     253 00000037       $C$L7:    
     254                      .dwpsn  file "C:/Users/a0221343/Git/bootROM/f28004x_bootrom/F28004x_ROM_dev_PG2.0/F28004x_ROM/driverl
     255 00000037 C442          MOVL      XAR6,*-SP[2]          ; [CPU_] |90| 
     256 00000038 06A6          MOVL      ACC,XAR6              ; [CPU_] |90| 
     257 00000039 FF30          LSL       ACC,1                 ; [CPU_] |90| 
     258 0000003a 07A6          ADDL      ACC,XAR6              ; [CPU_] |90| 
     259 0000003b FF41          SFR       ACC,2                 ; [CPU_] |90| 
     260 0000003c 0742          ADDL      ACC,*-SP[2]           ; [CPU_] |90| 
     261 0000003d 1E42          MOVL      *-SP[2],ACC           ; [CPU_] |90| 
     262                      .dwpsn  file "C:/Users/a0221343/Git/bootROM/f28004x_bootrom/F28004x_ROM_dev_PG2.0/F28004x_ROM/driverl
     263 0000003e 6F12          B         $C$L9,UNC             ; [CPU_] |91| 
TMS320C2000 Assembler PC v6.4.4 Tue Feb 14 14:43:18 2017

Tools Copyright (c) 1996-2015 Texas Instruments Incorporated
C:\Users\a0221343\AppData\Local\Temp\0986410                         PAGE    6

     264                      ; branch occurs ; [] |91| 
     265 0000003f       $C$L8:    
     266                      .dwpsn  file "C:/Users/a0221343/Git/bootROM/f28004x_bootrom/F28004x_ROM_dev_PG2.0/F28004x_ROM/driverl
     267 0000003f 06C4          MOVL      ACC,*+XAR4[0]         ; [CPU_] |75| 
     268 00000040 2901          CLRC      SXM                   ; [CPU_] 
     269 00000041 9B00          MOVB      AH,#0                 ; [CPU_] |75| 
     270 00000042 18A9          AND       AL,#0x0300            ; [CPU_] |75| 
         00000043 0300 
     271 00000044 FF47          SFR       ACC,8                 ; [CPU_] |75| 
     272 00000045 1EA6          MOVL      XAR6,ACC              ; [CPU_] |75| 
     273 00000046 EC0A          BF        $C$L9,EQ              ; [CPU_] |75| 
     274                      ; branchcc occurs ; [] |75| 
     275 00000047 0201          MOVB      ACC,#1                ; [CPU_] |75| 
     276 00000048 0FA6          CMPL      ACC,XAR6              ; [CPU_] |75| 
     277 00000049 ECE4          BF        $C$L5,EQ              ; [CPU_] |75| 
     278                      ; branchcc occurs ; [] |75| 
     279 0000004a 0202          MOVB      ACC,#2                ; [CPU_] |75| 
     280 0000004b 0FA6          CMPL      ACC,XAR6              ; [CPU_] |75| 
     281 0000004c ECE6          BF        $C$L6,EQ              ; [CPU_] |75| 
     282                      ; branchcc occurs ; [] |75| 
     283 0000004d 0203          MOVB      ACC,#3                ; [CPU_] |75| 
     284 0000004e 0FA6          CMPL      ACC,XAR6              ; [CPU_] |75| 
     285 0000004f ECE8          BF        $C$L7,EQ              ; [CPU_] |75| 
     286                      ; branchcc occurs ; [] |75| 
     287 00000050       $C$L9:    
     288                      .dwpsn  file "C:/Users/a0221343/Git/bootROM/f28004x_bootrom/F28004x_ROM_dev_PG2.0/F28004x_ROM/driverl
     289 00000050 8F05          MOVL      XAR4,#381474          ; [CPU_U] |99| 
         00000051 D222 
     290 00000052 06C4          MOVL      ACC,*+XAR4[0]         ; [CPU_] |99| 
     291 00000053 9B00          MOVB      AH,#0                 ; [CPU_] |99| 
     292 00000054 903F          ANDB      AL,#0x3f              ; [CPU_] |99| 
     293 00000055 FF58          TEST      ACC                   ; [CPU_] |99| 
     294 00000056 EC0C          BF        $C$L10,EQ             ; [CPU_] |99| 
     295                      ; branchcc occurs ; [] |99| 
     296                      .dwpsn  file "C:/Users/a0221343/Git/bootROM/f28004x_bootrom/F28004x_ROM_dev_PG2.0/F28004x_ROM/driverl
     297 00000057 06C4          MOVL      ACC,*+XAR4[0]         ; [CPU_] |102| 
     298 00000058 9B00          MOVB      AH,#0                 ; [CPU_] |102| 
     299 00000059 903F          ANDB      AL,#0x3f              ; [CPU_] |102| 
     300 0000005a FF30          LSL       ACC,1                 ; [CPU_] |102| 
     301 0000005b 1EA6          MOVL      XAR6,ACC              ; [CPU_] |102| 
     302 0000005c A342          MOVL      P,*-SP[2]             ; [CPU_] |102| 
     303 0000005d 0200          MOVB      ACC,#0                ; [CPU_] |102| 
     304 0000005e F61F          RPT       #31
     305 0000005f 5617  ||     SUBCUL    ACC,XAR6              ; [CPU_] |102| 
         00000060 00A6 
     306 00000061 A942          MOVL      *-SP[2],P             ; [CPU_] |102| 
     307 00000062       $C$L10:    
     308                      .dwpsn  file "C:/Users/a0221343/Git/bootROM/f28004x_bootrom/F28004x_ROM_dev_PG2.0/F28004x_ROM/driverl
     309 00000062 0642          MOVL      ACC,*-SP[2]           ; [CPU_] |106| 
     310 00000063       $C$L11:    
     311                      .dwpsn  file "C:/Users/a0221343/Git/bootROM/f28004x_bootrom/F28004x_ROM_dev_PG2.0/F28004x_ROM/driverl
     312 00000063 FE82          SUBB      SP,#2                 ; [CPU_U] 
     313                      .dwcfi  cfa_offset, -2
     314              $C$DW$12        .dwtag  DW_TAG_TI_branch
     315                      .dwattr $C$DW$12, DW_AT_low_pc(0x00)
TMS320C2000 Assembler PC v6.4.4 Tue Feb 14 14:43:18 2017

Tools Copyright (c) 1996-2015 Texas Instruments Incorporated
C:\Users\a0221343\AppData\Local\Temp\0986410                         PAGE    7

     316                      .dwattr $C$DW$12, DW_AT_TI_return
     317 00000064 0006          LRETR     ; [CPU_] 
     318                      ; return occurs ; [] 
     319                      .dwattr $C$DW$8, DW_AT_TI_end_file("C:/Users/a0221343/Git/bootROM/f28004x_bootrom/F28004x_ROM_dev_PG2
     320                      .dwattr $C$DW$8, DW_AT_TI_end_line(0x6b)
     321                      .dwattr $C$DW$8, DW_AT_TI_end_column(0x01)
     322                      .dwendentry
     323                      .dwendtag $C$DW$8
     324              
     325 00000000               .sect   ".text:_SysCtl_setClock"
     326                      .clink
     327                      .global _SysCtl_setClock
     328              
     329              $C$DW$13        .dwtag  DW_TAG_subprogram, DW_AT_name("SysCtl_setClock")
     330                      .dwattr $C$DW$13, DW_AT_low_pc(_SysCtl_setClock)
     331                      .dwattr $C$DW$13, DW_AT_high_pc(0x00)
     332                      .dwattr $C$DW$13, DW_AT_TI_symbol_name("_SysCtl_setClock")
     333                      .dwattr $C$DW$13, DW_AT_external
     334                      .dwattr $C$DW$13, DW_AT_type(*$C$DW$T$31)
     335                      .dwattr $C$DW$13, DW_AT_TI_begin_file("C:/Users/a0221343/Git/bootROM/f28004x_bootrom/F28004x_ROM_dev_
     336                      .dwattr $C$DW$13, DW_AT_TI_begin_line(0x73)
     337                      .dwattr $C$DW$13, DW_AT_TI_begin_column(0x01)
     338                      .dwattr $C$DW$13, DW_AT_TI_max_frame_size(-6)
     339                      .dwpsn  file "C:/Users/a0221343/Git/bootROM/f28004x_bootrom/F28004x_ROM_dev_PG2.0/F28004x_ROM/driverl
     340              
     341                      .dwfde $C$DW$CIE, _SysCtl_setClock
     342              $C$DW$14        .dwtag  DW_TAG_formal_parameter, DW_AT_name("config")
     343                      .dwattr $C$DW$14, DW_AT_TI_symbol_name("_config")
     344                      .dwattr $C$DW$14, DW_AT_type(*$C$DW$T$21)
     345                      .dwattr $C$DW$14, DW_AT_location[DW_OP_reg0]
     346              
     347              ;***************************************************************
     348              ;* FNAME: _SysCtl_setClock              FR SIZE:   4           *
     349              ;*                                                             *
     350              ;* FUNCTION ENVIRONMENT                                        *
     351              ;*                                                             *
     352              ;* FUNCTION PROPERTIES                                         *
     353              ;*                            0 Parameter,  4 Auto,  0 SOE     *
     354              ;***************************************************************
     355              
     356 00000000       _SysCtl_setClock:
     357                      .dwcfi  cfa_offset, -2
     358                      .dwcfi  save_reg_to_mem, 26, 0
     359 00000000 FE04          ADDB      SP,#4                 ; [CPU_U] 
     360                      .dwcfi  cfa_offset, -6
     361              $C$DW$15        .dwtag  DW_TAG_variable, DW_AT_name("config")
     362                      .dwattr $C$DW$15, DW_AT_TI_symbol_name("_config")
     363                      .dwattr $C$DW$15, DW_AT_type(*$C$DW$T$21)
     364                      .dwattr $C$DW$15, DW_AT_location[DW_OP_breg20 -2]
     365              $C$DW$16        .dwtag  DW_TAG_variable, DW_AT_name("divSel")
     366                      .dwattr $C$DW$16, DW_AT_TI_symbol_name("_divSel")
     367                      .dwattr $C$DW$16, DW_AT_type(*$C$DW$T$24)
     368                      .dwattr $C$DW$16, DW_AT_location[DW_OP_breg20 -3]
     369              $C$DW$17        .dwtag  DW_TAG_variable, DW_AT_name("pllMult")
     370                      .dwattr $C$DW$17, DW_AT_TI_symbol_name("_pllMult")
TMS320C2000 Assembler PC v6.4.4 Tue Feb 14 14:43:18 2017

Tools Copyright (c) 1996-2015 Texas Instruments Incorporated
C:\Users\a0221343\AppData\Local\Temp\0986410                         PAGE    8

     371                      .dwattr $C$DW$17, DW_AT_type(*$C$DW$T$24)
     372                      .dwattr $C$DW$17, DW_AT_location[DW_OP_breg20 -4]
     373 00000001 1E42          MOVL      *-SP[2],ACC           ; [CPU_] |116| 
     374                      .dwpsn  file "C:/Users/a0221343/Git/bootROM/f28004x_bootrom/F28004x_ROM_dev_PG2.0/F28004x_ROM/driverl
     375              $C$DW$18        .dwtag  DW_TAG_TI_branch
     376                      .dwattr $C$DW$18, DW_AT_low_pc(0x00)
     377                      .dwattr $C$DW$18, DW_AT_name("_SysCtl_isMCDClockFailureDetected")
     378                      .dwattr $C$DW$18, DW_AT_TI_call
     379 00000002 7640+         LCR       #_SysCtl_isMCDClockFailureDetected ; [CPU_] |130| 
         00000003 0000 
     380                      ; call occurs [#_SysCtl_isMCDClockFailureDetected] ; [] |130| 
     381 00000004 5200          CMPB      AL,#0                 ; [CPU_] |130| 
     382 00000005 EC03          BF        $C$L12,EQ             ; [CPU_] |130| 
     383                      ; branchcc occurs ; [] |130| 
     384                      .dwpsn  file "C:/Users/a0221343/Git/bootROM/f28004x_bootrom/F28004x_ROM_dev_PG2.0/F28004x_ROM/driverl
     385 00000006 9A00          MOVB      AL,#0                 ; [CPU_] |136| 
     386 00000007 6F5C          B         $C$L17,UNC            ; [CPU_] |136| 
     387                      ; branch occurs ; [] |136| 
     388 00000008       $C$L12:    
     389                      .dwpsn  file "C:/Users/a0221343/Git/bootROM/f28004x_bootrom/F28004x_ROM_dev_PG2.0/F28004x_ROM/driverl
     390 00000008 7622   EALLOW
     391                      .dwpsn  file "C:/Users/a0221343/Git/bootROM/f28004x_bootrom/F28004x_ROM_dev_PG2.0/F28004x_ROM/driverl
     392 00000009 8F05          MOVL      XAR4,#381454          ; [CPU_U] |143| 
         0000000a D20E 
     393 0000000b 18C4          AND       *+XAR4[0],#0xfffc     ; [CPU_] |143| 
         0000000c FFFC 
     394                      .dwpsn  file "C:/Users/a0221343/Git/bootROM/f28004x_bootrom/F28004x_ROM_dev_PG2.0/F28004x_ROM/driverl
     395 0000000d 761A   EDIS
     396                      .dwpsn  file "C:/Users/a0221343/Git/bootROM/f28004x_bootrom/F28004x_ROM_dev_PG2.0/F28004x_ROM/driverl
     397 0000000e 8F03          MOVL      XAR4,#196608          ; [CPU_U] |150| 
         0000000f 0000 
     398 00000010 A8A9          MOVL      ACC,XAR4              ; [CPU_] |150| 
     399 00000011 CE42          AND       AL,*-SP[2]            ; [CPU_] |150| 
     400 00000012 CF41          AND       AH,*-SP[1]            ; [CPU_] |150| 
     401 00000013 FF69          SPM       #0                    ; [CPU_] 
     402              $C$DW$19        .dwtag  DW_TAG_TI_branch
     403                      .dwattr $C$DW$19, DW_AT_low_pc(0x00)
     404                      .dwattr $C$DW$19, DW_AT_name("_SysCtl_selectOscSource")
     405                      .dwattr $C$DW$19, DW_AT_TI_call
     406 00000014 7640+         LCR       #_SysCtl_selectOscSource ; [CPU_] |150| 
         00000015 0000 
     407                      ; call occurs [#_SysCtl_selectOscSource] ; [] |150| 
     408                      .dwpsn  file "C:/Users/a0221343/Git/bootROM/f28004x_bootrom/F28004x_ROM_dev_PG2.0/F28004x_ROM/driverl
     409 00000016 2BAB          MOV       PL,#0                 ; [CPU_] |155| 
     410 00000017 28AA          MOV       PH,#32768             ; [CPU_] |155| 
         00000018 8000 
     411 00000019 0642          MOVL      ACC,*-SP[2]           ; [CPU_] |155| 
     412 0000001a 5608          AND       ACC,#32768 << 16      ; [CPU_] |155| 
         0000001b 8000 
     413 0000001c 0FAB          CMPL      ACC,P                 ; [CPU_] |155| 
     414 0000001d ED1E          BF        $C$L14,NEQ            ; [CPU_] |155| 
     415                      ; branchcc occurs ; [] |155| 
     416                      .dwpsn  file "C:/Users/a0221343/Git/bootROM/f28004x_bootrom/F28004x_ROM_dev_PG2.0/F28004x_ROM/driverl
     417 0000001e 7622   EALLOW
     418                      .dwpsn  file "C:/Users/a0221343/Git/bootROM/f28004x_bootrom/F28004x_ROM_dev_PG2.0/F28004x_ROM/driverl
TMS320C2000 Assembler PC v6.4.4 Tue Feb 14 14:43:18 2017

Tools Copyright (c) 1996-2015 Texas Instruments Incorporated
C:\Users\a0221343\AppData\Local\Temp\0986410                         PAGE    9

     419 0000001f 9242          MOV       AL,*-SP[2]            ; [CPU_] |159| 
     420 00000020 907F          ANDB      AL,#0x7f              ; [CPU_] |159| 
     421 00000021 9644          MOV       *-SP[4],AL            ; [CPU_] |159| 
     422                      .dwpsn  file "C:/Users/a0221343/Git/bootROM/f28004x_bootrom/F28004x_ROM_dev_PG2.0/F28004x_ROM/driverl
     423 00000022 8F00          MOVL      XAR4,#24576           ; [CPU_U] |161| 
         00000023 6000 
     424 00000024 2901          CLRC      SXM                   ; [CPU_] 
     425 00000025 A8A9          MOVL      ACC,XAR4              ; [CPU_] |161| 
     426 00000026 CE42          AND       AL,*-SP[2]            ; [CPU_] |161| 
     427 00000027 CF41          AND       AH,*-SP[1]            ; [CPU_] |161| 
     428 00000028 FF4C          SFR       ACC,13                ; [CPU_] |161| 
     429 00000029 5603          MOV       ACC,AL << #8          ; [CPU_] |161| 
         0000002a 08A9 
     430 0000002b 9844          OR        *-SP[4],AL            ; [CPU_] |161| 
     431                      .dwpsn  file "C:/Users/a0221343/Git/bootROM/f28004x_bootrom/F28004x_ROM_dev_PG2.0/F28004x_ROM/driverl
     432 0000002c 8F05          MOVL      XAR4,#381460          ; [CPU_U] |164| 
         0000002d D214 
     433 0000002e 9244          MOV       AL,*-SP[4]            ; [CPU_] |164| 
     434 0000002f 98C4          OR        *+XAR4[0],AL          ; [CPU_] |164| 
     435                      .dwpsn  file "C:/Users/a0221343/Git/bootROM/f28004x_bootrom/F28004x_ROM_dev_PG2.0/F28004x_ROM/driverl
     436 00000030 8F05          MOVL      XAR4,#381454          ; [CPU_U] |167| 
         00000031 D20E 
     437 00000032 1AC4          OR        *+XAR4[0],#1          ; [CPU_] |167| 
         00000033 0001 
     438                      .dwpsn  file "C:/Users/a0221343/Git/bootROM/f28004x_bootrom/F28004x_ROM_dev_PG2.0/F28004x_ROM/driverl
     439 00000034 761A   EDIS
     440                      .dwpsn  file "C:/Users/a0221343/Git/bootROM/f28004x_bootrom/F28004x_ROM_dev_PG2.0/F28004x_ROM/driverl
     441 00000035 8F05          MOVL      XAR4,#381462          ; [CPU_U] |171| 
         00000036 D216 
     442 00000037       $C$L13:    
     443                      .dwpsn  file "C:/Users/a0221343/Git/bootROM/f28004x_bootrom/F28004x_ROM_dev_PG2.0/F28004x_ROM/driverl
     444 00000037 92C4          MOV       AL,*+XAR4[0]          ; [CPU_] |171| 
     445 00000038 9001          ANDB      AL,#0x01              ; [CPU_] |171| 
     446 00000039 5201          CMPB      AL,#1                 ; [CPU_] |171| 
     447 0000003a EDFD          BF        $C$L13,NEQ            ; [CPU_] |171| 
     448                      ; branchcc occurs ; [] |171| 
     449 0000003b       $C$L14:    
     450                      .dwpsn  file "C:/Users/a0221343/Git/bootROM/f28004x_bootrom/F28004x_ROM_dev_PG2.0/F28004x_ROM/driverl
     451 0000003b CC42          AND       AL,*-SP[2],#0x1f80    ; [CPU_] |183| 
         0000003c 1F80 
     452 0000003d FFC6          LSR       AL,7                  ; [CPU_] |183| 
     453 0000003e 9643          MOV       *-SP[3],AL            ; [CPU_] |183| 
     454                      .dwpsn  file "C:/Users/a0221343/Git/bootROM/f28004x_bootrom/F28004x_ROM_dev_PG2.0/F28004x_ROM/driverl
     455 0000003f 7622   EALLOW
     456                      .dwpsn  file "C:/Users/a0221343/Git/bootROM/f28004x_bootrom/F28004x_ROM_dev_PG2.0/F28004x_ROM/driverl
     457 00000040 523F          CMPB      AL,#63                ; [CPU_] |185| 
     458 00000041 EC0A          BF        $C$L15,EQ             ; [CPU_] |185| 
     459                      ; branchcc occurs ; [] |185| 
     460                      .dwpsn  file "C:/Users/a0221343/Git/bootROM/f28004x_bootrom/F28004x_ROM_dev_PG2.0/F28004x_ROM/driverl
     461 00000042 8F05          MOVL      XAR4,#381474          ; [CPU_U] |187| 
         00000043 D222 
     462 00000044 9343          MOV       AH,*-SP[3]            ; [CPU_] |187| 
     463 00000045 CCC4          AND       AL,*+XAR4[0],#0xffc0  ; [CPU_] |187| 
         00000046 FFC0 
     464 00000047 9D01          ADDB      AH,#1                 ; [CPU_] |187| 
TMS320C2000 Assembler PC v6.4.4 Tue Feb 14 14:43:18 2017

Tools Copyright (c) 1996-2015 Texas Instruments Incorporated
C:\Users\a0221343\AppData\Local\Temp\0986410                         PAGE   10

     465 00000048 CBA9          OR        AH,AL                 ; [CPU_] |187| 
     466 00000049 97C4          MOV       *+XAR4[0],AH          ; [CPU_] |187| 
     467                      .dwpsn  file "C:/Users/a0221343/Git/bootROM/f28004x_bootrom/F28004x_ROM_dev_PG2.0/F28004x_ROM/driverl
     468 0000004a 6F07          B         $C$L16,UNC            ; [CPU_] |190| 
     469                      ; branch occurs ; [] |190| 
     470 0000004b       $C$L15:    
     471                      .dwpsn  file "C:/Users/a0221343/Git/bootROM/f28004x_bootrom/F28004x_ROM_dev_PG2.0/F28004x_ROM/driverl
     472 0000004b 8F05          MOVL      XAR4,#381474          ; [CPU_U] |193| 
         0000004c D222 
     473 0000004d CCC4          AND       AL,*+XAR4[0],#0xffc0  ; [CPU_] |193| 
         0000004e FFC0 
     474 0000004f CA43          OR        AL,*-SP[3]            ; [CPU_] |193| 
     475 00000050 96C4          MOV       *+XAR4[0],AL          ; [CPU_] |193| 
     476 00000051       $C$L16:    
     477                      .dwpsn  file "C:/Users/a0221343/Git/bootROM/f28004x_bootrom/F28004x_ROM_dev_PG2.0/F28004x_ROM/driverl
     478 00000051 8F05          MOVL      XAR4,#381454          ; [CPU_U] |201| 
         00000052 D20E 
     479 00000053 1AC4          OR        *+XAR4[0],#0x0002     ; [CPU_] |201| 
         00000054 0002 
     480                      .dwpsn  file "C:/Users/a0221343/Git/bootROM/f28004x_bootrom/F28004x_ROM_dev_PG2.0/F28004x_ROM/driverl
     481 00000055 761A   EDIS
     482                      .dwpsn  file "C:/Users/a0221343/Git/bootROM/f28004x_bootrom/F28004x_ROM_dev_PG2.0/F28004x_ROM/driverl
     483 00000056 FF69          SPM       #0                    ; [CPU_] 
     484 00000057 0223          MOVB      ACC,#35               ; [CPU_] |207| 
     485              $C$DW$20        .dwtag  DW_TAG_TI_branch
     486                      .dwattr $C$DW$20, DW_AT_low_pc(0x00)
     487                      .dwattr $C$DW$20, DW_AT_name("_SysCtl_delay")
     488                      .dwattr $C$DW$20, DW_AT_TI_call
     489 00000058 7640'         LCR       #_SysCtl_delay        ; [CPU_] |207| 
         00000059 0000 
     490                      ; call occurs [#_SysCtl_delay] ; [] |207| 
     491                      .dwpsn  file "C:/Users/a0221343/Git/bootROM/f28004x_bootrom/F28004x_ROM_dev_PG2.0/F28004x_ROM/driverl
     492 0000005a 7622   EALLOW
     493                      .dwpsn  file "C:/Users/a0221343/Git/bootROM/f28004x_bootrom/F28004x_ROM_dev_PG2.0/F28004x_ROM/driverl
     494 0000005b 8F05          MOVL      XAR4,#381474          ; [CPU_U] |213| 
         0000005c D222 
     495 0000005d CCC4          AND       AL,*+XAR4[0],#0xffc0  ; [CPU_] |213| 
         0000005e FFC0 
     496 0000005f CA43          OR        AL,*-SP[3]            ; [CPU_] |213| 
     497 00000060 96C4          MOV       *+XAR4[0],AL          ; [CPU_] |213| 
     498                      .dwpsn  file "C:/Users/a0221343/Git/bootROM/f28004x_bootrom/F28004x_ROM_dev_PG2.0/F28004x_ROM/driverl
     499 00000061 761A   EDIS
     500                      .dwpsn  file "C:/Users/a0221343/Git/bootROM/f28004x_bootrom/F28004x_ROM_dev_PG2.0/F28004x_ROM/driverl
     501 00000062 9A01          MOVB      AL,#1                 ; [CPU_] |218| 
     502 00000063       $C$L17:    
     503                      .dwpsn  file "C:/Users/a0221343/Git/bootROM/f28004x_bootrom/F28004x_ROM_dev_PG2.0/F28004x_ROM/driverl
     504 00000063 FE84          SUBB      SP,#4                 ; [CPU_U] 
     505                      .dwcfi  cfa_offset, -2
     506 00000064 FF69          SPM       #0                    ; [CPU_] 
     507              $C$DW$21        .dwtag  DW_TAG_TI_branch
     508                      .dwattr $C$DW$21, DW_AT_low_pc(0x00)
     509                      .dwattr $C$DW$21, DW_AT_TI_return
     510 00000065 0006          LRETR     ; [CPU_] 
     511                      ; return occurs ; [] 
     512                      .dwattr $C$DW$13, DW_AT_TI_end_file("C:/Users/a0221343/Git/bootROM/f28004x_bootrom/F28004x_ROM_dev_PG
TMS320C2000 Assembler PC v6.4.4 Tue Feb 14 14:43:18 2017

Tools Copyright (c) 1996-2015 Texas Instruments Incorporated
C:\Users\a0221343\AppData\Local\Temp\0986410                         PAGE   11

     513                      .dwattr $C$DW$13, DW_AT_TI_end_line(0xdb)
     514                      .dwattr $C$DW$13, DW_AT_TI_end_column(0x01)
     515                      .dwendentry
     516                      .dwendtag $C$DW$13
     517              
     518 00000000               .sect   ".text:_SysCtl_selectXTAL"
     519                      .clink
     520                      .global _SysCtl_selectXTAL
     521              
     522              $C$DW$22        .dwtag  DW_TAG_subprogram, DW_AT_name("SysCtl_selectXTAL")
     523                      .dwattr $C$DW$22, DW_AT_low_pc(_SysCtl_selectXTAL)
     524                      .dwattr $C$DW$22, DW_AT_high_pc(0x00)
     525                      .dwattr $C$DW$22, DW_AT_TI_symbol_name("_SysCtl_selectXTAL")
     526                      .dwattr $C$DW$22, DW_AT_external
     527                      .dwattr $C$DW$22, DW_AT_TI_begin_file("C:/Users/a0221343/Git/bootROM/f28004x_bootrom/F28004x_ROM_dev_
     528                      .dwattr $C$DW$22, DW_AT_TI_begin_line(0xe3)
     529                      .dwattr $C$DW$22, DW_AT_TI_begin_column(0x01)
     530                      .dwattr $C$DW$22, DW_AT_TI_max_frame_size(-2)
     531                      .dwpsn  file "C:/Users/a0221343/Git/bootROM/f28004x_bootrom/F28004x_ROM_dev_PG2.0/F28004x_ROM/driverl
     532              
     533                      .dwfde $C$DW$CIE, _SysCtl_selectXTAL
     534              
     535              ;***************************************************************
     536              ;* FNAME: _SysCtl_selectXTAL            FR SIZE:   0           *
     537              ;*                                                             *
     538              ;* FUNCTION ENVIRONMENT                                        *
     539              ;*                                                             *
     540              ;* FUNCTION PROPERTIES                                         *
     541              ;*                            0 Parameter,  0 Auto,  0 SOE     *
     542              ;***************************************************************
     543              
     544 00000000       _SysCtl_selectXTAL:
     545                      .dwcfi  cfa_offset, -2
     546                      .dwcfi  save_reg_to_mem, 26, 0
     547                      .dwpsn  file "C:/Users/a0221343/Git/bootROM/f28004x_bootrom/F28004x_ROM_dev_PG2.0/F28004x_ROM/driverl
     548 00000000 7622   EALLOW
     549                      .dwpsn  file "C:/Users/a0221343/Git/bootROM/f28004x_bootrom/F28004x_ROM_dev_PG2.0/F28004x_ROM/driverl
     550 00000001 8F05          MOVL      XAR4,#381490          ; [CPU_U] |231| 
         00000002 D232 
     551 00000003 18C4          AND       *+XAR4[0],#0xfffe     ; [CPU_] |231| 
         00000004 FFFE 
     552                      .dwpsn  file "C:/Users/a0221343/Git/bootROM/f28004x_bootrom/F28004x_ROM_dev_PG2.0/F28004x_ROM/driverl
     553 00000005 18C4          AND       *+XAR4[0],#0xfffd     ; [CPU_] |232| 
         00000006 FFFD 
     554                      .dwpsn  file "C:/Users/a0221343/Git/bootROM/f28004x_bootrom/F28004x_ROM_dev_PG2.0/F28004x_ROM/driverl
     555 00000007 761A   EDIS
     556                      .dwpsn  file "C:/Users/a0221343/Git/bootROM/f28004x_bootrom/F28004x_ROM_dev_PG2.0/F28004x_ROM/driverl
     557 00000008 8F05          MOVL      XAR4,#381488          ; [CPU_U] |236| 
         00000009 D230 
     558 0000000a 1ACC          OR        *+XAR4[1],#1          ; [CPU_] |236| 
         0000000b 0001 
     559                      .dwpsn  file "C:/Users/a0221343/Git/bootROM/f28004x_bootrom/F28004x_ROM_dev_PG2.0/F28004x_ROM/driverl
     560 0000000c 28A9          MOV       AL,#1023              ; [CPU_] |237| 
         0000000d 03FF 
     561 0000000e 54C4          CMP       AL,*+XAR4[0]          ; [CPU_] |237| 
TMS320C2000 Assembler PC v6.4.4 Tue Feb 14 14:43:18 2017

Tools Copyright (c) 1996-2015 Texas Instruments Incorporated
C:\Users\a0221343\AppData\Local\Temp\0986410                         PAGE   12

     562 0000000f EC03          BF        $C$L19,EQ             ; [CPU_] |237| 
     563                      ; branchcc occurs ; [] |237| 
     564 00000010       $C$L18:    
     565 00000010 54C4          CMP       AL,*+XAR4[0]          ; [CPU_] |237| 
     566 00000011 EDFF          BF        $C$L18,NEQ            ; [CPU_] |237| 
     567                      ; branchcc occurs ; [] |237| 
     568 00000012       $C$L19:    
     569                      .dwpsn  file "C:/Users/a0221343/Git/bootROM/f28004x_bootrom/F28004x_ROM_dev_PG2.0/F28004x_ROM/driverl
     570 00000012 7622   EALLOW
     571                      .dwpsn  file "C:/Users/a0221343/Git/bootROM/f28004x_bootrom/F28004x_ROM_dev_PG2.0/F28004x_ROM/driverl
     572 00000013 8F05          MOVL      XAR4,#381448          ; [CPU_U] |243| 
         00000014 D208 
     573 00000015 18C4          AND       *+XAR4[0],#0xfffc     ; [CPU_] |243| 
         00000016 FFFC 
     574                      .dwpsn  file "C:/Users/a0221343/Git/bootROM/f28004x_bootrom/F28004x_ROM_dev_PG2.0/F28004x_ROM/driverl
     575 00000017 1AC4          OR        *+XAR4[0],#0x0001     ; [CPU_] |245| 
         00000018 0001 
     576                      .dwpsn  file "C:/Users/a0221343/Git/bootROM/f28004x_bootrom/F28004x_ROM_dev_PG2.0/F28004x_ROM/driverl
     577 00000019 761A   EDIS
     578                      .dwpsn  file "C:/Users/a0221343/Git/bootROM/f28004x_bootrom/F28004x_ROM_dev_PG2.0/F28004x_ROM/driverl
     579 0000001a 6F15          B         $C$L23,UNC            ; [CPU_] |251| 
     580                      ; branch occurs ; [] |251| 
     581 0000001b       $C$L20:    
     582                      .dwpsn  file "C:/Users/a0221343/Git/bootROM/f28004x_bootrom/F28004x_ROM_dev_PG2.0/F28004x_ROM/driverl
     583              $C$DW$23        .dwtag  DW_TAG_TI_branch
     584                      .dwattr $C$DW$23, DW_AT_low_pc(0x00)
     585                      .dwattr $C$DW$23, DW_AT_name("_SysCtl_resetMCD")
     586                      .dwattr $C$DW$23, DW_AT_TI_call
     587 0000001b 7640+         LCR       #_SysCtl_resetMCD     ; [CPU_] |254| 
         0000001c 0000 
     588                      ; call occurs [#_SysCtl_resetMCD] ; [] |254| 
     589                      .dwpsn  file "C:/Users/a0221343/Git/bootROM/f28004x_bootrom/F28004x_ROM_dev_PG2.0/F28004x_ROM/driverl
     590 0000001d 8F05          MOVL      XAR4,#381488          ; [CPU_U] |257| 
         0000001e D230 
     591 0000001f 1ACC          OR        *+XAR4[1],#1          ; [CPU_] |257| 
         00000020 0001 
     592                      .dwpsn  file "C:/Users/a0221343/Git/bootROM/f28004x_bootrom/F28004x_ROM_dev_PG2.0/F28004x_ROM/driverl
     593 00000021 28A9          MOV       AL,#1023              ; [CPU_] |258| 
         00000022 03FF 
     594 00000023 54C4          CMP       AL,*+XAR4[0]          ; [CPU_] |258| 
     595 00000024 EC03          BF        $C$L22,EQ             ; [CPU_] |258| 
     596                      ; branchcc occurs ; [] |258| 
     597 00000025       $C$L21:    
     598 00000025 54C4          CMP       AL,*+XAR4[0]          ; [CPU_] |258| 
     599 00000026 EDFF          BF        $C$L21,NEQ            ; [CPU_] |258| 
     600                      ; branchcc occurs ; [] |258| 
     601 00000027       $C$L22:    
     602                      .dwpsn  file "C:/Users/a0221343/Git/bootROM/f28004x_bootrom/F28004x_ROM_dev_PG2.0/F28004x_ROM/driverl
     603 00000027 7622   EALLOW
     604                      .dwpsn  file "C:/Users/a0221343/Git/bootROM/f28004x_bootrom/F28004x_ROM_dev_PG2.0/F28004x_ROM/driverl
     605 00000028 8F05          MOVL      XAR4,#381448          ; [CPU_U] |264| 
         00000029 D208 
     606 0000002a 18C4          AND       *+XAR4[0],#0xfffc     ; [CPU_] |264| 
         0000002b FFFC 
     607                      .dwpsn  file "C:/Users/a0221343/Git/bootROM/f28004x_bootrom/F28004x_ROM_dev_PG2.0/F28004x_ROM/driverl
TMS320C2000 Assembler PC v6.4.4 Tue Feb 14 14:43:18 2017

Tools Copyright (c) 1996-2015 Texas Instruments Incorporated
C:\Users\a0221343\AppData\Local\Temp\0986410                         PAGE   13

     608 0000002c 1AC4          OR        *+XAR4[0],#0x0001     ; [CPU_] |266| 
         0000002d 0001 
     609                      .dwpsn  file "C:/Users/a0221343/Git/bootROM/f28004x_bootrom/F28004x_ROM_dev_PG2.0/F28004x_ROM/driverl
     610 0000002e 761A   EDIS
     611 0000002f       $C$L23:    
     612                      .dwpsn  file "C:/Users/a0221343/Git/bootROM/f28004x_bootrom/F28004x_ROM_dev_PG2.0/F28004x_ROM/driverl
     613 0000002f FF69          SPM       #0                    ; [CPU_] 
     614              $C$DW$24        .dwtag  DW_TAG_TI_branch
     615                      .dwattr $C$DW$24, DW_AT_low_pc(0x00)
     616                      .dwattr $C$DW$24, DW_AT_name("_SysCtl_isMCDClockFailureDetected")
     617                      .dwattr $C$DW$24, DW_AT_TI_call
     618 00000030 7640+         LCR       #_SysCtl_isMCDClockFailureDetected ; [CPU_] |251| 
         00000031 0000 
     619                      ; call occurs [#_SysCtl_isMCDClockFailureDetected] ; [] |251| 
     620 00000032 5200          CMPB      AL,#0                 ; [CPU_] |251| 
     621 00000033 EDE8          BF        $C$L20,NEQ            ; [CPU_] |251| 
     622                      ; branchcc occurs ; [] |251| 
     623                      .dwpsn  file "C:/Users/a0221343/Git/bootROM/f28004x_bootrom/F28004x_ROM_dev_PG2.0/F28004x_ROM/driverl
     624              $C$DW$25        .dwtag  DW_TAG_TI_branch
     625                      .dwattr $C$DW$25, DW_AT_low_pc(0x00)
     626                      .dwattr $C$DW$25, DW_AT_TI_return
     627 00000034 0006          LRETR     ; [CPU_] 
     628                      ; return occurs ; [] 
     629                      .dwattr $C$DW$22, DW_AT_TI_end_file("C:/Users/a0221343/Git/bootROM/f28004x_bootrom/F28004x_ROM_dev_PG
     630                      .dwattr $C$DW$22, DW_AT_TI_end_line(0x10e)
     631                      .dwattr $C$DW$22, DW_AT_TI_end_column(0x01)
     632                      .dwendentry
     633                      .dwendtag $C$DW$22
     634              
     635 00000000               .sect   ".text:_SysCtl_selectXTALSingleEnded"
     636                      .clink
     637                      .global _SysCtl_selectXTALSingleEnded
     638              
     639              $C$DW$26        .dwtag  DW_TAG_subprogram, DW_AT_name("SysCtl_selectXTALSingleEnded")
     640                      .dwattr $C$DW$26, DW_AT_low_pc(_SysCtl_selectXTALSingleEnded)
     641                      .dwattr $C$DW$26, DW_AT_high_pc(0x00)
     642                      .dwattr $C$DW$26, DW_AT_TI_symbol_name("_SysCtl_selectXTALSingleEnded")
     643                      .dwattr $C$DW$26, DW_AT_external
     644                      .dwattr $C$DW$26, DW_AT_TI_begin_file("C:/Users/a0221343/Git/bootROM/f28004x_bootrom/F28004x_ROM_dev_
     645                      .dwattr $C$DW$26, DW_AT_TI_begin_line(0x116)
     646                      .dwattr $C$DW$26, DW_AT_TI_begin_column(0x01)
     647                      .dwattr $C$DW$26, DW_AT_TI_max_frame_size(-2)
     648                      .dwpsn  file "C:/Users/a0221343/Git/bootROM/f28004x_bootrom/F28004x_ROM_dev_PG2.0/F28004x_ROM/driverl
     649              
     650                      .dwfde $C$DW$CIE, _SysCtl_selectXTALSingleEnded
     651              
     652              ;***************************************************************
     653              ;* FNAME: _SysCtl_selectXTALSingleEnded FR SIZE:   0           *
     654              ;*                                                             *
     655              ;* FUNCTION ENVIRONMENT                                        *
     656              ;*                                                             *
     657              ;* FUNCTION PROPERTIES                                         *
     658              ;*                            0 Parameter,  0 Auto,  0 SOE     *
     659              ;***************************************************************
     660              
TMS320C2000 Assembler PC v6.4.4 Tue Feb 14 14:43:18 2017

Tools Copyright (c) 1996-2015 Texas Instruments Incorporated
C:\Users\a0221343\AppData\Local\Temp\0986410                         PAGE   14

     661 00000000       _SysCtl_selectXTALSingleEnded:
     662                      .dwcfi  cfa_offset, -2
     663                      .dwcfi  save_reg_to_mem, 26, 0
     664                      .dwpsn  file "C:/Users/a0221343/Git/bootROM/f28004x_bootrom/F28004x_ROM_dev_PG2.0/F28004x_ROM/driverl
     665 00000000 7622   EALLOW
     666                      .dwpsn  file "C:/Users/a0221343/Git/bootROM/f28004x_bootrom/F28004x_ROM_dev_PG2.0/F28004x_ROM/driverl
     667 00000001 8F05          MOVL      XAR4,#381490          ; [CPU_U] |282| 
         00000002 D232 
     668 00000003 18C4          AND       *+XAR4[0],#0xfffe     ; [CPU_] |282| 
         00000004 FFFE 
     669                      .dwpsn  file "C:/Users/a0221343/Git/bootROM/f28004x_bootrom/F28004x_ROM_dev_PG2.0/F28004x_ROM/driverl
     670 00000005 1AC4          OR        *+XAR4[0],#0x0002     ; [CPU_] |283| 
         00000006 0002 
     671                      .dwpsn  file "C:/Users/a0221343/Git/bootROM/f28004x_bootrom/F28004x_ROM_dev_PG2.0/F28004x_ROM/driverl
     672 00000007 761A   EDIS
     673                      .dwpsn  file "C:/Users/a0221343/Git/bootROM/f28004x_bootrom/F28004x_ROM_dev_PG2.0/F28004x_ROM/driverl
     674 00000008 8F05          MOVL      XAR4,#381488          ; [CPU_U] |287| 
         00000009 D230 
     675 0000000a 1ACC          OR        *+XAR4[1],#1          ; [CPU_] |287| 
         0000000b 0001 
     676                      .dwpsn  file "C:/Users/a0221343/Git/bootROM/f28004x_bootrom/F28004x_ROM_dev_PG2.0/F28004x_ROM/driverl
     677 0000000c 28A9          MOV       AL,#1023              ; [CPU_] |288| 
         0000000d 03FF 
     678 0000000e 54C4          CMP       AL,*+XAR4[0]          ; [CPU_] |288| 
     679 0000000f EC03          BF        $C$L25,EQ             ; [CPU_] |288| 
     680                      ; branchcc occurs ; [] |288| 
     681 00000010       $C$L24:    
     682 00000010 54C4          CMP       AL,*+XAR4[0]          ; [CPU_] |288| 
     683 00000011 EDFF          BF        $C$L24,NEQ            ; [CPU_] |288| 
     684                      ; branchcc occurs ; [] |288| 
     685 00000012       $C$L25:    
     686                      .dwpsn  file "C:/Users/a0221343/Git/bootROM/f28004x_bootrom/F28004x_ROM_dev_PG2.0/F28004x_ROM/driverl
     687 00000012 7622   EALLOW
     688                      .dwpsn  file "C:/Users/a0221343/Git/bootROM/f28004x_bootrom/F28004x_ROM_dev_PG2.0/F28004x_ROM/driverl
     689 00000013 8F05          MOVL      XAR4,#381448          ; [CPU_U] |294| 
         00000014 D208 
     690 00000015 18C4          AND       *+XAR4[0],#0xfffc     ; [CPU_] |294| 
         00000016 FFFC 
     691                      .dwpsn  file "C:/Users/a0221343/Git/bootROM/f28004x_bootrom/F28004x_ROM_dev_PG2.0/F28004x_ROM/driverl
     692 00000017 1AC4          OR        *+XAR4[0],#0x0001     ; [CPU_] |296| 
         00000018 0001 
     693                      .dwpsn  file "C:/Users/a0221343/Git/bootROM/f28004x_bootrom/F28004x_ROM_dev_PG2.0/F28004x_ROM/driverl
     694 00000019 761A   EDIS
     695                      .dwpsn  file "C:/Users/a0221343/Git/bootROM/f28004x_bootrom/F28004x_ROM_dev_PG2.0/F28004x_ROM/driverl
     696 0000001a FF69          SPM       #0                    ; [CPU_] 
     697 0000001b 6F02          B         $C$L27,UNC            ; [CPU_] |302| 
     698                      ; branch occurs ; [] |302| 
     699 0000001c       $C$L26:    
     700                      .dwpsn  file "C:/Users/a0221343/Git/bootROM/f28004x_bootrom/F28004x_ROM_dev_PG2.0/F28004x_ROM/driverl
     701 0000001c 7625   ESTOP0
     702 0000001d       $C$L27:    
     703                      .dwpsn  file "C:/Users/a0221343/Git/bootROM/f28004x_bootrom/F28004x_ROM_dev_PG2.0/F28004x_ROM/driverl
     704              $C$DW$27        .dwtag  DW_TAG_TI_branch
     705                      .dwattr $C$DW$27, DW_AT_low_pc(0x00)
     706                      .dwattr $C$DW$27, DW_AT_name("_SysCtl_isMCDClockFailureDetected")
TMS320C2000 Assembler PC v6.4.4 Tue Feb 14 14:43:18 2017

Tools Copyright (c) 1996-2015 Texas Instruments Incorporated
C:\Users\a0221343\AppData\Local\Temp\0986410                         PAGE   15

     707                      .dwattr $C$DW$27, DW_AT_TI_call
     708 0000001d 7640+         LCR       #_SysCtl_isMCDClockFailureDetected ; [CPU_] |302| 
         0000001e 0000 
     709                      ; call occurs [#_SysCtl_isMCDClockFailureDetected] ; [] |302| 
     710 0000001f 5200          CMPB      AL,#0                 ; [CPU_] |302| 
     711 00000020 EDFC          BF        $C$L26,NEQ            ; [CPU_] |302| 
     712                      ; branchcc occurs ; [] |302| 
     713                      .dwpsn  file "C:/Users/a0221343/Git/bootROM/f28004x_bootrom/F28004x_ROM_dev_PG2.0/F28004x_ROM/driverl
     714              $C$DW$28        .dwtag  DW_TAG_TI_branch
     715                      .dwattr $C$DW$28, DW_AT_low_pc(0x00)
     716                      .dwattr $C$DW$28, DW_AT_TI_return
     717 00000021 0006          LRETR     ; [CPU_] 
     718                      ; return occurs ; [] 
     719                      .dwattr $C$DW$26, DW_AT_TI_end_file("C:/Users/a0221343/Git/bootROM/f28004x_bootrom/F28004x_ROM_dev_PG
     720                      .dwattr $C$DW$26, DW_AT_TI_end_line(0x132)
     721                      .dwattr $C$DW$26, DW_AT_TI_end_column(0x01)
     722                      .dwendentry
     723                      .dwendtag $C$DW$26
     724              
     725 00000000               .sect   ".text:_SysCtl_selectOscSource"
     726                      .clink
     727                      .global _SysCtl_selectOscSource
     728              
     729              $C$DW$29        .dwtag  DW_TAG_subprogram, DW_AT_name("SysCtl_selectOscSource")
     730                      .dwattr $C$DW$29, DW_AT_low_pc(_SysCtl_selectOscSource)
     731                      .dwattr $C$DW$29, DW_AT_high_pc(0x00)
     732                      .dwattr $C$DW$29, DW_AT_TI_symbol_name("_SysCtl_selectOscSource")
     733                      .dwattr $C$DW$29, DW_AT_external
     734                      .dwattr $C$DW$29, DW_AT_TI_begin_file("C:/Users/a0221343/Git/bootROM/f28004x_bootrom/F28004x_ROM_dev_
     735                      .dwattr $C$DW$29, DW_AT_TI_begin_line(0x13a)
     736                      .dwattr $C$DW$29, DW_AT_TI_begin_column(0x01)
     737                      .dwattr $C$DW$29, DW_AT_TI_max_frame_size(-4)
     738                      .dwpsn  file "C:/Users/a0221343/Git/bootROM/f28004x_bootrom/F28004x_ROM_dev_PG2.0/F28004x_ROM/driverl
     739              
     740                      .dwfde $C$DW$CIE, _SysCtl_selectOscSource
     741              $C$DW$30        .dwtag  DW_TAG_formal_parameter, DW_AT_name("oscSource")
     742                      .dwattr $C$DW$30, DW_AT_TI_symbol_name("_oscSource")
     743                      .dwattr $C$DW$30, DW_AT_type(*$C$DW$T$21)
     744                      .dwattr $C$DW$30, DW_AT_location[DW_OP_reg0]
     745              
     746              ;***************************************************************
     747              ;* FNAME: _SysCtl_selectOscSource       FR SIZE:   2           *
     748              ;*                                                             *
     749              ;* FUNCTION ENVIRONMENT                                        *
     750              ;*                                                             *
     751              ;* FUNCTION PROPERTIES                                         *
     752              ;*                            0 Parameter,  2 Auto,  0 SOE     *
     753              ;***************************************************************
     754              
     755 00000000       _SysCtl_selectOscSource:
     756                      .dwcfi  cfa_offset, -2
     757                      .dwcfi  save_reg_to_mem, 26, 0
     758 00000000 FE02          ADDB      SP,#2                 ; [CPU_U] 
     759                      .dwcfi  cfa_offset, -4
     760              $C$DW$31        .dwtag  DW_TAG_variable, DW_AT_name("oscSource")
TMS320C2000 Assembler PC v6.4.4 Tue Feb 14 14:43:18 2017

Tools Copyright (c) 1996-2015 Texas Instruments Incorporated
C:\Users\a0221343\AppData\Local\Temp\0986410                         PAGE   16

     761                      .dwattr $C$DW$31, DW_AT_TI_symbol_name("_oscSource")
     762                      .dwattr $C$DW$31, DW_AT_type(*$C$DW$T$21)
     763                      .dwattr $C$DW$31, DW_AT_location[DW_OP_breg20 -2]
     764 00000001 1E42          MOVL      *-SP[2],ACC           ; [CPU_] |315| 
     765                      .dwpsn  file "C:/Users/a0221343/Git/bootROM/f28004x_bootrom/F28004x_ROM_dev_PG2.0/F28004x_ROM/driverl
     766 00000002 6F19          B         $C$L32,UNC            ; [CPU_] |324| 
     767                      ; branch occurs ; [] |324| 
     768 00000003       $C$L28:    
     769                      .dwpsn  file "C:/Users/a0221343/Git/bootROM/f28004x_bootrom/F28004x_ROM_dev_PG2.0/F28004x_ROM/driverl
     770 00000003 7622   EALLOW
     771                      .dwpsn  file "C:/Users/a0221343/Git/bootROM/f28004x_bootrom/F28004x_ROM_dev_PG2.0/F28004x_ROM/driverl
     772 00000004 8F05          MOVL      XAR4,#381448          ; [CPU_U] |329| 
         00000005 D208 
     773 00000006 18C4          AND       *+XAR4[0],#0xfff7     ; [CPU_] |329| 
         00000007 FFF7 
     774                      .dwpsn  file "C:/Users/a0221343/Git/bootROM/f28004x_bootrom/F28004x_ROM_dev_PG2.0/F28004x_ROM/driverl
     775 00000008 18C4          AND       *+XAR4[0],#0xfffc     ; [CPU_] |332| 
         00000009 FFFC 
     776                      .dwpsn  file "C:/Users/a0221343/Git/bootROM/f28004x_bootrom/F28004x_ROM_dev_PG2.0/F28004x_ROM/driverl
     777 0000000a 761A   EDIS
     778                      .dwpsn  file "C:/Users/a0221343/Git/bootROM/f28004x_bootrom/F28004x_ROM_dev_PG2.0/F28004x_ROM/driverl
     779 0000000b 6F23          B         $C$L33,UNC            ; [CPU_] |335| 
     780                      ; branch occurs ; [] |335| 
     781 0000000c       $C$L29:    
     782                      .dwpsn  file "C:/Users/a0221343/Git/bootROM/f28004x_bootrom/F28004x_ROM_dev_PG2.0/F28004x_ROM/driverl
     783              $C$DW$32        .dwtag  DW_TAG_TI_branch
     784                      .dwattr $C$DW$32, DW_AT_low_pc(0x00)
     785                      .dwattr $C$DW$32, DW_AT_name("_SysCtl_selectXTAL")
     786                      .dwattr $C$DW$32, DW_AT_TI_call
     787 0000000c 7640+         LCR       #_SysCtl_selectXTAL   ; [CPU_] |339| 
         0000000d 0000 
     788                      ; call occurs [#_SysCtl_selectXTAL] ; [] |339| 
     789                      .dwpsn  file "C:/Users/a0221343/Git/bootROM/f28004x_bootrom/F28004x_ROM_dev_PG2.0/F28004x_ROM/driverl
     790 0000000e 6F20          B         $C$L33,UNC            ; [CPU_] |340| 
     791                      ; branch occurs ; [] |340| 
     792 0000000f       $C$L30:    
     793                      .dwpsn  file "C:/Users/a0221343/Git/bootROM/f28004x_bootrom/F28004x_ROM_dev_PG2.0/F28004x_ROM/driverl
     794              $C$DW$33        .dwtag  DW_TAG_TI_branch
     795                      .dwattr $C$DW$33, DW_AT_low_pc(0x00)
     796                      .dwattr $C$DW$33, DW_AT_name("_SysCtl_selectXTALSingleEnded")
     797                      .dwattr $C$DW$33, DW_AT_TI_call
     798 0000000f 7640+         LCR       #_SysCtl_selectXTALSingleEnded ; [CPU_] |344| 
         00000010 0000 
     799                      ; call occurs [#_SysCtl_selectXTALSingleEnded] ; [] |344| 
     800                      .dwpsn  file "C:/Users/a0221343/Git/bootROM/f28004x_bootrom/F28004x_ROM_dev_PG2.0/F28004x_ROM/driverl
     801 00000011 6F1D          B         $C$L33,UNC            ; [CPU_] |345| 
     802                      ; branch occurs ; [] |345| 
     803 00000012       $C$L31:    
     804                      .dwpsn  file "C:/Users/a0221343/Git/bootROM/f28004x_bootrom/F28004x_ROM_dev_PG2.0/F28004x_ROM/driverl
     805 00000012 7622   EALLOW
     806                      .dwpsn  file "C:/Users/a0221343/Git/bootROM/f28004x_bootrom/F28004x_ROM_dev_PG2.0/F28004x_ROM/driverl
     807 00000013 8F05          MOVL      XAR4,#381448          ; [CPU_U] |350| 
         00000014 D208 
     808 00000015 18C4          AND       *+XAR4[0],#0xfffc     ; [CPU_] |350| 
         00000016 FFFC 
TMS320C2000 Assembler PC v6.4.4 Tue Feb 14 14:43:18 2017

Tools Copyright (c) 1996-2015 Texas Instruments Incorporated
C:\Users\a0221343\AppData\Local\Temp\0986410                         PAGE   17

     809                      .dwpsn  file "C:/Users/a0221343/Git/bootROM/f28004x_bootrom/F28004x_ROM_dev_PG2.0/F28004x_ROM/driverl
     810 00000017 1AC4          OR        *+XAR4[0],#0x0002     ; [CPU_] |352| 
         00000018 0002 
     811                      .dwpsn  file "C:/Users/a0221343/Git/bootROM/f28004x_bootrom/F28004x_ROM_dev_PG2.0/F28004x_ROM/driverl
     812 00000019 761A   EDIS
     813                      .dwpsn  file "C:/Users/a0221343/Git/bootROM/f28004x_bootrom/F28004x_ROM_dev_PG2.0/F28004x_ROM/driverl
     814 0000001a 6F14          B         $C$L33,UNC            ; [CPU_] |355| 
     815                      ; branch occurs ; [] |355| 
     816 0000001b       $C$L32:    
     817                      .dwpsn  file "C:/Users/a0221343/Git/bootROM/f28004x_bootrom/F28004x_ROM_dev_PG2.0/F28004x_ROM/driverl
     818 0000001b FF58          TEST      ACC                   ; [CPU_] |324| 
     819 0000001c C442          MOVL      XAR6,*-SP[2]          ; [CPU_] |324| 
     820 0000001d ECE6          BF        $C$L28,EQ             ; [CPU_] |324| 
     821                      ; branchcc occurs ; [] |324| 
     822 0000001e 8F01          MOVL      XAR4,#65536           ; [CPU_U] |324| 
         0000001f 0000 
     823 00000020 A8A9          MOVL      ACC,XAR4              ; [CPU_] |324| 
     824 00000021 0FA6          CMPL      ACC,XAR6              ; [CPU_] |324| 
     825 00000022 ECEA          BF        $C$L29,EQ             ; [CPU_] |324| 
     826                      ; branchcc occurs ; [] |324| 
     827 00000023 8F02          MOVL      XAR4,#131072          ; [CPU_U] |324| 
         00000024 0000 
     828 00000025 A8A9          MOVL      ACC,XAR4              ; [CPU_] |324| 
     829 00000026 0FA6          CMPL      ACC,XAR6              ; [CPU_] |324| 
     830 00000027 ECEB          BF        $C$L31,EQ             ; [CPU_] |324| 
     831                      ; branchcc occurs ; [] |324| 
     832 00000028 8F03          MOVL      XAR4,#196608          ; [CPU_U] |324| 
         00000029 0000 
     833 0000002a A8A9          MOVL      ACC,XAR4              ; [CPU_] |324| 
     834 0000002b 0FA6          CMPL      ACC,XAR6              ; [CPU_] |324| 
     835 0000002c ECE3          BF        $C$L30,EQ             ; [CPU_] |324| 
     836                      ; branchcc occurs ; [] |324| 
     837 0000002d 6F01          B         $C$L33,UNC            ; [CPU_] |324| 
     838                      ; branch occurs ; [] |324| 
     839 0000002e       $C$L33:    
     840 0000002e FE82          SUBB      SP,#2                 ; [CPU_U] 
     841                      .dwcfi  cfa_offset, -2
     842 0000002f FF69          SPM       #0                    ; [CPU_] 
     843              $C$DW$34        .dwtag  DW_TAG_TI_branch
     844                      .dwattr $C$DW$34, DW_AT_low_pc(0x00)
     845                      .dwattr $C$DW$34, DW_AT_TI_return
     846 00000030 0006          LRETR     ; [CPU_] 
     847                      ; return occurs ; [] 
     848                      .dwattr $C$DW$29, DW_AT_TI_end_file("C:/Users/a0221343/Git/bootROM/f28004x_bootrom/F28004x_ROM_dev_PG
     849                      .dwattr $C$DW$29, DW_AT_TI_end_line(0x169)
     850                      .dwattr $C$DW$29, DW_AT_TI_end_column(0x01)
     851                      .dwendentry
     852                      .dwendtag $C$DW$29
     853              
     854 00000000               .sect   ".text:_SysCtl_getLowSpeedClock"
     855                      .clink
     856                      .global _SysCtl_getLowSpeedClock
     857              
     858              $C$DW$35        .dwtag  DW_TAG_subprogram, DW_AT_name("SysCtl_getLowSpeedClock")
     859                      .dwattr $C$DW$35, DW_AT_low_pc(_SysCtl_getLowSpeedClock)
TMS320C2000 Assembler PC v6.4.4 Tue Feb 14 14:43:18 2017

Tools Copyright (c) 1996-2015 Texas Instruments Incorporated
C:\Users\a0221343\AppData\Local\Temp\0986410                         PAGE   18

     860                      .dwattr $C$DW$35, DW_AT_high_pc(0x00)
     861                      .dwattr $C$DW$35, DW_AT_TI_symbol_name("_SysCtl_getLowSpeedClock")
     862                      .dwattr $C$DW$35, DW_AT_external
     863                      .dwattr $C$DW$35, DW_AT_type(*$C$DW$T$21)
     864                      .dwattr $C$DW$35, DW_AT_TI_begin_file("C:/Users/a0221343/Git/bootROM/f28004x_bootrom/F28004x_ROM_dev_
     865                      .dwattr $C$DW$35, DW_AT_TI_begin_line(0x171)
     866                      .dwattr $C$DW$35, DW_AT_TI_begin_column(0x01)
     867                      .dwattr $C$DW$35, DW_AT_TI_max_frame_size(-4)
     868                      .dwpsn  file "C:/Users/a0221343/Git/bootROM/f28004x_bootrom/F28004x_ROM_dev_PG2.0/F28004x_ROM/driverl
     869              
     870                      .dwfde $C$DW$CIE, _SysCtl_getLowSpeedClock
     871              $C$DW$36        .dwtag  DW_TAG_formal_parameter, DW_AT_name("clockInHz")
     872                      .dwattr $C$DW$36, DW_AT_TI_symbol_name("_clockInHz")
     873                      .dwattr $C$DW$36, DW_AT_type(*$C$DW$T$21)
     874                      .dwattr $C$DW$36, DW_AT_location[DW_OP_reg0]
     875              
     876              ;***************************************************************
     877              ;* FNAME: _SysCtl_getLowSpeedClock      FR SIZE:   2           *
     878              ;*                                                             *
     879              ;* FUNCTION ENVIRONMENT                                        *
     880              ;*                                                             *
     881              ;* FUNCTION PROPERTIES                                         *
     882              ;*                            0 Parameter,  2 Auto,  0 SOE     *
     883              ;***************************************************************
     884              
     885 00000000       _SysCtl_getLowSpeedClock:
     886                      .dwcfi  cfa_offset, -2
     887                      .dwcfi  save_reg_to_mem, 26, 0
     888 00000000 FE02          ADDB      SP,#2                 ; [CPU_U] 
     889                      .dwcfi  cfa_offset, -4
     890              $C$DW$37        .dwtag  DW_TAG_variable, DW_AT_name("clockInHz")
     891                      .dwattr $C$DW$37, DW_AT_TI_symbol_name("_clockInHz")
     892                      .dwattr $C$DW$37, DW_AT_type(*$C$DW$T$21)
     893                      .dwattr $C$DW$37, DW_AT_location[DW_OP_breg20 -2]
     894 00000001 1E42          MOVL      *-SP[2],ACC           ; [CPU_] |370| 
     895                      .dwpsn  file "C:/Users/a0221343/Git/bootROM/f28004x_bootrom/F28004x_ROM_dev_PG2.0/F28004x_ROM/driverl
     896              $C$DW$38        .dwtag  DW_TAG_TI_branch
     897                      .dwattr $C$DW$38, DW_AT_low_pc(0x00)
     898                      .dwattr $C$DW$38, DW_AT_name("_SysCtl_getClock")
     899                      .dwattr $C$DW$38, DW_AT_TI_call
     900 00000002 7640+         LCR       #_SysCtl_getClock     ; [CPU_] |374| 
         00000003 0000 
     901                      ; call occurs [#_SysCtl_getClock] ; [] |374| 
     902 00000004 1E42          MOVL      *-SP[2],ACC           ; [CPU_] |374| 
     903                      .dwpsn  file "C:/Users/a0221343/Git/bootROM/f28004x_bootrom/F28004x_ROM_dev_PG2.0/F28004x_ROM/driverl
     904 00000005 8F05          MOVL      XAR4,#381484          ; [CPU_U] |379| 
         00000006 D22C 
     905 00000007 06C4          MOVL      ACC,*+XAR4[0]         ; [CPU_] |379| 
     906 00000008 9B00          MOVB      AH,#0                 ; [CPU_] |379| 
     907 00000009 9007          ANDB      AL,#0x07              ; [CPU_] |379| 
     908 0000000a FF58          TEST      ACC                   ; [CPU_] |379| 
     909 0000000b EC0C          BF        $C$L34,EQ             ; [CPU_] |379| 
     910                      ; branchcc occurs ; [] |379| 
     911                      .dwpsn  file "C:/Users/a0221343/Git/bootROM/f28004x_bootrom/F28004x_ROM_dev_PG2.0/F28004x_ROM/driverl
     912 0000000c 06C4          MOVL      ACC,*+XAR4[0]         ; [CPU_] |382| 
TMS320C2000 Assembler PC v6.4.4 Tue Feb 14 14:43:18 2017

Tools Copyright (c) 1996-2015 Texas Instruments Incorporated
C:\Users\a0221343\AppData\Local\Temp\0986410                         PAGE   19

     913 0000000d 9B00          MOVB      AH,#0                 ; [CPU_] |382| 
     914 0000000e 9007          ANDB      AL,#0x07              ; [CPU_] |382| 
     915 0000000f FF30          LSL       ACC,1                 ; [CPU_] |382| 
     916 00000010 1EA6          MOVL      XAR6,ACC              ; [CPU_] |382| 
     917 00000011 A342          MOVL      P,*-SP[2]             ; [CPU_] |382| 
     918 00000012 0200          MOVB      ACC,#0                ; [CPU_] |382| 
     919 00000013 F61F          RPT       #31
     920 00000014 5617  ||     SUBCUL    ACC,XAR6              ; [CPU_] |382| 
         00000015 00A6 
     921 00000016 A942          MOVL      *-SP[2],P             ; [CPU_] |382| 
     922 00000017       $C$L34:    
     923                      .dwpsn  file "C:/Users/a0221343/Git/bootROM/f28004x_bootrom/F28004x_ROM_dev_PG2.0/F28004x_ROM/driverl
     924 00000017 0642          MOVL      ACC,*-SP[2]           ; [CPU_] |386| 
     925                      .dwpsn  file "C:/Users/a0221343/Git/bootROM/f28004x_bootrom/F28004x_ROM_dev_PG2.0/F28004x_ROM/driverl
     926 00000018 FE82          SUBB      SP,#2                 ; [CPU_U] 
     927                      .dwcfi  cfa_offset, -2
     928              $C$DW$39        .dwtag  DW_TAG_TI_branch
     929                      .dwattr $C$DW$39, DW_AT_low_pc(0x00)
     930                      .dwattr $C$DW$39, DW_AT_TI_return
     931 00000019 0006          LRETR     ; [CPU_] 
     932                      ; return occurs ; [] 
     933                      .dwattr $C$DW$35, DW_AT_TI_end_file("C:/Users/a0221343/Git/bootROM/f28004x_bootrom/F28004x_ROM_dev_PG
     934                      .dwattr $C$DW$35, DW_AT_TI_end_line(0x183)
     935                      .dwattr $C$DW$35, DW_AT_TI_end_column(0x01)
     936                      .dwendentry
     937                      .dwendtag $C$DW$35
     938              
     939              ;**************************************************************
     940              ;* UNDEFINED EXTERNAL REFERENCES                              *
     941              ;**************************************************************
     942                      .global _SysCtl_delay
     943              
     944              ;***************************************************************
     945              ;* TYPE INFORMATION                                            *
     946              ;***************************************************************
     947              $C$DW$T$2       .dwtag  DW_TAG_unspecified_type
     948                      .dwattr $C$DW$T$2, DW_AT_name("void")
     949              $C$DW$T$4       .dwtag  DW_TAG_base_type
     950                      .dwattr $C$DW$T$4, DW_AT_encoding(DW_ATE_boolean)
     951                      .dwattr $C$DW$T$4, DW_AT_name("bool")
     952                      .dwattr $C$DW$T$4, DW_AT_byte_size(0x01)
     953              $C$DW$T$5       .dwtag  DW_TAG_base_type
     954                      .dwattr $C$DW$T$5, DW_AT_encoding(DW_ATE_signed_char)
     955                      .dwattr $C$DW$T$5, DW_AT_name("signed char")
     956                      .dwattr $C$DW$T$5, DW_AT_byte_size(0x01)
     957              $C$DW$T$6       .dwtag  DW_TAG_base_type
     958                      .dwattr $C$DW$T$6, DW_AT_encoding(DW_ATE_unsigned_char)
     959                      .dwattr $C$DW$T$6, DW_AT_name("unsigned char")
     960                      .dwattr $C$DW$T$6, DW_AT_byte_size(0x01)
     961              $C$DW$T$7       .dwtag  DW_TAG_base_type
     962                      .dwattr $C$DW$T$7, DW_AT_encoding(DW_ATE_signed_char)
     963                      .dwattr $C$DW$T$7, DW_AT_name("wchar_t")
     964                      .dwattr $C$DW$T$7, DW_AT_byte_size(0x01)
     965              $C$DW$T$8       .dwtag  DW_TAG_base_type
     966                      .dwattr $C$DW$T$8, DW_AT_encoding(DW_ATE_signed)
TMS320C2000 Assembler PC v6.4.4 Tue Feb 14 14:43:18 2017

Tools Copyright (c) 1996-2015 Texas Instruments Incorporated
C:\Users\a0221343\AppData\Local\Temp\0986410                         PAGE   20

     967                      .dwattr $C$DW$T$8, DW_AT_name("short")
     968                      .dwattr $C$DW$T$8, DW_AT_byte_size(0x01)
     969              $C$DW$T$9       .dwtag  DW_TAG_base_type
     970                      .dwattr $C$DW$T$9, DW_AT_encoding(DW_ATE_unsigned)
     971                      .dwattr $C$DW$T$9, DW_AT_name("unsigned short")
     972                      .dwattr $C$DW$T$9, DW_AT_byte_size(0x01)
     973              $C$DW$T$10      .dwtag  DW_TAG_base_type
     974                      .dwattr $C$DW$T$10, DW_AT_encoding(DW_ATE_signed)
     975                      .dwattr $C$DW$T$10, DW_AT_name("int")
     976                      .dwattr $C$DW$T$10, DW_AT_byte_size(0x01)
     977              $C$DW$T$11      .dwtag  DW_TAG_base_type
     978                      .dwattr $C$DW$T$11, DW_AT_encoding(DW_ATE_unsigned)
     979                      .dwattr $C$DW$T$11, DW_AT_name("unsigned int")
     980                      .dwattr $C$DW$T$11, DW_AT_byte_size(0x01)
     981              $C$DW$T$24      .dwtag  DW_TAG_typedef, DW_AT_name("uint16_t")
     982                      .dwattr $C$DW$T$24, DW_AT_type(*$C$DW$T$11)
     983                      .dwattr $C$DW$T$24, DW_AT_language(DW_LANG_C)
     984              $C$DW$T$12      .dwtag  DW_TAG_base_type
     985                      .dwattr $C$DW$T$12, DW_AT_encoding(DW_ATE_signed)
     986                      .dwattr $C$DW$T$12, DW_AT_name("long")
     987                      .dwattr $C$DW$T$12, DW_AT_byte_size(0x02)
     988              $C$DW$T$13      .dwtag  DW_TAG_base_type
     989                      .dwattr $C$DW$T$13, DW_AT_encoding(DW_ATE_unsigned)
     990                      .dwattr $C$DW$T$13, DW_AT_name("unsigned long")
     991                      .dwattr $C$DW$T$13, DW_AT_byte_size(0x02)
     992              $C$DW$T$21      .dwtag  DW_TAG_typedef, DW_AT_name("uint32_t")
     993                      .dwattr $C$DW$T$21, DW_AT_type(*$C$DW$T$13)
     994                      .dwattr $C$DW$T$21, DW_AT_language(DW_LANG_C)
     995              $C$DW$T$14      .dwtag  DW_TAG_base_type
     996                      .dwattr $C$DW$T$14, DW_AT_encoding(DW_ATE_signed)
     997                      .dwattr $C$DW$T$14, DW_AT_name("long long")
     998                      .dwattr $C$DW$T$14, DW_AT_byte_size(0x04)
     999              $C$DW$T$15      .dwtag  DW_TAG_base_type
    1000                      .dwattr $C$DW$T$15, DW_AT_encoding(DW_ATE_unsigned)
    1001                      .dwattr $C$DW$T$15, DW_AT_name("unsigned long long")
    1002                      .dwattr $C$DW$T$15, DW_AT_byte_size(0x04)
    1003              $C$DW$T$16      .dwtag  DW_TAG_base_type
    1004                      .dwattr $C$DW$T$16, DW_AT_encoding(DW_ATE_float)
    1005                      .dwattr $C$DW$T$16, DW_AT_name("float")
    1006                      .dwattr $C$DW$T$16, DW_AT_byte_size(0x02)
    1007              $C$DW$T$17      .dwtag  DW_TAG_base_type
    1008                      .dwattr $C$DW$T$17, DW_AT_encoding(DW_ATE_float)
    1009                      .dwattr $C$DW$T$17, DW_AT_name("double")
    1010                      .dwattr $C$DW$T$17, DW_AT_byte_size(0x02)
    1011              $C$DW$T$18      .dwtag  DW_TAG_base_type
    1012                      .dwattr $C$DW$T$18, DW_AT_encoding(DW_ATE_float)
    1013                      .dwattr $C$DW$T$18, DW_AT_name("long double")
    1014                      .dwattr $C$DW$T$18, DW_AT_byte_size(0x04)
    1015              $C$DW$T$31      .dwtag  DW_TAG_base_type
    1016                      .dwattr $C$DW$T$31, DW_AT_encoding(DW_ATE_unsigned_char)
    1017                      .dwattr $C$DW$T$31, DW_AT_name("unsigned char")
    1018                      .dwattr $C$DW$T$31, DW_AT_byte_size(0x01)
    1019                      .dwattr $C$DW$CU, DW_AT_language(DW_LANG_C)
    1020              
    1021              ;***************************************************************
TMS320C2000 Assembler PC v6.4.4 Tue Feb 14 14:43:18 2017

Tools Copyright (c) 1996-2015 Texas Instruments Incorporated
C:\Users\a0221343\AppData\Local\Temp\0986410                         PAGE   21

    1022              ;* DWARF CIE ENTRIES                                           *
    1023              ;***************************************************************
    1024              
    1025              $C$DW$CIE       .dwcie 26
    1026                      .dwcfi  cfa_register, 20
    1027                      .dwcfi  cfa_offset, 0
    1028                      .dwcfi  undefined, 0
    1029                      .dwcfi  undefined, 1
    1030                      .dwcfi  undefined, 2
    1031                      .dwcfi  undefined, 3
    1032                      .dwcfi  undefined, 20
    1033                      .dwcfi  undefined, 21
    1034                      .dwcfi  undefined, 22
    1035                      .dwcfi  undefined, 23
    1036                      .dwcfi  undefined, 24
    1037                      .dwcfi  undefined, 25
    1038                      .dwcfi  undefined, 26
    1039                      .dwcfi  same_value, 28
    1040                      .dwcfi  undefined, 29
    1041                      .dwcfi  undefined, 30
    1042                      .dwcfi  undefined, 31
    1043                      .dwcfi  undefined, 32
    1044                      .dwcfi  undefined, 33
    1045                      .dwcfi  undefined, 34
    1046                      .dwcfi  undefined, 35
    1047                      .dwcfi  undefined, 36
    1048                      .dwcfi  undefined, 37
    1049                      .dwcfi  undefined, 38
    1050                      .dwcfi  undefined, 75
    1051                      .dwcfi  undefined, 76
    1052                      .dwcfi  undefined, 77
    1053                      .dwcfi  undefined, 4
    1054                      .dwcfi  undefined, 5
    1055                      .dwcfi  same_value, 6
    1056                      .dwcfi  same_value, 7
    1057                      .dwcfi  same_value, 8
    1058                      .dwcfi  same_value, 9
    1059                      .dwcfi  same_value, 10
    1060                      .dwcfi  same_value, 11
    1061                      .dwcfi  undefined, 12
    1062                      .dwcfi  undefined, 13
    1063                      .dwcfi  undefined, 14
    1064                      .dwcfi  undefined, 15
    1065                      .dwcfi  undefined, 16
    1066                      .dwcfi  undefined, 17
    1067                      .dwcfi  undefined, 18
    1068                      .dwcfi  undefined, 19
    1069                      .dwcfi  undefined, 43
    1070                      .dwcfi  undefined, 44
    1071                      .dwcfi  undefined, 47
    1072                      .dwcfi  undefined, 48
    1073                      .dwcfi  undefined, 51
    1074                      .dwcfi  undefined, 52
    1075                      .dwcfi  undefined, 55
    1076                      .dwcfi  undefined, 56
TMS320C2000 Assembler PC v6.4.4 Tue Feb 14 14:43:18 2017

Tools Copyright (c) 1996-2015 Texas Instruments Incorporated
C:\Users\a0221343\AppData\Local\Temp\0986410                         PAGE   22

    1077                      .dwcfi  same_value, 59
    1078                      .dwcfi  same_value, 60
    1079                      .dwcfi  same_value, 63
    1080                      .dwcfi  same_value, 64
    1081                      .dwcfi  same_value, 67
    1082                      .dwcfi  same_value, 68
    1083                      .dwcfi  same_value, 71
    1084                      .dwcfi  same_value, 72
    1085                      .dwcfi  undefined, 73
    1086                      .dwcfi  undefined, 74
    1087                      .dwcfi  undefined, 39
    1088                      .dwcfi  undefined, 40
    1089                      .dwcfi  undefined, 27
    1090                      .dwendentry
    1091              
    1092              ;***************************************************************
    1093              ;* DWARF REGISTER MAP                                          *
    1094              ;***************************************************************
    1095              
    1096              $C$DW$40        .dwtag  DW_TAG_TI_assign_register, DW_AT_name("AL")
    1097                      .dwattr $C$DW$40, DW_AT_location[DW_OP_reg0]
    1098              $C$DW$41        .dwtag  DW_TAG_TI_assign_register, DW_AT_name("AH")
    1099                      .dwattr $C$DW$41, DW_AT_location[DW_OP_reg1]
    1100              $C$DW$42        .dwtag  DW_TAG_TI_assign_register, DW_AT_name("PL")
    1101                      .dwattr $C$DW$42, DW_AT_location[DW_OP_reg2]
    1102              $C$DW$43        .dwtag  DW_TAG_TI_assign_register, DW_AT_name("PH")
    1103                      .dwattr $C$DW$43, DW_AT_location[DW_OP_reg3]
    1104              $C$DW$44        .dwtag  DW_TAG_TI_assign_register, DW_AT_name("SP")
    1105                      .dwattr $C$DW$44, DW_AT_location[DW_OP_reg20]
    1106              $C$DW$45        .dwtag  DW_TAG_TI_assign_register, DW_AT_name("XT")
    1107                      .dwattr $C$DW$45, DW_AT_location[DW_OP_reg21]
    1108              $C$DW$46        .dwtag  DW_TAG_TI_assign_register, DW_AT_name("T")
    1109                      .dwattr $C$DW$46, DW_AT_location[DW_OP_reg22]
    1110              $C$DW$47        .dwtag  DW_TAG_TI_assign_register, DW_AT_name("ST0")
    1111                      .dwattr $C$DW$47, DW_AT_location[DW_OP_reg23]
    1112              $C$DW$48        .dwtag  DW_TAG_TI_assign_register, DW_AT_name("ST1")
    1113                      .dwattr $C$DW$48, DW_AT_location[DW_OP_reg24]
    1114              $C$DW$49        .dwtag  DW_TAG_TI_assign_register, DW_AT_name("PC")
    1115                      .dwattr $C$DW$49, DW_AT_location[DW_OP_reg25]
    1116              $C$DW$50        .dwtag  DW_TAG_TI_assign_register, DW_AT_name("RPC")
    1117                      .dwattr $C$DW$50, DW_AT_location[DW_OP_reg26]
    1118              $C$DW$51        .dwtag  DW_TAG_TI_assign_register, DW_AT_name("FP")
    1119                      .dwattr $C$DW$51, DW_AT_location[DW_OP_reg28]
    1120              $C$DW$52        .dwtag  DW_TAG_TI_assign_register, DW_AT_name("DP")
    1121                      .dwattr $C$DW$52, DW_AT_location[DW_OP_reg29]
    1122              $C$DW$53        .dwtag  DW_TAG_TI_assign_register, DW_AT_name("SXM")
    1123                      .dwattr $C$DW$53, DW_AT_location[DW_OP_reg30]
    1124              $C$DW$54        .dwtag  DW_TAG_TI_assign_register, DW_AT_name("PM")
    1125                      .dwattr $C$DW$54, DW_AT_location[DW_OP_reg31]
    1126              $C$DW$55        .dwtag  DW_TAG_TI_assign_register, DW_AT_name("OVM")
    1127                      .dwattr $C$DW$55, DW_AT_location[DW_OP_regx 0x20]
    1128              $C$DW$56        .dwtag  DW_TAG_TI_assign_register, DW_AT_name("PAGE0")
    1129                      .dwattr $C$DW$56, DW_AT_location[DW_OP_regx 0x21]
    1130              $C$DW$57        .dwtag  DW_TAG_TI_assign_register, DW_AT_name("AMODE")
    1131                      .dwattr $C$DW$57, DW_AT_location[DW_OP_regx 0x22]
TMS320C2000 Assembler PC v6.4.4 Tue Feb 14 14:43:18 2017

Tools Copyright (c) 1996-2015 Texas Instruments Incorporated
C:\Users\a0221343\AppData\Local\Temp\0986410                         PAGE   23

    1132              $C$DW$58        .dwtag  DW_TAG_TI_assign_register, DW_AT_name("INTM")
    1133                      .dwattr $C$DW$58, DW_AT_location[DW_OP_regx 0x23]
    1134              $C$DW$59        .dwtag  DW_TAG_TI_assign_register, DW_AT_name("IFR")
    1135                      .dwattr $C$DW$59, DW_AT_location[DW_OP_regx 0x24]
    1136              $C$DW$60        .dwtag  DW_TAG_TI_assign_register, DW_AT_name("IER")
    1137                      .dwattr $C$DW$60, DW_AT_location[DW_OP_regx 0x25]
    1138              $C$DW$61        .dwtag  DW_TAG_TI_assign_register, DW_AT_name("V")
    1139                      .dwattr $C$DW$61, DW_AT_location[DW_OP_regx 0x26]
    1140              $C$DW$62        .dwtag  DW_TAG_TI_assign_register, DW_AT_name("PSEUDOH")
    1141                      .dwattr $C$DW$62, DW_AT_location[DW_OP_regx 0x4c]
    1142              $C$DW$63        .dwtag  DW_TAG_TI_assign_register, DW_AT_name("VOL")
    1143                      .dwattr $C$DW$63, DW_AT_location[DW_OP_regx 0x4d]
    1144              $C$DW$64        .dwtag  DW_TAG_TI_assign_register, DW_AT_name("AR0")
    1145                      .dwattr $C$DW$64, DW_AT_location[DW_OP_reg4]
    1146              $C$DW$65        .dwtag  DW_TAG_TI_assign_register, DW_AT_name("XAR0")
    1147                      .dwattr $C$DW$65, DW_AT_location[DW_OP_reg5]
    1148              $C$DW$66        .dwtag  DW_TAG_TI_assign_register, DW_AT_name("AR1")
    1149                      .dwattr $C$DW$66, DW_AT_location[DW_OP_reg6]
    1150              $C$DW$67        .dwtag  DW_TAG_TI_assign_register, DW_AT_name("XAR1")
    1151                      .dwattr $C$DW$67, DW_AT_location[DW_OP_reg7]
    1152              $C$DW$68        .dwtag  DW_TAG_TI_assign_register, DW_AT_name("AR2")
    1153                      .dwattr $C$DW$68, DW_AT_location[DW_OP_reg8]
    1154              $C$DW$69        .dwtag  DW_TAG_TI_assign_register, DW_AT_name("XAR2")
    1155                      .dwattr $C$DW$69, DW_AT_location[DW_OP_reg9]
    1156              $C$DW$70        .dwtag  DW_TAG_TI_assign_register, DW_AT_name("AR3")
    1157                      .dwattr $C$DW$70, DW_AT_location[DW_OP_reg10]
    1158              $C$DW$71        .dwtag  DW_TAG_TI_assign_register, DW_AT_name("XAR3")
    1159                      .dwattr $C$DW$71, DW_AT_location[DW_OP_reg11]
    1160              $C$DW$72        .dwtag  DW_TAG_TI_assign_register, DW_AT_name("AR4")
    1161                      .dwattr $C$DW$72, DW_AT_location[DW_OP_reg12]
    1162              $C$DW$73        .dwtag  DW_TAG_TI_assign_register, DW_AT_name("XAR4")
    1163                      .dwattr $C$DW$73, DW_AT_location[DW_OP_reg13]
    1164              $C$DW$74        .dwtag  DW_TAG_TI_assign_register, DW_AT_name("AR5")
    1165                      .dwattr $C$DW$74, DW_AT_location[DW_OP_reg14]
    1166              $C$DW$75        .dwtag  DW_TAG_TI_assign_register, DW_AT_name("XAR5")
    1167                      .dwattr $C$DW$75, DW_AT_location[DW_OP_reg15]
    1168              $C$DW$76        .dwtag  DW_TAG_TI_assign_register, DW_AT_name("AR6")
    1169                      .dwattr $C$DW$76, DW_AT_location[DW_OP_reg16]
    1170              $C$DW$77        .dwtag  DW_TAG_TI_assign_register, DW_AT_name("XAR6")
    1171                      .dwattr $C$DW$77, DW_AT_location[DW_OP_reg17]
    1172              $C$DW$78        .dwtag  DW_TAG_TI_assign_register, DW_AT_name("AR7")
    1173                      .dwattr $C$DW$78, DW_AT_location[DW_OP_reg18]
    1174              $C$DW$79        .dwtag  DW_TAG_TI_assign_register, DW_AT_name("XAR7")
    1175                      .dwattr $C$DW$79, DW_AT_location[DW_OP_reg19]
    1176              $C$DW$80        .dwtag  DW_TAG_TI_assign_register, DW_AT_name("R0HL")
    1177                      .dwattr $C$DW$80, DW_AT_location[DW_OP_regx 0x2b]
    1178              $C$DW$81        .dwtag  DW_TAG_TI_assign_register, DW_AT_name("R0H")
    1179                      .dwattr $C$DW$81, DW_AT_location[DW_OP_regx 0x2c]
    1180              $C$DW$82        .dwtag  DW_TAG_TI_assign_register, DW_AT_name("R1HL")
    1181                      .dwattr $C$DW$82, DW_AT_location[DW_OP_regx 0x2f]
    1182              $C$DW$83        .dwtag  DW_TAG_TI_assign_register, DW_AT_name("R1H")
    1183                      .dwattr $C$DW$83, DW_AT_location[DW_OP_regx 0x30]
    1184              $C$DW$84        .dwtag  DW_TAG_TI_assign_register, DW_AT_name("R2HL")
    1185                      .dwattr $C$DW$84, DW_AT_location[DW_OP_regx 0x33]
    1186              $C$DW$85        .dwtag  DW_TAG_TI_assign_register, DW_AT_name("R2H")
TMS320C2000 Assembler PC v6.4.4 Tue Feb 14 14:43:18 2017

Tools Copyright (c) 1996-2015 Texas Instruments Incorporated
C:\Users\a0221343\AppData\Local\Temp\0986410                         PAGE   24

    1187                      .dwattr $C$DW$85, DW_AT_location[DW_OP_regx 0x34]
    1188              $C$DW$86        .dwtag  DW_TAG_TI_assign_register, DW_AT_name("R3HL")
    1189                      .dwattr $C$DW$86, DW_AT_location[DW_OP_regx 0x37]
    1190              $C$DW$87        .dwtag  DW_TAG_TI_assign_register, DW_AT_name("R3H")
    1191                      .dwattr $C$DW$87, DW_AT_location[DW_OP_regx 0x38]
    1192              $C$DW$88        .dwtag  DW_TAG_TI_assign_register, DW_AT_name("R4HL")
    1193                      .dwattr $C$DW$88, DW_AT_location[DW_OP_regx 0x3b]
    1194              $C$DW$89        .dwtag  DW_TAG_TI_assign_register, DW_AT_name("R4H")
    1195                      .dwattr $C$DW$89, DW_AT_location[DW_OP_regx 0x3c]
    1196              $C$DW$90        .dwtag  DW_TAG_TI_assign_register, DW_AT_name("R5HL")
    1197                      .dwattr $C$DW$90, DW_AT_location[DW_OP_regx 0x3f]
    1198              $C$DW$91        .dwtag  DW_TAG_TI_assign_register, DW_AT_name("R5H")
    1199                      .dwattr $C$DW$91, DW_AT_location[DW_OP_regx 0x40]
    1200              $C$DW$92        .dwtag  DW_TAG_TI_assign_register, DW_AT_name("R6HL")
    1201                      .dwattr $C$DW$92, DW_AT_location[DW_OP_regx 0x43]
    1202              $C$DW$93        .dwtag  DW_TAG_TI_assign_register, DW_AT_name("R6H")
    1203                      .dwattr $C$DW$93, DW_AT_location[DW_OP_regx 0x44]
    1204              $C$DW$94        .dwtag  DW_TAG_TI_assign_register, DW_AT_name("R7HL")
    1205                      .dwattr $C$DW$94, DW_AT_location[DW_OP_regx 0x47]
    1206              $C$DW$95        .dwtag  DW_TAG_TI_assign_register, DW_AT_name("R7H")
    1207                      .dwattr $C$DW$95, DW_AT_location[DW_OP_regx 0x48]
    1208              $C$DW$96        .dwtag  DW_TAG_TI_assign_register, DW_AT_name("RBL")
    1209                      .dwattr $C$DW$96, DW_AT_location[DW_OP_regx 0x49]
    1210              $C$DW$97        .dwtag  DW_TAG_TI_assign_register, DW_AT_name("RB")
    1211                      .dwattr $C$DW$97, DW_AT_location[DW_OP_regx 0x4a]
    1212              $C$DW$98        .dwtag  DW_TAG_TI_assign_register, DW_AT_name("STFL")
    1213                      .dwattr $C$DW$98, DW_AT_location[DW_OP_regx 0x27]
    1214              $C$DW$99        .dwtag  DW_TAG_TI_assign_register, DW_AT_name("STF")
    1215                      .dwattr $C$DW$99, DW_AT_location[DW_OP_regx 0x28]
    1216              $C$DW$100       .dwtag  DW_TAG_TI_assign_register, DW_AT_name("FPUHAZ")
    1217                      .dwattr $C$DW$100, DW_AT_location[DW_OP_reg27]
    1218                      .dwendtag $C$DW$CU
    1219              

No Assembly Errors, No Assembly Warnings
